<?xml version="1.0" encoding="UTF-8"?>
<testsuite xmlns:xsi="http://www.w3.org/2001/XMLSchema-instance" xsi:noNamespaceSchemaLocation="https://maven.apache.org/surefire/maven-surefire-plugin/xsd/surefire-test-report-3.0.xsd" version="3.0" name="com.EmployeeManagement.EmployeeManagementApplicationTests" time="7.333" tests="1" errors="1" skipped="0" failures="0">
  <properties>
    <property name="java.specification.version" value="17"/>
    <property name="sun.cpu.isalist" value="amd64"/>
    <property name="sun.jnu.encoding" value="Cp1252"/>
    <property name="java.class.path" value="E:\springprojects\EmployeeManagement\target\test-classes;E:\springprojects\EmployeeManagement\target\classes;C:\Users\DELL\.m2\repository\org\springframework\boot\spring-boot-starter-jdbc\3.1.1\spring-boot-starter-jdbc-3.1.1.jar;C:\Users\DELL\.m2\repository\org\springframework\boot\spring-boot-starter\3.1.1\spring-boot-starter-3.1.1.jar;C:\Users\DELL\.m2\repository\org\springframework\boot\spring-boot\3.1.1\spring-boot-3.1.1.jar;C:\Users\DELL\.m2\repository\org\springframework\boot\spring-boot-autoconfigure\3.1.1\spring-boot-autoconfigure-3.1.1.jar;C:\Users\DELL\.m2\repository\org\springframework\boot\spring-boot-starter-logging\3.1.1\spring-boot-starter-logging-3.1.1.jar;C:\Users\DELL\.m2\repository\ch\qos\logback\logback-classic\1.4.8\logback-classic-1.4.8.jar;C:\Users\DELL\.m2\repository\ch\qos\logback\logback-core\1.4.8\logback-core-1.4.8.jar;C:\Users\DELL\.m2\repository\org\apache\logging\log4j\log4j-to-slf4j\2.20.0\log4j-to-slf4j-2.20.0.jar;C:\Users\DELL\.m2\repository\org\apache\logging\log4j\log4j-api\2.20.0\log4j-api-2.20.0.jar;C:\Users\DELL\.m2\repository\org\slf4j\jul-to-slf4j\2.0.7\jul-to-slf4j-2.0.7.jar;C:\Users\DELL\.m2\repository\jakarta\annotation\jakarta.annotation-api\2.1.1\jakarta.annotation-api-2.1.1.jar;C:\Users\DELL\.m2\repository\org\yaml\snakeyaml\1.33\snakeyaml-1.33.jar;C:\Users\DELL\.m2\repository\com\zaxxer\HikariCP\5.0.1\HikariCP-5.0.1.jar;C:\Users\DELL\.m2\repository\org\slf4j\slf4j-api\2.0.7\slf4j-api-2.0.7.jar;C:\Users\DELL\.m2\repository\org\springframework\spring-jdbc\6.0.10\spring-jdbc-6.0.10.jar;C:\Users\DELL\.m2\repository\org\springframework\spring-beans\6.0.10\spring-beans-6.0.10.jar;C:\Users\DELL\.m2\repository\org\springframework\spring-tx\6.0.10\spring-tx-6.0.10.jar;C:\Users\DELL\.m2\repository\com\mysql\mysql-connector-j\8.0.33\mysql-connector-j-8.0.33.jar;C:\Users\DELL\.m2\repository\org\springframework\boot\spring-boot-starter-test\3.1.1\spring-boot-starter-test-3.1.1.jar;C:\Users\DELL\.m2\repository\org\springframework\boot\spring-boot-test\3.1.1\spring-boot-test-3.1.1.jar;C:\Users\DELL\.m2\repository\org\springframework\boot\spring-boot-test-autoconfigure\3.1.1\spring-boot-test-autoconfigure-3.1.1.jar;C:\Users\DELL\.m2\repository\com\jayway\jsonpath\json-path\2.8.0\json-path-2.8.0.jar;C:\Users\DELL\.m2\repository\jakarta\xml\bind\jakarta.xml.bind-api\4.0.0\jakarta.xml.bind-api-4.0.0.jar;C:\Users\DELL\.m2\repository\jakarta\activation\jakarta.activation-api\2.1.2\jakarta.activation-api-2.1.2.jar;C:\Users\DELL\.m2\repository\net\minidev\json-smart\2.4.11\json-smart-2.4.11.jar;C:\Users\DELL\.m2\repository\net\minidev\accessors-smart\2.4.11\accessors-smart-2.4.11.jar;C:\Users\DELL\.m2\repository\org\ow2\asm\asm\9.3\asm-9.3.jar;C:\Users\DELL\.m2\repository\org\assertj\assertj-core\3.24.2\assertj-core-3.24.2.jar;C:\Users\DELL\.m2\repository\net\bytebuddy\byte-buddy\1.14.5\byte-buddy-1.14.5.jar;C:\Users\DELL\.m2\repository\org\hamcrest\hamcrest\2.2\hamcrest-2.2.jar;C:\Users\DELL\.m2\repository\org\junit\jupiter\junit-jupiter\5.9.3\junit-jupiter-5.9.3.jar;C:\Users\DELL\.m2\repository\org\junit\jupiter\junit-jupiter-api\5.9.3\junit-jupiter-api-5.9.3.jar;C:\Users\DELL\.m2\repository\org\opentest4j\opentest4j\1.2.0\opentest4j-1.2.0.jar;C:\Users\DELL\.m2\repository\org\junit\platform\junit-platform-commons\1.9.3\junit-platform-commons-1.9.3.jar;C:\Users\DELL\.m2\repository\org\apiguardian\apiguardian-api\1.1.2\apiguardian-api-1.1.2.jar;C:\Users\DELL\.m2\repository\org\junit\jupiter\junit-jupiter-params\5.9.3\junit-jupiter-params-5.9.3.jar;C:\Users\DELL\.m2\repository\org\junit\jupiter\junit-jupiter-engine\5.9.3\junit-jupiter-engine-5.9.3.jar;C:\Users\DELL\.m2\repository\org\junit\platform\junit-platform-engine\1.9.3\junit-platform-engine-1.9.3.jar;C:\Users\DELL\.m2\repository\org\mockito\mockito-core\5.3.1\mockito-core-5.3.1.jar;C:\Users\DELL\.m2\repository\net\bytebuddy\byte-buddy-agent\1.14.5\byte-buddy-agent-1.14.5.jar;C:\Users\DELL\.m2\repository\org\objenesis\objenesis\3.3\objenesis-3.3.jar;C:\Users\DELL\.m2\repository\org\mockito\mockito-junit-jupiter\5.3.1\mockito-junit-jupiter-5.3.1.jar;C:\Users\DELL\.m2\repository\org\skyscreamer\jsonassert\1.5.1\jsonassert-1.5.1.jar;C:\Users\DELL\.m2\repository\com\vaadin\external\google\android-json\0.0.20131108.vaadin1\android-json-0.0.20131108.vaadin1.jar;C:\Users\DELL\.m2\repository\org\springframework\spring-core\6.0.10\spring-core-6.0.10.jar;C:\Users\DELL\.m2\repository\org\springframework\spring-jcl\6.0.10\spring-jcl-6.0.10.jar;C:\Users\DELL\.m2\repository\org\springframework\spring-test\6.0.10\spring-test-6.0.10.jar;C:\Users\DELL\.m2\repository\org\xmlunit\xmlunit-core\2.9.1\xmlunit-core-2.9.1.jar;C:\Users\DELL\.m2\repository\org\springframework\boot\spring-boot-starter-web\3.1.1\spring-boot-starter-web-3.1.1.jar;C:\Users\DELL\.m2\repository\org\springframework\boot\spring-boot-starter-json\3.1.1\spring-boot-starter-json-3.1.1.jar;C:\Users\DELL\.m2\repository\com\fasterxml\jackson\core\jackson-databind\2.15.2\jackson-databind-2.15.2.jar;C:\Users\DELL\.m2\repository\com\fasterxml\jackson\core\jackson-annotations\2.15.2\jackson-annotations-2.15.2.jar;C:\Users\DELL\.m2\repository\com\fasterxml\jackson\core\jackson-core\2.15.2\jackson-core-2.15.2.jar;C:\Users\DELL\.m2\repository\com\fasterxml\jackson\datatype\jackson-datatype-jdk8\2.15.2\jackson-datatype-jdk8-2.15.2.jar;C:\Users\DELL\.m2\repository\com\fasterxml\jackson\datatype\jackson-datatype-jsr310\2.15.2\jackson-datatype-jsr310-2.15.2.jar;C:\Users\DELL\.m2\repository\com\fasterxml\jackson\module\jackson-module-parameter-names\2.15.2\jackson-module-parameter-names-2.15.2.jar;C:\Users\DELL\.m2\repository\org\springframework\boot\spring-boot-starter-tomcat\3.1.1\spring-boot-starter-tomcat-3.1.1.jar;C:\Users\DELL\.m2\repository\org\apache\tomcat\embed\tomcat-embed-core\10.1.10\tomcat-embed-core-10.1.10.jar;C:\Users\DELL\.m2\repository\org\apache\tomcat\embed\tomcat-embed-el\10.1.10\tomcat-embed-el-10.1.10.jar;C:\Users\DELL\.m2\repository\org\apache\tomcat\embed\tomcat-embed-websocket\10.1.10\tomcat-embed-websocket-10.1.10.jar;C:\Users\DELL\.m2\repository\org\springframework\spring-web\6.0.10\spring-web-6.0.10.jar;C:\Users\DELL\.m2\repository\io\micrometer\micrometer-observation\1.11.1\micrometer-observation-1.11.1.jar;C:\Users\DELL\.m2\repository\io\micrometer\micrometer-commons\1.11.1\micrometer-commons-1.11.1.jar;C:\Users\DELL\.m2\repository\org\springframework\spring-webmvc\6.0.10\spring-webmvc-6.0.10.jar;C:\Users\DELL\.m2\repository\org\springframework\spring-aop\6.0.10\spring-aop-6.0.10.jar;C:\Users\DELL\.m2\repository\org\springframework\spring-context\6.0.10\spring-context-6.0.10.jar;C:\Users\DELL\.m2\repository\org\springframework\spring-expression\6.0.10\spring-expression-6.0.10.jar;"/>
    <property name="java.vm.vendor" value="Eclipse Adoptium"/>
    <property name="sun.arch.data.model" value="64"/>
    <property name="user.variant" value=""/>
    <property name="java.vendor.url" value="https://adoptium.net/"/>
    <property name="user.timezone" value="Asia/Calcutta"/>
    <property name="os.name" value="Windows 10"/>
    <property name="java.vm.specification.version" value="17"/>
    <property name="sun.java.launcher" value="SUN_STANDARD"/>
    <property name="user.country" value="IN"/>
    <property name="sun.boot.library.path" value="C:\Users\DELL\.p2\pool\plugins\org.eclipse.justj.openjdk.hotspot.jre.full.win32.x86_64_17.0.5.v20221102-0933\jre\bin"/>
    <property name="sun.java.command" value="C:\Users\DELL\AppData\Local\Temp\surefire1378169917328968347\surefirebooter-20230720132925339_3.jar C:\Users\DELL\AppData\Local\Temp\surefire1378169917328968347 2023-07-20T13-29-24_717-jvmRun1 surefire-20230720132925339_1tmp surefire_0-20230720132925339_2tmp"/>
    <property name="jdk.debug" value="release"/>
    <property name="surefire.test.class.path" value="E:\springprojects\EmployeeManagement\target\test-classes;E:\springprojects\EmployeeManagement\target\classes;C:\Users\DELL\.m2\repository\org\springframework\boot\spring-boot-starter-jdbc\3.1.1\spring-boot-starter-jdbc-3.1.1.jar;C:\Users\DELL\.m2\repository\org\springframework\boot\spring-boot-starter\3.1.1\spring-boot-starter-3.1.1.jar;C:\Users\DELL\.m2\repository\org\springframework\boot\spring-boot\3.1.1\spring-boot-3.1.1.jar;C:\Users\DELL\.m2\repository\org\springframework\boot\spring-boot-autoconfigure\3.1.1\spring-boot-autoconfigure-3.1.1.jar;C:\Users\DELL\.m2\repository\org\springframework\boot\spring-boot-starter-logging\3.1.1\spring-boot-starter-logging-3.1.1.jar;C:\Users\DELL\.m2\repository\ch\qos\logback\logback-classic\1.4.8\logback-classic-1.4.8.jar;C:\Users\DELL\.m2\repository\ch\qos\logback\logback-core\1.4.8\logback-core-1.4.8.jar;C:\Users\DELL\.m2\repository\org\apache\logging\log4j\log4j-to-slf4j\2.20.0\log4j-to-slf4j-2.20.0.jar;C:\Users\DELL\.m2\repository\org\apache\logging\log4j\log4j-api\2.20.0\log4j-api-2.20.0.jar;C:\Users\DELL\.m2\repository\org\slf4j\jul-to-slf4j\2.0.7\jul-to-slf4j-2.0.7.jar;C:\Users\DELL\.m2\repository\jakarta\annotation\jakarta.annotation-api\2.1.1\jakarta.annotation-api-2.1.1.jar;C:\Users\DELL\.m2\repository\org\yaml\snakeyaml\1.33\snakeyaml-1.33.jar;C:\Users\DELL\.m2\repository\com\zaxxer\HikariCP\5.0.1\HikariCP-5.0.1.jar;C:\Users\DELL\.m2\repository\org\slf4j\slf4j-api\2.0.7\slf4j-api-2.0.7.jar;C:\Users\DELL\.m2\repository\org\springframework\spring-jdbc\6.0.10\spring-jdbc-6.0.10.jar;C:\Users\DELL\.m2\repository\org\springframework\spring-beans\6.0.10\spring-beans-6.0.10.jar;C:\Users\DELL\.m2\repository\org\springframework\spring-tx\6.0.10\spring-tx-6.0.10.jar;C:\Users\DELL\.m2\repository\com\mysql\mysql-connector-j\8.0.33\mysql-connector-j-8.0.33.jar;C:\Users\DELL\.m2\repository\org\springframework\boot\spring-boot-starter-test\3.1.1\spring-boot-starter-test-3.1.1.jar;C:\Users\DELL\.m2\repository\org\springframework\boot\spring-boot-test\3.1.1\spring-boot-test-3.1.1.jar;C:\Users\DELL\.m2\repository\org\springframework\boot\spring-boot-test-autoconfigure\3.1.1\spring-boot-test-autoconfigure-3.1.1.jar;C:\Users\DELL\.m2\repository\com\jayway\jsonpath\json-path\2.8.0\json-path-2.8.0.jar;C:\Users\DELL\.m2\repository\jakarta\xml\bind\jakarta.xml.bind-api\4.0.0\jakarta.xml.bind-api-4.0.0.jar;C:\Users\DELL\.m2\repository\jakarta\activation\jakarta.activation-api\2.1.2\jakarta.activation-api-2.1.2.jar;C:\Users\DELL\.m2\repository\net\minidev\json-smart\2.4.11\json-smart-2.4.11.jar;C:\Users\DELL\.m2\repository\net\minidev\accessors-smart\2.4.11\accessors-smart-2.4.11.jar;C:\Users\DELL\.m2\repository\org\ow2\asm\asm\9.3\asm-9.3.jar;C:\Users\DELL\.m2\repository\org\assertj\assertj-core\3.24.2\assertj-core-3.24.2.jar;C:\Users\DELL\.m2\repository\net\bytebuddy\byte-buddy\1.14.5\byte-buddy-1.14.5.jar;C:\Users\DELL\.m2\repository\org\hamcrest\hamcrest\2.2\hamcrest-2.2.jar;C:\Users\DELL\.m2\repository\org\junit\jupiter\junit-jupiter\5.9.3\junit-jupiter-5.9.3.jar;C:\Users\DELL\.m2\repository\org\junit\jupiter\junit-jupiter-api\5.9.3\junit-jupiter-api-5.9.3.jar;C:\Users\DELL\.m2\repository\org\opentest4j\opentest4j\1.2.0\opentest4j-1.2.0.jar;C:\Users\DELL\.m2\repository\org\junit\platform\junit-platform-commons\1.9.3\junit-platform-commons-1.9.3.jar;C:\Users\DELL\.m2\repository\org\apiguardian\apiguardian-api\1.1.2\apiguardian-api-1.1.2.jar;C:\Users\DELL\.m2\repository\org\junit\jupiter\junit-jupiter-params\5.9.3\junit-jupiter-params-5.9.3.jar;C:\Users\DELL\.m2\repository\org\junit\jupiter\junit-jupiter-engine\5.9.3\junit-jupiter-engine-5.9.3.jar;C:\Users\DELL\.m2\repository\org\junit\platform\junit-platform-engine\1.9.3\junit-platform-engine-1.9.3.jar;C:\Users\DELL\.m2\repository\org\mockito\mockito-core\5.3.1\mockito-core-5.3.1.jar;C:\Users\DELL\.m2\repository\net\bytebuddy\byte-buddy-agent\1.14.5\byte-buddy-agent-1.14.5.jar;C:\Users\DELL\.m2\repository\org\objenesis\objenesis\3.3\objenesis-3.3.jar;C:\Users\DELL\.m2\repository\org\mockito\mockito-junit-jupiter\5.3.1\mockito-junit-jupiter-5.3.1.jar;C:\Users\DELL\.m2\repository\org\skyscreamer\jsonassert\1.5.1\jsonassert-1.5.1.jar;C:\Users\DELL\.m2\repository\com\vaadin\external\google\android-json\0.0.20131108.vaadin1\android-json-0.0.20131108.vaadin1.jar;C:\Users\DELL\.m2\repository\org\springframework\spring-core\6.0.10\spring-core-6.0.10.jar;C:\Users\DELL\.m2\repository\org\springframework\spring-jcl\6.0.10\spring-jcl-6.0.10.jar;C:\Users\DELL\.m2\repository\org\springframework\spring-test\6.0.10\spring-test-6.0.10.jar;C:\Users\DELL\.m2\repository\org\xmlunit\xmlunit-core\2.9.1\xmlunit-core-2.9.1.jar;C:\Users\DELL\.m2\repository\org\springframework\boot\spring-boot-starter-web\3.1.1\spring-boot-starter-web-3.1.1.jar;C:\Users\DELL\.m2\repository\org\springframework\boot\spring-boot-starter-json\3.1.1\spring-boot-starter-json-3.1.1.jar;C:\Users\DELL\.m2\repository\com\fasterxml\jackson\core\jackson-databind\2.15.2\jackson-databind-2.15.2.jar;C:\Users\DELL\.m2\repository\com\fasterxml\jackson\core\jackson-annotations\2.15.2\jackson-annotations-2.15.2.jar;C:\Users\DELL\.m2\repository\com\fasterxml\jackson\core\jackson-core\2.15.2\jackson-core-2.15.2.jar;C:\Users\DELL\.m2\repository\com\fasterxml\jackson\datatype\jackson-datatype-jdk8\2.15.2\jackson-datatype-jdk8-2.15.2.jar;C:\Users\DELL\.m2\repository\com\fasterxml\jackson\datatype\jackson-datatype-jsr310\2.15.2\jackson-datatype-jsr310-2.15.2.jar;C:\Users\DELL\.m2\repository\com\fasterxml\jackson\module\jackson-module-parameter-names\2.15.2\jackson-module-parameter-names-2.15.2.jar;C:\Users\DELL\.m2\repository\org\springframework\boot\spring-boot-starter-tomcat\3.1.1\spring-boot-starter-tomcat-3.1.1.jar;C:\Users\DELL\.m2\repository\org\apache\tomcat\embed\tomcat-embed-core\10.1.10\tomcat-embed-core-10.1.10.jar;C:\Users\DELL\.m2\repository\org\apache\tomcat\embed\tomcat-embed-el\10.1.10\tomcat-embed-el-10.1.10.jar;C:\Users\DELL\.m2\repository\org\apache\tomcat\embed\tomcat-embed-websocket\10.1.10\tomcat-embed-websocket-10.1.10.jar;C:\Users\DELL\.m2\repository\org\springframework\spring-web\6.0.10\spring-web-6.0.10.jar;C:\Users\DELL\.m2\repository\io\micrometer\micrometer-observation\1.11.1\micrometer-observation-1.11.1.jar;C:\Users\DELL\.m2\repository\io\micrometer\micrometer-commons\1.11.1\micrometer-commons-1.11.1.jar;C:\Users\DELL\.m2\repository\org\springframework\spring-webmvc\6.0.10\spring-webmvc-6.0.10.jar;C:\Users\DELL\.m2\repository\org\springframework\spring-aop\6.0.10\spring-aop-6.0.10.jar;C:\Users\DELL\.m2\repository\org\springframework\spring-context\6.0.10\spring-context-6.0.10.jar;C:\Users\DELL\.m2\repository\org\springframework\spring-expression\6.0.10\spring-expression-6.0.10.jar;"/>
    <property name="sun.cpu.endian" value="little"/>
    <property name="user.home" value="C:\Users\DELL"/>
    <property name="user.language" value="en"/>
    <property name="java.specification.vendor" value="Oracle Corporation"/>
    <property name="java.version.date" value="2022-10-18"/>
    <property name="java.home" value="C:\Users\DELL\.p2\pool\plugins\org.eclipse.justj.openjdk.hotspot.jre.full.win32.x86_64_17.0.5.v20221102-0933\jre"/>
    <property name="file.separator" value="\"/>
    <property name="style.color" value="always"/>
    <property name="basedir" value="E:\springprojects\EmployeeManagement"/>
    <property name="java.vm.compressedOopsMode" value="32-bit"/>
    <property name="line.separator" value="&#10;"/>
    <property name="java.vm.specification.vendor" value="Oracle Corporation"/>
    <property name="java.specification.name" value="Java Platform API Specification"/>
    <property name="FILE_LOG_CHARSET" value="windows-1252"/>
    <property name="java.awt.headless" value="true"/>
    <property name="surefire.real.class.path" value="C:\Users\DELL\AppData\Local\Temp\surefire1378169917328968347\surefirebooter-20230720132925339_3.jar"/>
    <property name="user.script" value=""/>
    <property name="sun.management.compiler" value="HotSpot 64-Bit Tiered Compilers"/>
    <property name="java.runtime.version" value="17.0.5+8"/>
    <property name="user.name" value="DELL"/>
    <property name="path.separator" value=";"/>
    <property name="os.version" value="10.0"/>
    <property name="java.runtime.name" value="OpenJDK Runtime Environment"/>
    <property name="file.encoding" value="Cp1252"/>
    <property name="java.vm.name" value="OpenJDK 64-Bit Server VM"/>
    <property name="java.vendor.version" value="Temurin-17.0.5+8"/>
    <property name="localRepository" value="C:\Users\DELL\.m2\repository"/>
    <property name="java.vendor.url.bug" value="https://github.com/adoptium/adoptium-support/issues"/>
    <property name="java.io.tmpdir" value="C:\Users\DELL\AppData\Local\Temp\"/>
    <property name="java.version" value="17.0.5"/>
    <property name="user.dir" value="E:\springprojects\EmployeeManagement"/>
    <property name="os.arch" value="amd64"/>
    <property name="java.vm.specification.name" value="Java Virtual Machine Specification"/>
    <property name="PID" value="18576"/>
    <property name="sun.os.patch.level" value=""/>
    <property name="CONSOLE_LOG_CHARSET" value="windows-1252"/>
    <property name="native.encoding" value="Cp1252"/>
    <property name="java.library.path" value="C:\Users\DELL\.p2\pool\plugins\org.eclipse.justj.openjdk.hotspot.jre.full.win32.x86_64_17.0.5.v20221102-0933\jre\bin;C:\Windows\Sun\Java\bin;C:\Windows\system32;C:\Windows;C:/Users/DELL/.p2/pool/plugins/org.eclipse.justj.openjdk.hotspot.jre.full.win32.x86_64_17.0.5.v20221102-0933/jre/bin/server;C:/Users/DELL/.p2/pool/plugins/org.eclipse.justj.openjdk.hotspot.jre.full.win32.x86_64_17.0.5.v20221102-0933/jre/bin;C:\Windows\system32;C:\Windows;C:\Windows\System32\Wbem;C:\Windows\System32\WindowsPowerShell\v1.0\;C:\Windows\System32\OpenSSH\;C:\msys64\mingw64\bin;%MYSQL_HOME%\bin;C:\Program Files\MySQL\MySQL Server 8.0\bin;C:\Program Files\dotnet\;C:\Program Files (x86)\Intel\Intel(R) Management Engine Components\DAL;C:\Program Files\Intel\Intel(R) Management Engine Components\DAL;C:\Program Files\nodejs\;C:\Users\DELL\AppData\Local\Microsoft\WindowsApps;C:\Program Files\MySQL\MySQL Server 8.0\bin;C:\Users\DELL\AppData\Local\Programs\Microsoft VS Code\bin;C:\Users\DELL\AppData\Roaming\npm;C:\Users\DELL\AppData\Local\GitHubDesktop\bin;C:\Users\DELL\OneDrive\Desktop;;."/>
    <property name="java.vm.info" value="mixed mode"/>
    <property name="java.vendor" value="Eclipse Adoptium"/>
    <property name="java.vm.version" value="17.0.5+8"/>
    <property name="sun.io.unicode.encoding" value="UnicodeLittle"/>
    <property name="java.class.version" value="61.0"/>
  </properties>
  <testcase name="contextLoads" classname="com.EmployeeManagement.EmployeeManagementApplicationTests" time="0.157">
    <error type="java.lang.StackOverflowError"><![CDATA[java.lang.StackOverflowError
	at com.EmployeeManagement.Service.EmployeeServiceImpl.addNewEmployee(EmployeeServiceImpl.java:18)
	at com.EmployeeManagement.Service.EmployeeServiceImpl.addNewEmployee(EmployeeServiceImpl.java:18)
	at com.EmployeeManagement.Service.EmployeeServiceImpl.addNewEmployee(EmployeeServiceImpl.java:18)
	at com.EmployeeManagement.Service.EmployeeServiceImpl.addNewEmployee(EmployeeServiceImpl.java:18)
	at com.EmployeeManagement.Service.EmployeeServiceImpl.addNewEmployee(EmployeeServiceImpl.java:18)
	at com.EmployeeManagement.Service.EmployeeServiceImpl.addNewEmployee(EmployeeServiceImpl.java:18)
	at com.EmployeeManagement.Service.EmployeeServiceImpl.addNewEmployee(EmployeeServiceImpl.java:18)
	at com.EmployeeManagement.Service.EmployeeServiceImpl.addNewEmployee(EmployeeServiceImpl.java:18)
	at com.EmployeeManagement.Service.EmployeeServiceImpl.addNewEmployee(EmployeeServiceImpl.java:18)
	at com.EmployeeManagement.Service.EmployeeServiceImpl.addNewEmployee(EmployeeServiceImpl.java:18)
	at com.EmployeeManagement.Service.EmployeeServiceImpl.addNewEmployee(EmployeeServiceImpl.java:18)
	at com.EmployeeManagement.Service.EmployeeServiceImpl.addNewEmployee(EmployeeServiceImpl.java:18)
	at com.EmployeeManagement.Service.EmployeeServiceImpl.addNewEmployee(EmployeeServiceImpl.java:18)
	at com.EmployeeManagement.Service.EmployeeServiceImpl.addNewEmployee(EmployeeServiceImpl.java:18)
	at com.EmployeeManagement.Service.EmployeeServiceImpl.addNewEmployee(EmployeeServiceImpl.java:18)
	at com.EmployeeManagement.Service.EmployeeServiceImpl.addNewEmployee(EmployeeServiceImpl.java:18)
	at com.EmployeeManagement.Service.EmployeeServiceImpl.addNewEmployee(EmployeeServiceImpl.java:18)
	at com.EmployeeManagement.Service.EmployeeServiceImpl.addNewEmployee(EmployeeServiceImpl.java:18)
	at com.EmployeeManagement.Service.EmployeeServiceImpl.addNewEmployee(EmployeeServiceImpl.java:18)
	at com.EmployeeManagement.Service.EmployeeServiceImpl.addNewEmployee(EmployeeServiceImpl.java:18)
	at com.EmployeeManagement.Service.EmployeeServiceImpl.addNewEmployee(EmployeeServiceImpl.java:18)
	at com.EmployeeManagement.Service.EmployeeServiceImpl.addNewEmployee(EmployeeServiceImpl.java:18)
	at com.EmployeeManagement.Service.EmployeeServiceImpl.addNewEmployee(EmployeeServiceImpl.java:18)
	at com.EmployeeManagement.Service.EmployeeServiceImpl.addNewEmployee(EmployeeServiceImpl.java:18)
	at com.EmployeeManagement.Service.EmployeeServiceImpl.addNewEmployee(EmployeeServiceImpl.java:18)
	at com.EmployeeManagement.Service.EmployeeServiceImpl.addNewEmployee(EmployeeServiceImpl.java:18)
	at com.EmployeeManagement.Service.EmployeeServiceImpl.addNewEmployee(EmployeeServiceImpl.java:18)
	at com.EmployeeManagement.Service.EmployeeServiceImpl.addNewEmployee(EmployeeServiceImpl.java:18)
	at com.EmployeeManagement.Service.EmployeeServiceImpl.addNewEmployee(EmployeeServiceImpl.java:18)
	at com.EmployeeManagement.Service.EmployeeServiceImpl.addNewEmployee(EmployeeServiceImpl.java:18)
	at com.EmployeeManagement.Service.EmployeeServiceImpl.addNewEmployee(EmployeeServiceImpl.java:18)
	at com.EmployeeManagement.Service.EmployeeServiceImpl.addNewEmployee(EmployeeServiceImpl.java:18)
	at com.EmployeeManagement.Service.EmployeeServiceImpl.addNewEmployee(EmployeeServiceImpl.java:18)
	at com.EmployeeManagement.Service.EmployeeServiceImpl.addNewEmployee(EmployeeServiceImpl.java:18)
	at com.EmployeeManagement.Service.EmployeeServiceImpl.addNewEmployee(EmployeeServiceImpl.java:18)
	at com.EmployeeManagement.Service.EmployeeServiceImpl.addNewEmployee(EmployeeServiceImpl.java:18)
	at com.EmployeeManagement.Service.EmployeeServiceImpl.addNewEmployee(EmployeeServiceImpl.java:18)
	at com.EmployeeManagement.Service.EmployeeServiceImpl.addNewEmployee(EmployeeServiceImpl.java:18)
	at com.EmployeeManagement.Service.EmployeeServiceImpl.addNewEmployee(EmployeeServiceImpl.java:18)
	at com.EmployeeManagement.Service.EmployeeServiceImpl.addNewEmployee(EmployeeServiceImpl.java:18)
	at com.EmployeeManagement.Service.EmployeeServiceImpl.addNewEmployee(EmployeeServiceImpl.java:18)
	at com.EmployeeManagement.Service.EmployeeServiceImpl.addNewEmployee(EmployeeServiceImpl.java:18)
	at com.EmployeeManagement.Service.EmployeeServiceImpl.addNewEmployee(EmployeeServiceImpl.java:18)
	at com.EmployeeManagement.Service.EmployeeServiceImpl.addNewEmployee(EmployeeServiceImpl.java:18)
	at com.EmployeeManagement.Service.EmployeeServiceImpl.addNewEmployee(EmployeeServiceImpl.java:18)
	at com.EmployeeManagement.Service.EmployeeServiceImpl.addNewEmployee(EmployeeServiceImpl.java:18)
	at com.EmployeeManagement.Service.EmployeeServiceImpl.addNewEmployee(EmployeeServiceImpl.java:18)
	at com.EmployeeManagement.Service.EmployeeServiceImpl.addNewEmployee(EmployeeServiceImpl.java:18)
	at com.EmployeeManagement.Service.EmployeeServiceImpl.addNewEmployee(EmployeeServiceImpl.java:18)
	at com.EmployeeManagement.Service.EmployeeServiceImpl.addNewEmployee(EmployeeServiceImpl.java:18)
	at com.EmployeeManagement.Service.EmployeeServiceImpl.addNewEmployee(EmployeeServiceImpl.java:18)
	at com.EmployeeManagement.Service.EmployeeServiceImpl.addNewEmployee(EmployeeServiceImpl.java:18)
	at com.EmployeeManagement.Service.EmployeeServiceImpl.addNewEmployee(EmployeeServiceImpl.java:18)
	at com.EmployeeManagement.Service.EmployeeServiceImpl.addNewEmployee(EmployeeServiceImpl.java:18)
	at com.EmployeeManagement.Service.EmployeeServiceImpl.addNewEmployee(EmployeeServiceImpl.java:18)
	at com.EmployeeManagement.Service.EmployeeServiceImpl.addNewEmployee(EmployeeServiceImpl.java:18)
	at com.EmployeeManagement.Service.EmployeeServiceImpl.addNewEmployee(EmployeeServiceImpl.java:18)
	at com.EmployeeManagement.Service.EmployeeServiceImpl.addNewEmployee(EmployeeServiceImpl.java:18)
	at com.EmployeeManagement.Service.EmployeeServiceImpl.addNewEmployee(EmployeeServiceImpl.java:18)
	at com.EmployeeManagement.Service.EmployeeServiceImpl.addNewEmployee(EmployeeServiceImpl.java:18)
	at com.EmployeeManagement.Service.EmployeeServiceImpl.addNewEmployee(EmployeeServiceImpl.java:18)
	at com.EmployeeManagement.Service.EmployeeServiceImpl.addNewEmployee(EmployeeServiceImpl.java:18)
	at com.EmployeeManagement.Service.EmployeeServiceImpl.addNewEmployee(EmployeeServiceImpl.java:18)
	at com.EmployeeManagement.Service.EmployeeServiceImpl.addNewEmployee(EmployeeServiceImpl.java:18)
	at com.EmployeeManagement.Service.EmployeeServiceImpl.addNewEmployee(EmployeeServiceImpl.java:18)
	at com.EmployeeManagement.Service.EmployeeServiceImpl.addNewEmployee(EmployeeServiceImpl.java:18)
	at com.EmployeeManagement.Service.EmployeeServiceImpl.addNewEmployee(EmployeeServiceImpl.java:18)
	at com.EmployeeManagement.Service.EmployeeServiceImpl.addNewEmployee(EmployeeServiceImpl.java:18)
	at com.EmployeeManagement.Service.EmployeeServiceImpl.addNewEmployee(EmployeeServiceImpl.java:18)
	at com.EmployeeManagement.Service.EmployeeServiceImpl.addNewEmployee(EmployeeServiceImpl.java:18)
	at com.EmployeeManagement.Service.EmployeeServiceImpl.addNewEmployee(EmployeeServiceImpl.java:18)
	at com.EmployeeManagement.Service.EmployeeServiceImpl.addNewEmployee(EmployeeServiceImpl.java:18)
	at com.EmployeeManagement.Service.EmployeeServiceImpl.addNewEmployee(EmployeeServiceImpl.java:18)
	at com.EmployeeManagement.Service.EmployeeServiceImpl.addNewEmployee(EmployeeServiceImpl.java:18)
	at com.EmployeeManagement.Service.EmployeeServiceImpl.addNewEmployee(EmployeeServiceImpl.java:18)
	at com.EmployeeManagement.Service.EmployeeServiceImpl.addNewEmployee(EmployeeServiceImpl.java:18)
	at com.EmployeeManagement.Service.EmployeeServiceImpl.addNewEmployee(EmployeeServiceImpl.java:18)
	at com.EmployeeManagement.Service.EmployeeServiceImpl.addNewEmployee(EmployeeServiceImpl.java:18)
	at com.EmployeeManagement.Service.EmployeeServiceImpl.addNewEmployee(EmployeeServiceImpl.java:18)
	at com.EmployeeManagement.Service.EmployeeServiceImpl.addNewEmployee(EmployeeServiceImpl.java:18)
	at com.EmployeeManagement.Service.EmployeeServiceImpl.addNewEmployee(EmployeeServiceImpl.java:18)
	at com.EmployeeManagement.Service.EmployeeServiceImpl.addNewEmployee(EmployeeServiceImpl.java:18)
	at com.EmployeeManagement.Service.EmployeeServiceImpl.addNewEmployee(EmployeeServiceImpl.java:18)
	at com.EmployeeManagement.Service.EmployeeServiceImpl.addNewEmployee(EmployeeServiceImpl.java:18)
	at com.EmployeeManagement.Service.EmployeeServiceImpl.addNewEmployee(EmployeeServiceImpl.java:18)
	at com.EmployeeManagement.Service.EmployeeServiceImpl.addNewEmployee(EmployeeServiceImpl.java:18)
	at com.EmployeeManagement.Service.EmployeeServiceImpl.addNewEmployee(EmployeeServiceImpl.java:18)
	at com.EmployeeManagement.Service.EmployeeServiceImpl.addNewEmployee(EmployeeServiceImpl.java:18)
	at com.EmployeeManagement.Service.EmployeeServiceImpl.addNewEmployee(EmployeeServiceImpl.java:18)
	at com.EmployeeManagement.Service.EmployeeServiceImpl.addNewEmployee(EmployeeServiceImpl.java:18)
	at com.EmployeeManagement.Service.EmployeeServiceImpl.addNewEmployee(EmployeeServiceImpl.java:18)
	at com.EmployeeManagement.Service.EmployeeServiceImpl.addNewEmployee(EmployeeServiceImpl.java:18)
	at com.EmployeeManagement.Service.EmployeeServiceImpl.addNewEmployee(EmployeeServiceImpl.java:18)
	at com.EmployeeManagement.Service.EmployeeServiceImpl.addNewEmployee(EmployeeServiceImpl.java:18)
	at com.EmployeeManagement.Service.EmployeeServiceImpl.addNewEmployee(EmployeeServiceImpl.java:18)
	at com.EmployeeManagement.Service.EmployeeServiceImpl.addNewEmployee(EmployeeServiceImpl.java:18)
	at com.EmployeeManagement.Service.EmployeeServiceImpl.addNewEmployee(EmployeeServiceImpl.java:18)
	at com.EmployeeManagement.Service.EmployeeServiceImpl.addNewEmployee(EmployeeServiceImpl.java:18)
	at com.EmployeeManagement.Service.EmployeeServiceImpl.addNewEmployee(EmployeeServiceImpl.java:18)
	at com.EmployeeManagement.Service.EmployeeServiceImpl.addNewEmployee(EmployeeServiceImpl.java:18)
	at com.EmployeeManagement.Service.EmployeeServiceImpl.addNewEmployee(EmployeeServiceImpl.java:18)
	at com.EmployeeManagement.Service.EmployeeServiceImpl.addNewEmployee(EmployeeServiceImpl.java:18)
	at com.EmployeeManagement.Service.EmployeeServiceImpl.addNewEmployee(EmployeeServiceImpl.java:18)
	at com.EmployeeManagement.Service.EmployeeServiceImpl.addNewEmployee(EmployeeServiceImpl.java:18)
	at com.EmployeeManagement.Service.EmployeeServiceImpl.addNewEmployee(EmployeeServiceImpl.java:18)
	at com.EmployeeManagement.Service.EmployeeServiceImpl.addNewEmployee(EmployeeServiceImpl.java:18)
	at com.EmployeeManagement.Service.EmployeeServiceImpl.addNewEmployee(EmployeeServiceImpl.java:18)
	at com.EmployeeManagement.Service.EmployeeServiceImpl.addNewEmployee(EmployeeServiceImpl.java:18)
	at com.EmployeeManagement.Service.EmployeeServiceImpl.addNewEmployee(EmployeeServiceImpl.java:18)
	at com.EmployeeManagement.Service.EmployeeServiceImpl.addNewEmployee(EmployeeServiceImpl.java:18)
	at com.EmployeeManagement.Service.EmployeeServiceImpl.addNewEmployee(EmployeeServiceImpl.java:18)
	at com.EmployeeManagement.Service.EmployeeServiceImpl.addNewEmployee(EmployeeServiceImpl.java:18)
	at com.EmployeeManagement.Service.EmployeeServiceImpl.addNewEmployee(EmployeeServiceImpl.java:18)
	at com.EmployeeManagement.Service.EmployeeServiceImpl.addNewEmployee(EmployeeServiceImpl.java:18)
	at com.EmployeeManagement.Service.EmployeeServiceImpl.addNewEmployee(EmployeeServiceImpl.java:18)
	at com.EmployeeManagement.Service.EmployeeServiceImpl.addNewEmployee(EmployeeServiceImpl.java:18)
	at com.EmployeeManagement.Service.EmployeeServiceImpl.addNewEmployee(EmployeeServiceImpl.java:18)
	at com.EmployeeManagement.Service.EmployeeServiceImpl.addNewEmployee(EmployeeServiceImpl.java:18)
	at com.EmployeeManagement.Service.EmployeeServiceImpl.addNewEmployee(EmployeeServiceImpl.java:18)
	at com.EmployeeManagement.Service.EmployeeServiceImpl.addNewEmployee(EmployeeServiceImpl.java:18)
	at com.EmployeeManagement.Service.EmployeeServiceImpl.addNewEmployee(EmployeeServiceImpl.java:18)
	at com.EmployeeManagement.Service.EmployeeServiceImpl.addNewEmployee(EmployeeServiceImpl.java:18)
	at com.EmployeeManagement.Service.EmployeeServiceImpl.addNewEmployee(EmployeeServiceImpl.java:18)
	at com.EmployeeManagement.Service.EmployeeServiceImpl.addNewEmployee(EmployeeServiceImpl.java:18)
	at com.EmployeeManagement.Service.EmployeeServiceImpl.addNewEmployee(EmployeeServiceImpl.java:18)
	at com.EmployeeManagement.Service.EmployeeServiceImpl.addNewEmployee(EmployeeServiceImpl.java:18)
	at com.EmployeeManagement.Service.EmployeeServiceImpl.addNewEmployee(EmployeeServiceImpl.java:18)
	at com.EmployeeManagement.Service.EmployeeServiceImpl.addNewEmployee(EmployeeServiceImpl.java:18)
	at com.EmployeeManagement.Service.EmployeeServiceImpl.addNewEmployee(EmployeeServiceImpl.java:18)
	at com.EmployeeManagement.Service.EmployeeServiceImpl.addNewEmployee(EmployeeServiceImpl.java:18)
	at com.EmployeeManagement.Service.EmployeeServiceImpl.addNewEmployee(EmployeeServiceImpl.java:18)
	at com.EmployeeManagement.Service.EmployeeServiceImpl.addNewEmployee(EmployeeServiceImpl.java:18)
	at com.EmployeeManagement.Service.EmployeeServiceImpl.addNewEmployee(EmployeeServiceImpl.java:18)
	at com.EmployeeManagement.Service.EmployeeServiceImpl.addNewEmployee(EmployeeServiceImpl.java:18)
	at com.EmployeeManagement.Service.EmployeeServiceImpl.addNewEmployee(EmployeeServiceImpl.java:18)
	at com.EmployeeManagement.Service.EmployeeServiceImpl.addNewEmployee(EmployeeServiceImpl.java:18)
	at com.EmployeeManagement.Service.EmployeeServiceImpl.addNewEmployee(EmployeeServiceImpl.java:18)
	at com.EmployeeManagement.Service.EmployeeServiceImpl.addNewEmployee(EmployeeServiceImpl.java:18)
	at com.EmployeeManagement.Service.EmployeeServiceImpl.addNewEmployee(EmployeeServiceImpl.java:18)
	at com.EmployeeManagement.Service.EmployeeServiceImpl.addNewEmployee(EmployeeServiceImpl.java:18)
	at com.EmployeeManagement.Service.EmployeeServiceImpl.addNewEmployee(EmployeeServiceImpl.java:18)
	at com.EmployeeManagement.Service.EmployeeServiceImpl.addNewEmployee(EmployeeServiceImpl.java:18)
	at com.EmployeeManagement.Service.EmployeeServiceImpl.addNewEmployee(EmployeeServiceImpl.java:18)
	at com.EmployeeManagement.Service.EmployeeServiceImpl.addNewEmployee(EmployeeServiceImpl.java:18)
	at com.EmployeeManagement.Service.EmployeeServiceImpl.addNewEmployee(EmployeeServiceImpl.java:18)
	at com.EmployeeManagement.Service.EmployeeServiceImpl.addNewEmployee(EmployeeServiceImpl.java:18)
	at com.EmployeeManagement.Service.EmployeeServiceImpl.addNewEmployee(EmployeeServiceImpl.java:18)
	at com.EmployeeManagement.Service.EmployeeServiceImpl.addNewEmployee(EmployeeServiceImpl.java:18)
	at com.EmployeeManagement.Service.EmployeeServiceImpl.addNewEmployee(EmployeeServiceImpl.java:18)
	at com.EmployeeManagement.Service.EmployeeServiceImpl.addNewEmployee(EmployeeServiceImpl.java:18)
	at com.EmployeeManagement.Service.EmployeeServiceImpl.addNewEmployee(EmployeeServiceImpl.java:18)
	at com.EmployeeManagement.Service.EmployeeServiceImpl.addNewEmployee(EmployeeServiceImpl.java:18)
	at com.EmployeeManagement.Service.EmployeeServiceImpl.addNewEmployee(EmployeeServiceImpl.java:18)
	at com.EmployeeManagement.Service.EmployeeServiceImpl.addNewEmployee(EmployeeServiceImpl.java:18)
	at com.EmployeeManagement.Service.EmployeeServiceImpl.addNewEmployee(EmployeeServiceImpl.java:18)
	at com.EmployeeManagement.Service.EmployeeServiceImpl.addNewEmployee(EmployeeServiceImpl.java:18)
	at com.EmployeeManagement.Service.EmployeeServiceImpl.addNewEmployee(EmployeeServiceImpl.java:18)
	at com.EmployeeManagement.Service.EmployeeServiceImpl.addNewEmployee(EmployeeServiceImpl.java:18)
	at com.EmployeeManagement.Service.EmployeeServiceImpl.addNewEmployee(EmployeeServiceImpl.java:18)
	at com.EmployeeManagement.Service.EmployeeServiceImpl.addNewEmployee(EmployeeServiceImpl.java:18)
	at com.EmployeeManagement.Service.EmployeeServiceImpl.addNewEmployee(EmployeeServiceImpl.java:18)
	at com.EmployeeManagement.Service.EmployeeServiceImpl.addNewEmployee(EmployeeServiceImpl.java:18)
	at com.EmployeeManagement.Service.EmployeeServiceImpl.addNewEmployee(EmployeeServiceImpl.java:18)
	at com.EmployeeManagement.Service.EmployeeServiceImpl.addNewEmployee(EmployeeServiceImpl.java:18)
	at com.EmployeeManagement.Service.EmployeeServiceImpl.addNewEmployee(EmployeeServiceImpl.java:18)
	at com.EmployeeManagement.Service.EmployeeServiceImpl.addNewEmployee(EmployeeServiceImpl.java:18)
	at com.EmployeeManagement.Service.EmployeeServiceImpl.addNewEmployee(EmployeeServiceImpl.java:18)
	at com.EmployeeManagement.Service.EmployeeServiceImpl.addNewEmployee(EmployeeServiceImpl.java:18)
	at com.EmployeeManagement.Service.EmployeeServiceImpl.addNewEmployee(EmployeeServiceImpl.java:18)
	at com.EmployeeManagement.Service.EmployeeServiceImpl.addNewEmployee(EmployeeServiceImpl.java:18)
	at com.EmployeeManagement.Service.EmployeeServiceImpl.addNewEmployee(EmployeeServiceImpl.java:18)
	at com.EmployeeManagement.Service.EmployeeServiceImpl.addNewEmployee(EmployeeServiceImpl.java:18)
	at com.EmployeeManagement.Service.EmployeeServiceImpl.addNewEmployee(EmployeeServiceImpl.java:18)
	at com.EmployeeManagement.Service.EmployeeServiceImpl.addNewEmployee(EmployeeServiceImpl.java:18)
	at com.EmployeeManagement.Service.EmployeeServiceImpl.addNewEmployee(EmployeeServiceImpl.java:18)
	at com.EmployeeManagement.Service.EmployeeServiceImpl.addNewEmployee(EmployeeServiceImpl.java:18)
	at com.EmployeeManagement.Service.EmployeeServiceImpl.addNewEmployee(EmployeeServiceImpl.java:18)
	at com.EmployeeManagement.Service.EmployeeServiceImpl.addNewEmployee(EmployeeServiceImpl.java:18)
	at com.EmployeeManagement.Service.EmployeeServiceImpl.addNewEmployee(EmployeeServiceImpl.java:18)
	at com.EmployeeManagement.Service.EmployeeServiceImpl.addNewEmployee(EmployeeServiceImpl.java:18)
	at com.EmployeeManagement.Service.EmployeeServiceImpl.addNewEmployee(EmployeeServiceImpl.java:18)
	at com.EmployeeManagement.Service.EmployeeServiceImpl.addNewEmployee(EmployeeServiceImpl.java:18)
	at com.EmployeeManagement.Service.EmployeeServiceImpl.addNewEmployee(EmployeeServiceImpl.java:18)
	at com.EmployeeManagement.Service.EmployeeServiceImpl.addNewEmployee(EmployeeServiceImpl.java:18)
	at com.EmployeeManagement.Service.EmployeeServiceImpl.addNewEmployee(EmployeeServiceImpl.java:18)
	at com.EmployeeManagement.Service.EmployeeServiceImpl.addNewEmployee(EmployeeServiceImpl.java:18)
	at com.EmployeeManagement.Service.EmployeeServiceImpl.addNewEmployee(EmployeeServiceImpl.java:18)
	at com.EmployeeManagement.Service.EmployeeServiceImpl.addNewEmployee(EmployeeServiceImpl.java:18)
	at com.EmployeeManagement.Service.EmployeeServiceImpl.addNewEmployee(EmployeeServiceImpl.java:18)
	at com.EmployeeManagement.Service.EmployeeServiceImpl.addNewEmployee(EmployeeServiceImpl.java:18)
	at com.EmployeeManagement.Service.EmployeeServiceImpl.addNewEmployee(EmployeeServiceImpl.java:18)
	at com.EmployeeManagement.Service.EmployeeServiceImpl.addNewEmployee(EmployeeServiceImpl.java:18)
	at com.EmployeeManagement.Service.EmployeeServiceImpl.addNewEmployee(EmployeeServiceImpl.java:18)
	at com.EmployeeManagement.Service.EmployeeServiceImpl.addNewEmployee(EmployeeServiceImpl.java:18)
	at com.EmployeeManagement.Service.EmployeeServiceImpl.addNewEmployee(EmployeeServiceImpl.java:18)
	at com.EmployeeManagement.Service.EmployeeServiceImpl.addNewEmployee(EmployeeServiceImpl.java:18)
	at com.EmployeeManagement.Service.EmployeeServiceImpl.addNewEmployee(EmployeeServiceImpl.java:18)
	at com.EmployeeManagement.Service.EmployeeServiceImpl.addNewEmployee(EmployeeServiceImpl.java:18)
	at com.EmployeeManagement.Service.EmployeeServiceImpl.addNewEmployee(EmployeeServiceImpl.java:18)
	at com.EmployeeManagement.Service.EmployeeServiceImpl.addNewEmployee(EmployeeServiceImpl.java:18)
	at com.EmployeeManagement.Service.EmployeeServiceImpl.addNewEmployee(EmployeeServiceImpl.java:18)
	at com.EmployeeManagement.Service.EmployeeServiceImpl.addNewEmployee(EmployeeServiceImpl.java:18)
	at com.EmployeeManagement.Service.EmployeeServiceImpl.addNewEmployee(EmployeeServiceImpl.java:18)
	at com.EmployeeManagement.Service.EmployeeServiceImpl.addNewEmployee(EmployeeServiceImpl.java:18)
	at com.EmployeeManagement.Service.EmployeeServiceImpl.addNewEmployee(EmployeeServiceImpl.java:18)
	at com.EmployeeManagement.Service.EmployeeServiceImpl.addNewEmployee(EmployeeServiceImpl.java:18)
	at com.EmployeeManagement.Service.EmployeeServiceImpl.addNewEmployee(EmployeeServiceImpl.java:18)
	at com.EmployeeManagement.Service.EmployeeServiceImpl.addNewEmployee(EmployeeServiceImpl.java:18)
	at com.EmployeeManagement.Service.EmployeeServiceImpl.addNewEmployee(EmployeeServiceImpl.java:18)
	at com.EmployeeManagement.Service.EmployeeServiceImpl.addNewEmployee(EmployeeServiceImpl.java:18)
	at com.EmployeeManagement.Service.EmployeeServiceImpl.addNewEmployee(EmployeeServiceImpl.java:18)
	at com.EmployeeManagement.Service.EmployeeServiceImpl.addNewEmployee(EmployeeServiceImpl.java:18)
	at com.EmployeeManagement.Service.EmployeeServiceImpl.addNewEmployee(EmployeeServiceImpl.java:18)
	at com.EmployeeManagement.Service.EmployeeServiceImpl.addNewEmployee(EmployeeServiceImpl.java:18)
	at com.EmployeeManagement.Service.EmployeeServiceImpl.addNewEmployee(EmployeeServiceImpl.java:18)
	at com.EmployeeManagement.Service.EmployeeServiceImpl.addNewEmployee(EmployeeServiceImpl.java:18)
	at com.EmployeeManagement.Service.EmployeeServiceImpl.addNewEmployee(EmployeeServiceImpl.java:18)
	at com.EmployeeManagement.Service.EmployeeServiceImpl.addNewEmployee(EmployeeServiceImpl.java:18)
	at com.EmployeeManagement.Service.EmployeeServiceImpl.addNewEmployee(EmployeeServiceImpl.java:18)
	at com.EmployeeManagement.Service.EmployeeServiceImpl.addNewEmployee(EmployeeServiceImpl.java:18)
	at com.EmployeeManagement.Service.EmployeeServiceImpl.addNewEmployee(EmployeeServiceImpl.java:18)
	at com.EmployeeManagement.Service.EmployeeServiceImpl.addNewEmployee(EmployeeServiceImpl.java:18)
	at com.EmployeeManagement.Service.EmployeeServiceImpl.addNewEmployee(EmployeeServiceImpl.java:18)
	at com.EmployeeManagement.Service.EmployeeServiceImpl.addNewEmployee(EmployeeServiceImpl.java:18)
	at com.EmployeeManagement.Service.EmployeeServiceImpl.addNewEmployee(EmployeeServiceImpl.java:18)
	at com.EmployeeManagement.Service.EmployeeServiceImpl.addNewEmployee(EmployeeServiceImpl.java:18)
	at com.EmployeeManagement.Service.EmployeeServiceImpl.addNewEmployee(EmployeeServiceImpl.java:18)
	at com.EmployeeManagement.Service.EmployeeServiceImpl.addNewEmployee(EmployeeServiceImpl.java:18)
	at com.EmployeeManagement.Service.EmployeeServiceImpl.addNewEmployee(EmployeeServiceImpl.java:18)
	at com.EmployeeManagement.Service.EmployeeServiceImpl.addNewEmployee(EmployeeServiceImpl.java:18)
	at com.EmployeeManagement.Service.EmployeeServiceImpl.addNewEmployee(EmployeeServiceImpl.java:18)
	at com.EmployeeManagement.Service.EmployeeServiceImpl.addNewEmployee(EmployeeServiceImpl.java:18)
	at com.EmployeeManagement.Service.EmployeeServiceImpl.addNewEmployee(EmployeeServiceImpl.java:18)
	at com.EmployeeManagement.Service.EmployeeServiceImpl.addNewEmployee(EmployeeServiceImpl.java:18)
	at com.EmployeeManagement.Service.EmployeeServiceImpl.addNewEmployee(EmployeeServiceImpl.java:18)
	at com.EmployeeManagement.Service.EmployeeServiceImpl.addNewEmployee(EmployeeServiceImpl.java:18)
	at com.EmployeeManagement.Service.EmployeeServiceImpl.addNewEmployee(EmployeeServiceImpl.java:18)
	at com.EmployeeManagement.Service.EmployeeServiceImpl.addNewEmployee(EmployeeServiceImpl.java:18)
	at com.EmployeeManagement.Service.EmployeeServiceImpl.addNewEmployee(EmployeeServiceImpl.java:18)
	at com.EmployeeManagement.Service.EmployeeServiceImpl.addNewEmployee(EmployeeServiceImpl.java:18)
	at com.EmployeeManagement.Service.EmployeeServiceImpl.addNewEmployee(EmployeeServiceImpl.java:18)
	at com.EmployeeManagement.Service.EmployeeServiceImpl.addNewEmployee(EmployeeServiceImpl.java:18)
	at com.EmployeeManagement.Service.EmployeeServiceImpl.addNewEmployee(EmployeeServiceImpl.java:18)
	at com.EmployeeManagement.Service.EmployeeServiceImpl.addNewEmployee(EmployeeServiceImpl.java:18)
	at com.EmployeeManagement.Service.EmployeeServiceImpl.addNewEmployee(EmployeeServiceImpl.java:18)
	at com.EmployeeManagement.Service.EmployeeServiceImpl.addNewEmployee(EmployeeServiceImpl.java:18)
	at com.EmployeeManagement.Service.EmployeeServiceImpl.addNewEmployee(EmployeeServiceImpl.java:18)
	at com.EmployeeManagement.Service.EmployeeServiceImpl.addNewEmployee(EmployeeServiceImpl.java:18)
	at com.EmployeeManagement.Service.EmployeeServiceImpl.addNewEmployee(EmployeeServiceImpl.java:18)
	at com.EmployeeManagement.Service.EmployeeServiceImpl.addNewEmployee(EmployeeServiceImpl.java:18)
	at com.EmployeeManagement.Service.EmployeeServiceImpl.addNewEmployee(EmployeeServiceImpl.java:18)
	at com.EmployeeManagement.Service.EmployeeServiceImpl.addNewEmployee(EmployeeServiceImpl.java:18)
	at com.EmployeeManagement.Service.EmployeeServiceImpl.addNewEmployee(EmployeeServiceImpl.java:18)
	at com.EmployeeManagement.Service.EmployeeServiceImpl.addNewEmployee(EmployeeServiceImpl.java:18)
	at com.EmployeeManagement.Service.EmployeeServiceImpl.addNewEmployee(EmployeeServiceImpl.java:18)
	at com.EmployeeManagement.Service.EmployeeServiceImpl.addNewEmployee(EmployeeServiceImpl.java:18)
	at com.EmployeeManagement.Service.EmployeeServiceImpl.addNewEmployee(EmployeeServiceImpl.java:18)
	at com.EmployeeManagement.Service.EmployeeServiceImpl.addNewEmployee(EmployeeServiceImpl.java:18)
	at com.EmployeeManagement.Service.EmployeeServiceImpl.addNewEmployee(EmployeeServiceImpl.java:18)
	at com.EmployeeManagement.Service.EmployeeServiceImpl.addNewEmployee(EmployeeServiceImpl.java:18)
	at com.EmployeeManagement.Service.EmployeeServiceImpl.addNewEmployee(EmployeeServiceImpl.java:18)
	at com.EmployeeManagement.Service.EmployeeServiceImpl.addNewEmployee(EmployeeServiceImpl.java:18)
	at com.EmployeeManagement.Service.EmployeeServiceImpl.addNewEmployee(EmployeeServiceImpl.java:18)
	at com.EmployeeManagement.Service.EmployeeServiceImpl.addNewEmployee(EmployeeServiceImpl.java:18)
	at com.EmployeeManagement.Service.EmployeeServiceImpl.addNewEmployee(EmployeeServiceImpl.java:18)
	at com.EmployeeManagement.Service.EmployeeServiceImpl.addNewEmployee(EmployeeServiceImpl.java:18)
	at com.EmployeeManagement.Service.EmployeeServiceImpl.addNewEmployee(EmployeeServiceImpl.java:18)
	at com.EmployeeManagement.Service.EmployeeServiceImpl.addNewEmployee(EmployeeServiceImpl.java:18)
	at com.EmployeeManagement.Service.EmployeeServiceImpl.addNewEmployee(EmployeeServiceImpl.java:18)
	at com.EmployeeManagement.Service.EmployeeServiceImpl.addNewEmployee(EmployeeServiceImpl.java:18)
	at com.EmployeeManagement.Service.EmployeeServiceImpl.addNewEmployee(EmployeeServiceImpl.java:18)
	at com.EmployeeManagement.Service.EmployeeServiceImpl.addNewEmployee(EmployeeServiceImpl.java:18)
	at com.EmployeeManagement.Service.EmployeeServiceImpl.addNewEmployee(EmployeeServiceImpl.java:18)
	at com.EmployeeManagement.Service.EmployeeServiceImpl.addNewEmployee(EmployeeServiceImpl.java:18)
	at com.EmployeeManagement.Service.EmployeeServiceImpl.addNewEmployee(EmployeeServiceImpl.java:18)
	at com.EmployeeManagement.Service.EmployeeServiceImpl.addNewEmployee(EmployeeServiceImpl.java:18)
	at com.EmployeeManagement.Service.EmployeeServiceImpl.addNewEmployee(EmployeeServiceImpl.java:18)
	at com.EmployeeManagement.Service.EmployeeServiceImpl.addNewEmployee(EmployeeServiceImpl.java:18)
	at com.EmployeeManagement.Service.EmployeeServiceImpl.addNewEmployee(EmployeeServiceImpl.java:18)
	at com.EmployeeManagement.Service.EmployeeServiceImpl.addNewEmployee(EmployeeServiceImpl.java:18)
	at com.EmployeeManagement.Service.EmployeeServiceImpl.addNewEmployee(EmployeeServiceImpl.java:18)
	at com.EmployeeManagement.Service.EmployeeServiceImpl.addNewEmployee(EmployeeServiceImpl.java:18)
	at com.EmployeeManagement.Service.EmployeeServiceImpl.addNewEmployee(EmployeeServiceImpl.java:18)
	at com.EmployeeManagement.Service.EmployeeServiceImpl.addNewEmployee(EmployeeServiceImpl.java:18)
	at com.EmployeeManagement.Service.EmployeeServiceImpl.addNewEmployee(EmployeeServiceImpl.java:18)
	at com.EmployeeManagement.Service.EmployeeServiceImpl.addNewEmployee(EmployeeServiceImpl.java:18)
	at com.EmployeeManagement.Service.EmployeeServiceImpl.addNewEmployee(EmployeeServiceImpl.java:18)
	at com.EmployeeManagement.Service.EmployeeServiceImpl.addNewEmployee(EmployeeServiceImpl.java:18)
	at com.EmployeeManagement.Service.EmployeeServiceImpl.addNewEmployee(EmployeeServiceImpl.java:18)
	at com.EmployeeManagement.Service.EmployeeServiceImpl.addNewEmployee(EmployeeServiceImpl.java:18)
	at com.EmployeeManagement.Service.EmployeeServiceImpl.addNewEmployee(EmployeeServiceImpl.java:18)
	at com.EmployeeManagement.Service.EmployeeServiceImpl.addNewEmployee(EmployeeServiceImpl.java:18)
	at com.EmployeeManagement.Service.EmployeeServiceImpl.addNewEmployee(EmployeeServiceImpl.java:18)
	at com.EmployeeManagement.Service.EmployeeServiceImpl.addNewEmployee(EmployeeServiceImpl.java:18)
	at com.EmployeeManagement.Service.EmployeeServiceImpl.addNewEmployee(EmployeeServiceImpl.java:18)
	at com.EmployeeManagement.Service.EmployeeServiceImpl.addNewEmployee(EmployeeServiceImpl.java:18)
	at com.EmployeeManagement.Service.EmployeeServiceImpl.addNewEmployee(EmployeeServiceImpl.java:18)
	at com.EmployeeManagement.Service.EmployeeServiceImpl.addNewEmployee(EmployeeServiceImpl.java:18)
	at com.EmployeeManagement.Service.EmployeeServiceImpl.addNewEmployee(EmployeeServiceImpl.java:18)
	at com.EmployeeManagement.Service.EmployeeServiceImpl.addNewEmployee(EmployeeServiceImpl.java:18)
	at com.EmployeeManagement.Service.EmployeeServiceImpl.addNewEmployee(EmployeeServiceImpl.java:18)
	at com.EmployeeManagement.Service.EmployeeServiceImpl.addNewEmployee(EmployeeServiceImpl.java:18)
	at com.EmployeeManagement.Service.EmployeeServiceImpl.addNewEmployee(EmployeeServiceImpl.java:18)
	at com.EmployeeManagement.Service.EmployeeServiceImpl.addNewEmployee(EmployeeServiceImpl.java:18)
	at com.EmployeeManagement.Service.EmployeeServiceImpl.addNewEmployee(EmployeeServiceImpl.java:18)
	at com.EmployeeManagement.Service.EmployeeServiceImpl.addNewEmployee(EmployeeServiceImpl.java:18)
	at com.EmployeeManagement.Service.EmployeeServiceImpl.addNewEmployee(EmployeeServiceImpl.java:18)
	at com.EmployeeManagement.Service.EmployeeServiceImpl.addNewEmployee(EmployeeServiceImpl.java:18)
	at com.EmployeeManagement.Service.EmployeeServiceImpl.addNewEmployee(EmployeeServiceImpl.java:18)
	at com.EmployeeManagement.Service.EmployeeServiceImpl.addNewEmployee(EmployeeServiceImpl.java:18)
	at com.EmployeeManagement.Service.EmployeeServiceImpl.addNewEmployee(EmployeeServiceImpl.java:18)
	at com.EmployeeManagement.Service.EmployeeServiceImpl.addNewEmployee(EmployeeServiceImpl.java:18)
	at com.EmployeeManagement.Service.EmployeeServiceImpl.addNewEmployee(EmployeeServiceImpl.java:18)
	at com.EmployeeManagement.Service.EmployeeServiceImpl.addNewEmployee(EmployeeServiceImpl.java:18)
	at com.EmployeeManagement.Service.EmployeeServiceImpl.addNewEmployee(EmployeeServiceImpl.java:18)
	at com.EmployeeManagement.Service.EmployeeServiceImpl.addNewEmployee(EmployeeServiceImpl.java:18)
	at com.EmployeeManagement.Service.EmployeeServiceImpl.addNewEmployee(EmployeeServiceImpl.java:18)
	at com.EmployeeManagement.Service.EmployeeServiceImpl.addNewEmployee(EmployeeServiceImpl.java:18)
	at com.EmployeeManagement.Service.EmployeeServiceImpl.addNewEmployee(EmployeeServiceImpl.java:18)
	at com.EmployeeManagement.Service.EmployeeServiceImpl.addNewEmployee(EmployeeServiceImpl.java:18)
	at com.EmployeeManagement.Service.EmployeeServiceImpl.addNewEmployee(EmployeeServiceImpl.java:18)
	at com.EmployeeManagement.Service.EmployeeServiceImpl.addNewEmployee(EmployeeServiceImpl.java:18)
	at com.EmployeeManagement.Service.EmployeeServiceImpl.addNewEmployee(EmployeeServiceImpl.java:18)
	at com.EmployeeManagement.Service.EmployeeServiceImpl.addNewEmployee(EmployeeServiceImpl.java:18)
	at com.EmployeeManagement.Service.EmployeeServiceImpl.addNewEmployee(EmployeeServiceImpl.java:18)
	at com.EmployeeManagement.Service.EmployeeServiceImpl.addNewEmployee(EmployeeServiceImpl.java:18)
	at com.EmployeeManagement.Service.EmployeeServiceImpl.addNewEmployee(EmployeeServiceImpl.java:18)
	at com.EmployeeManagement.Service.EmployeeServiceImpl.addNewEmployee(EmployeeServiceImpl.java:18)
	at com.EmployeeManagement.Service.EmployeeServiceImpl.addNewEmployee(EmployeeServiceImpl.java:18)
	at com.EmployeeManagement.Service.EmployeeServiceImpl.addNewEmployee(EmployeeServiceImpl.java:18)
	at com.EmployeeManagement.Service.EmployeeServiceImpl.addNewEmployee(EmployeeServiceImpl.java:18)
	at com.EmployeeManagement.Service.EmployeeServiceImpl.addNewEmployee(EmployeeServiceImpl.java:18)
	at com.EmployeeManagement.Service.EmployeeServiceImpl.addNewEmployee(EmployeeServiceImpl.java:18)
	at com.EmployeeManagement.Service.EmployeeServiceImpl.addNewEmployee(EmployeeServiceImpl.java:18)
	at com.EmployeeManagement.Service.EmployeeServiceImpl.addNewEmployee(EmployeeServiceImpl.java:18)
	at com.EmployeeManagement.Service.EmployeeServiceImpl.addNewEmployee(EmployeeServiceImpl.java:18)
	at com.EmployeeManagement.Service.EmployeeServiceImpl.addNewEmployee(EmployeeServiceImpl.java:18)
	at com.EmployeeManagement.Service.EmployeeServiceImpl.addNewEmployee(EmployeeServiceImpl.java:18)
	at com.EmployeeManagement.Service.EmployeeServiceImpl.addNewEmployee(EmployeeServiceImpl.java:18)
	at com.EmployeeManagement.Service.EmployeeServiceImpl.addNewEmployee(EmployeeServiceImpl.java:18)
	at com.EmployeeManagement.Service.EmployeeServiceImpl.addNewEmployee(EmployeeServiceImpl.java:18)
	at com.EmployeeManagement.Service.EmployeeServiceImpl.addNewEmployee(EmployeeServiceImpl.java:18)
	at com.EmployeeManagement.Service.EmployeeServiceImpl.addNewEmployee(EmployeeServiceImpl.java:18)
	at com.EmployeeManagement.Service.EmployeeServiceImpl.addNewEmployee(EmployeeServiceImpl.java:18)
	at com.EmployeeManagement.Service.EmployeeServiceImpl.addNewEmployee(EmployeeServiceImpl.java:18)
	at com.EmployeeManagement.Service.EmployeeServiceImpl.addNewEmployee(EmployeeServiceImpl.java:18)
	at com.EmployeeManagement.Service.EmployeeServiceImpl.addNewEmployee(EmployeeServiceImpl.java:18)
	at com.EmployeeManagement.Service.EmployeeServiceImpl.addNewEmployee(EmployeeServiceImpl.java:18)
	at com.EmployeeManagement.Service.EmployeeServiceImpl.addNewEmployee(EmployeeServiceImpl.java:18)
	at com.EmployeeManagement.Service.EmployeeServiceImpl.addNewEmployee(EmployeeServiceImpl.java:18)
	at com.EmployeeManagement.Service.EmployeeServiceImpl.addNewEmployee(EmployeeServiceImpl.java:18)
	at com.EmployeeManagement.Service.EmployeeServiceImpl.addNewEmployee(EmployeeServiceImpl.java:18)
	at com.EmployeeManagement.Service.EmployeeServiceImpl.addNewEmployee(EmployeeServiceImpl.java:18)
	at com.EmployeeManagement.Service.EmployeeServiceImpl.addNewEmployee(EmployeeServiceImpl.java:18)
	at com.EmployeeManagement.Service.EmployeeServiceImpl.addNewEmployee(EmployeeServiceImpl.java:18)
	at com.EmployeeManagement.Service.EmployeeServiceImpl.addNewEmployee(EmployeeServiceImpl.java:18)
	at com.EmployeeManagement.Service.EmployeeServiceImpl.addNewEmployee(EmployeeServiceImpl.java:18)
	at com.EmployeeManagement.Service.EmployeeServiceImpl.addNewEmployee(EmployeeServiceImpl.java:18)
	at com.EmployeeManagement.Service.EmployeeServiceImpl.addNewEmployee(EmployeeServiceImpl.java:18)
	at com.EmployeeManagement.Service.EmployeeServiceImpl.addNewEmployee(EmployeeServiceImpl.java:18)
	at com.EmployeeManagement.Service.EmployeeServiceImpl.addNewEmployee(EmployeeServiceImpl.java:18)
	at com.EmployeeManagement.Service.EmployeeServiceImpl.addNewEmployee(EmployeeServiceImpl.java:18)
	at com.EmployeeManagement.Service.EmployeeServiceImpl.addNewEmployee(EmployeeServiceImpl.java:18)
	at com.EmployeeManagement.Service.EmployeeServiceImpl.addNewEmployee(EmployeeServiceImpl.java:18)
	at com.EmployeeManagement.Service.EmployeeServiceImpl.addNewEmployee(EmployeeServiceImpl.java:18)
	at com.EmployeeManagement.Service.EmployeeServiceImpl.addNewEmployee(EmployeeServiceImpl.java:18)
	at com.EmployeeManagement.Service.EmployeeServiceImpl.addNewEmployee(EmployeeServiceImpl.java:18)
	at com.EmployeeManagement.Service.EmployeeServiceImpl.addNewEmployee(EmployeeServiceImpl.java:18)
	at com.EmployeeManagement.Service.EmployeeServiceImpl.addNewEmployee(EmployeeServiceImpl.java:18)
	at com.EmployeeManagement.Service.EmployeeServiceImpl.addNewEmployee(EmployeeServiceImpl.java:18)
	at com.EmployeeManagement.Service.EmployeeServiceImpl.addNewEmployee(EmployeeServiceImpl.java:18)
	at com.EmployeeManagement.Service.EmployeeServiceImpl.addNewEmployee(EmployeeServiceImpl.java:18)
	at com.EmployeeManagement.Service.EmployeeServiceImpl.addNewEmployee(EmployeeServiceImpl.java:18)
	at com.EmployeeManagement.Service.EmployeeServiceImpl.addNewEmployee(EmployeeServiceImpl.java:18)
	at com.EmployeeManagement.Service.EmployeeServiceImpl.addNewEmployee(EmployeeServiceImpl.java:18)
	at com.EmployeeManagement.Service.EmployeeServiceImpl.addNewEmployee(EmployeeServiceImpl.java:18)
	at com.EmployeeManagement.Service.EmployeeServiceImpl.addNewEmployee(EmployeeServiceImpl.java:18)
	at com.EmployeeManagement.Service.EmployeeServiceImpl.addNewEmployee(EmployeeServiceImpl.java:18)
	at com.EmployeeManagement.Service.EmployeeServiceImpl.addNewEmployee(EmployeeServiceImpl.java:18)
	at com.EmployeeManagement.Service.EmployeeServiceImpl.addNewEmployee(EmployeeServiceImpl.java:18)
	at com.EmployeeManagement.Service.EmployeeServiceImpl.addNewEmployee(EmployeeServiceImpl.java:18)
	at com.EmployeeManagement.Service.EmployeeServiceImpl.addNewEmployee(EmployeeServiceImpl.java:18)
	at com.EmployeeManagement.Service.EmployeeServiceImpl.addNewEmployee(EmployeeServiceImpl.java:18)
	at com.EmployeeManagement.Service.EmployeeServiceImpl.addNewEmployee(EmployeeServiceImpl.java:18)
	at com.EmployeeManagement.Service.EmployeeServiceImpl.addNewEmployee(EmployeeServiceImpl.java:18)
	at com.EmployeeManagement.Service.EmployeeServiceImpl.addNewEmployee(EmployeeServiceImpl.java:18)
	at com.EmployeeManagement.Service.EmployeeServiceImpl.addNewEmployee(EmployeeServiceImpl.java:18)
	at com.EmployeeManagement.Service.EmployeeServiceImpl.addNewEmployee(EmployeeServiceImpl.java:18)
	at com.EmployeeManagement.Service.EmployeeServiceImpl.addNewEmployee(EmployeeServiceImpl.java:18)
	at com.EmployeeManagement.Service.EmployeeServiceImpl.addNewEmployee(EmployeeServiceImpl.java:18)
	at com.EmployeeManagement.Service.EmployeeServiceImpl.addNewEmployee(EmployeeServiceImpl.java:18)
	at com.EmployeeManagement.Service.EmployeeServiceImpl.addNewEmployee(EmployeeServiceImpl.java:18)
	at com.EmployeeManagement.Service.EmployeeServiceImpl.addNewEmployee(EmployeeServiceImpl.java:18)
	at com.EmployeeManagement.Service.EmployeeServiceImpl.addNewEmployee(EmployeeServiceImpl.java:18)
	at com.EmployeeManagement.Service.EmployeeServiceImpl.addNewEmployee(EmployeeServiceImpl.java:18)
	at com.EmployeeManagement.Service.EmployeeServiceImpl.addNewEmployee(EmployeeServiceImpl.java:18)
	at com.EmployeeManagement.Service.EmployeeServiceImpl.addNewEmployee(EmployeeServiceImpl.java:18)
	at com.EmployeeManagement.Service.EmployeeServiceImpl.addNewEmployee(EmployeeServiceImpl.java:18)
	at com.EmployeeManagement.Service.EmployeeServiceImpl.addNewEmployee(EmployeeServiceImpl.java:18)
	at com.EmployeeManagement.Service.EmployeeServiceImpl.addNewEmployee(EmployeeServiceImpl.java:18)
	at com.EmployeeManagement.Service.EmployeeServiceImpl.addNewEmployee(EmployeeServiceImpl.java:18)
	at com.EmployeeManagement.Service.EmployeeServiceImpl.addNewEmployee(EmployeeServiceImpl.java:18)
	at com.EmployeeManagement.Service.EmployeeServiceImpl.addNewEmployee(EmployeeServiceImpl.java:18)
	at com.EmployeeManagement.Service.EmployeeServiceImpl.addNewEmployee(EmployeeServiceImpl.java:18)
	at com.EmployeeManagement.Service.EmployeeServiceImpl.addNewEmployee(EmployeeServiceImpl.java:18)
	at com.EmployeeManagement.Service.EmployeeServiceImpl.addNewEmployee(EmployeeServiceImpl.java:18)
	at com.EmployeeManagement.Service.EmployeeServiceImpl.addNewEmployee(EmployeeServiceImpl.java:18)
	at com.EmployeeManagement.Service.EmployeeServiceImpl.addNewEmployee(EmployeeServiceImpl.java:18)
	at com.EmployeeManagement.Service.EmployeeServiceImpl.addNewEmployee(EmployeeServiceImpl.java:18)
	at com.EmployeeManagement.Service.EmployeeServiceImpl.addNewEmployee(EmployeeServiceImpl.java:18)
	at com.EmployeeManagement.Service.EmployeeServiceImpl.addNewEmployee(EmployeeServiceImpl.java:18)
	at com.EmployeeManagement.Service.EmployeeServiceImpl.addNewEmployee(EmployeeServiceImpl.java:18)
	at com.EmployeeManagement.Service.EmployeeServiceImpl.addNewEmployee(EmployeeServiceImpl.java:18)
	at com.EmployeeManagement.Service.EmployeeServiceImpl.addNewEmployee(EmployeeServiceImpl.java:18)
	at com.EmployeeManagement.Service.EmployeeServiceImpl.addNewEmployee(EmployeeServiceImpl.java:18)
	at com.EmployeeManagement.Service.EmployeeServiceImpl.addNewEmployee(EmployeeServiceImpl.java:18)
	at com.EmployeeManagement.Service.EmployeeServiceImpl.addNewEmployee(EmployeeServiceImpl.java:18)
	at com.EmployeeManagement.Service.EmployeeServiceImpl.addNewEmployee(EmployeeServiceImpl.java:18)
	at com.EmployeeManagement.Service.EmployeeServiceImpl.addNewEmployee(EmployeeServiceImpl.java:18)
	at com.EmployeeManagement.Service.EmployeeServiceImpl.addNewEmployee(EmployeeServiceImpl.java:18)
	at com.EmployeeManagement.Service.EmployeeServiceImpl.addNewEmployee(EmployeeServiceImpl.java:18)
	at com.EmployeeManagement.Service.EmployeeServiceImpl.addNewEmployee(EmployeeServiceImpl.java:18)
	at com.EmployeeManagement.Service.EmployeeServiceImpl.addNewEmployee(EmployeeServiceImpl.java:18)
	at com.EmployeeManagement.Service.EmployeeServiceImpl.addNewEmployee(EmployeeServiceImpl.java:18)
	at com.EmployeeManagement.Service.EmployeeServiceImpl.addNewEmployee(EmployeeServiceImpl.java:18)
	at com.EmployeeManagement.Service.EmployeeServiceImpl.addNewEmployee(EmployeeServiceImpl.java:18)
	at com.EmployeeManagement.Service.EmployeeServiceImpl.addNewEmployee(EmployeeServiceImpl.java:18)
	at com.EmployeeManagement.Service.EmployeeServiceImpl.addNewEmployee(EmployeeServiceImpl.java:18)
	at com.EmployeeManagement.Service.EmployeeServiceImpl.addNewEmployee(EmployeeServiceImpl.java:18)
	at com.EmployeeManagement.Service.EmployeeServiceImpl.addNewEmployee(EmployeeServiceImpl.java:18)
	at com.EmployeeManagement.Service.EmployeeServiceImpl.addNewEmployee(EmployeeServiceImpl.java:18)
	at com.EmployeeManagement.Service.EmployeeServiceImpl.addNewEmployee(EmployeeServiceImpl.java:18)
	at com.EmployeeManagement.Service.EmployeeServiceImpl.addNewEmployee(EmployeeServiceImpl.java:18)
	at com.EmployeeManagement.Service.EmployeeServiceImpl.addNewEmployee(EmployeeServiceImpl.java:18)
	at com.EmployeeManagement.Service.EmployeeServiceImpl.addNewEmployee(EmployeeServiceImpl.java:18)
	at com.EmployeeManagement.Service.EmployeeServiceImpl.addNewEmployee(EmployeeServiceImpl.java:18)
	at com.EmployeeManagement.Service.EmployeeServiceImpl.addNewEmployee(EmployeeServiceImpl.java:18)
	at com.EmployeeManagement.Service.EmployeeServiceImpl.addNewEmployee(EmployeeServiceImpl.java:18)
	at com.EmployeeManagement.Service.EmployeeServiceImpl.addNewEmployee(EmployeeServiceImpl.java:18)
	at com.EmployeeManagement.Service.EmployeeServiceImpl.addNewEmployee(EmployeeServiceImpl.java:18)
	at com.EmployeeManagement.Service.EmployeeServiceImpl.addNewEmployee(EmployeeServiceImpl.java:18)
	at com.EmployeeManagement.Service.EmployeeServiceImpl.addNewEmployee(EmployeeServiceImpl.java:18)
	at com.EmployeeManagement.Service.EmployeeServiceImpl.addNewEmployee(EmployeeServiceImpl.java:18)
	at com.EmployeeManagement.Service.EmployeeServiceImpl.addNewEmployee(EmployeeServiceImpl.java:18)
	at com.EmployeeManagement.Service.EmployeeServiceImpl.addNewEmployee(EmployeeServiceImpl.java:18)
	at com.EmployeeManagement.Service.EmployeeServiceImpl.addNewEmployee(EmployeeServiceImpl.java:18)
	at com.EmployeeManagement.Service.EmployeeServiceImpl.addNewEmployee(EmployeeServiceImpl.java:18)
	at com.EmployeeManagement.Service.EmployeeServiceImpl.addNewEmployee(EmployeeServiceImpl.java:18)
	at com.EmployeeManagement.Service.EmployeeServiceImpl.addNewEmployee(EmployeeServiceImpl.java:18)
	at com.EmployeeManagement.Service.EmployeeServiceImpl.addNewEmployee(EmployeeServiceImpl.java:18)
	at com.EmployeeManagement.Service.EmployeeServiceImpl.addNewEmployee(EmployeeServiceImpl.java:18)
	at com.EmployeeManagement.Service.EmployeeServiceImpl.addNewEmployee(EmployeeServiceImpl.java:18)
	at com.EmployeeManagement.Service.EmployeeServiceImpl.addNewEmployee(EmployeeServiceImpl.java:18)
	at com.EmployeeManagement.Service.EmployeeServiceImpl.addNewEmployee(EmployeeServiceImpl.java:18)
	at com.EmployeeManagement.Service.EmployeeServiceImpl.addNewEmployee(EmployeeServiceImpl.java:18)
	at com.EmployeeManagement.Service.EmployeeServiceImpl.addNewEmployee(EmployeeServiceImpl.java:18)
	at com.EmployeeManagement.Service.EmployeeServiceImpl.addNewEmployee(EmployeeServiceImpl.java:18)
	at com.EmployeeManagement.Service.EmployeeServiceImpl.addNewEmployee(EmployeeServiceImpl.java:18)
	at com.EmployeeManagement.Service.EmployeeServiceImpl.addNewEmployee(EmployeeServiceImpl.java:18)
	at com.EmployeeManagement.Service.EmployeeServiceImpl.addNewEmployee(EmployeeServiceImpl.java:18)
	at com.EmployeeManagement.Service.EmployeeServiceImpl.addNewEmployee(EmployeeServiceImpl.java:18)
	at com.EmployeeManagement.Service.EmployeeServiceImpl.addNewEmployee(EmployeeServiceImpl.java:18)
	at com.EmployeeManagement.Service.EmployeeServiceImpl.addNewEmployee(EmployeeServiceImpl.java:18)
	at com.EmployeeManagement.Service.EmployeeServiceImpl.addNewEmployee(EmployeeServiceImpl.java:18)
	at com.EmployeeManagement.Service.EmployeeServiceImpl.addNewEmployee(EmployeeServiceImpl.java:18)
	at com.EmployeeManagement.Service.EmployeeServiceImpl.addNewEmployee(EmployeeServiceImpl.java:18)
	at com.EmployeeManagement.Service.EmployeeServiceImpl.addNewEmployee(EmployeeServiceImpl.java:18)
	at com.EmployeeManagement.Service.EmployeeServiceImpl.addNewEmployee(EmployeeServiceImpl.java:18)
	at com.EmployeeManagement.Service.EmployeeServiceImpl.addNewEmployee(EmployeeServiceImpl.java:18)
	at com.EmployeeManagement.Service.EmployeeServiceImpl.addNewEmployee(EmployeeServiceImpl.java:18)
	at com.EmployeeManagement.Service.EmployeeServiceImpl.addNewEmployee(EmployeeServiceImpl.java:18)
	at com.EmployeeManagement.Service.EmployeeServiceImpl.addNewEmployee(EmployeeServiceImpl.java:18)
	at com.EmployeeManagement.Service.EmployeeServiceImpl.addNewEmployee(EmployeeServiceImpl.java:18)
	at com.EmployeeManagement.Service.EmployeeServiceImpl.addNewEmployee(EmployeeServiceImpl.java:18)
	at com.EmployeeManagement.Service.EmployeeServiceImpl.addNewEmployee(EmployeeServiceImpl.java:18)
	at com.EmployeeManagement.Service.EmployeeServiceImpl.addNewEmployee(EmployeeServiceImpl.java:18)
	at com.EmployeeManagement.Service.EmployeeServiceImpl.addNewEmployee(EmployeeServiceImpl.java:18)
	at com.EmployeeManagement.Service.EmployeeServiceImpl.addNewEmployee(EmployeeServiceImpl.java:18)
	at com.EmployeeManagement.Service.EmployeeServiceImpl.addNewEmployee(EmployeeServiceImpl.java:18)
	at com.EmployeeManagement.Service.EmployeeServiceImpl.addNewEmployee(EmployeeServiceImpl.java:18)
	at com.EmployeeManagement.Service.EmployeeServiceImpl.addNewEmployee(EmployeeServiceImpl.java:18)
	at com.EmployeeManagement.Service.EmployeeServiceImpl.addNewEmployee(EmployeeServiceImpl.java:18)
	at com.EmployeeManagement.Service.EmployeeServiceImpl.addNewEmployee(EmployeeServiceImpl.java:18)
	at com.EmployeeManagement.Service.EmployeeServiceImpl.addNewEmployee(EmployeeServiceImpl.java:18)
	at com.EmployeeManagement.Service.EmployeeServiceImpl.addNewEmployee(EmployeeServiceImpl.java:18)
	at com.EmployeeManagement.Service.EmployeeServiceImpl.addNewEmployee(EmployeeServiceImpl.java:18)
	at com.EmployeeManagement.Service.EmployeeServiceImpl.addNewEmployee(EmployeeServiceImpl.java:18)
	at com.EmployeeManagement.Service.EmployeeServiceImpl.addNewEmployee(EmployeeServiceImpl.java:18)
	at com.EmployeeManagement.Service.EmployeeServiceImpl.addNewEmployee(EmployeeServiceImpl.java:18)
	at com.EmployeeManagement.Service.EmployeeServiceImpl.addNewEmployee(EmployeeServiceImpl.java:18)
	at com.EmployeeManagement.Service.EmployeeServiceImpl.addNewEmployee(EmployeeServiceImpl.java:18)
	at com.EmployeeManagement.Service.EmployeeServiceImpl.addNewEmployee(EmployeeServiceImpl.java:18)
	at com.EmployeeManagement.Service.EmployeeServiceImpl.addNewEmployee(EmployeeServiceImpl.java:18)
	at com.EmployeeManagement.Service.EmployeeServiceImpl.addNewEmployee(EmployeeServiceImpl.java:18)
	at com.EmployeeManagement.Service.EmployeeServiceImpl.addNewEmployee(EmployeeServiceImpl.java:18)
	at com.EmployeeManagement.Service.EmployeeServiceImpl.addNewEmployee(EmployeeServiceImpl.java:18)
	at com.EmployeeManagement.Service.EmployeeServiceImpl.addNewEmployee(EmployeeServiceImpl.java:18)
	at com.EmployeeManagement.Service.EmployeeServiceImpl.addNewEmployee(EmployeeServiceImpl.java:18)
	at com.EmployeeManagement.Service.EmployeeServiceImpl.addNewEmployee(EmployeeServiceImpl.java:18)
	at com.EmployeeManagement.Service.EmployeeServiceImpl.addNewEmployee(EmployeeServiceImpl.java:18)
	at com.EmployeeManagement.Service.EmployeeServiceImpl.addNewEmployee(EmployeeServiceImpl.java:18)
	at com.EmployeeManagement.Service.EmployeeServiceImpl.addNewEmployee(EmployeeServiceImpl.java:18)
	at com.EmployeeManagement.Service.EmployeeServiceImpl.addNewEmployee(EmployeeServiceImpl.java:18)
	at com.EmployeeManagement.Service.EmployeeServiceImpl.addNewEmployee(EmployeeServiceImpl.java:18)
	at com.EmployeeManagement.Service.EmployeeServiceImpl.addNewEmployee(EmployeeServiceImpl.java:18)
	at com.EmployeeManagement.Service.EmployeeServiceImpl.addNewEmployee(EmployeeServiceImpl.java:18)
	at com.EmployeeManagement.Service.EmployeeServiceImpl.addNewEmployee(EmployeeServiceImpl.java:18)
	at com.EmployeeManagement.Service.EmployeeServiceImpl.addNewEmployee(EmployeeServiceImpl.java:18)
	at com.EmployeeManagement.Service.EmployeeServiceImpl.addNewEmployee(EmployeeServiceImpl.java:18)
	at com.EmployeeManagement.Service.EmployeeServiceImpl.addNewEmployee(EmployeeServiceImpl.java:18)
	at com.EmployeeManagement.Service.EmployeeServiceImpl.addNewEmployee(EmployeeServiceImpl.java:18)
	at com.EmployeeManagement.Service.EmployeeServiceImpl.addNewEmployee(EmployeeServiceImpl.java:18)
	at com.EmployeeManagement.Service.EmployeeServiceImpl.addNewEmployee(EmployeeServiceImpl.java:18)
	at com.EmployeeManagement.Service.EmployeeServiceImpl.addNewEmployee(EmployeeServiceImpl.java:18)
	at com.EmployeeManagement.Service.EmployeeServiceImpl.addNewEmployee(EmployeeServiceImpl.java:18)
	at com.EmployeeManagement.Service.EmployeeServiceImpl.addNewEmployee(EmployeeServiceImpl.java:18)
	at com.EmployeeManagement.Service.EmployeeServiceImpl.addNewEmployee(EmployeeServiceImpl.java:18)
	at com.EmployeeManagement.Service.EmployeeServiceImpl.addNewEmployee(EmployeeServiceImpl.java:18)
	at com.EmployeeManagement.Service.EmployeeServiceImpl.addNewEmployee(EmployeeServiceImpl.java:18)
	at com.EmployeeManagement.Service.EmployeeServiceImpl.addNewEmployee(EmployeeServiceImpl.java:18)
	at com.EmployeeManagement.Service.EmployeeServiceImpl.addNewEmployee(EmployeeServiceImpl.java:18)
	at com.EmployeeManagement.Service.EmployeeServiceImpl.addNewEmployee(EmployeeServiceImpl.java:18)
	at com.EmployeeManagement.Service.EmployeeServiceImpl.addNewEmployee(EmployeeServiceImpl.java:18)
	at com.EmployeeManagement.Service.EmployeeServiceImpl.addNewEmployee(EmployeeServiceImpl.java:18)
	at com.EmployeeManagement.Service.EmployeeServiceImpl.addNewEmployee(EmployeeServiceImpl.java:18)
	at com.EmployeeManagement.Service.EmployeeServiceImpl.addNewEmployee(EmployeeServiceImpl.java:18)
	at com.EmployeeManagement.Service.EmployeeServiceImpl.addNewEmployee(EmployeeServiceImpl.java:18)
	at com.EmployeeManagement.Service.EmployeeServiceImpl.addNewEmployee(EmployeeServiceImpl.java:18)
	at com.EmployeeManagement.Service.EmployeeServiceImpl.addNewEmployee(EmployeeServiceImpl.java:18)
	at com.EmployeeManagement.Service.EmployeeServiceImpl.addNewEmployee(EmployeeServiceImpl.java:18)
	at com.EmployeeManagement.Service.EmployeeServiceImpl.addNewEmployee(EmployeeServiceImpl.java:18)
	at com.EmployeeManagement.Service.EmployeeServiceImpl.addNewEmployee(EmployeeServiceImpl.java:18)
	at com.EmployeeManagement.Service.EmployeeServiceImpl.addNewEmployee(EmployeeServiceImpl.java:18)
	at com.EmployeeManagement.Service.EmployeeServiceImpl.addNewEmployee(EmployeeServiceImpl.java:18)
	at com.EmployeeManagement.Service.EmployeeServiceImpl.addNewEmployee(EmployeeServiceImpl.java:18)
	at com.EmployeeManagement.Service.EmployeeServiceImpl.addNewEmployee(EmployeeServiceImpl.java:18)
	at com.EmployeeManagement.Service.EmployeeServiceImpl.addNewEmployee(EmployeeServiceImpl.java:18)
	at com.EmployeeManagement.Service.EmployeeServiceImpl.addNewEmployee(EmployeeServiceImpl.java:18)
	at com.EmployeeManagement.Service.EmployeeServiceImpl.addNewEmployee(EmployeeServiceImpl.java:18)
	at com.EmployeeManagement.Service.EmployeeServiceImpl.addNewEmployee(EmployeeServiceImpl.java:18)
	at com.EmployeeManagement.Service.EmployeeServiceImpl.addNewEmployee(EmployeeServiceImpl.java:18)
	at com.EmployeeManagement.Service.EmployeeServiceImpl.addNewEmployee(EmployeeServiceImpl.java:18)
	at com.EmployeeManagement.Service.EmployeeServiceImpl.addNewEmployee(EmployeeServiceImpl.java:18)
	at com.EmployeeManagement.Service.EmployeeServiceImpl.addNewEmployee(EmployeeServiceImpl.java:18)
	at com.EmployeeManagement.Service.EmployeeServiceImpl.addNewEmployee(EmployeeServiceImpl.java:18)
	at com.EmployeeManagement.Service.EmployeeServiceImpl.addNewEmployee(EmployeeServiceImpl.java:18)
	at com.EmployeeManagement.Service.EmployeeServiceImpl.addNewEmployee(EmployeeServiceImpl.java:18)
	at com.EmployeeManagement.Service.EmployeeServiceImpl.addNewEmployee(EmployeeServiceImpl.java:18)
	at com.EmployeeManagement.Service.EmployeeServiceImpl.addNewEmployee(EmployeeServiceImpl.java:18)
	at com.EmployeeManagement.Service.EmployeeServiceImpl.addNewEmployee(EmployeeServiceImpl.java:18)
	at com.EmployeeManagement.Service.EmployeeServiceImpl.addNewEmployee(EmployeeServiceImpl.java:18)
	at com.EmployeeManagement.Service.EmployeeServiceImpl.addNewEmployee(EmployeeServiceImpl.java:18)
	at com.EmployeeManagement.Service.EmployeeServiceImpl.addNewEmployee(EmployeeServiceImpl.java:18)
	at com.EmployeeManagement.Service.EmployeeServiceImpl.addNewEmployee(EmployeeServiceImpl.java:18)
	at com.EmployeeManagement.Service.EmployeeServiceImpl.addNewEmployee(EmployeeServiceImpl.java:18)
	at com.EmployeeManagement.Service.EmployeeServiceImpl.addNewEmployee(EmployeeServiceImpl.java:18)
	at com.EmployeeManagement.Service.EmployeeServiceImpl.addNewEmployee(EmployeeServiceImpl.java:18)
	at com.EmployeeManagement.Service.EmployeeServiceImpl.addNewEmployee(EmployeeServiceImpl.java:18)
	at com.EmployeeManagement.Service.EmployeeServiceImpl.addNewEmployee(EmployeeServiceImpl.java:18)
	at com.EmployeeManagement.Service.EmployeeServiceImpl.addNewEmployee(EmployeeServiceImpl.java:18)
	at com.EmployeeManagement.Service.EmployeeServiceImpl.addNewEmployee(EmployeeServiceImpl.java:18)
	at com.EmployeeManagement.Service.EmployeeServiceImpl.addNewEmployee(EmployeeServiceImpl.java:18)
	at com.EmployeeManagement.Service.EmployeeServiceImpl.addNewEmployee(EmployeeServiceImpl.java:18)
	at com.EmployeeManagement.Service.EmployeeServiceImpl.addNewEmployee(EmployeeServiceImpl.java:18)
	at com.EmployeeManagement.Service.EmployeeServiceImpl.addNewEmployee(EmployeeServiceImpl.java:18)
	at com.EmployeeManagement.Service.EmployeeServiceImpl.addNewEmployee(EmployeeServiceImpl.java:18)
	at com.EmployeeManagement.Service.EmployeeServiceImpl.addNewEmployee(EmployeeServiceImpl.java:18)
	at com.EmployeeManagement.Service.EmployeeServiceImpl.addNewEmployee(EmployeeServiceImpl.java:18)
	at com.EmployeeManagement.Service.EmployeeServiceImpl.addNewEmployee(EmployeeServiceImpl.java:18)
	at com.EmployeeManagement.Service.EmployeeServiceImpl.addNewEmployee(EmployeeServiceImpl.java:18)
	at com.EmployeeManagement.Service.EmployeeServiceImpl.addNewEmployee(EmployeeServiceImpl.java:18)
	at com.EmployeeManagement.Service.EmployeeServiceImpl.addNewEmployee(EmployeeServiceImpl.java:18)
	at com.EmployeeManagement.Service.EmployeeServiceImpl.addNewEmployee(EmployeeServiceImpl.java:18)
	at com.EmployeeManagement.Service.EmployeeServiceImpl.addNewEmployee(EmployeeServiceImpl.java:18)
	at com.EmployeeManagement.Service.EmployeeServiceImpl.addNewEmployee(EmployeeServiceImpl.java:18)
	at com.EmployeeManagement.Service.EmployeeServiceImpl.addNewEmployee(EmployeeServiceImpl.java:18)
	at com.EmployeeManagement.Service.EmployeeServiceImpl.addNewEmployee(EmployeeServiceImpl.java:18)
	at com.EmployeeManagement.Service.EmployeeServiceImpl.addNewEmployee(EmployeeServiceImpl.java:18)
	at com.EmployeeManagement.Service.EmployeeServiceImpl.addNewEmployee(EmployeeServiceImpl.java:18)
	at com.EmployeeManagement.Service.EmployeeServiceImpl.addNewEmployee(EmployeeServiceImpl.java:18)
	at com.EmployeeManagement.Service.EmployeeServiceImpl.addNewEmployee(EmployeeServiceImpl.java:18)
	at com.EmployeeManagement.Service.EmployeeServiceImpl.addNewEmployee(EmployeeServiceImpl.java:18)
	at com.EmployeeManagement.Service.EmployeeServiceImpl.addNewEmployee(EmployeeServiceImpl.java:18)
	at com.EmployeeManagement.Service.EmployeeServiceImpl.addNewEmployee(EmployeeServiceImpl.java:18)
	at com.EmployeeManagement.Service.EmployeeServiceImpl.addNewEmployee(EmployeeServiceImpl.java:18)
	at com.EmployeeManagement.Service.EmployeeServiceImpl.addNewEmployee(EmployeeServiceImpl.java:18)
	at com.EmployeeManagement.Service.EmployeeServiceImpl.addNewEmployee(EmployeeServiceImpl.java:18)
	at com.EmployeeManagement.Service.EmployeeServiceImpl.addNewEmployee(EmployeeServiceImpl.java:18)
	at com.EmployeeManagement.Service.EmployeeServiceImpl.addNewEmployee(EmployeeServiceImpl.java:18)
	at com.EmployeeManagement.Service.EmployeeServiceImpl.addNewEmployee(EmployeeServiceImpl.java:18)
	at com.EmployeeManagement.Service.EmployeeServiceImpl.addNewEmployee(EmployeeServiceImpl.java:18)
	at com.EmployeeManagement.Service.EmployeeServiceImpl.addNewEmployee(EmployeeServiceImpl.java:18)
	at com.EmployeeManagement.Service.EmployeeServiceImpl.addNewEmployee(EmployeeServiceImpl.java:18)
	at com.EmployeeManagement.Service.EmployeeServiceImpl.addNewEmployee(EmployeeServiceImpl.java:18)
	at com.EmployeeManagement.Service.EmployeeServiceImpl.addNewEmployee(EmployeeServiceImpl.java:18)
	at com.EmployeeManagement.Service.EmployeeServiceImpl.addNewEmployee(EmployeeServiceImpl.java:18)
	at com.EmployeeManagement.Service.EmployeeServiceImpl.addNewEmployee(EmployeeServiceImpl.java:18)
	at com.EmployeeManagement.Service.EmployeeServiceImpl.addNewEmployee(EmployeeServiceImpl.java:18)
	at com.EmployeeManagement.Service.EmployeeServiceImpl.addNewEmployee(EmployeeServiceImpl.java:18)
	at com.EmployeeManagement.Service.EmployeeServiceImpl.addNewEmployee(EmployeeServiceImpl.java:18)
	at com.EmployeeManagement.Service.EmployeeServiceImpl.addNewEmployee(EmployeeServiceImpl.java:18)
	at com.EmployeeManagement.Service.EmployeeServiceImpl.addNewEmployee(EmployeeServiceImpl.java:18)
	at com.EmployeeManagement.Service.EmployeeServiceImpl.addNewEmployee(EmployeeServiceImpl.java:18)
	at com.EmployeeManagement.Service.EmployeeServiceImpl.addNewEmployee(EmployeeServiceImpl.java:18)
	at com.EmployeeManagement.Service.EmployeeServiceImpl.addNewEmployee(EmployeeServiceImpl.java:18)
	at com.EmployeeManagement.Service.EmployeeServiceImpl.addNewEmployee(EmployeeServiceImpl.java:18)
	at com.EmployeeManagement.Service.EmployeeServiceImpl.addNewEmployee(EmployeeServiceImpl.java:18)
	at com.EmployeeManagement.Service.EmployeeServiceImpl.addNewEmployee(EmployeeServiceImpl.java:18)
	at com.EmployeeManagement.Service.EmployeeServiceImpl.addNewEmployee(EmployeeServiceImpl.java:18)
	at com.EmployeeManagement.Service.EmployeeServiceImpl.addNewEmployee(EmployeeServiceImpl.java:18)
	at com.EmployeeManagement.Service.EmployeeServiceImpl.addNewEmployee(EmployeeServiceImpl.java:18)
	at com.EmployeeManagement.Service.EmployeeServiceImpl.addNewEmployee(EmployeeServiceImpl.java:18)
	at com.EmployeeManagement.Service.EmployeeServiceImpl.addNewEmployee(EmployeeServiceImpl.java:18)
	at com.EmployeeManagement.Service.EmployeeServiceImpl.addNewEmployee(EmployeeServiceImpl.java:18)
	at com.EmployeeManagement.Service.EmployeeServiceImpl.addNewEmployee(EmployeeServiceImpl.java:18)
	at com.EmployeeManagement.Service.EmployeeServiceImpl.addNewEmployee(EmployeeServiceImpl.java:18)
	at com.EmployeeManagement.Service.EmployeeServiceImpl.addNewEmployee(EmployeeServiceImpl.java:18)
	at com.EmployeeManagement.Service.EmployeeServiceImpl.addNewEmployee(EmployeeServiceImpl.java:18)
	at com.EmployeeManagement.Service.EmployeeServiceImpl.addNewEmployee(EmployeeServiceImpl.java:18)
	at com.EmployeeManagement.Service.EmployeeServiceImpl.addNewEmployee(EmployeeServiceImpl.java:18)
	at com.EmployeeManagement.Service.EmployeeServiceImpl.addNewEmployee(EmployeeServiceImpl.java:18)
	at com.EmployeeManagement.Service.EmployeeServiceImpl.addNewEmployee(EmployeeServiceImpl.java:18)
	at com.EmployeeManagement.Service.EmployeeServiceImpl.addNewEmployee(EmployeeServiceImpl.java:18)
	at com.EmployeeManagement.Service.EmployeeServiceImpl.addNewEmployee(EmployeeServiceImpl.java:18)
	at com.EmployeeManagement.Service.EmployeeServiceImpl.addNewEmployee(EmployeeServiceImpl.java:18)
	at com.EmployeeManagement.Service.EmployeeServiceImpl.addNewEmployee(EmployeeServiceImpl.java:18)
	at com.EmployeeManagement.Service.EmployeeServiceImpl.addNewEmployee(EmployeeServiceImpl.java:18)
	at com.EmployeeManagement.Service.EmployeeServiceImpl.addNewEmployee(EmployeeServiceImpl.java:18)
	at com.EmployeeManagement.Service.EmployeeServiceImpl.addNewEmployee(EmployeeServiceImpl.java:18)
	at com.EmployeeManagement.Service.EmployeeServiceImpl.addNewEmployee(EmployeeServiceImpl.java:18)
	at com.EmployeeManagement.Service.EmployeeServiceImpl.addNewEmployee(EmployeeServiceImpl.java:18)
	at com.EmployeeManagement.Service.EmployeeServiceImpl.addNewEmployee(EmployeeServiceImpl.java:18)
	at com.EmployeeManagement.Service.EmployeeServiceImpl.addNewEmployee(EmployeeServiceImpl.java:18)
	at com.EmployeeManagement.Service.EmployeeServiceImpl.addNewEmployee(EmployeeServiceImpl.java:18)
	at com.EmployeeManagement.Service.EmployeeServiceImpl.addNewEmployee(EmployeeServiceImpl.java:18)
	at com.EmployeeManagement.Service.EmployeeServiceImpl.addNewEmployee(EmployeeServiceImpl.java:18)
	at com.EmployeeManagement.Service.EmployeeServiceImpl.addNewEmployee(EmployeeServiceImpl.java:18)
	at com.EmployeeManagement.Service.EmployeeServiceImpl.addNewEmployee(EmployeeServiceImpl.java:18)
	at com.EmployeeManagement.Service.EmployeeServiceImpl.addNewEmployee(EmployeeServiceImpl.java:18)
	at com.EmployeeManagement.Service.EmployeeServiceImpl.addNewEmployee(EmployeeServiceImpl.java:18)
	at com.EmployeeManagement.Service.EmployeeServiceImpl.addNewEmployee(EmployeeServiceImpl.java:18)
	at com.EmployeeManagement.Service.EmployeeServiceImpl.addNewEmployee(EmployeeServiceImpl.java:18)
	at com.EmployeeManagement.Service.EmployeeServiceImpl.addNewEmployee(EmployeeServiceImpl.java:18)
	at com.EmployeeManagement.Service.EmployeeServiceImpl.addNewEmployee(EmployeeServiceImpl.java:18)
	at com.EmployeeManagement.Service.EmployeeServiceImpl.addNewEmployee(EmployeeServiceImpl.java:18)
	at com.EmployeeManagement.Service.EmployeeServiceImpl.addNewEmployee(EmployeeServiceImpl.java:18)
	at com.EmployeeManagement.Service.EmployeeServiceImpl.addNewEmployee(EmployeeServiceImpl.java:18)
	at com.EmployeeManagement.Service.EmployeeServiceImpl.addNewEmployee(EmployeeServiceImpl.java:18)
	at com.EmployeeManagement.Service.EmployeeServiceImpl.addNewEmployee(EmployeeServiceImpl.java:18)
	at com.EmployeeManagement.Service.EmployeeServiceImpl.addNewEmployee(EmployeeServiceImpl.java:18)
	at com.EmployeeManagement.Service.EmployeeServiceImpl.addNewEmployee(EmployeeServiceImpl.java:18)
	at com.EmployeeManagement.Service.EmployeeServiceImpl.addNewEmployee(EmployeeServiceImpl.java:18)
	at com.EmployeeManagement.Service.EmployeeServiceImpl.addNewEmployee(EmployeeServiceImpl.java:18)
	at com.EmployeeManagement.Service.EmployeeServiceImpl.addNewEmployee(EmployeeServiceImpl.java:18)
	at com.EmployeeManagement.Service.EmployeeServiceImpl.addNewEmployee(EmployeeServiceImpl.java:18)
	at com.EmployeeManagement.Service.EmployeeServiceImpl.addNewEmployee(EmployeeServiceImpl.java:18)
	at com.EmployeeManagement.Service.EmployeeServiceImpl.addNewEmployee(EmployeeServiceImpl.java:18)
	at com.EmployeeManagement.Service.EmployeeServiceImpl.addNewEmployee(EmployeeServiceImpl.java:18)
	at com.EmployeeManagement.Service.EmployeeServiceImpl.addNewEmployee(EmployeeServiceImpl.java:18)
	at com.EmployeeManagement.Service.EmployeeServiceImpl.addNewEmployee(EmployeeServiceImpl.java:18)
	at com.EmployeeManagement.Service.EmployeeServiceImpl.addNewEmployee(EmployeeServiceImpl.java:18)
	at com.EmployeeManagement.Service.EmployeeServiceImpl.addNewEmployee(EmployeeServiceImpl.java:18)
	at com.EmployeeManagement.Service.EmployeeServiceImpl.addNewEmployee(EmployeeServiceImpl.java:18)
	at com.EmployeeManagement.Service.EmployeeServiceImpl.addNewEmployee(EmployeeServiceImpl.java:18)
	at com.EmployeeManagement.Service.EmployeeServiceImpl.addNewEmployee(EmployeeServiceImpl.java:18)
	at com.EmployeeManagement.Service.EmployeeServiceImpl.addNewEmployee(EmployeeServiceImpl.java:18)
	at com.EmployeeManagement.Service.EmployeeServiceImpl.addNewEmployee(EmployeeServiceImpl.java:18)
	at com.EmployeeManagement.Service.EmployeeServiceImpl.addNewEmployee(EmployeeServiceImpl.java:18)
	at com.EmployeeManagement.Service.EmployeeServiceImpl.addNewEmployee(EmployeeServiceImpl.java:18)
	at com.EmployeeManagement.Service.EmployeeServiceImpl.addNewEmployee(EmployeeServiceImpl.java:18)
	at com.EmployeeManagement.Service.EmployeeServiceImpl.addNewEmployee(EmployeeServiceImpl.java:18)
	at com.EmployeeManagement.Service.EmployeeServiceImpl.addNewEmployee(EmployeeServiceImpl.java:18)
	at com.EmployeeManagement.Service.EmployeeServiceImpl.addNewEmployee(EmployeeServiceImpl.java:18)
	at com.EmployeeManagement.Service.EmployeeServiceImpl.addNewEmployee(EmployeeServiceImpl.java:18)
	at com.EmployeeManagement.Service.EmployeeServiceImpl.addNewEmployee(EmployeeServiceImpl.java:18)
	at com.EmployeeManagement.Service.EmployeeServiceImpl.addNewEmployee(EmployeeServiceImpl.java:18)
	at com.EmployeeManagement.Service.EmployeeServiceImpl.addNewEmployee(EmployeeServiceImpl.java:18)
	at com.EmployeeManagement.Service.EmployeeServiceImpl.addNewEmployee(EmployeeServiceImpl.java:18)
	at com.EmployeeManagement.Service.EmployeeServiceImpl.addNewEmployee(EmployeeServiceImpl.java:18)
	at com.EmployeeManagement.Service.EmployeeServiceImpl.addNewEmployee(EmployeeServiceImpl.java:18)
	at com.EmployeeManagement.Service.EmployeeServiceImpl.addNewEmployee(EmployeeServiceImpl.java:18)
	at com.EmployeeManagement.Service.EmployeeServiceImpl.addNewEmployee(EmployeeServiceImpl.java:18)
	at com.EmployeeManagement.Service.EmployeeServiceImpl.addNewEmployee(EmployeeServiceImpl.java:18)
	at com.EmployeeManagement.Service.EmployeeServiceImpl.addNewEmployee(EmployeeServiceImpl.java:18)
	at com.EmployeeManagement.Service.EmployeeServiceImpl.addNewEmployee(EmployeeServiceImpl.java:18)
	at com.EmployeeManagement.Service.EmployeeServiceImpl.addNewEmployee(EmployeeServiceImpl.java:18)
	at com.EmployeeManagement.Service.EmployeeServiceImpl.addNewEmployee(EmployeeServiceImpl.java:18)
	at com.EmployeeManagement.Service.EmployeeServiceImpl.addNewEmployee(EmployeeServiceImpl.java:18)
	at com.EmployeeManagement.Service.EmployeeServiceImpl.addNewEmployee(EmployeeServiceImpl.java:18)
	at com.EmployeeManagement.Service.EmployeeServiceImpl.addNewEmployee(EmployeeServiceImpl.java:18)
	at com.EmployeeManagement.Service.EmployeeServiceImpl.addNewEmployee(EmployeeServiceImpl.java:18)
	at com.EmployeeManagement.Service.EmployeeServiceImpl.addNewEmployee(EmployeeServiceImpl.java:18)
	at com.EmployeeManagement.Service.EmployeeServiceImpl.addNewEmployee(EmployeeServiceImpl.java:18)
	at com.EmployeeManagement.Service.EmployeeServiceImpl.addNewEmployee(EmployeeServiceImpl.java:18)
	at com.EmployeeManagement.Service.EmployeeServiceImpl.addNewEmployee(EmployeeServiceImpl.java:18)
	at com.EmployeeManagement.Service.EmployeeServiceImpl.addNewEmployee(EmployeeServiceImpl.java:18)
	at com.EmployeeManagement.Service.EmployeeServiceImpl.addNewEmployee(EmployeeServiceImpl.java:18)
	at com.EmployeeManagement.Service.EmployeeServiceImpl.addNewEmployee(EmployeeServiceImpl.java:18)
	at com.EmployeeManagement.Service.EmployeeServiceImpl.addNewEmployee(EmployeeServiceImpl.java:18)
	at com.EmployeeManagement.Service.EmployeeServiceImpl.addNewEmployee(EmployeeServiceImpl.java:18)
	at com.EmployeeManagement.Service.EmployeeServiceImpl.addNewEmployee(EmployeeServiceImpl.java:18)
	at com.EmployeeManagement.Service.EmployeeServiceImpl.addNewEmployee(EmployeeServiceImpl.java:18)
	at com.EmployeeManagement.Service.EmployeeServiceImpl.addNewEmployee(EmployeeServiceImpl.java:18)
	at com.EmployeeManagement.Service.EmployeeServiceImpl.addNewEmployee(EmployeeServiceImpl.java:18)
	at com.EmployeeManagement.Service.EmployeeServiceImpl.addNewEmployee(EmployeeServiceImpl.java:18)
	at com.EmployeeManagement.Service.EmployeeServiceImpl.addNewEmployee(EmployeeServiceImpl.java:18)
	at com.EmployeeManagement.Service.EmployeeServiceImpl.addNewEmployee(EmployeeServiceImpl.java:18)
	at com.EmployeeManagement.Service.EmployeeServiceImpl.addNewEmployee(EmployeeServiceImpl.java:18)
	at com.EmployeeManagement.Service.EmployeeServiceImpl.addNewEmployee(EmployeeServiceImpl.java:18)
	at com.EmployeeManagement.Service.EmployeeServiceImpl.addNewEmployee(EmployeeServiceImpl.java:18)
	at com.EmployeeManagement.Service.EmployeeServiceImpl.addNewEmployee(EmployeeServiceImpl.java:18)
	at com.EmployeeManagement.Service.EmployeeServiceImpl.addNewEmployee(EmployeeServiceImpl.java:18)
	at com.EmployeeManagement.Service.EmployeeServiceImpl.addNewEmployee(EmployeeServiceImpl.java:18)
	at com.EmployeeManagement.Service.EmployeeServiceImpl.addNewEmployee(EmployeeServiceImpl.java:18)
	at com.EmployeeManagement.Service.EmployeeServiceImpl.addNewEmployee(EmployeeServiceImpl.java:18)
	at com.EmployeeManagement.Service.EmployeeServiceImpl.addNewEmployee(EmployeeServiceImpl.java:18)
	at com.EmployeeManagement.Service.EmployeeServiceImpl.addNewEmployee(EmployeeServiceImpl.java:18)
	at com.EmployeeManagement.Service.EmployeeServiceImpl.addNewEmployee(EmployeeServiceImpl.java:18)
	at com.EmployeeManagement.Service.EmployeeServiceImpl.addNewEmployee(EmployeeServiceImpl.java:18)
	at com.EmployeeManagement.Service.EmployeeServiceImpl.addNewEmployee(EmployeeServiceImpl.java:18)
	at com.EmployeeManagement.Service.EmployeeServiceImpl.addNewEmployee(EmployeeServiceImpl.java:18)
	at com.EmployeeManagement.Service.EmployeeServiceImpl.addNewEmployee(EmployeeServiceImpl.java:18)
	at com.EmployeeManagement.Service.EmployeeServiceImpl.addNewEmployee(EmployeeServiceImpl.java:18)
	at com.EmployeeManagement.Service.EmployeeServiceImpl.addNewEmployee(EmployeeServiceImpl.java:18)
	at com.EmployeeManagement.Service.EmployeeServiceImpl.addNewEmployee(EmployeeServiceImpl.java:18)
	at com.EmployeeManagement.Service.EmployeeServiceImpl.addNewEmployee(EmployeeServiceImpl.java:18)
	at com.EmployeeManagement.Service.EmployeeServiceImpl.addNewEmployee(EmployeeServiceImpl.java:18)
	at com.EmployeeManagement.Service.EmployeeServiceImpl.addNewEmployee(EmployeeServiceImpl.java:18)
	at com.EmployeeManagement.Service.EmployeeServiceImpl.addNewEmployee(EmployeeServiceImpl.java:18)
	at com.EmployeeManagement.Service.EmployeeServiceImpl.addNewEmployee(EmployeeServiceImpl.java:18)
	at com.EmployeeManagement.Service.EmployeeServiceImpl.addNewEmployee(EmployeeServiceImpl.java:18)
	at com.EmployeeManagement.Service.EmployeeServiceImpl.addNewEmployee(EmployeeServiceImpl.java:18)
	at com.EmployeeManagement.Service.EmployeeServiceImpl.addNewEmployee(EmployeeServiceImpl.java:18)
	at com.EmployeeManagement.Service.EmployeeServiceImpl.addNewEmployee(EmployeeServiceImpl.java:18)
	at com.EmployeeManagement.Service.EmployeeServiceImpl.addNewEmployee(EmployeeServiceImpl.java:18)
	at com.EmployeeManagement.Service.EmployeeServiceImpl.addNewEmployee(EmployeeServiceImpl.java:18)
	at com.EmployeeManagement.Service.EmployeeServiceImpl.addNewEmployee(EmployeeServiceImpl.java:18)
	at com.EmployeeManagement.Service.EmployeeServiceImpl.addNewEmployee(EmployeeServiceImpl.java:18)
	at com.EmployeeManagement.Service.EmployeeServiceImpl.addNewEmployee(EmployeeServiceImpl.java:18)
	at com.EmployeeManagement.Service.EmployeeServiceImpl.addNewEmployee(EmployeeServiceImpl.java:18)
	at com.EmployeeManagement.Service.EmployeeServiceImpl.addNewEmployee(EmployeeServiceImpl.java:18)
	at com.EmployeeManagement.Service.EmployeeServiceImpl.addNewEmployee(EmployeeServiceImpl.java:18)
	at com.EmployeeManagement.Service.EmployeeServiceImpl.addNewEmployee(EmployeeServiceImpl.java:18)
	at com.EmployeeManagement.Service.EmployeeServiceImpl.addNewEmployee(EmployeeServiceImpl.java:18)
	at com.EmployeeManagement.Service.EmployeeServiceImpl.addNewEmployee(EmployeeServiceImpl.java:18)
	at com.EmployeeManagement.Service.EmployeeServiceImpl.addNewEmployee(EmployeeServiceImpl.java:18)
	at com.EmployeeManagement.Service.EmployeeServiceImpl.addNewEmployee(EmployeeServiceImpl.java:18)
	at com.EmployeeManagement.Service.EmployeeServiceImpl.addNewEmployee(EmployeeServiceImpl.java:18)
	at com.EmployeeManagement.Service.EmployeeServiceImpl.addNewEmployee(EmployeeServiceImpl.java:18)
	at com.EmployeeManagement.Service.EmployeeServiceImpl.addNewEmployee(EmployeeServiceImpl.java:18)
	at com.EmployeeManagement.Service.EmployeeServiceImpl.addNewEmployee(EmployeeServiceImpl.java:18)
	at com.EmployeeManagement.Service.EmployeeServiceImpl.addNewEmployee(EmployeeServiceImpl.java:18)
	at com.EmployeeManagement.Service.EmployeeServiceImpl.addNewEmployee(EmployeeServiceImpl.java:18)
	at com.EmployeeManagement.Service.EmployeeServiceImpl.addNewEmployee(EmployeeServiceImpl.java:18)
	at com.EmployeeManagement.Service.EmployeeServiceImpl.addNewEmployee(EmployeeServiceImpl.java:18)
	at com.EmployeeManagement.Service.EmployeeServiceImpl.addNewEmployee(EmployeeServiceImpl.java:18)
	at com.EmployeeManagement.Service.EmployeeServiceImpl.addNewEmployee(EmployeeServiceImpl.java:18)
	at com.EmployeeManagement.Service.EmployeeServiceImpl.addNewEmployee(EmployeeServiceImpl.java:18)
	at com.EmployeeManagement.Service.EmployeeServiceImpl.addNewEmployee(EmployeeServiceImpl.java:18)
	at com.EmployeeManagement.Service.EmployeeServiceImpl.addNewEmployee(EmployeeServiceImpl.java:18)
	at com.EmployeeManagement.Service.EmployeeServiceImpl.addNewEmployee(EmployeeServiceImpl.java:18)
	at com.EmployeeManagement.Service.EmployeeServiceImpl.addNewEmployee(EmployeeServiceImpl.java:18)
	at com.EmployeeManagement.Service.EmployeeServiceImpl.addNewEmployee(EmployeeServiceImpl.java:18)
	at com.EmployeeManagement.Service.EmployeeServiceImpl.addNewEmployee(EmployeeServiceImpl.java:18)
	at com.EmployeeManagement.Service.EmployeeServiceImpl.addNewEmployee(EmployeeServiceImpl.java:18)
	at com.EmployeeManagement.Service.EmployeeServiceImpl.addNewEmployee(EmployeeServiceImpl.java:18)
	at com.EmployeeManagement.Service.EmployeeServiceImpl.addNewEmployee(EmployeeServiceImpl.java:18)
	at com.EmployeeManagement.Service.EmployeeServiceImpl.addNewEmployee(EmployeeServiceImpl.java:18)
	at com.EmployeeManagement.Service.EmployeeServiceImpl.addNewEmployee(EmployeeServiceImpl.java:18)
	at com.EmployeeManagement.Service.EmployeeServiceImpl.addNewEmployee(EmployeeServiceImpl.java:18)
	at com.EmployeeManagement.Service.EmployeeServiceImpl.addNewEmployee(EmployeeServiceImpl.java:18)
	at com.EmployeeManagement.Service.EmployeeServiceImpl.addNewEmployee(EmployeeServiceImpl.java:18)
	at com.EmployeeManagement.Service.EmployeeServiceImpl.addNewEmployee(EmployeeServiceImpl.java:18)
	at com.EmployeeManagement.Service.EmployeeServiceImpl.addNewEmployee(EmployeeServiceImpl.java:18)
	at com.EmployeeManagement.Service.EmployeeServiceImpl.addNewEmployee(EmployeeServiceImpl.java:18)
	at com.EmployeeManagement.Service.EmployeeServiceImpl.addNewEmployee(EmployeeServiceImpl.java:18)
	at com.EmployeeManagement.Service.EmployeeServiceImpl.addNewEmployee(EmployeeServiceImpl.java:18)
	at com.EmployeeManagement.Service.EmployeeServiceImpl.addNewEmployee(EmployeeServiceImpl.java:18)
	at com.EmployeeManagement.Service.EmployeeServiceImpl.addNewEmployee(EmployeeServiceImpl.java:18)
	at com.EmployeeManagement.Service.EmployeeServiceImpl.addNewEmployee(EmployeeServiceImpl.java:18)
	at com.EmployeeManagement.Service.EmployeeServiceImpl.addNewEmployee(EmployeeServiceImpl.java:18)
	at com.EmployeeManagement.Service.EmployeeServiceImpl.addNewEmployee(EmployeeServiceImpl.java:18)
	at com.EmployeeManagement.Service.EmployeeServiceImpl.addNewEmployee(EmployeeServiceImpl.java:18)
	at com.EmployeeManagement.Service.EmployeeServiceImpl.addNewEmployee(EmployeeServiceImpl.java:18)
	at com.EmployeeManagement.Service.EmployeeServiceImpl.addNewEmployee(EmployeeServiceImpl.java:18)
	at com.EmployeeManagement.Service.EmployeeServiceImpl.addNewEmployee(EmployeeServiceImpl.java:18)
	at com.EmployeeManagement.Service.EmployeeServiceImpl.addNewEmployee(EmployeeServiceImpl.java:18)
	at com.EmployeeManagement.Service.EmployeeServiceImpl.addNewEmployee(EmployeeServiceImpl.java:18)
	at com.EmployeeManagement.Service.EmployeeServiceImpl.addNewEmployee(EmployeeServiceImpl.java:18)
	at com.EmployeeManagement.Service.EmployeeServiceImpl.addNewEmployee(EmployeeServiceImpl.java:18)
	at com.EmployeeManagement.Service.EmployeeServiceImpl.addNewEmployee(EmployeeServiceImpl.java:18)
	at com.EmployeeManagement.Service.EmployeeServiceImpl.addNewEmployee(EmployeeServiceImpl.java:18)
	at com.EmployeeManagement.Service.EmployeeServiceImpl.addNewEmployee(EmployeeServiceImpl.java:18)
	at com.EmployeeManagement.Service.EmployeeServiceImpl.addNewEmployee(EmployeeServiceImpl.java:18)
	at com.EmployeeManagement.Service.EmployeeServiceImpl.addNewEmployee(EmployeeServiceImpl.java:18)
	at com.EmployeeManagement.Service.EmployeeServiceImpl.addNewEmployee(EmployeeServiceImpl.java:18)
	at com.EmployeeManagement.Service.EmployeeServiceImpl.addNewEmployee(EmployeeServiceImpl.java:18)
	at com.EmployeeManagement.Service.EmployeeServiceImpl.addNewEmployee(EmployeeServiceImpl.java:18)
	at com.EmployeeManagement.Service.EmployeeServiceImpl.addNewEmployee(EmployeeServiceImpl.java:18)
	at com.EmployeeManagement.Service.EmployeeServiceImpl.addNewEmployee(EmployeeServiceImpl.java:18)
	at com.EmployeeManagement.Service.EmployeeServiceImpl.addNewEmployee(EmployeeServiceImpl.java:18)
	at com.EmployeeManagement.Service.EmployeeServiceImpl.addNewEmployee(EmployeeServiceImpl.java:18)
	at com.EmployeeManagement.Service.EmployeeServiceImpl.addNewEmployee(EmployeeServiceImpl.java:18)
	at com.EmployeeManagement.Service.EmployeeServiceImpl.addNewEmployee(EmployeeServiceImpl.java:18)
	at com.EmployeeManagement.Service.EmployeeServiceImpl.addNewEmployee(EmployeeServiceImpl.java:18)
	at com.EmployeeManagement.Service.EmployeeServiceImpl.addNewEmployee(EmployeeServiceImpl.java:18)
	at com.EmployeeManagement.Service.EmployeeServiceImpl.addNewEmployee(EmployeeServiceImpl.java:18)
	at com.EmployeeManagement.Service.EmployeeServiceImpl.addNewEmployee(EmployeeServiceImpl.java:18)
	at com.EmployeeManagement.Service.EmployeeServiceImpl.addNewEmployee(EmployeeServiceImpl.java:18)
	at com.EmployeeManagement.Service.EmployeeServiceImpl.addNewEmployee(EmployeeServiceImpl.java:18)
	at com.EmployeeManagement.Service.EmployeeServiceImpl.addNewEmployee(EmployeeServiceImpl.java:18)
	at com.EmployeeManagement.Service.EmployeeServiceImpl.addNewEmployee(EmployeeServiceImpl.java:18)
	at com.EmployeeManagement.Service.EmployeeServiceImpl.addNewEmployee(EmployeeServiceImpl.java:18)
	at com.EmployeeManagement.Service.EmployeeServiceImpl.addNewEmployee(EmployeeServiceImpl.java:18)
	at com.EmployeeManagement.Service.EmployeeServiceImpl.addNewEmployee(EmployeeServiceImpl.java:18)
	at com.EmployeeManagement.Service.EmployeeServiceImpl.addNewEmployee(EmployeeServiceImpl.java:18)
	at com.EmployeeManagement.Service.EmployeeServiceImpl.addNewEmployee(EmployeeServiceImpl.java:18)
	at com.EmployeeManagement.Service.EmployeeServiceImpl.addNewEmployee(EmployeeServiceImpl.java:18)
	at com.EmployeeManagement.Service.EmployeeServiceImpl.addNewEmployee(EmployeeServiceImpl.java:18)
	at com.EmployeeManagement.Service.EmployeeServiceImpl.addNewEmployee(EmployeeServiceImpl.java:18)
	at com.EmployeeManagement.Service.EmployeeServiceImpl.addNewEmployee(EmployeeServiceImpl.java:18)
	at com.EmployeeManagement.Service.EmployeeServiceImpl.addNewEmployee(EmployeeServiceImpl.java:18)
	at com.EmployeeManagement.Service.EmployeeServiceImpl.addNewEmployee(EmployeeServiceImpl.java:18)
	at com.EmployeeManagement.Service.EmployeeServiceImpl.addNewEmployee(EmployeeServiceImpl.java:18)
	at com.EmployeeManagement.Service.EmployeeServiceImpl.addNewEmployee(EmployeeServiceImpl.java:18)
	at com.EmployeeManagement.Service.EmployeeServiceImpl.addNewEmployee(EmployeeServiceImpl.java:18)
	at com.EmployeeManagement.Service.EmployeeServiceImpl.addNewEmployee(EmployeeServiceImpl.java:18)
	at com.EmployeeManagement.Service.EmployeeServiceImpl.addNewEmployee(EmployeeServiceImpl.java:18)
	at com.EmployeeManagement.Service.EmployeeServiceImpl.addNewEmployee(EmployeeServiceImpl.java:18)
	at com.EmployeeManagement.Service.EmployeeServiceImpl.addNewEmployee(EmployeeServiceImpl.java:18)
	at com.EmployeeManagement.Service.EmployeeServiceImpl.addNewEmployee(EmployeeServiceImpl.java:18)
	at com.EmployeeManagement.Service.EmployeeServiceImpl.addNewEmployee(EmployeeServiceImpl.java:18)
	at com.EmployeeManagement.Service.EmployeeServiceImpl.addNewEmployee(EmployeeServiceImpl.java:18)
	at com.EmployeeManagement.Service.EmployeeServiceImpl.addNewEmployee(EmployeeServiceImpl.java:18)
	at com.EmployeeManagement.Service.EmployeeServiceImpl.addNewEmployee(EmployeeServiceImpl.java:18)
	at com.EmployeeManagement.Service.EmployeeServiceImpl.addNewEmployee(EmployeeServiceImpl.java:18)
	at com.EmployeeManagement.Service.EmployeeServiceImpl.addNewEmployee(EmployeeServiceImpl.java:18)
	at com.EmployeeManagement.Service.EmployeeServiceImpl.addNewEmployee(EmployeeServiceImpl.java:18)
	at com.EmployeeManagement.Service.EmployeeServiceImpl.addNewEmployee(EmployeeServiceImpl.java:18)
	at com.EmployeeManagement.Service.EmployeeServiceImpl.addNewEmployee(EmployeeServiceImpl.java:18)
	at com.EmployeeManagement.Service.EmployeeServiceImpl.addNewEmployee(EmployeeServiceImpl.java:18)
	at com.EmployeeManagement.Service.EmployeeServiceImpl.addNewEmployee(EmployeeServiceImpl.java:18)
	at com.EmployeeManagement.Service.EmployeeServiceImpl.addNewEmployee(EmployeeServiceImpl.java:18)
	at com.EmployeeManagement.Service.EmployeeServiceImpl.addNewEmployee(EmployeeServiceImpl.java:18)
	at com.EmployeeManagement.Service.EmployeeServiceImpl.addNewEmployee(EmployeeServiceImpl.java:18)
	at com.EmployeeManagement.Service.EmployeeServiceImpl.addNewEmployee(EmployeeServiceImpl.java:18)
	at com.EmployeeManagement.Service.EmployeeServiceImpl.addNewEmployee(EmployeeServiceImpl.java:18)
	at com.EmployeeManagement.Service.EmployeeServiceImpl.addNewEmployee(EmployeeServiceImpl.java:18)
	at com.EmployeeManagement.Service.EmployeeServiceImpl.addNewEmployee(EmployeeServiceImpl.java:18)
	at com.EmployeeManagement.Service.EmployeeServiceImpl.addNewEmployee(EmployeeServiceImpl.java:18)
	at com.EmployeeManagement.Service.EmployeeServiceImpl.addNewEmployee(EmployeeServiceImpl.java:18)
	at com.EmployeeManagement.Service.EmployeeServiceImpl.addNewEmployee(EmployeeServiceImpl.java:18)
	at com.EmployeeManagement.Service.EmployeeServiceImpl.addNewEmployee(EmployeeServiceImpl.java:18)
	at com.EmployeeManagement.Service.EmployeeServiceImpl.addNewEmployee(EmployeeServiceImpl.java:18)
	at com.EmployeeManagement.Service.EmployeeServiceImpl.addNewEmployee(EmployeeServiceImpl.java:18)
	at com.EmployeeManagement.Service.EmployeeServiceImpl.addNewEmployee(EmployeeServiceImpl.java:18)
	at com.EmployeeManagement.Service.EmployeeServiceImpl.addNewEmployee(EmployeeServiceImpl.java:18)
	at com.EmployeeManagement.Service.EmployeeServiceImpl.addNewEmployee(EmployeeServiceImpl.java:18)
	at com.EmployeeManagement.Service.EmployeeServiceImpl.addNewEmployee(EmployeeServiceImpl.java:18)
	at com.EmployeeManagement.Service.EmployeeServiceImpl.addNewEmployee(EmployeeServiceImpl.java:18)
	at com.EmployeeManagement.Service.EmployeeServiceImpl.addNewEmployee(EmployeeServiceImpl.java:18)
	at com.EmployeeManagement.Service.EmployeeServiceImpl.addNewEmployee(EmployeeServiceImpl.java:18)
	at com.EmployeeManagement.Service.EmployeeServiceImpl.addNewEmployee(EmployeeServiceImpl.java:18)
	at com.EmployeeManagement.Service.EmployeeServiceImpl.addNewEmployee(EmployeeServiceImpl.java:18)
	at com.EmployeeManagement.Service.EmployeeServiceImpl.addNewEmployee(EmployeeServiceImpl.java:18)
	at com.EmployeeManagement.Service.EmployeeServiceImpl.addNewEmployee(EmployeeServiceImpl.java:18)
	at com.EmployeeManagement.Service.EmployeeServiceImpl.addNewEmployee(EmployeeServiceImpl.java:18)
	at com.EmployeeManagement.Service.EmployeeServiceImpl.addNewEmployee(EmployeeServiceImpl.java:18)
	at com.EmployeeManagement.Service.EmployeeServiceImpl.addNewEmployee(EmployeeServiceImpl.java:18)
	at com.EmployeeManagement.Service.EmployeeServiceImpl.addNewEmployee(EmployeeServiceImpl.java:18)
	at com.EmployeeManagement.Service.EmployeeServiceImpl.addNewEmployee(EmployeeServiceImpl.java:18)
	at com.EmployeeManagement.Service.EmployeeServiceImpl.addNewEmployee(EmployeeServiceImpl.java:18)
	at com.EmployeeManagement.Service.EmployeeServiceImpl.addNewEmployee(EmployeeServiceImpl.java:18)
	at com.EmployeeManagement.Service.EmployeeServiceImpl.addNewEmployee(EmployeeServiceImpl.java:18)
	at com.EmployeeManagement.Service.EmployeeServiceImpl.addNewEmployee(EmployeeServiceImpl.java:18)
	at com.EmployeeManagement.Service.EmployeeServiceImpl.addNewEmployee(EmployeeServiceImpl.java:18)
	at com.EmployeeManagement.Service.EmployeeServiceImpl.addNewEmployee(EmployeeServiceImpl.java:18)
	at com.EmployeeManagement.Service.EmployeeServiceImpl.addNewEmployee(EmployeeServiceImpl.java:18)
	at com.EmployeeManagement.Service.EmployeeServiceImpl.addNewEmployee(EmployeeServiceImpl.java:18)
	at com.EmployeeManagement.Service.EmployeeServiceImpl.addNewEmployee(EmployeeServiceImpl.java:18)
	at com.EmployeeManagement.Service.EmployeeServiceImpl.addNewEmployee(EmployeeServiceImpl.java:18)
	at com.EmployeeManagement.Service.EmployeeServiceImpl.addNewEmployee(EmployeeServiceImpl.java:18)
	at com.EmployeeManagement.Service.EmployeeServiceImpl.addNewEmployee(EmployeeServiceImpl.java:18)
	at com.EmployeeManagement.Service.EmployeeServiceImpl.addNewEmployee(EmployeeServiceImpl.java:18)
	at com.EmployeeManagement.Service.EmployeeServiceImpl.addNewEmployee(EmployeeServiceImpl.java:18)
	at com.EmployeeManagement.Service.EmployeeServiceImpl.addNewEmployee(EmployeeServiceImpl.java:18)
	at com.EmployeeManagement.Service.EmployeeServiceImpl.addNewEmployee(EmployeeServiceImpl.java:18)
	at com.EmployeeManagement.Service.EmployeeServiceImpl.addNewEmployee(EmployeeServiceImpl.java:18)
	at com.EmployeeManagement.Service.EmployeeServiceImpl.addNewEmployee(EmployeeServiceImpl.java:18)
	at com.EmployeeManagement.Service.EmployeeServiceImpl.addNewEmployee(EmployeeServiceImpl.java:18)
	at com.EmployeeManagement.Service.EmployeeServiceImpl.addNewEmployee(EmployeeServiceImpl.java:18)
	at com.EmployeeManagement.Service.EmployeeServiceImpl.addNewEmployee(EmployeeServiceImpl.java:18)
	at com.EmployeeManagement.Service.EmployeeServiceImpl.addNewEmployee(EmployeeServiceImpl.java:18)
	at com.EmployeeManagement.Service.EmployeeServiceImpl.addNewEmployee(EmployeeServiceImpl.java:18)
	at com.EmployeeManagement.Service.EmployeeServiceImpl.addNewEmployee(EmployeeServiceImpl.java:18)
	at com.EmployeeManagement.Service.EmployeeServiceImpl.addNewEmployee(EmployeeServiceImpl.java:18)
	at com.EmployeeManagement.Service.EmployeeServiceImpl.addNewEmployee(EmployeeServiceImpl.java:18)
	at com.EmployeeManagement.Service.EmployeeServiceImpl.addNewEmployee(EmployeeServiceImpl.java:18)
	at com.EmployeeManagement.Service.EmployeeServiceImpl.addNewEmployee(EmployeeServiceImpl.java:18)
	at com.EmployeeManagement.Service.EmployeeServiceImpl.addNewEmployee(EmployeeServiceImpl.java:18)
	at com.EmployeeManagement.Service.EmployeeServiceImpl.addNewEmployee(EmployeeServiceImpl.java:18)
	at com.EmployeeManagement.Service.EmployeeServiceImpl.addNewEmployee(EmployeeServiceImpl.java:18)
	at com.EmployeeManagement.Service.EmployeeServiceImpl.addNewEmployee(EmployeeServiceImpl.java:18)
	at com.EmployeeManagement.Service.EmployeeServiceImpl.addNewEmployee(EmployeeServiceImpl.java:18)
	at com.EmployeeManagement.Service.EmployeeServiceImpl.addNewEmployee(EmployeeServiceImpl.java:18)
	at com.EmployeeManagement.Service.EmployeeServiceImpl.addNewEmployee(EmployeeServiceImpl.java:18)
	at com.EmployeeManagement.Service.EmployeeServiceImpl.addNewEmployee(EmployeeServiceImpl.java:18)
	at com.EmployeeManagement.Service.EmployeeServiceImpl.addNewEmployee(EmployeeServiceImpl.java:18)
	at com.EmployeeManagement.Service.EmployeeServiceImpl.addNewEmployee(EmployeeServiceImpl.java:18)
	at com.EmployeeManagement.Service.EmployeeServiceImpl.addNewEmployee(EmployeeServiceImpl.java:18)
	at com.EmployeeManagement.Service.EmployeeServiceImpl.addNewEmployee(EmployeeServiceImpl.java:18)
	at com.EmployeeManagement.Service.EmployeeServiceImpl.addNewEmployee(EmployeeServiceImpl.java:18)
	at com.EmployeeManagement.Service.EmployeeServiceImpl.addNewEmployee(EmployeeServiceImpl.java:18)
	at com.EmployeeManagement.Service.EmployeeServiceImpl.addNewEmployee(EmployeeServiceImpl.java:18)
	at com.EmployeeManagement.Service.EmployeeServiceImpl.addNewEmployee(EmployeeServiceImpl.java:18)
	at com.EmployeeManagement.Service.EmployeeServiceImpl.addNewEmployee(EmployeeServiceImpl.java:18)
	at com.EmployeeManagement.Service.EmployeeServiceImpl.addNewEmployee(EmployeeServiceImpl.java:18)
	at com.EmployeeManagement.Service.EmployeeServiceImpl.addNewEmployee(EmployeeServiceImpl.java:18)
	at com.EmployeeManagement.Service.EmployeeServiceImpl.addNewEmployee(EmployeeServiceImpl.java:18)
	at com.EmployeeManagement.Service.EmployeeServiceImpl.addNewEmployee(EmployeeServiceImpl.java:18)
	at com.EmployeeManagement.Service.EmployeeServiceImpl.addNewEmployee(EmployeeServiceImpl.java:18)
	at com.EmployeeManagement.Service.EmployeeServiceImpl.addNewEmployee(EmployeeServiceImpl.java:18)
	at com.EmployeeManagement.Service.EmployeeServiceImpl.addNewEmployee(EmployeeServiceImpl.java:18)
	at com.EmployeeManagement.Service.EmployeeServiceImpl.addNewEmployee(EmployeeServiceImpl.java:18)
	at com.EmployeeManagement.Service.EmployeeServiceImpl.addNewEmployee(EmployeeServiceImpl.java:18)
	at com.EmployeeManagement.Service.EmployeeServiceImpl.addNewEmployee(EmployeeServiceImpl.java:18)
	at com.EmployeeManagement.Service.EmployeeServiceImpl.addNewEmployee(EmployeeServiceImpl.java:18)
	at com.EmployeeManagement.Service.EmployeeServiceImpl.addNewEmployee(EmployeeServiceImpl.java:18)
	at com.EmployeeManagement.Service.EmployeeServiceImpl.addNewEmployee(EmployeeServiceImpl.java:18)
	at com.EmployeeManagement.Service.EmployeeServiceImpl.addNewEmployee(EmployeeServiceImpl.java:18)
	at com.EmployeeManagement.Service.EmployeeServiceImpl.addNewEmployee(EmployeeServiceImpl.java:18)
	at com.EmployeeManagement.Service.EmployeeServiceImpl.addNewEmployee(EmployeeServiceImpl.java:18)
	at com.EmployeeManagement.Service.EmployeeServiceImpl.addNewEmployee(EmployeeServiceImpl.java:18)
	at com.EmployeeManagement.Service.EmployeeServiceImpl.addNewEmployee(EmployeeServiceImpl.java:18)
	at com.EmployeeManagement.Service.EmployeeServiceImpl.addNewEmployee(EmployeeServiceImpl.java:18)
	at com.EmployeeManagement.Service.EmployeeServiceImpl.addNewEmployee(EmployeeServiceImpl.java:18)
	at com.EmployeeManagement.Service.EmployeeServiceImpl.addNewEmployee(EmployeeServiceImpl.java:18)
	at com.EmployeeManagement.Service.EmployeeServiceImpl.addNewEmployee(EmployeeServiceImpl.java:18)
	at com.EmployeeManagement.Service.EmployeeServiceImpl.addNewEmployee(EmployeeServiceImpl.java:18)
	at com.EmployeeManagement.Service.EmployeeServiceImpl.addNewEmployee(EmployeeServiceImpl.java:18)
	at com.EmployeeManagement.Service.EmployeeServiceImpl.addNewEmployee(EmployeeServiceImpl.java:18)
	at com.EmployeeManagement.Service.EmployeeServiceImpl.addNewEmployee(EmployeeServiceImpl.java:18)
	at com.EmployeeManagement.Service.EmployeeServiceImpl.addNewEmployee(EmployeeServiceImpl.java:18)
	at com.EmployeeManagement.Service.EmployeeServiceImpl.addNewEmployee(EmployeeServiceImpl.java:18)
	at com.EmployeeManagement.Service.EmployeeServiceImpl.addNewEmployee(EmployeeServiceImpl.java:18)
	at com.EmployeeManagement.Service.EmployeeServiceImpl.addNewEmployee(EmployeeServiceImpl.java:18)
	at com.EmployeeManagement.Service.EmployeeServiceImpl.addNewEmployee(EmployeeServiceImpl.java:18)
	at com.EmployeeManagement.Service.EmployeeServiceImpl.addNewEmployee(EmployeeServiceImpl.java:18)
	at com.EmployeeManagement.Service.EmployeeServiceImpl.addNewEmployee(EmployeeServiceImpl.java:18)
	at com.EmployeeManagement.Service.EmployeeServiceImpl.addNewEmployee(EmployeeServiceImpl.java:18)
	at com.EmployeeManagement.Service.EmployeeServiceImpl.addNewEmployee(EmployeeServiceImpl.java:18)
	at com.EmployeeManagement.Service.EmployeeServiceImpl.addNewEmployee(EmployeeServiceImpl.java:18)
	at com.EmployeeManagement.Service.EmployeeServiceImpl.addNewEmployee(EmployeeServiceImpl.java:18)
	at com.EmployeeManagement.Service.EmployeeServiceImpl.addNewEmployee(EmployeeServiceImpl.java:18)
	at com.EmployeeManagement.Service.EmployeeServiceImpl.addNewEmployee(EmployeeServiceImpl.java:18)
	at com.EmployeeManagement.Service.EmployeeServiceImpl.addNewEmployee(EmployeeServiceImpl.java:18)
	at com.EmployeeManagement.Service.EmployeeServiceImpl.addNewEmployee(EmployeeServiceImpl.java:18)
	at com.EmployeeManagement.Service.EmployeeServiceImpl.addNewEmployee(EmployeeServiceImpl.java:18)
	at com.EmployeeManagement.Service.EmployeeServiceImpl.addNewEmployee(EmployeeServiceImpl.java:18)
	at com.EmployeeManagement.Service.EmployeeServiceImpl.addNewEmployee(EmployeeServiceImpl.java:18)
	at com.EmployeeManagement.Service.EmployeeServiceImpl.addNewEmployee(EmployeeServiceImpl.java:18)
	at com.EmployeeManagement.Service.EmployeeServiceImpl.addNewEmployee(EmployeeServiceImpl.java:18)
	at com.EmployeeManagement.Service.EmployeeServiceImpl.addNewEmployee(EmployeeServiceImpl.java:18)
	at com.EmployeeManagement.Service.EmployeeServiceImpl.addNewEmployee(EmployeeServiceImpl.java:18)
	at com.EmployeeManagement.Service.EmployeeServiceImpl.addNewEmployee(EmployeeServiceImpl.java:18)
	at com.EmployeeManagement.Service.EmployeeServiceImpl.addNewEmployee(EmployeeServiceImpl.java:18)
	at com.EmployeeManagement.Service.EmployeeServiceImpl.addNewEmployee(EmployeeServiceImpl.java:18)
	at com.EmployeeManagement.Service.EmployeeServiceImpl.addNewEmployee(EmployeeServiceImpl.java:18)
	at com.EmployeeManagement.Service.EmployeeServiceImpl.addNewEmployee(EmployeeServiceImpl.java:18)
	at com.EmployeeManagement.Service.EmployeeServiceImpl.addNewEmployee(EmployeeServiceImpl.java:18)
	at com.EmployeeManagement.Service.EmployeeServiceImpl.addNewEmployee(EmployeeServiceImpl.java:18)
	at com.EmployeeManagement.Service.EmployeeServiceImpl.addNewEmployee(EmployeeServiceImpl.java:18)
	at com.EmployeeManagement.Service.EmployeeServiceImpl.addNewEmployee(EmployeeServiceImpl.java:18)
	at com.EmployeeManagement.Service.EmployeeServiceImpl.addNewEmployee(EmployeeServiceImpl.java:18)
	at com.EmployeeManagement.Service.EmployeeServiceImpl.addNewEmployee(EmployeeServiceImpl.java:18)
	at com.EmployeeManagement.Service.EmployeeServiceImpl.addNewEmployee(EmployeeServiceImpl.java:18)
	at com.EmployeeManagement.Service.EmployeeServiceImpl.addNewEmployee(EmployeeServiceImpl.java:18)
	at com.EmployeeManagement.Service.EmployeeServiceImpl.addNewEmployee(EmployeeServiceImpl.java:18)
	at com.EmployeeManagement.Service.EmployeeServiceImpl.addNewEmployee(EmployeeServiceImpl.java:18)
	at com.EmployeeManagement.Service.EmployeeServiceImpl.addNewEmployee(EmployeeServiceImpl.java:18)
	at com.EmployeeManagement.Service.EmployeeServiceImpl.addNewEmployee(EmployeeServiceImpl.java:18)
	at com.EmployeeManagement.Service.EmployeeServiceImpl.addNewEmployee(EmployeeServiceImpl.java:18)
	at com.EmployeeManagement.Service.EmployeeServiceImpl.addNewEmployee(EmployeeServiceImpl.java:18)
	at com.EmployeeManagement.Service.EmployeeServiceImpl.addNewEmployee(EmployeeServiceImpl.java:18)
	at com.EmployeeManagement.Service.EmployeeServiceImpl.addNewEmployee(EmployeeServiceImpl.java:18)
	at com.EmployeeManagement.Service.EmployeeServiceImpl.addNewEmployee(EmployeeServiceImpl.java:18)
	at com.EmployeeManagement.Service.EmployeeServiceImpl.addNewEmployee(EmployeeServiceImpl.java:18)
	at com.EmployeeManagement.Service.EmployeeServiceImpl.addNewEmployee(EmployeeServiceImpl.java:18)
	at com.EmployeeManagement.Service.EmployeeServiceImpl.addNewEmployee(EmployeeServiceImpl.java:18)
	at com.EmployeeManagement.Service.EmployeeServiceImpl.addNewEmployee(EmployeeServiceImpl.java:18)
	at com.EmployeeManagement.Service.EmployeeServiceImpl.addNewEmployee(EmployeeServiceImpl.java:18)
	at com.EmployeeManagement.Service.EmployeeServiceImpl.addNewEmployee(EmployeeServiceImpl.java:18)
	at com.EmployeeManagement.Service.EmployeeServiceImpl.addNewEmployee(EmployeeServiceImpl.java:18)
	at com.EmployeeManagement.Service.EmployeeServiceImpl.addNewEmployee(EmployeeServiceImpl.java:18)
	at com.EmployeeManagement.Service.EmployeeServiceImpl.addNewEmployee(EmployeeServiceImpl.java:18)
	at com.EmployeeManagement.Service.EmployeeServiceImpl.addNewEmployee(EmployeeServiceImpl.java:18)
	at com.EmployeeManagement.Service.EmployeeServiceImpl.addNewEmployee(EmployeeServiceImpl.java:18)
	at com.EmployeeManagement.Service.EmployeeServiceImpl.addNewEmployee(EmployeeServiceImpl.java:18)
	at com.EmployeeManagement.Service.EmployeeServiceImpl.addNewEmployee(EmployeeServiceImpl.java:18)
	at com.EmployeeManagement.Service.EmployeeServiceImpl.addNewEmployee(EmployeeServiceImpl.java:18)
	at com.EmployeeManagement.Service.EmployeeServiceImpl.addNewEmployee(EmployeeServiceImpl.java:18)
	at com.EmployeeManagement.Service.EmployeeServiceImpl.addNewEmployee(EmployeeServiceImpl.java:18)
	at com.EmployeeManagement.Service.EmployeeServiceImpl.addNewEmployee(EmployeeServiceImpl.java:18)
	at com.EmployeeManagement.Service.EmployeeServiceImpl.addNewEmployee(EmployeeServiceImpl.java:18)
	at com.EmployeeManagement.Service.EmployeeServiceImpl.addNewEmployee(EmployeeServiceImpl.java:18)
	at com.EmployeeManagement.Service.EmployeeServiceImpl.addNewEmployee(EmployeeServiceImpl.java:18)
	at com.EmployeeManagement.Service.EmployeeServiceImpl.addNewEmployee(EmployeeServiceImpl.java:18)
	at com.EmployeeManagement.Service.EmployeeServiceImpl.addNewEmployee(EmployeeServiceImpl.java:18)
	at com.EmployeeManagement.Service.EmployeeServiceImpl.addNewEmployee(EmployeeServiceImpl.java:18)
	at com.EmployeeManagement.Service.EmployeeServiceImpl.addNewEmployee(EmployeeServiceImpl.java:18)
	at com.EmployeeManagement.Service.EmployeeServiceImpl.addNewEmployee(EmployeeServiceImpl.java:18)
	at com.EmployeeManagement.Service.EmployeeServiceImpl.addNewEmployee(EmployeeServiceImpl.java:18)
	at com.EmployeeManagement.Service.EmployeeServiceImpl.addNewEmployee(EmployeeServiceImpl.java:18)
	at com.EmployeeManagement.Service.EmployeeServiceImpl.addNewEmployee(EmployeeServiceImpl.java:18)
	at com.EmployeeManagement.Service.EmployeeServiceImpl.addNewEmployee(EmployeeServiceImpl.java:18)
	at com.EmployeeManagement.Service.EmployeeServiceImpl.addNewEmployee(EmployeeServiceImpl.java:18)
	at com.EmployeeManagement.Service.EmployeeServiceImpl.addNewEmployee(EmployeeServiceImpl.java:18)
	at com.EmployeeManagement.Service.EmployeeServiceImpl.addNewEmployee(EmployeeServiceImpl.java:18)
	at com.EmployeeManagement.Service.EmployeeServiceImpl.addNewEmployee(EmployeeServiceImpl.java:18)
	at com.EmployeeManagement.Service.EmployeeServiceImpl.addNewEmployee(EmployeeServiceImpl.java:18)
	at com.EmployeeManagement.Service.EmployeeServiceImpl.addNewEmployee(EmployeeServiceImpl.java:18)
	at com.EmployeeManagement.Service.EmployeeServiceImpl.addNewEmployee(EmployeeServiceImpl.java:18)
	at com.EmployeeManagement.Service.EmployeeServiceImpl.addNewEmployee(EmployeeServiceImpl.java:18)
	at com.EmployeeManagement.Service.EmployeeServiceImpl.addNewEmployee(EmployeeServiceImpl.java:18)
]]></error>
    <system-out><![CDATA[13:29:29.542 [main] INFO org.springframework.test.context.support.AnnotationConfigContextLoaderUtils -- Could not detect default configuration classes for test class [com.EmployeeManagement.EmployeeManagementApplicationTests]: EmployeeManagementApplicationTests does not declare any static, non-private, non-final, nested classes annotated with @Configuration.
13:29:29.953 [main] INFO org.springframework.boot.test.context.SpringBootTestContextBootstrapper -- Found @SpringBootConfiguration com.EmployeeManagement.EmployeeManagementApplication for test class com.EmployeeManagement.EmployeeManagementApplicationTests

  .   ____          _            __ _ _
 /\\ / ___'_ __ _ _(_)_ __  __ _ \ \ \ \
( ( )\___ | '_ | '_| | '_ \/ _` | \ \ \ \
 \\/  ___)| |_)| | | | | || (_| |  ) ) ) )
  '  |____| .__|_| |_|_| |_\__, | / / / /
 =========|_|==============|___/=/_/_/_/
 :: Spring Boot ::                (v3.1.1)

2023-07-20T13:29:31.463+05:30  INFO 18576 --- [           main] c.E.EmployeeManagementApplicationTests   : Starting EmployeeManagementApplicationTests using Java 17.0.5 with PID 18576 (started by DELL in E:\springprojects\EmployeeManagement)
2023-07-20T13:29:31.470+05:30  INFO 18576 --- [           main] c.E.EmployeeManagementApplicationTests   : No active profile set, falling back to 1 default profile: "default"
2023-07-20T13:29:35.836+05:30  INFO 18576 --- [           main] c.E.EmployeeManagementApplicationTests   : Started EmployeeManagementApplicationTests in 5.255 seconds (process running for 9.148)
2023-07-20T13:29:35.852+05:30  INFO 18576 --- [           main] .s.b.a.l.ConditionEvaluationReportLogger : 

Error starting ApplicationContext. To display the condition evaluation report re-run your application with 'debug' enabled.
2023-07-20T13:29:35.901+05:30 ERROR 18576 --- [           main] o.s.boot.SpringApplication               : Application run failed

java.lang.StackOverflowError: null
	at com.EmployeeManagement.Service.EmployeeServiceImpl.addNewEmployee(EmployeeServiceImpl.java:18) ~[classes/:na]
	at com.EmployeeManagement.Service.EmployeeServiceImpl.addNewEmployee(EmployeeServiceImpl.java:18) ~[classes/:na]
	at com.EmployeeManagement.Service.EmployeeServiceImpl.addNewEmployee(EmployeeServiceImpl.java:18) ~[classes/:na]
	at com.EmployeeManagement.Service.EmployeeServiceImpl.addNewEmployee(EmployeeServiceImpl.java:18) ~[classes/:na]
	at com.EmployeeManagement.Service.EmployeeServiceImpl.addNewEmployee(EmployeeServiceImpl.java:18) ~[classes/:na]
	at com.EmployeeManagement.Service.EmployeeServiceImpl.addNewEmployee(EmployeeServiceImpl.java:18) ~[classes/:na]
	at com.EmployeeManagement.Service.EmployeeServiceImpl.addNewEmployee(EmployeeServiceImpl.java:18) ~[classes/:na]
	at com.EmployeeManagement.Service.EmployeeServiceImpl.addNewEmployee(EmployeeServiceImpl.java:18) ~[classes/:na]
	at com.EmployeeManagement.Service.EmployeeServiceImpl.addNewEmployee(EmployeeServiceImpl.java:18) ~[classes/:na]
	at com.EmployeeManagement.Service.EmployeeServiceImpl.addNewEmployee(EmployeeServiceImpl.java:18) ~[classes/:na]
	at com.EmployeeManagement.Service.EmployeeServiceImpl.addNewEmployee(EmployeeServiceImpl.java:18) ~[classes/:na]
	at com.EmployeeManagement.Service.EmployeeServiceImpl.addNewEmployee(EmployeeServiceImpl.java:18) ~[classes/:na]
	at com.EmployeeManagement.Service.EmployeeServiceImpl.addNewEmployee(EmployeeServiceImpl.java:18) ~[classes/:na]
	at com.EmployeeManagement.Service.EmployeeServiceImpl.addNewEmployee(EmployeeServiceImpl.java:18) ~[classes/:na]
	at com.EmployeeManagement.Service.EmployeeServiceImpl.addNewEmployee(EmployeeServiceImpl.java:18) ~[classes/:na]
	at com.EmployeeManagement.Service.EmployeeServiceImpl.addNewEmployee(EmployeeServiceImpl.java:18) ~[classes/:na]
	at com.EmployeeManagement.Service.EmployeeServiceImpl.addNewEmployee(EmployeeServiceImpl.java:18) ~[classes/:na]
	at com.EmployeeManagement.Service.EmployeeServiceImpl.addNewEmployee(EmployeeServiceImpl.java:18) ~[classes/:na]
	at com.EmployeeManagement.Service.EmployeeServiceImpl.addNewEmployee(EmployeeServiceImpl.java:18) ~[classes/:na]
	at com.EmployeeManagement.Service.EmployeeServiceImpl.addNewEmployee(EmployeeServiceImpl.java:18) ~[classes/:na]
	at com.EmployeeManagement.Service.EmployeeServiceImpl.addNewEmployee(EmployeeServiceImpl.java:18) ~[classes/:na]
	at com.EmployeeManagement.Service.EmployeeServiceImpl.addNewEmployee(EmployeeServiceImpl.java:18) ~[classes/:na]
	at com.EmployeeManagement.Service.EmployeeServiceImpl.addNewEmployee(EmployeeServiceImpl.java:18) ~[classes/:na]
	at com.EmployeeManagement.Service.EmployeeServiceImpl.addNewEmployee(EmployeeServiceImpl.java:18) ~[classes/:na]
	at com.EmployeeManagement.Service.EmployeeServiceImpl.addNewEmployee(EmployeeServiceImpl.java:18) ~[classes/:na]
	at com.EmployeeManagement.Service.EmployeeServiceImpl.addNewEmployee(EmployeeServiceImpl.java:18) ~[classes/:na]
	at com.EmployeeManagement.Service.EmployeeServiceImpl.addNewEmployee(EmployeeServiceImpl.java:18) ~[classes/:na]
	at com.EmployeeManagement.Service.EmployeeServiceImpl.addNewEmployee(EmployeeServiceImpl.java:18) ~[classes/:na]
	at com.EmployeeManagement.Service.EmployeeServiceImpl.addNewEmployee(EmployeeServiceImpl.java:18) ~[classes/:na]
	at com.EmployeeManagement.Service.EmployeeServiceImpl.addNewEmployee(EmployeeServiceImpl.java:18) ~[classes/:na]
	at com.EmployeeManagement.Service.EmployeeServiceImpl.addNewEmployee(EmployeeServiceImpl.java:18) ~[classes/:na]
	at com.EmployeeManagement.Service.EmployeeServiceImpl.addNewEmployee(EmployeeServiceImpl.java:18) ~[classes/:na]
	at com.EmployeeManagement.Service.EmployeeServiceImpl.addNewEmployee(EmployeeServiceImpl.java:18) ~[classes/:na]
	at com.EmployeeManagement.Service.EmployeeServiceImpl.addNewEmployee(EmployeeServiceImpl.java:18) ~[classes/:na]
	at com.EmployeeManagement.Service.EmployeeServiceImpl.addNewEmployee(EmployeeServiceImpl.java:18) ~[classes/:na]
	at com.EmployeeManagement.Service.EmployeeServiceImpl.addNewEmployee(EmployeeServiceImpl.java:18) ~[classes/:na]
	at com.EmployeeManagement.Service.EmployeeServiceImpl.addNewEmployee(EmployeeServiceImpl.java:18) ~[classes/:na]
	at com.EmployeeManagement.Service.EmployeeServiceImpl.addNewEmployee(EmployeeServiceImpl.java:18) ~[classes/:na]
	at com.EmployeeManagement.Service.EmployeeServiceImpl.addNewEmployee(EmployeeServiceImpl.java:18) ~[classes/:na]
	at com.EmployeeManagement.Service.EmployeeServiceImpl.addNewEmployee(EmployeeServiceImpl.java:18) ~[classes/:na]
	at com.EmployeeManagement.Service.EmployeeServiceImpl.addNewEmployee(EmployeeServiceImpl.java:18) ~[classes/:na]
	at com.EmployeeManagement.Service.EmployeeServiceImpl.addNewEmployee(EmployeeServiceImpl.java:18) ~[classes/:na]
	at com.EmployeeManagement.Service.EmployeeServiceImpl.addNewEmployee(EmployeeServiceImpl.java:18) ~[classes/:na]
	at com.EmployeeManagement.Service.EmployeeServiceImpl.addNewEmployee(EmployeeServiceImpl.java:18) ~[classes/:na]
	at com.EmployeeManagement.Service.EmployeeServiceImpl.addNewEmployee(EmployeeServiceImpl.java:18) ~[classes/:na]
	at com.EmployeeManagement.Service.EmployeeServiceImpl.addNewEmployee(EmployeeServiceImpl.java:18) ~[classes/:na]
	at com.EmployeeManagement.Service.EmployeeServiceImpl.addNewEmployee(EmployeeServiceImpl.java:18) ~[classes/:na]
	at com.EmployeeManagement.Service.EmployeeServiceImpl.addNewEmployee(EmployeeServiceImpl.java:18) ~[classes/:na]
	at com.EmployeeManagement.Service.EmployeeServiceImpl.addNewEmployee(EmployeeServiceImpl.java:18) ~[classes/:na]
	at com.EmployeeManagement.Service.EmployeeServiceImpl.addNewEmployee(EmployeeServiceImpl.java:18) ~[classes/:na]
	at com.EmployeeManagement.Service.EmployeeServiceImpl.addNewEmployee(EmployeeServiceImpl.java:18) ~[classes/:na]
	at com.EmployeeManagement.Service.EmployeeServiceImpl.addNewEmployee(EmployeeServiceImpl.java:18) ~[classes/:na]
	at com.EmployeeManagement.Service.EmployeeServiceImpl.addNewEmployee(EmployeeServiceImpl.java:18) ~[classes/:na]
	at com.EmployeeManagement.Service.EmployeeServiceImpl.addNewEmployee(EmployeeServiceImpl.java:18) ~[classes/:na]
	at com.EmployeeManagement.Service.EmployeeServiceImpl.addNewEmployee(EmployeeServiceImpl.java:18) ~[classes/:na]
	at com.EmployeeManagement.Service.EmployeeServiceImpl.addNewEmployee(EmployeeServiceImpl.java:18) ~[classes/:na]
	at com.EmployeeManagement.Service.EmployeeServiceImpl.addNewEmployee(EmployeeServiceImpl.java:18) ~[classes/:na]
	at com.EmployeeManagement.Service.EmployeeServiceImpl.addNewEmployee(EmployeeServiceImpl.java:18) ~[classes/:na]
	at com.EmployeeManagement.Service.EmployeeServiceImpl.addNewEmployee(EmployeeServiceImpl.java:18) ~[classes/:na]
	at com.EmployeeManagement.Service.EmployeeServiceImpl.addNewEmployee(EmployeeServiceImpl.java:18) ~[classes/:na]
	at com.EmployeeManagement.Service.EmployeeServiceImpl.addNewEmployee(EmployeeServiceImpl.java:18) ~[classes/:na]
	at com.EmployeeManagement.Service.EmployeeServiceImpl.addNewEmployee(EmployeeServiceImpl.java:18) ~[classes/:na]
	at com.EmployeeManagement.Service.EmployeeServiceImpl.addNewEmployee(EmployeeServiceImpl.java:18) ~[classes/:na]
	at com.EmployeeManagement.Service.EmployeeServiceImpl.addNewEmployee(EmployeeServiceImpl.java:18) ~[classes/:na]
	at com.EmployeeManagement.Service.EmployeeServiceImpl.addNewEmployee(EmployeeServiceImpl.java:18) ~[classes/:na]
	at com.EmployeeManagement.Service.EmployeeServiceImpl.addNewEmployee(EmployeeServiceImpl.java:18) ~[classes/:na]
	at com.EmployeeManagement.Service.EmployeeServiceImpl.addNewEmployee(EmployeeServiceImpl.java:18) ~[classes/:na]
	at com.EmployeeManagement.Service.EmployeeServiceImpl.addNewEmployee(EmployeeServiceImpl.java:18) ~[classes/:na]
	at com.EmployeeManagement.Service.EmployeeServiceImpl.addNewEmployee(EmployeeServiceImpl.java:18) ~[classes/:na]
	at com.EmployeeManagement.Service.EmployeeServiceImpl.addNewEmployee(EmployeeServiceImpl.java:18) ~[classes/:na]
	at com.EmployeeManagement.Service.EmployeeServiceImpl.addNewEmployee(EmployeeServiceImpl.java:18) ~[classes/:na]
	at com.EmployeeManagement.Service.EmployeeServiceImpl.addNewEmployee(EmployeeServiceImpl.java:18) ~[classes/:na]
	at com.EmployeeManagement.Service.EmployeeServiceImpl.addNewEmployee(EmployeeServiceImpl.java:18) ~[classes/:na]
	at com.EmployeeManagement.Service.EmployeeServiceImpl.addNewEmployee(EmployeeServiceImpl.java:18) ~[classes/:na]
	at com.EmployeeManagement.Service.EmployeeServiceImpl.addNewEmployee(EmployeeServiceImpl.java:18) ~[classes/:na]
	at com.EmployeeManagement.Service.EmployeeServiceImpl.addNewEmployee(EmployeeServiceImpl.java:18) ~[classes/:na]
	at com.EmployeeManagement.Service.EmployeeServiceImpl.addNewEmployee(EmployeeServiceImpl.java:18) ~[classes/:na]
	at com.EmployeeManagement.Service.EmployeeServiceImpl.addNewEmployee(EmployeeServiceImpl.java:18) ~[classes/:na]
	at com.EmployeeManagement.Service.EmployeeServiceImpl.addNewEmployee(EmployeeServiceImpl.java:18) ~[classes/:na]
	at com.EmployeeManagement.Service.EmployeeServiceImpl.addNewEmployee(EmployeeServiceImpl.java:18) ~[classes/:na]
	at com.EmployeeManagement.Service.EmployeeServiceImpl.addNewEmployee(EmployeeServiceImpl.java:18) ~[classes/:na]
	at com.EmployeeManagement.Service.EmployeeServiceImpl.addNewEmployee(EmployeeServiceImpl.java:18) ~[classes/:na]
	at com.EmployeeManagement.Service.EmployeeServiceImpl.addNewEmployee(EmployeeServiceImpl.java:18) ~[classes/:na]
	at com.EmployeeManagement.Service.EmployeeServiceImpl.addNewEmployee(EmployeeServiceImpl.java:18) ~[classes/:na]
	at com.EmployeeManagement.Service.EmployeeServiceImpl.addNewEmployee(EmployeeServiceImpl.java:18) ~[classes/:na]
	at com.EmployeeManagement.Service.EmployeeServiceImpl.addNewEmployee(EmployeeServiceImpl.java:18) ~[classes/:na]
	at com.EmployeeManagement.Service.EmployeeServiceImpl.addNewEmployee(EmployeeServiceImpl.java:18) ~[classes/:na]
	at com.EmployeeManagement.Service.EmployeeServiceImpl.addNewEmployee(EmployeeServiceImpl.java:18) ~[classes/:na]
	at com.EmployeeManagement.Service.EmployeeServiceImpl.addNewEmployee(EmployeeServiceImpl.java:18) ~[classes/:na]
	at com.EmployeeManagement.Service.EmployeeServiceImpl.addNewEmployee(EmployeeServiceImpl.java:18) ~[classes/:na]
	at com.EmployeeManagement.Service.EmployeeServiceImpl.addNewEmployee(EmployeeServiceImpl.java:18) ~[classes/:na]
	at com.EmployeeManagement.Service.EmployeeServiceImpl.addNewEmployee(EmployeeServiceImpl.java:18) ~[classes/:na]
	at com.EmployeeManagement.Service.EmployeeServiceImpl.addNewEmployee(EmployeeServiceImpl.java:18) ~[classes/:na]
	at com.EmployeeManagement.Service.EmployeeServiceImpl.addNewEmployee(EmployeeServiceImpl.java:18) ~[classes/:na]
	at com.EmployeeManagement.Service.EmployeeServiceImpl.addNewEmployee(EmployeeServiceImpl.java:18) ~[classes/:na]
	at com.EmployeeManagement.Service.EmployeeServiceImpl.addNewEmployee(EmployeeServiceImpl.java:18) ~[classes/:na]
	at com.EmployeeManagement.Service.EmployeeServiceImpl.addNewEmployee(EmployeeServiceImpl.java:18) ~[classes/:na]
	at com.EmployeeManagement.Service.EmployeeServiceImpl.addNewEmployee(EmployeeServiceImpl.java:18) ~[classes/:na]
	at com.EmployeeManagement.Service.EmployeeServiceImpl.addNewEmployee(EmployeeServiceImpl.java:18) ~[classes/:na]
	at com.EmployeeManagement.Service.EmployeeServiceImpl.addNewEmployee(EmployeeServiceImpl.java:18) ~[classes/:na]
	at com.EmployeeManagement.Service.EmployeeServiceImpl.addNewEmployee(EmployeeServiceImpl.java:18) ~[classes/:na]
	at com.EmployeeManagement.Service.EmployeeServiceImpl.addNewEmployee(EmployeeServiceImpl.java:18) ~[classes/:na]
	at com.EmployeeManagement.Service.EmployeeServiceImpl.addNewEmployee(EmployeeServiceImpl.java:18) ~[classes/:na]
	at com.EmployeeManagement.Service.EmployeeServiceImpl.addNewEmployee(EmployeeServiceImpl.java:18) ~[classes/:na]
	at com.EmployeeManagement.Service.EmployeeServiceImpl.addNewEmployee(EmployeeServiceImpl.java:18) ~[classes/:na]
	at com.EmployeeManagement.Service.EmployeeServiceImpl.addNewEmployee(EmployeeServiceImpl.java:18) ~[classes/:na]
	at com.EmployeeManagement.Service.EmployeeServiceImpl.addNewEmployee(EmployeeServiceImpl.java:18) ~[classes/:na]
	at com.EmployeeManagement.Service.EmployeeServiceImpl.addNewEmployee(EmployeeServiceImpl.java:18) ~[classes/:na]
	at com.EmployeeManagement.Service.EmployeeServiceImpl.addNewEmployee(EmployeeServiceImpl.java:18) ~[classes/:na]
	at com.EmployeeManagement.Service.EmployeeServiceImpl.addNewEmployee(EmployeeServiceImpl.java:18) ~[classes/:na]
	at com.EmployeeManagement.Service.EmployeeServiceImpl.addNewEmployee(EmployeeServiceImpl.java:18) ~[classes/:na]
	at com.EmployeeManagement.Service.EmployeeServiceImpl.addNewEmployee(EmployeeServiceImpl.java:18) ~[classes/:na]
	at com.EmployeeManagement.Service.EmployeeServiceImpl.addNewEmployee(EmployeeServiceImpl.java:18) ~[classes/:na]
	at com.EmployeeManagement.Service.EmployeeServiceImpl.addNewEmployee(EmployeeServiceImpl.java:18) ~[classes/:na]
	at com.EmployeeManagement.Service.EmployeeServiceImpl.addNewEmployee(EmployeeServiceImpl.java:18) ~[classes/:na]
	at com.EmployeeManagement.Service.EmployeeServiceImpl.addNewEmployee(EmployeeServiceImpl.java:18) ~[classes/:na]
	at com.EmployeeManagement.Service.EmployeeServiceImpl.addNewEmployee(EmployeeServiceImpl.java:18) ~[classes/:na]
	at com.EmployeeManagement.Service.EmployeeServiceImpl.addNewEmployee(EmployeeServiceImpl.java:18) ~[classes/:na]
	at com.EmployeeManagement.Service.EmployeeServiceImpl.addNewEmployee(EmployeeServiceImpl.java:18) ~[classes/:na]
	at com.EmployeeManagement.Service.EmployeeServiceImpl.addNewEmployee(EmployeeServiceImpl.java:18) ~[classes/:na]
	at com.EmployeeManagement.Service.EmployeeServiceImpl.addNewEmployee(EmployeeServiceImpl.java:18) ~[classes/:na]
	at com.EmployeeManagement.Service.EmployeeServiceImpl.addNewEmployee(EmployeeServiceImpl.java:18) ~[classes/:na]
	at com.EmployeeManagement.Service.EmployeeServiceImpl.addNewEmployee(EmployeeServiceImpl.java:18) ~[classes/:na]
	at com.EmployeeManagement.Service.EmployeeServiceImpl.addNewEmployee(EmployeeServiceImpl.java:18) ~[classes/:na]
	at com.EmployeeManagement.Service.EmployeeServiceImpl.addNewEmployee(EmployeeServiceImpl.java:18) ~[classes/:na]
	at com.EmployeeManagement.Service.EmployeeServiceImpl.addNewEmployee(EmployeeServiceImpl.java:18) ~[classes/:na]
	at com.EmployeeManagement.Service.EmployeeServiceImpl.addNewEmployee(EmployeeServiceImpl.java:18) ~[classes/:na]
	at com.EmployeeManagement.Service.EmployeeServiceImpl.addNewEmployee(EmployeeServiceImpl.java:18) ~[classes/:na]
	at com.EmployeeManagement.Service.EmployeeServiceImpl.addNewEmployee(EmployeeServiceImpl.java:18) ~[classes/:na]
	at com.EmployeeManagement.Service.EmployeeServiceImpl.addNewEmployee(EmployeeServiceImpl.java:18) ~[classes/:na]
	at com.EmployeeManagement.Service.EmployeeServiceImpl.addNewEmployee(EmployeeServiceImpl.java:18) ~[classes/:na]
	at com.EmployeeManagement.Service.EmployeeServiceImpl.addNewEmployee(EmployeeServiceImpl.java:18) ~[classes/:na]
	at com.EmployeeManagement.Service.EmployeeServiceImpl.addNewEmployee(EmployeeServiceImpl.java:18) ~[classes/:na]
	at com.EmployeeManagement.Service.EmployeeServiceImpl.addNewEmployee(EmployeeServiceImpl.java:18) ~[classes/:na]
	at com.EmployeeManagement.Service.EmployeeServiceImpl.addNewEmployee(EmployeeServiceImpl.java:18) ~[classes/:na]
	at com.EmployeeManagement.Service.EmployeeServiceImpl.addNewEmployee(EmployeeServiceImpl.java:18) ~[classes/:na]
	at com.EmployeeManagement.Service.EmployeeServiceImpl.addNewEmployee(EmployeeServiceImpl.java:18) ~[classes/:na]
	at com.EmployeeManagement.Service.EmployeeServiceImpl.addNewEmployee(EmployeeServiceImpl.java:18) ~[classes/:na]
	at com.EmployeeManagement.Service.EmployeeServiceImpl.addNewEmployee(EmployeeServiceImpl.java:18) ~[classes/:na]
	at com.EmployeeManagement.Service.EmployeeServiceImpl.addNewEmployee(EmployeeServiceImpl.java:18) ~[classes/:na]
	at com.EmployeeManagement.Service.EmployeeServiceImpl.addNewEmployee(EmployeeServiceImpl.java:18) ~[classes/:na]
	at com.EmployeeManagement.Service.EmployeeServiceImpl.addNewEmployee(EmployeeServiceImpl.java:18) ~[classes/:na]
	at com.EmployeeManagement.Service.EmployeeServiceImpl.addNewEmployee(EmployeeServiceImpl.java:18) ~[classes/:na]
	at com.EmployeeManagement.Service.EmployeeServiceImpl.addNewEmployee(EmployeeServiceImpl.java:18) ~[classes/:na]
	at com.EmployeeManagement.Service.EmployeeServiceImpl.addNewEmployee(EmployeeServiceImpl.java:18) ~[classes/:na]
	at com.EmployeeManagement.Service.EmployeeServiceImpl.addNewEmployee(EmployeeServiceImpl.java:18) ~[classes/:na]
	at com.EmployeeManagement.Service.EmployeeServiceImpl.addNewEmployee(EmployeeServiceImpl.java:18) ~[classes/:na]
	at com.EmployeeManagement.Service.EmployeeServiceImpl.addNewEmployee(EmployeeServiceImpl.java:18) ~[classes/:na]
	at com.EmployeeManagement.Service.EmployeeServiceImpl.addNewEmployee(EmployeeServiceImpl.java:18) ~[classes/:na]
	at com.EmployeeManagement.Service.EmployeeServiceImpl.addNewEmployee(EmployeeServiceImpl.java:18) ~[classes/:na]
	at com.EmployeeManagement.Service.EmployeeServiceImpl.addNewEmployee(EmployeeServiceImpl.java:18) ~[classes/:na]
	at com.EmployeeManagement.Service.EmployeeServiceImpl.addNewEmployee(EmployeeServiceImpl.java:18) ~[classes/:na]
	at com.EmployeeManagement.Service.EmployeeServiceImpl.addNewEmployee(EmployeeServiceImpl.java:18) ~[classes/:na]
	at com.EmployeeManagement.Service.EmployeeServiceImpl.addNewEmployee(EmployeeServiceImpl.java:18) ~[classes/:na]
	at com.EmployeeManagement.Service.EmployeeServiceImpl.addNewEmployee(EmployeeServiceImpl.java:18) ~[classes/:na]
	at com.EmployeeManagement.Service.EmployeeServiceImpl.addNewEmployee(EmployeeServiceImpl.java:18) ~[classes/:na]
	at com.EmployeeManagement.Service.EmployeeServiceImpl.addNewEmployee(EmployeeServiceImpl.java:18) ~[classes/:na]
	at com.EmployeeManagement.Service.EmployeeServiceImpl.addNewEmployee(EmployeeServiceImpl.java:18) ~[classes/:na]
	at com.EmployeeManagement.Service.EmployeeServiceImpl.addNewEmployee(EmployeeServiceImpl.java:18) ~[classes/:na]
	at com.EmployeeManagement.Service.EmployeeServiceImpl.addNewEmployee(EmployeeServiceImpl.java:18) ~[classes/:na]
	at com.EmployeeManagement.Service.EmployeeServiceImpl.addNewEmployee(EmployeeServiceImpl.java:18) ~[classes/:na]
	at com.EmployeeManagement.Service.EmployeeServiceImpl.addNewEmployee(EmployeeServiceImpl.java:18) ~[classes/:na]
	at com.EmployeeManagement.Service.EmployeeServiceImpl.addNewEmployee(EmployeeServiceImpl.java:18) ~[classes/:na]
	at com.EmployeeManagement.Service.EmployeeServiceImpl.addNewEmployee(EmployeeServiceImpl.java:18) ~[classes/:na]
	at com.EmployeeManagement.Service.EmployeeServiceImpl.addNewEmployee(EmployeeServiceImpl.java:18) ~[classes/:na]
	at com.EmployeeManagement.Service.EmployeeServiceImpl.addNewEmployee(EmployeeServiceImpl.java:18) ~[classes/:na]
	at com.EmployeeManagement.Service.EmployeeServiceImpl.addNewEmployee(EmployeeServiceImpl.java:18) ~[classes/:na]
	at com.EmployeeManagement.Service.EmployeeServiceImpl.addNewEmployee(EmployeeServiceImpl.java:18) ~[classes/:na]
	at com.EmployeeManagement.Service.EmployeeServiceImpl.addNewEmployee(EmployeeServiceImpl.java:18) ~[classes/:na]
	at com.EmployeeManagement.Service.EmployeeServiceImpl.addNewEmployee(EmployeeServiceImpl.java:18) ~[classes/:na]
	at com.EmployeeManagement.Service.EmployeeServiceImpl.addNewEmployee(EmployeeServiceImpl.java:18) ~[classes/:na]
	at com.EmployeeManagement.Service.EmployeeServiceImpl.addNewEmployee(EmployeeServiceImpl.java:18) ~[classes/:na]
	at com.EmployeeManagement.Service.EmployeeServiceImpl.addNewEmployee(EmployeeServiceImpl.java:18) ~[classes/:na]
	at com.EmployeeManagement.Service.EmployeeServiceImpl.addNewEmployee(EmployeeServiceImpl.java:18) ~[classes/:na]
	at com.EmployeeManagement.Service.EmployeeServiceImpl.addNewEmployee(EmployeeServiceImpl.java:18) ~[classes/:na]
	at com.EmployeeManagement.Service.EmployeeServiceImpl.addNewEmployee(EmployeeServiceImpl.java:18) ~[classes/:na]
	at com.EmployeeManagement.Service.EmployeeServiceImpl.addNewEmployee(EmployeeServiceImpl.java:18) ~[classes/:na]
	at com.EmployeeManagement.Service.EmployeeServiceImpl.addNewEmployee(EmployeeServiceImpl.java:18) ~[classes/:na]
	at com.EmployeeManagement.Service.EmployeeServiceImpl.addNewEmployee(EmployeeServiceImpl.java:18) ~[classes/:na]
	at com.EmployeeManagement.Service.EmployeeServiceImpl.addNewEmployee(EmployeeServiceImpl.java:18) ~[classes/:na]
	at com.EmployeeManagement.Service.EmployeeServiceImpl.addNewEmployee(EmployeeServiceImpl.java:18) ~[classes/:na]
	at com.EmployeeManagement.Service.EmployeeServiceImpl.addNewEmployee(EmployeeServiceImpl.java:18) ~[classes/:na]
	at com.EmployeeManagement.Service.EmployeeServiceImpl.addNewEmployee(EmployeeServiceImpl.java:18) ~[classes/:na]
	at com.EmployeeManagement.Service.EmployeeServiceImpl.addNewEmployee(EmployeeServiceImpl.java:18) ~[classes/:na]
	at com.EmployeeManagement.Service.EmployeeServiceImpl.addNewEmployee(EmployeeServiceImpl.java:18) ~[classes/:na]
	at com.EmployeeManagement.Service.EmployeeServiceImpl.addNewEmployee(EmployeeServiceImpl.java:18) ~[classes/:na]
	at com.EmployeeManagement.Service.EmployeeServiceImpl.addNewEmployee(EmployeeServiceImpl.java:18) ~[classes/:na]
	at com.EmployeeManagement.Service.EmployeeServiceImpl.addNewEmployee(EmployeeServiceImpl.java:18) ~[classes/:na]
	at com.EmployeeManagement.Service.EmployeeServiceImpl.addNewEmployee(EmployeeServiceImpl.java:18) ~[classes/:na]
	at com.EmployeeManagement.Service.EmployeeServiceImpl.addNewEmployee(EmployeeServiceImpl.java:18) ~[classes/:na]
	at com.EmployeeManagement.Service.EmployeeServiceImpl.addNewEmployee(EmployeeServiceImpl.java:18) ~[classes/:na]
	at com.EmployeeManagement.Service.EmployeeServiceImpl.addNewEmployee(EmployeeServiceImpl.java:18) ~[classes/:na]
	at com.EmployeeManagement.Service.EmployeeServiceImpl.addNewEmployee(EmployeeServiceImpl.java:18) ~[classes/:na]
	at com.EmployeeManagement.Service.EmployeeServiceImpl.addNewEmployee(EmployeeServiceImpl.java:18) ~[classes/:na]
	at com.EmployeeManagement.Service.EmployeeServiceImpl.addNewEmployee(EmployeeServiceImpl.java:18) ~[classes/:na]
	at com.EmployeeManagement.Service.EmployeeServiceImpl.addNewEmployee(EmployeeServiceImpl.java:18) ~[classes/:na]
	at com.EmployeeManagement.Service.EmployeeServiceImpl.addNewEmployee(EmployeeServiceImpl.java:18) ~[classes/:na]
	at com.EmployeeManagement.Service.EmployeeServiceImpl.addNewEmployee(EmployeeServiceImpl.java:18) ~[classes/:na]
	at com.EmployeeManagement.Service.EmployeeServiceImpl.addNewEmployee(EmployeeServiceImpl.java:18) ~[classes/:na]
	at com.EmployeeManagement.Service.EmployeeServiceImpl.addNewEmployee(EmployeeServiceImpl.java:18) ~[classes/:na]
	at com.EmployeeManagement.Service.EmployeeServiceImpl.addNewEmployee(EmployeeServiceImpl.java:18) ~[classes/:na]
	at com.EmployeeManagement.Service.EmployeeServiceImpl.addNewEmployee(EmployeeServiceImpl.java:18) ~[classes/:na]
	at com.EmployeeManagement.Service.EmployeeServiceImpl.addNewEmployee(EmployeeServiceImpl.java:18) ~[classes/:na]
	at com.EmployeeManagement.Service.EmployeeServiceImpl.addNewEmployee(EmployeeServiceImpl.java:18) ~[classes/:na]
	at com.EmployeeManagement.Service.EmployeeServiceImpl.addNewEmployee(EmployeeServiceImpl.java:18) ~[classes/:na]
	at com.EmployeeManagement.Service.EmployeeServiceImpl.addNewEmployee(EmployeeServiceImpl.java:18) ~[classes/:na]
	at com.EmployeeManagement.Service.EmployeeServiceImpl.addNewEmployee(EmployeeServiceImpl.java:18) ~[classes/:na]
	at com.EmployeeManagement.Service.EmployeeServiceImpl.addNewEmployee(EmployeeServiceImpl.java:18) ~[classes/:na]
	at com.EmployeeManagement.Service.EmployeeServiceImpl.addNewEmployee(EmployeeServiceImpl.java:18) ~[classes/:na]
	at com.EmployeeManagement.Service.EmployeeServiceImpl.addNewEmployee(EmployeeServiceImpl.java:18) ~[classes/:na]
	at com.EmployeeManagement.Service.EmployeeServiceImpl.addNewEmployee(EmployeeServiceImpl.java:18) ~[classes/:na]
	at com.EmployeeManagement.Service.EmployeeServiceImpl.addNewEmployee(EmployeeServiceImpl.java:18) ~[classes/:na]
	at com.EmployeeManagement.Service.EmployeeServiceImpl.addNewEmployee(EmployeeServiceImpl.java:18) ~[classes/:na]
	at com.EmployeeManagement.Service.EmployeeServiceImpl.addNewEmployee(EmployeeServiceImpl.java:18) ~[classes/:na]
	at com.EmployeeManagement.Service.EmployeeServiceImpl.addNewEmployee(EmployeeServiceImpl.java:18) ~[classes/:na]
	at com.EmployeeManagement.Service.EmployeeServiceImpl.addNewEmployee(EmployeeServiceImpl.java:18) ~[classes/:na]
	at com.EmployeeManagement.Service.EmployeeServiceImpl.addNewEmployee(EmployeeServiceImpl.java:18) ~[classes/:na]
	at com.EmployeeManagement.Service.EmployeeServiceImpl.addNewEmployee(EmployeeServiceImpl.java:18) ~[classes/:na]
	at com.EmployeeManagement.Service.EmployeeServiceImpl.addNewEmployee(EmployeeServiceImpl.java:18) ~[classes/:na]
	at com.EmployeeManagement.Service.EmployeeServiceImpl.addNewEmployee(EmployeeServiceImpl.java:18) ~[classes/:na]
	at com.EmployeeManagement.Service.EmployeeServiceImpl.addNewEmployee(EmployeeServiceImpl.java:18) ~[classes/:na]
	at com.EmployeeManagement.Service.EmployeeServiceImpl.addNewEmployee(EmployeeServiceImpl.java:18) ~[classes/:na]
	at com.EmployeeManagement.Service.EmployeeServiceImpl.addNewEmployee(EmployeeServiceImpl.java:18) ~[classes/:na]
	at com.EmployeeManagement.Service.EmployeeServiceImpl.addNewEmployee(EmployeeServiceImpl.java:18) ~[classes/:na]
	at com.EmployeeManagement.Service.EmployeeServiceImpl.addNewEmployee(EmployeeServiceImpl.java:18) ~[classes/:na]
	at com.EmployeeManagement.Service.EmployeeServiceImpl.addNewEmployee(EmployeeServiceImpl.java:18) ~[classes/:na]
	at com.EmployeeManagement.Service.EmployeeServiceImpl.addNewEmployee(EmployeeServiceImpl.java:18) ~[classes/:na]
	at com.EmployeeManagement.Service.EmployeeServiceImpl.addNewEmployee(EmployeeServiceImpl.java:18) ~[classes/:na]
	at com.EmployeeManagement.Service.EmployeeServiceImpl.addNewEmployee(EmployeeServiceImpl.java:18) ~[classes/:na]
	at com.EmployeeManagement.Service.EmployeeServiceImpl.addNewEmployee(EmployeeServiceImpl.java:18) ~[classes/:na]
	at com.EmployeeManagement.Service.EmployeeServiceImpl.addNewEmployee(EmployeeServiceImpl.java:18) ~[classes/:na]
	at com.EmployeeManagement.Service.EmployeeServiceImpl.addNewEmployee(EmployeeServiceImpl.java:18) ~[classes/:na]
	at com.EmployeeManagement.Service.EmployeeServiceImpl.addNewEmployee(EmployeeServiceImpl.java:18) ~[classes/:na]
	at com.EmployeeManagement.Service.EmployeeServiceImpl.addNewEmployee(EmployeeServiceImpl.java:18) ~[classes/:na]
	at com.EmployeeManagement.Service.EmployeeServiceImpl.addNewEmployee(EmployeeServiceImpl.java:18) ~[classes/:na]
	at com.EmployeeManagement.Service.EmployeeServiceImpl.addNewEmployee(EmployeeServiceImpl.java:18) ~[classes/:na]
	at com.EmployeeManagement.Service.EmployeeServiceImpl.addNewEmployee(EmployeeServiceImpl.java:18) ~[classes/:na]
	at com.EmployeeManagement.Service.EmployeeServiceImpl.addNewEmployee(EmployeeServiceImpl.java:18) ~[classes/:na]
	at com.EmployeeManagement.Service.EmployeeServiceImpl.addNewEmployee(EmployeeServiceImpl.java:18) ~[classes/:na]
	at com.EmployeeManagement.Service.EmployeeServiceImpl.addNewEmployee(EmployeeServiceImpl.java:18) ~[classes/:na]
	at com.EmployeeManagement.Service.EmployeeServiceImpl.addNewEmployee(EmployeeServiceImpl.java:18) ~[classes/:na]
	at com.EmployeeManagement.Service.EmployeeServiceImpl.addNewEmployee(EmployeeServiceImpl.java:18) ~[classes/:na]
	at com.EmployeeManagement.Service.EmployeeServiceImpl.addNewEmployee(EmployeeServiceImpl.java:18) ~[classes/:na]
	at com.EmployeeManagement.Service.EmployeeServiceImpl.addNewEmployee(EmployeeServiceImpl.java:18) ~[classes/:na]
	at com.EmployeeManagement.Service.EmployeeServiceImpl.addNewEmployee(EmployeeServiceImpl.java:18) ~[classes/:na]
	at com.EmployeeManagement.Service.EmployeeServiceImpl.addNewEmployee(EmployeeServiceImpl.java:18) ~[classes/:na]
	at com.EmployeeManagement.Service.EmployeeServiceImpl.addNewEmployee(EmployeeServiceImpl.java:18) ~[classes/:na]
	at com.EmployeeManagement.Service.EmployeeServiceImpl.addNewEmployee(EmployeeServiceImpl.java:18) ~[classes/:na]
	at com.EmployeeManagement.Service.EmployeeServiceImpl.addNewEmployee(EmployeeServiceImpl.java:18) ~[classes/:na]
	at com.EmployeeManagement.Service.EmployeeServiceImpl.addNewEmployee(EmployeeServiceImpl.java:18) ~[classes/:na]
	at com.EmployeeManagement.Service.EmployeeServiceImpl.addNewEmployee(EmployeeServiceImpl.java:18) ~[classes/:na]
	at com.EmployeeManagement.Service.EmployeeServiceImpl.addNewEmployee(EmployeeServiceImpl.java:18) ~[classes/:na]
	at com.EmployeeManagement.Service.EmployeeServiceImpl.addNewEmployee(EmployeeServiceImpl.java:18) ~[classes/:na]
	at com.EmployeeManagement.Service.EmployeeServiceImpl.addNewEmployee(EmployeeServiceImpl.java:18) ~[classes/:na]
	at com.EmployeeManagement.Service.EmployeeServiceImpl.addNewEmployee(EmployeeServiceImpl.java:18) ~[classes/:na]
	at com.EmployeeManagement.Service.EmployeeServiceImpl.addNewEmployee(EmployeeServiceImpl.java:18) ~[classes/:na]
	at com.EmployeeManagement.Service.EmployeeServiceImpl.addNewEmployee(EmployeeServiceImpl.java:18) ~[classes/:na]
	at com.EmployeeManagement.Service.EmployeeServiceImpl.addNewEmployee(EmployeeServiceImpl.java:18) ~[classes/:na]
	at com.EmployeeManagement.Service.EmployeeServiceImpl.addNewEmployee(EmployeeServiceImpl.java:18) ~[classes/:na]
	at com.EmployeeManagement.Service.EmployeeServiceImpl.addNewEmployee(EmployeeServiceImpl.java:18) ~[classes/:na]
	at com.EmployeeManagement.Service.EmployeeServiceImpl.addNewEmployee(EmployeeServiceImpl.java:18) ~[classes/:na]
	at com.EmployeeManagement.Service.EmployeeServiceImpl.addNewEmployee(EmployeeServiceImpl.java:18) ~[classes/:na]
	at com.EmployeeManagement.Service.EmployeeServiceImpl.addNewEmployee(EmployeeServiceImpl.java:18) ~[classes/:na]
	at com.EmployeeManagement.Service.EmployeeServiceImpl.addNewEmployee(EmployeeServiceImpl.java:18) ~[classes/:na]
	at com.EmployeeManagement.Service.EmployeeServiceImpl.addNewEmployee(EmployeeServiceImpl.java:18) ~[classes/:na]
	at com.EmployeeManagement.Service.EmployeeServiceImpl.addNewEmployee(EmployeeServiceImpl.java:18) ~[classes/:na]
	at com.EmployeeManagement.Service.EmployeeServiceImpl.addNewEmployee(EmployeeServiceImpl.java:18) ~[classes/:na]
	at com.EmployeeManagement.Service.EmployeeServiceImpl.addNewEmployee(EmployeeServiceImpl.java:18) ~[classes/:na]
	at com.EmployeeManagement.Service.EmployeeServiceImpl.addNewEmployee(EmployeeServiceImpl.java:18) ~[classes/:na]
	at com.EmployeeManagement.Service.EmployeeServiceImpl.addNewEmployee(EmployeeServiceImpl.java:18) ~[classes/:na]
	at com.EmployeeManagement.Service.EmployeeServiceImpl.addNewEmployee(EmployeeServiceImpl.java:18) ~[classes/:na]
	at com.EmployeeManagement.Service.EmployeeServiceImpl.addNewEmployee(EmployeeServiceImpl.java:18) ~[classes/:na]
	at com.EmployeeManagement.Service.EmployeeServiceImpl.addNewEmployee(EmployeeServiceImpl.java:18) ~[classes/:na]
	at com.EmployeeManagement.Service.EmployeeServiceImpl.addNewEmployee(EmployeeServiceImpl.java:18) ~[classes/:na]
	at com.EmployeeManagement.Service.EmployeeServiceImpl.addNewEmployee(EmployeeServiceImpl.java:18) ~[classes/:na]
	at com.EmployeeManagement.Service.EmployeeServiceImpl.addNewEmployee(EmployeeServiceImpl.java:18) ~[classes/:na]
	at com.EmployeeManagement.Service.EmployeeServiceImpl.addNewEmployee(EmployeeServiceImpl.java:18) ~[classes/:na]
	at com.EmployeeManagement.Service.EmployeeServiceImpl.addNewEmployee(EmployeeServiceImpl.java:18) ~[classes/:na]
	at com.EmployeeManagement.Service.EmployeeServiceImpl.addNewEmployee(EmployeeServiceImpl.java:18) ~[classes/:na]
	at com.EmployeeManagement.Service.EmployeeServiceImpl.addNewEmployee(EmployeeServiceImpl.java:18) ~[classes/:na]
	at com.EmployeeManagement.Service.EmployeeServiceImpl.addNewEmployee(EmployeeServiceImpl.java:18) ~[classes/:na]
	at com.EmployeeManagement.Service.EmployeeServiceImpl.addNewEmployee(EmployeeServiceImpl.java:18) ~[classes/:na]
	at com.EmployeeManagement.Service.EmployeeServiceImpl.addNewEmployee(EmployeeServiceImpl.java:18) ~[classes/:na]
	at com.EmployeeManagement.Service.EmployeeServiceImpl.addNewEmployee(EmployeeServiceImpl.java:18) ~[classes/:na]
	at com.EmployeeManagement.Service.EmployeeServiceImpl.addNewEmployee(EmployeeServiceImpl.java:18) ~[classes/:na]
	at com.EmployeeManagement.Service.EmployeeServiceImpl.addNewEmployee(EmployeeServiceImpl.java:18) ~[classes/:na]
	at com.EmployeeManagement.Service.EmployeeServiceImpl.addNewEmployee(EmployeeServiceImpl.java:18) ~[classes/:na]
	at com.EmployeeManagement.Service.EmployeeServiceImpl.addNewEmployee(EmployeeServiceImpl.java:18) ~[classes/:na]
	at com.EmployeeManagement.Service.EmployeeServiceImpl.addNewEmployee(EmployeeServiceImpl.java:18) ~[classes/:na]
	at com.EmployeeManagement.Service.EmployeeServiceImpl.addNewEmployee(EmployeeServiceImpl.java:18) ~[classes/:na]
	at com.EmployeeManagement.Service.EmployeeServiceImpl.addNewEmployee(EmployeeServiceImpl.java:18) ~[classes/:na]
	at com.EmployeeManagement.Service.EmployeeServiceImpl.addNewEmployee(EmployeeServiceImpl.java:18) ~[classes/:na]
	at com.EmployeeManagement.Service.EmployeeServiceImpl.addNewEmployee(EmployeeServiceImpl.java:18) ~[classes/:na]
	at com.EmployeeManagement.Service.EmployeeServiceImpl.addNewEmployee(EmployeeServiceImpl.java:18) ~[classes/:na]
	at com.EmployeeManagement.Service.EmployeeServiceImpl.addNewEmployee(EmployeeServiceImpl.java:18) ~[classes/:na]
	at com.EmployeeManagement.Service.EmployeeServiceImpl.addNewEmployee(EmployeeServiceImpl.java:18) ~[classes/:na]
	at com.EmployeeManagement.Service.EmployeeServiceImpl.addNewEmployee(EmployeeServiceImpl.java:18) ~[classes/:na]
	at com.EmployeeManagement.Service.EmployeeServiceImpl.addNewEmployee(EmployeeServiceImpl.java:18) ~[classes/:na]
	at com.EmployeeManagement.Service.EmployeeServiceImpl.addNewEmployee(EmployeeServiceImpl.java:18) ~[classes/:na]
	at com.EmployeeManagement.Service.EmployeeServiceImpl.addNewEmployee(EmployeeServiceImpl.java:18) ~[classes/:na]
	at com.EmployeeManagement.Service.EmployeeServiceImpl.addNewEmployee(EmployeeServiceImpl.java:18) ~[classes/:na]
	at com.EmployeeManagement.Service.EmployeeServiceImpl.addNewEmployee(EmployeeServiceImpl.java:18) ~[classes/:na]
	at com.EmployeeManagement.Service.EmployeeServiceImpl.addNewEmployee(EmployeeServiceImpl.java:18) ~[classes/:na]
	at com.EmployeeManagement.Service.EmployeeServiceImpl.addNewEmployee(EmployeeServiceImpl.java:18) ~[classes/:na]
	at com.EmployeeManagement.Service.EmployeeServiceImpl.addNewEmployee(EmployeeServiceImpl.java:18) ~[classes/:na]
	at com.EmployeeManagement.Service.EmployeeServiceImpl.addNewEmployee(EmployeeServiceImpl.java:18) ~[classes/:na]
	at com.EmployeeManagement.Service.EmployeeServiceImpl.addNewEmployee(EmployeeServiceImpl.java:18) ~[classes/:na]
	at com.EmployeeManagement.Service.EmployeeServiceImpl.addNewEmployee(EmployeeServiceImpl.java:18) ~[classes/:na]
	at com.EmployeeManagement.Service.EmployeeServiceImpl.addNewEmployee(EmployeeServiceImpl.java:18) ~[classes/:na]
	at com.EmployeeManagement.Service.EmployeeServiceImpl.addNewEmployee(EmployeeServiceImpl.java:18) ~[classes/:na]
	at com.EmployeeManagement.Service.EmployeeServiceImpl.addNewEmployee(EmployeeServiceImpl.java:18) ~[classes/:na]
	at com.EmployeeManagement.Service.EmployeeServiceImpl.addNewEmployee(EmployeeServiceImpl.java:18) ~[classes/:na]
	at com.EmployeeManagement.Service.EmployeeServiceImpl.addNewEmployee(EmployeeServiceImpl.java:18) ~[classes/:na]
	at com.EmployeeManagement.Service.EmployeeServiceImpl.addNewEmployee(EmployeeServiceImpl.java:18) ~[classes/:na]
	at com.EmployeeManagement.Service.EmployeeServiceImpl.addNewEmployee(EmployeeServiceImpl.java:18) ~[classes/:na]
	at com.EmployeeManagement.Service.EmployeeServiceImpl.addNewEmployee(EmployeeServiceImpl.java:18) ~[classes/:na]
	at com.EmployeeManagement.Service.EmployeeServiceImpl.addNewEmployee(EmployeeServiceImpl.java:18) ~[classes/:na]
	at com.EmployeeManagement.Service.EmployeeServiceImpl.addNewEmployee(EmployeeServiceImpl.java:18) ~[classes/:na]
	at com.EmployeeManagement.Service.EmployeeServiceImpl.addNewEmployee(EmployeeServiceImpl.java:18) ~[classes/:na]
	at com.EmployeeManagement.Service.EmployeeServiceImpl.addNewEmployee(EmployeeServiceImpl.java:18) ~[classes/:na]
	at com.EmployeeManagement.Service.EmployeeServiceImpl.addNewEmployee(EmployeeServiceImpl.java:18) ~[classes/:na]
	at com.EmployeeManagement.Service.EmployeeServiceImpl.addNewEmployee(EmployeeServiceImpl.java:18) ~[classes/:na]
	at com.EmployeeManagement.Service.EmployeeServiceImpl.addNewEmployee(EmployeeServiceImpl.java:18) ~[classes/:na]
	at com.EmployeeManagement.Service.EmployeeServiceImpl.addNewEmployee(EmployeeServiceImpl.java:18) ~[classes/:na]
	at com.EmployeeManagement.Service.EmployeeServiceImpl.addNewEmployee(EmployeeServiceImpl.java:18) ~[classes/:na]
	at com.EmployeeManagement.Service.EmployeeServiceImpl.addNewEmployee(EmployeeServiceImpl.java:18) ~[classes/:na]
	at com.EmployeeManagement.Service.EmployeeServiceImpl.addNewEmployee(EmployeeServiceImpl.java:18) ~[classes/:na]
	at com.EmployeeManagement.Service.EmployeeServiceImpl.addNewEmployee(EmployeeServiceImpl.java:18) ~[classes/:na]
	at com.EmployeeManagement.Service.EmployeeServiceImpl.addNewEmployee(EmployeeServiceImpl.java:18) ~[classes/:na]
	at com.EmployeeManagement.Service.EmployeeServiceImpl.addNewEmployee(EmployeeServiceImpl.java:18) ~[classes/:na]
	at com.EmployeeManagement.Service.EmployeeServiceImpl.addNewEmployee(EmployeeServiceImpl.java:18) ~[classes/:na]
	at com.EmployeeManagement.Service.EmployeeServiceImpl.addNewEmployee(EmployeeServiceImpl.java:18) ~[classes/:na]
	at com.EmployeeManagement.Service.EmployeeServiceImpl.addNewEmployee(EmployeeServiceImpl.java:18) ~[classes/:na]
	at com.EmployeeManagement.Service.EmployeeServiceImpl.addNewEmployee(EmployeeServiceImpl.java:18) ~[classes/:na]
	at com.EmployeeManagement.Service.EmployeeServiceImpl.addNewEmployee(EmployeeServiceImpl.java:18) ~[classes/:na]
	at com.EmployeeManagement.Service.EmployeeServiceImpl.addNewEmployee(EmployeeServiceImpl.java:18) ~[classes/:na]
	at com.EmployeeManagement.Service.EmployeeServiceImpl.addNewEmployee(EmployeeServiceImpl.java:18) ~[classes/:na]
	at com.EmployeeManagement.Service.EmployeeServiceImpl.addNewEmployee(EmployeeServiceImpl.java:18) ~[classes/:na]
	at com.EmployeeManagement.Service.EmployeeServiceImpl.addNewEmployee(EmployeeServiceImpl.java:18) ~[classes/:na]
	at com.EmployeeManagement.Service.EmployeeServiceImpl.addNewEmployee(EmployeeServiceImpl.java:18) ~[classes/:na]
	at com.EmployeeManagement.Service.EmployeeServiceImpl.addNewEmployee(EmployeeServiceImpl.java:18) ~[classes/:na]
	at com.EmployeeManagement.Service.EmployeeServiceImpl.addNewEmployee(EmployeeServiceImpl.java:18) ~[classes/:na]
	at com.EmployeeManagement.Service.EmployeeServiceImpl.addNewEmployee(EmployeeServiceImpl.java:18) ~[classes/:na]
	at com.EmployeeManagement.Service.EmployeeServiceImpl.addNewEmployee(EmployeeServiceImpl.java:18) ~[classes/:na]
	at com.EmployeeManagement.Service.EmployeeServiceImpl.addNewEmployee(EmployeeServiceImpl.java:18) ~[classes/:na]
	at com.EmployeeManagement.Service.EmployeeServiceImpl.addNewEmployee(EmployeeServiceImpl.java:18) ~[classes/:na]
	at com.EmployeeManagement.Service.EmployeeServiceImpl.addNewEmployee(EmployeeServiceImpl.java:18) ~[classes/:na]
	at com.EmployeeManagement.Service.EmployeeServiceImpl.addNewEmployee(EmployeeServiceImpl.java:18) ~[classes/:na]
	at com.EmployeeManagement.Service.EmployeeServiceImpl.addNewEmployee(EmployeeServiceImpl.java:18) ~[classes/:na]
	at com.EmployeeManagement.Service.EmployeeServiceImpl.addNewEmployee(EmployeeServiceImpl.java:18) ~[classes/:na]
	at com.EmployeeManagement.Service.EmployeeServiceImpl.addNewEmployee(EmployeeServiceImpl.java:18) ~[classes/:na]
	at com.EmployeeManagement.Service.EmployeeServiceImpl.addNewEmployee(EmployeeServiceImpl.java:18) ~[classes/:na]
	at com.EmployeeManagement.Service.EmployeeServiceImpl.addNewEmployee(EmployeeServiceImpl.java:18) ~[classes/:na]
	at com.EmployeeManagement.Service.EmployeeServiceImpl.addNewEmployee(EmployeeServiceImpl.java:18) ~[classes/:na]
	at com.EmployeeManagement.Service.EmployeeServiceImpl.addNewEmployee(EmployeeServiceImpl.java:18) ~[classes/:na]
	at com.EmployeeManagement.Service.EmployeeServiceImpl.addNewEmployee(EmployeeServiceImpl.java:18) ~[classes/:na]
	at com.EmployeeManagement.Service.EmployeeServiceImpl.addNewEmployee(EmployeeServiceImpl.java:18) ~[classes/:na]
	at com.EmployeeManagement.Service.EmployeeServiceImpl.addNewEmployee(EmployeeServiceImpl.java:18) ~[classes/:na]
	at com.EmployeeManagement.Service.EmployeeServiceImpl.addNewEmployee(EmployeeServiceImpl.java:18) ~[classes/:na]
	at com.EmployeeManagement.Service.EmployeeServiceImpl.addNewEmployee(EmployeeServiceImpl.java:18) ~[classes/:na]
	at com.EmployeeManagement.Service.EmployeeServiceImpl.addNewEmployee(EmployeeServiceImpl.java:18) ~[classes/:na]
	at com.EmployeeManagement.Service.EmployeeServiceImpl.addNewEmployee(EmployeeServiceImpl.java:18) ~[classes/:na]
	at com.EmployeeManagement.Service.EmployeeServiceImpl.addNewEmployee(EmployeeServiceImpl.java:18) ~[classes/:na]
	at com.EmployeeManagement.Service.EmployeeServiceImpl.addNewEmployee(EmployeeServiceImpl.java:18) ~[classes/:na]
	at com.EmployeeManagement.Service.EmployeeServiceImpl.addNewEmployee(EmployeeServiceImpl.java:18) ~[classes/:na]
	at com.EmployeeManagement.Service.EmployeeServiceImpl.addNewEmployee(EmployeeServiceImpl.java:18) ~[classes/:na]
	at com.EmployeeManagement.Service.EmployeeServiceImpl.addNewEmployee(EmployeeServiceImpl.java:18) ~[classes/:na]
	at com.EmployeeManagement.Service.EmployeeServiceImpl.addNewEmployee(EmployeeServiceImpl.java:18) ~[classes/:na]
	at com.EmployeeManagement.Service.EmployeeServiceImpl.addNewEmployee(EmployeeServiceImpl.java:18) ~[classes/:na]
	at com.EmployeeManagement.Service.EmployeeServiceImpl.addNewEmployee(EmployeeServiceImpl.java:18) ~[classes/:na]
	at com.EmployeeManagement.Service.EmployeeServiceImpl.addNewEmployee(EmployeeServiceImpl.java:18) ~[classes/:na]
	at com.EmployeeManagement.Service.EmployeeServiceImpl.addNewEmployee(EmployeeServiceImpl.java:18) ~[classes/:na]
	at com.EmployeeManagement.Service.EmployeeServiceImpl.addNewEmployee(EmployeeServiceImpl.java:18) ~[classes/:na]
	at com.EmployeeManagement.Service.EmployeeServiceImpl.addNewEmployee(EmployeeServiceImpl.java:18) ~[classes/:na]
	at com.EmployeeManagement.Service.EmployeeServiceImpl.addNewEmployee(EmployeeServiceImpl.java:18) ~[classes/:na]
	at com.EmployeeManagement.Service.EmployeeServiceImpl.addNewEmployee(EmployeeServiceImpl.java:18) ~[classes/:na]
	at com.EmployeeManagement.Service.EmployeeServiceImpl.addNewEmployee(EmployeeServiceImpl.java:18) ~[classes/:na]
	at com.EmployeeManagement.Service.EmployeeServiceImpl.addNewEmployee(EmployeeServiceImpl.java:18) ~[classes/:na]
	at com.EmployeeManagement.Service.EmployeeServiceImpl.addNewEmployee(EmployeeServiceImpl.java:18) ~[classes/:na]
	at com.EmployeeManagement.Service.EmployeeServiceImpl.addNewEmployee(EmployeeServiceImpl.java:18) ~[classes/:na]
	at com.EmployeeManagement.Service.EmployeeServiceImpl.addNewEmployee(EmployeeServiceImpl.java:18) ~[classes/:na]
	at com.EmployeeManagement.Service.EmployeeServiceImpl.addNewEmployee(EmployeeServiceImpl.java:18) ~[classes/:na]
	at com.EmployeeManagement.Service.EmployeeServiceImpl.addNewEmployee(EmployeeServiceImpl.java:18) ~[classes/:na]
	at com.EmployeeManagement.Service.EmployeeServiceImpl.addNewEmployee(EmployeeServiceImpl.java:18) ~[classes/:na]
	at com.EmployeeManagement.Service.EmployeeServiceImpl.addNewEmployee(EmployeeServiceImpl.java:18) ~[classes/:na]
	at com.EmployeeManagement.Service.EmployeeServiceImpl.addNewEmployee(EmployeeServiceImpl.java:18) ~[classes/:na]
	at com.EmployeeManagement.Service.EmployeeServiceImpl.addNewEmployee(EmployeeServiceImpl.java:18) ~[classes/:na]
	at com.EmployeeManagement.Service.EmployeeServiceImpl.addNewEmployee(EmployeeServiceImpl.java:18) ~[classes/:na]
	at com.EmployeeManagement.Service.EmployeeServiceImpl.addNewEmployee(EmployeeServiceImpl.java:18) ~[classes/:na]
	at com.EmployeeManagement.Service.EmployeeServiceImpl.addNewEmployee(EmployeeServiceImpl.java:18) ~[classes/:na]
	at com.EmployeeManagement.Service.EmployeeServiceImpl.addNewEmployee(EmployeeServiceImpl.java:18) ~[classes/:na]
	at com.EmployeeManagement.Service.EmployeeServiceImpl.addNewEmployee(EmployeeServiceImpl.java:18) ~[classes/:na]
	at com.EmployeeManagement.Service.EmployeeServiceImpl.addNewEmployee(EmployeeServiceImpl.java:18) ~[classes/:na]
	at com.EmployeeManagement.Service.EmployeeServiceImpl.addNewEmployee(EmployeeServiceImpl.java:18) ~[classes/:na]
	at com.EmployeeManagement.Service.EmployeeServiceImpl.addNewEmployee(EmployeeServiceImpl.java:18) ~[classes/:na]
	at com.EmployeeManagement.Service.EmployeeServiceImpl.addNewEmployee(EmployeeServiceImpl.java:18) ~[classes/:na]
	at com.EmployeeManagement.Service.EmployeeServiceImpl.addNewEmployee(EmployeeServiceImpl.java:18) ~[classes/:na]
	at com.EmployeeManagement.Service.EmployeeServiceImpl.addNewEmployee(EmployeeServiceImpl.java:18) ~[classes/:na]
	at com.EmployeeManagement.Service.EmployeeServiceImpl.addNewEmployee(EmployeeServiceImpl.java:18) ~[classes/:na]
	at com.EmployeeManagement.Service.EmployeeServiceImpl.addNewEmployee(EmployeeServiceImpl.java:18) ~[classes/:na]
	at com.EmployeeManagement.Service.EmployeeServiceImpl.addNewEmployee(EmployeeServiceImpl.java:18) ~[classes/:na]
	at com.EmployeeManagement.Service.EmployeeServiceImpl.addNewEmployee(EmployeeServiceImpl.java:18) ~[classes/:na]
	at com.EmployeeManagement.Service.EmployeeServiceImpl.addNewEmployee(EmployeeServiceImpl.java:18) ~[classes/:na]
	at com.EmployeeManagement.Service.EmployeeServiceImpl.addNewEmployee(EmployeeServiceImpl.java:18) ~[classes/:na]
	at com.EmployeeManagement.Service.EmployeeServiceImpl.addNewEmployee(EmployeeServiceImpl.java:18) ~[classes/:na]
	at com.EmployeeManagement.Service.EmployeeServiceImpl.addNewEmployee(EmployeeServiceImpl.java:18) ~[classes/:na]
	at com.EmployeeManagement.Service.EmployeeServiceImpl.addNewEmployee(EmployeeServiceImpl.java:18) ~[classes/:na]
	at com.EmployeeManagement.Service.EmployeeServiceImpl.addNewEmployee(EmployeeServiceImpl.java:18) ~[classes/:na]
	at com.EmployeeManagement.Service.EmployeeServiceImpl.addNewEmployee(EmployeeServiceImpl.java:18) ~[classes/:na]
	at com.EmployeeManagement.Service.EmployeeServiceImpl.addNewEmployee(EmployeeServiceImpl.java:18) ~[classes/:na]
	at com.EmployeeManagement.Service.EmployeeServiceImpl.addNewEmployee(EmployeeServiceImpl.java:18) ~[classes/:na]
	at com.EmployeeManagement.Service.EmployeeServiceImpl.addNewEmployee(EmployeeServiceImpl.java:18) ~[classes/:na]
	at com.EmployeeManagement.Service.EmployeeServiceImpl.addNewEmployee(EmployeeServiceImpl.java:18) ~[classes/:na]
	at com.EmployeeManagement.Service.EmployeeServiceImpl.addNewEmployee(EmployeeServiceImpl.java:18) ~[classes/:na]
	at com.EmployeeManagement.Service.EmployeeServiceImpl.addNewEmployee(EmployeeServiceImpl.java:18) ~[classes/:na]
	at com.EmployeeManagement.Service.EmployeeServiceImpl.addNewEmployee(EmployeeServiceImpl.java:18) ~[classes/:na]
	at com.EmployeeManagement.Service.EmployeeServiceImpl.addNewEmployee(EmployeeServiceImpl.java:18) ~[classes/:na]
	at com.EmployeeManagement.Service.EmployeeServiceImpl.addNewEmployee(EmployeeServiceImpl.java:18) ~[classes/:na]
	at com.EmployeeManagement.Service.EmployeeServiceImpl.addNewEmployee(EmployeeServiceImpl.java:18) ~[classes/:na]
	at com.EmployeeManagement.Service.EmployeeServiceImpl.addNewEmployee(EmployeeServiceImpl.java:18) ~[classes/:na]
	at com.EmployeeManagement.Service.EmployeeServiceImpl.addNewEmployee(EmployeeServiceImpl.java:18) ~[classes/:na]
	at com.EmployeeManagement.Service.EmployeeServiceImpl.addNewEmployee(EmployeeServiceImpl.java:18) ~[classes/:na]
	at com.EmployeeManagement.Service.EmployeeServiceImpl.addNewEmployee(EmployeeServiceImpl.java:18) ~[classes/:na]
	at com.EmployeeManagement.Service.EmployeeServiceImpl.addNewEmployee(EmployeeServiceImpl.java:18) ~[classes/:na]
	at com.EmployeeManagement.Service.EmployeeServiceImpl.addNewEmployee(EmployeeServiceImpl.java:18) ~[classes/:na]
	at com.EmployeeManagement.Service.EmployeeServiceImpl.addNewEmployee(EmployeeServiceImpl.java:18) ~[classes/:na]
	at com.EmployeeManagement.Service.EmployeeServiceImpl.addNewEmployee(EmployeeServiceImpl.java:18) ~[classes/:na]
	at com.EmployeeManagement.Service.EmployeeServiceImpl.addNewEmployee(EmployeeServiceImpl.java:18) ~[classes/:na]
	at com.EmployeeManagement.Service.EmployeeServiceImpl.addNewEmployee(EmployeeServiceImpl.java:18) ~[classes/:na]
	at com.EmployeeManagement.Service.EmployeeServiceImpl.addNewEmployee(EmployeeServiceImpl.java:18) ~[classes/:na]
	at com.EmployeeManagement.Service.EmployeeServiceImpl.addNewEmployee(EmployeeServiceImpl.java:18) ~[classes/:na]
	at com.EmployeeManagement.Service.EmployeeServiceImpl.addNewEmployee(EmployeeServiceImpl.java:18) ~[classes/:na]
	at com.EmployeeManagement.Service.EmployeeServiceImpl.addNewEmployee(EmployeeServiceImpl.java:18) ~[classes/:na]
	at com.EmployeeManagement.Service.EmployeeServiceImpl.addNewEmployee(EmployeeServiceImpl.java:18) ~[classes/:na]
	at com.EmployeeManagement.Service.EmployeeServiceImpl.addNewEmployee(EmployeeServiceImpl.java:18) ~[classes/:na]
	at com.EmployeeManagement.Service.EmployeeServiceImpl.addNewEmployee(EmployeeServiceImpl.java:18) ~[classes/:na]
	at com.EmployeeManagement.Service.EmployeeServiceImpl.addNewEmployee(EmployeeServiceImpl.java:18) ~[classes/:na]
	at com.EmployeeManagement.Service.EmployeeServiceImpl.addNewEmployee(EmployeeServiceImpl.java:18) ~[classes/:na]
	at com.EmployeeManagement.Service.EmployeeServiceImpl.addNewEmployee(EmployeeServiceImpl.java:18) ~[classes/:na]
	at com.EmployeeManagement.Service.EmployeeServiceImpl.addNewEmployee(EmployeeServiceImpl.java:18) ~[classes/:na]
	at com.EmployeeManagement.Service.EmployeeServiceImpl.addNewEmployee(EmployeeServiceImpl.java:18) ~[classes/:na]
	at com.EmployeeManagement.Service.EmployeeServiceImpl.addNewEmployee(EmployeeServiceImpl.java:18) ~[classes/:na]
	at com.EmployeeManagement.Service.EmployeeServiceImpl.addNewEmployee(EmployeeServiceImpl.java:18) ~[classes/:na]
	at com.EmployeeManagement.Service.EmployeeServiceImpl.addNewEmployee(EmployeeServiceImpl.java:18) ~[classes/:na]
	at com.EmployeeManagement.Service.EmployeeServiceImpl.addNewEmployee(EmployeeServiceImpl.java:18) ~[classes/:na]
	at com.EmployeeManagement.Service.EmployeeServiceImpl.addNewEmployee(EmployeeServiceImpl.java:18) ~[classes/:na]
	at com.EmployeeManagement.Service.EmployeeServiceImpl.addNewEmployee(EmployeeServiceImpl.java:18) ~[classes/:na]
	at com.EmployeeManagement.Service.EmployeeServiceImpl.addNewEmployee(EmployeeServiceImpl.java:18) ~[classes/:na]
	at com.EmployeeManagement.Service.EmployeeServiceImpl.addNewEmployee(EmployeeServiceImpl.java:18) ~[classes/:na]
	at com.EmployeeManagement.Service.EmployeeServiceImpl.addNewEmployee(EmployeeServiceImpl.java:18) ~[classes/:na]
	at com.EmployeeManagement.Service.EmployeeServiceImpl.addNewEmployee(EmployeeServiceImpl.java:18) ~[classes/:na]
	at com.EmployeeManagement.Service.EmployeeServiceImpl.addNewEmployee(EmployeeServiceImpl.java:18) ~[classes/:na]
	at com.EmployeeManagement.Service.EmployeeServiceImpl.addNewEmployee(EmployeeServiceImpl.java:18) ~[classes/:na]
	at com.EmployeeManagement.Service.EmployeeServiceImpl.addNewEmployee(EmployeeServiceImpl.java:18) ~[classes/:na]
	at com.EmployeeManagement.Service.EmployeeServiceImpl.addNewEmployee(EmployeeServiceImpl.java:18) ~[classes/:na]
	at com.EmployeeManagement.Service.EmployeeServiceImpl.addNewEmployee(EmployeeServiceImpl.java:18) ~[classes/:na]
	at com.EmployeeManagement.Service.EmployeeServiceImpl.addNewEmployee(EmployeeServiceImpl.java:18) ~[classes/:na]
	at com.EmployeeManagement.Service.EmployeeServiceImpl.addNewEmployee(EmployeeServiceImpl.java:18) ~[classes/:na]
	at com.EmployeeManagement.Service.EmployeeServiceImpl.addNewEmployee(EmployeeServiceImpl.java:18) ~[classes/:na]
	at com.EmployeeManagement.Service.EmployeeServiceImpl.addNewEmployee(EmployeeServiceImpl.java:18) ~[classes/:na]
	at com.EmployeeManagement.Service.EmployeeServiceImpl.addNewEmployee(EmployeeServiceImpl.java:18) ~[classes/:na]
	at com.EmployeeManagement.Service.EmployeeServiceImpl.addNewEmployee(EmployeeServiceImpl.java:18) ~[classes/:na]
	at com.EmployeeManagement.Service.EmployeeServiceImpl.addNewEmployee(EmployeeServiceImpl.java:18) ~[classes/:na]
	at com.EmployeeManagement.Service.EmployeeServiceImpl.addNewEmployee(EmployeeServiceImpl.java:18) ~[classes/:na]
	at com.EmployeeManagement.Service.EmployeeServiceImpl.addNewEmployee(EmployeeServiceImpl.java:18) ~[classes/:na]
	at com.EmployeeManagement.Service.EmployeeServiceImpl.addNewEmployee(EmployeeServiceImpl.java:18) ~[classes/:na]
	at com.EmployeeManagement.Service.EmployeeServiceImpl.addNewEmployee(EmployeeServiceImpl.java:18) ~[classes/:na]
	at com.EmployeeManagement.Service.EmployeeServiceImpl.addNewEmployee(EmployeeServiceImpl.java:18) ~[classes/:na]
	at com.EmployeeManagement.Service.EmployeeServiceImpl.addNewEmployee(EmployeeServiceImpl.java:18) ~[classes/:na]
	at com.EmployeeManagement.Service.EmployeeServiceImpl.addNewEmployee(EmployeeServiceImpl.java:18) ~[classes/:na]
	at com.EmployeeManagement.Service.EmployeeServiceImpl.addNewEmployee(EmployeeServiceImpl.java:18) ~[classes/:na]
	at com.EmployeeManagement.Service.EmployeeServiceImpl.addNewEmployee(EmployeeServiceImpl.java:18) ~[classes/:na]
	at com.EmployeeManagement.Service.EmployeeServiceImpl.addNewEmployee(EmployeeServiceImpl.java:18) ~[classes/:na]
	at com.EmployeeManagement.Service.EmployeeServiceImpl.addNewEmployee(EmployeeServiceImpl.java:18) ~[classes/:na]
	at com.EmployeeManagement.Service.EmployeeServiceImpl.addNewEmployee(EmployeeServiceImpl.java:18) ~[classes/:na]
	at com.EmployeeManagement.Service.EmployeeServiceImpl.addNewEmployee(EmployeeServiceImpl.java:18) ~[classes/:na]
	at com.EmployeeManagement.Service.EmployeeServiceImpl.addNewEmployee(EmployeeServiceImpl.java:18) ~[classes/:na]
	at com.EmployeeManagement.Service.EmployeeServiceImpl.addNewEmployee(EmployeeServiceImpl.java:18) ~[classes/:na]
	at com.EmployeeManagement.Service.EmployeeServiceImpl.addNewEmployee(EmployeeServiceImpl.java:18) ~[classes/:na]
	at com.EmployeeManagement.Service.EmployeeServiceImpl.addNewEmployee(EmployeeServiceImpl.java:18) ~[classes/:na]
	at com.EmployeeManagement.Service.EmployeeServiceImpl.addNewEmployee(EmployeeServiceImpl.java:18) ~[classes/:na]
	at com.EmployeeManagement.Service.EmployeeServiceImpl.addNewEmployee(EmployeeServiceImpl.java:18) ~[classes/:na]
	at com.EmployeeManagement.Service.EmployeeServiceImpl.addNewEmployee(EmployeeServiceImpl.java:18) ~[classes/:na]
	at com.EmployeeManagement.Service.EmployeeServiceImpl.addNewEmployee(EmployeeServiceImpl.java:18) ~[classes/:na]
	at com.EmployeeManagement.Service.EmployeeServiceImpl.addNewEmployee(EmployeeServiceImpl.java:18) ~[classes/:na]
	at com.EmployeeManagement.Service.EmployeeServiceImpl.addNewEmployee(EmployeeServiceImpl.java:18) ~[classes/:na]
	at com.EmployeeManagement.Service.EmployeeServiceImpl.addNewEmployee(EmployeeServiceImpl.java:18) ~[classes/:na]
	at com.EmployeeManagement.Service.EmployeeServiceImpl.addNewEmployee(EmployeeServiceImpl.java:18) ~[classes/:na]
	at com.EmployeeManagement.Service.EmployeeServiceImpl.addNewEmployee(EmployeeServiceImpl.java:18) ~[classes/:na]
	at com.EmployeeManagement.Service.EmployeeServiceImpl.addNewEmployee(EmployeeServiceImpl.java:18) ~[classes/:na]
	at com.EmployeeManagement.Service.EmployeeServiceImpl.addNewEmployee(EmployeeServiceImpl.java:18) ~[classes/:na]
	at com.EmployeeManagement.Service.EmployeeServiceImpl.addNewEmployee(EmployeeServiceImpl.java:18) ~[classes/:na]
	at com.EmployeeManagement.Service.EmployeeServiceImpl.addNewEmployee(EmployeeServiceImpl.java:18) ~[classes/:na]
	at com.EmployeeManagement.Service.EmployeeServiceImpl.addNewEmployee(EmployeeServiceImpl.java:18) ~[classes/:na]
	at com.EmployeeManagement.Service.EmployeeServiceImpl.addNewEmployee(EmployeeServiceImpl.java:18) ~[classes/:na]
	at com.EmployeeManagement.Service.EmployeeServiceImpl.addNewEmployee(EmployeeServiceImpl.java:18) ~[classes/:na]
	at com.EmployeeManagement.Service.EmployeeServiceImpl.addNewEmployee(EmployeeServiceImpl.java:18) ~[classes/:na]
	at com.EmployeeManagement.Service.EmployeeServiceImpl.addNewEmployee(EmployeeServiceImpl.java:18) ~[classes/:na]
	at com.EmployeeManagement.Service.EmployeeServiceImpl.addNewEmployee(EmployeeServiceImpl.java:18) ~[classes/:na]
	at com.EmployeeManagement.Service.EmployeeServiceImpl.addNewEmployee(EmployeeServiceImpl.java:18) ~[classes/:na]
	at com.EmployeeManagement.Service.EmployeeServiceImpl.addNewEmployee(EmployeeServiceImpl.java:18) ~[classes/:na]
	at com.EmployeeManagement.Service.EmployeeServiceImpl.addNewEmployee(EmployeeServiceImpl.java:18) ~[classes/:na]
	at com.EmployeeManagement.Service.EmployeeServiceImpl.addNewEmployee(EmployeeServiceImpl.java:18) ~[classes/:na]
	at com.EmployeeManagement.Service.EmployeeServiceImpl.addNewEmployee(EmployeeServiceImpl.java:18) ~[classes/:na]
	at com.EmployeeManagement.Service.EmployeeServiceImpl.addNewEmployee(EmployeeServiceImpl.java:18) ~[classes/:na]
	at com.EmployeeManagement.Service.EmployeeServiceImpl.addNewEmployee(EmployeeServiceImpl.java:18) ~[classes/:na]
	at com.EmployeeManagement.Service.EmployeeServiceImpl.addNewEmployee(EmployeeServiceImpl.java:18) ~[classes/:na]
	at com.EmployeeManagement.Service.EmployeeServiceImpl.addNewEmployee(EmployeeServiceImpl.java:18) ~[classes/:na]
	at com.EmployeeManagement.Service.EmployeeServiceImpl.addNewEmployee(EmployeeServiceImpl.java:18) ~[classes/:na]
	at com.EmployeeManagement.Service.EmployeeServiceImpl.addNewEmployee(EmployeeServiceImpl.java:18) ~[classes/:na]
	at com.EmployeeManagement.Service.EmployeeServiceImpl.addNewEmployee(EmployeeServiceImpl.java:18) ~[classes/:na]
	at com.EmployeeManagement.Service.EmployeeServiceImpl.addNewEmployee(EmployeeServiceImpl.java:18) ~[classes/:na]
	at com.EmployeeManagement.Service.EmployeeServiceImpl.addNewEmployee(EmployeeServiceImpl.java:18) ~[classes/:na]
	at com.EmployeeManagement.Service.EmployeeServiceImpl.addNewEmployee(EmployeeServiceImpl.java:18) ~[classes/:na]
	at com.EmployeeManagement.Service.EmployeeServiceImpl.addNewEmployee(EmployeeServiceImpl.java:18) ~[classes/:na]
	at com.EmployeeManagement.Service.EmployeeServiceImpl.addNewEmployee(EmployeeServiceImpl.java:18) ~[classes/:na]
	at com.EmployeeManagement.Service.EmployeeServiceImpl.addNewEmployee(EmployeeServiceImpl.java:18) ~[classes/:na]
	at com.EmployeeManagement.Service.EmployeeServiceImpl.addNewEmployee(EmployeeServiceImpl.java:18) ~[classes/:na]
	at com.EmployeeManagement.Service.EmployeeServiceImpl.addNewEmployee(EmployeeServiceImpl.java:18) ~[classes/:na]
	at com.EmployeeManagement.Service.EmployeeServiceImpl.addNewEmployee(EmployeeServiceImpl.java:18) ~[classes/:na]
	at com.EmployeeManagement.Service.EmployeeServiceImpl.addNewEmployee(EmployeeServiceImpl.java:18) ~[classes/:na]
	at com.EmployeeManagement.Service.EmployeeServiceImpl.addNewEmployee(EmployeeServiceImpl.java:18) ~[classes/:na]
	at com.EmployeeManagement.Service.EmployeeServiceImpl.addNewEmployee(EmployeeServiceImpl.java:18) ~[classes/:na]
	at com.EmployeeManagement.Service.EmployeeServiceImpl.addNewEmployee(EmployeeServiceImpl.java:18) ~[classes/:na]
	at com.EmployeeManagement.Service.EmployeeServiceImpl.addNewEmployee(EmployeeServiceImpl.java:18) ~[classes/:na]
	at com.EmployeeManagement.Service.EmployeeServiceImpl.addNewEmployee(EmployeeServiceImpl.java:18) ~[classes/:na]
	at com.EmployeeManagement.Service.EmployeeServiceImpl.addNewEmployee(EmployeeServiceImpl.java:18) ~[classes/:na]
	at com.EmployeeManagement.Service.EmployeeServiceImpl.addNewEmployee(EmployeeServiceImpl.java:18) ~[classes/:na]
	at com.EmployeeManagement.Service.EmployeeServiceImpl.addNewEmployee(EmployeeServiceImpl.java:18) ~[classes/:na]
	at com.EmployeeManagement.Service.EmployeeServiceImpl.addNewEmployee(EmployeeServiceImpl.java:18) ~[classes/:na]
	at com.EmployeeManagement.Service.EmployeeServiceImpl.addNewEmployee(EmployeeServiceImpl.java:18) ~[classes/:na]
	at com.EmployeeManagement.Service.EmployeeServiceImpl.addNewEmployee(EmployeeServiceImpl.java:18) ~[classes/:na]
	at com.EmployeeManagement.Service.EmployeeServiceImpl.addNewEmployee(EmployeeServiceImpl.java:18) ~[classes/:na]
	at com.EmployeeManagement.Service.EmployeeServiceImpl.addNewEmployee(EmployeeServiceImpl.java:18) ~[classes/:na]
	at com.EmployeeManagement.Service.EmployeeServiceImpl.addNewEmployee(EmployeeServiceImpl.java:18) ~[classes/:na]
	at com.EmployeeManagement.Service.EmployeeServiceImpl.addNewEmployee(EmployeeServiceImpl.java:18) ~[classes/:na]
	at com.EmployeeManagement.Service.EmployeeServiceImpl.addNewEmployee(EmployeeServiceImpl.java:18) ~[classes/:na]
	at com.EmployeeManagement.Service.EmployeeServiceImpl.addNewEmployee(EmployeeServiceImpl.java:18) ~[classes/:na]
	at com.EmployeeManagement.Service.EmployeeServiceImpl.addNewEmployee(EmployeeServiceImpl.java:18) ~[classes/:na]
	at com.EmployeeManagement.Service.EmployeeServiceImpl.addNewEmployee(EmployeeServiceImpl.java:18) ~[classes/:na]
	at com.EmployeeManagement.Service.EmployeeServiceImpl.addNewEmployee(EmployeeServiceImpl.java:18) ~[classes/:na]
	at com.EmployeeManagement.Service.EmployeeServiceImpl.addNewEmployee(EmployeeServiceImpl.java:18) ~[classes/:na]
	at com.EmployeeManagement.Service.EmployeeServiceImpl.addNewEmployee(EmployeeServiceImpl.java:18) ~[classes/:na]
	at com.EmployeeManagement.Service.EmployeeServiceImpl.addNewEmployee(EmployeeServiceImpl.java:18) ~[classes/:na]
	at com.EmployeeManagement.Service.EmployeeServiceImpl.addNewEmployee(EmployeeServiceImpl.java:18) ~[classes/:na]
	at com.EmployeeManagement.Service.EmployeeServiceImpl.addNewEmployee(EmployeeServiceImpl.java:18) ~[classes/:na]
	at com.EmployeeManagement.Service.EmployeeServiceImpl.addNewEmployee(EmployeeServiceImpl.java:18) ~[classes/:na]
	at com.EmployeeManagement.Service.EmployeeServiceImpl.addNewEmployee(EmployeeServiceImpl.java:18) ~[classes/:na]
	at com.EmployeeManagement.Service.EmployeeServiceImpl.addNewEmployee(EmployeeServiceImpl.java:18) ~[classes/:na]
	at com.EmployeeManagement.Service.EmployeeServiceImpl.addNewEmployee(EmployeeServiceImpl.java:18) ~[classes/:na]
	at com.EmployeeManagement.Service.EmployeeServiceImpl.addNewEmployee(EmployeeServiceImpl.java:18) ~[classes/:na]
	at com.EmployeeManagement.Service.EmployeeServiceImpl.addNewEmployee(EmployeeServiceImpl.java:18) ~[classes/:na]
	at com.EmployeeManagement.Service.EmployeeServiceImpl.addNewEmployee(EmployeeServiceImpl.java:18) ~[classes/:na]
	at com.EmployeeManagement.Service.EmployeeServiceImpl.addNewEmployee(EmployeeServiceImpl.java:18) ~[classes/:na]
	at com.EmployeeManagement.Service.EmployeeServiceImpl.addNewEmployee(EmployeeServiceImpl.java:18) ~[classes/:na]
	at com.EmployeeManagement.Service.EmployeeServiceImpl.addNewEmployee(EmployeeServiceImpl.java:18) ~[classes/:na]
	at com.EmployeeManagement.Service.EmployeeServiceImpl.addNewEmployee(EmployeeServiceImpl.java:18) ~[classes/:na]
	at com.EmployeeManagement.Service.EmployeeServiceImpl.addNewEmployee(EmployeeServiceImpl.java:18) ~[classes/:na]
	at com.EmployeeManagement.Service.EmployeeServiceImpl.addNewEmployee(EmployeeServiceImpl.java:18) ~[classes/:na]
	at com.EmployeeManagement.Service.EmployeeServiceImpl.addNewEmployee(EmployeeServiceImpl.java:18) ~[classes/:na]
	at com.EmployeeManagement.Service.EmployeeServiceImpl.addNewEmployee(EmployeeServiceImpl.java:18) ~[classes/:na]
	at com.EmployeeManagement.Service.EmployeeServiceImpl.addNewEmployee(EmployeeServiceImpl.java:18) ~[classes/:na]
	at com.EmployeeManagement.Service.EmployeeServiceImpl.addNewEmployee(EmployeeServiceImpl.java:18) ~[classes/:na]
	at com.EmployeeManagement.Service.EmployeeServiceImpl.addNewEmployee(EmployeeServiceImpl.java:18) ~[classes/:na]
	at com.EmployeeManagement.Service.EmployeeServiceImpl.addNewEmployee(EmployeeServiceImpl.java:18) ~[classes/:na]
	at com.EmployeeManagement.Service.EmployeeServiceImpl.addNewEmployee(EmployeeServiceImpl.java:18) ~[classes/:na]
	at com.EmployeeManagement.Service.EmployeeServiceImpl.addNewEmployee(EmployeeServiceImpl.java:18) ~[classes/:na]
	at com.EmployeeManagement.Service.EmployeeServiceImpl.addNewEmployee(EmployeeServiceImpl.java:18) ~[classes/:na]
	at com.EmployeeManagement.Service.EmployeeServiceImpl.addNewEmployee(EmployeeServiceImpl.java:18) ~[classes/:na]
	at com.EmployeeManagement.Service.EmployeeServiceImpl.addNewEmployee(EmployeeServiceImpl.java:18) ~[classes/:na]
	at com.EmployeeManagement.Service.EmployeeServiceImpl.addNewEmployee(EmployeeServiceImpl.java:18) ~[classes/:na]
	at com.EmployeeManagement.Service.EmployeeServiceImpl.addNewEmployee(EmployeeServiceImpl.java:18) ~[classes/:na]
	at com.EmployeeManagement.Service.EmployeeServiceImpl.addNewEmployee(EmployeeServiceImpl.java:18) ~[classes/:na]
	at com.EmployeeManagement.Service.EmployeeServiceImpl.addNewEmployee(EmployeeServiceImpl.java:18) ~[classes/:na]
	at com.EmployeeManagement.Service.EmployeeServiceImpl.addNewEmployee(EmployeeServiceImpl.java:18) ~[classes/:na]
	at com.EmployeeManagement.Service.EmployeeServiceImpl.addNewEmployee(EmployeeServiceImpl.java:18) ~[classes/:na]
	at com.EmployeeManagement.Service.EmployeeServiceImpl.addNewEmployee(EmployeeServiceImpl.java:18) ~[classes/:na]
	at com.EmployeeManagement.Service.EmployeeServiceImpl.addNewEmployee(EmployeeServiceImpl.java:18) ~[classes/:na]
	at com.EmployeeManagement.Service.EmployeeServiceImpl.addNewEmployee(EmployeeServiceImpl.java:18) ~[classes/:na]
	at com.EmployeeManagement.Service.EmployeeServiceImpl.addNewEmployee(EmployeeServiceImpl.java:18) ~[classes/:na]
	at com.EmployeeManagement.Service.EmployeeServiceImpl.addNewEmployee(EmployeeServiceImpl.java:18) ~[classes/:na]
	at com.EmployeeManagement.Service.EmployeeServiceImpl.addNewEmployee(EmployeeServiceImpl.java:18) ~[classes/:na]
	at com.EmployeeManagement.Service.EmployeeServiceImpl.addNewEmployee(EmployeeServiceImpl.java:18) ~[classes/:na]
	at com.EmployeeManagement.Service.EmployeeServiceImpl.addNewEmployee(EmployeeServiceImpl.java:18) ~[classes/:na]
	at com.EmployeeManagement.Service.EmployeeServiceImpl.addNewEmployee(EmployeeServiceImpl.java:18) ~[classes/:na]
	at com.EmployeeManagement.Service.EmployeeServiceImpl.addNewEmployee(EmployeeServiceImpl.java:18) ~[classes/:na]
	at com.EmployeeManagement.Service.EmployeeServiceImpl.addNewEmployee(EmployeeServiceImpl.java:18) ~[classes/:na]
	at com.EmployeeManagement.Service.EmployeeServiceImpl.addNewEmployee(EmployeeServiceImpl.java:18) ~[classes/:na]
	at com.EmployeeManagement.Service.EmployeeServiceImpl.addNewEmployee(EmployeeServiceImpl.java:18) ~[classes/:na]
	at com.EmployeeManagement.Service.EmployeeServiceImpl.addNewEmployee(EmployeeServiceImpl.java:18) ~[classes/:na]
	at com.EmployeeManagement.Service.EmployeeServiceImpl.addNewEmployee(EmployeeServiceImpl.java:18) ~[classes/:na]
	at com.EmployeeManagement.Service.EmployeeServiceImpl.addNewEmployee(EmployeeServiceImpl.java:18) ~[classes/:na]
	at com.EmployeeManagement.Service.EmployeeServiceImpl.addNewEmployee(EmployeeServiceImpl.java:18) ~[classes/:na]
	at com.EmployeeManagement.Service.EmployeeServiceImpl.addNewEmployee(EmployeeServiceImpl.java:18) ~[classes/:na]
	at com.EmployeeManagement.Service.EmployeeServiceImpl.addNewEmployee(EmployeeServiceImpl.java:18) ~[classes/:na]
	at com.EmployeeManagement.Service.EmployeeServiceImpl.addNewEmployee(EmployeeServiceImpl.java:18) ~[classes/:na]
	at com.EmployeeManagement.Service.EmployeeServiceImpl.addNewEmployee(EmployeeServiceImpl.java:18) ~[classes/:na]
	at com.EmployeeManagement.Service.EmployeeServiceImpl.addNewEmployee(EmployeeServiceImpl.java:18) ~[classes/:na]
	at com.EmployeeManagement.Service.EmployeeServiceImpl.addNewEmployee(EmployeeServiceImpl.java:18) ~[classes/:na]
	at com.EmployeeManagement.Service.EmployeeServiceImpl.addNewEmployee(EmployeeServiceImpl.java:18) ~[classes/:na]
	at com.EmployeeManagement.Service.EmployeeServiceImpl.addNewEmployee(EmployeeServiceImpl.java:18) ~[classes/:na]
	at com.EmployeeManagement.Service.EmployeeServiceImpl.addNewEmployee(EmployeeServiceImpl.java:18) ~[classes/:na]
	at com.EmployeeManagement.Service.EmployeeServiceImpl.addNewEmployee(EmployeeServiceImpl.java:18) ~[classes/:na]
	at com.EmployeeManagement.Service.EmployeeServiceImpl.addNewEmployee(EmployeeServiceImpl.java:18) ~[classes/:na]
	at com.EmployeeManagement.Service.EmployeeServiceImpl.addNewEmployee(EmployeeServiceImpl.java:18) ~[classes/:na]
	at com.EmployeeManagement.Service.EmployeeServiceImpl.addNewEmployee(EmployeeServiceImpl.java:18) ~[classes/:na]
	at com.EmployeeManagement.Service.EmployeeServiceImpl.addNewEmployee(EmployeeServiceImpl.java:18) ~[classes/:na]
	at com.EmployeeManagement.Service.EmployeeServiceImpl.addNewEmployee(EmployeeServiceImpl.java:18) ~[classes/:na]
	at com.EmployeeManagement.Service.EmployeeServiceImpl.addNewEmployee(EmployeeServiceImpl.java:18) ~[classes/:na]
	at com.EmployeeManagement.Service.EmployeeServiceImpl.addNewEmployee(EmployeeServiceImpl.java:18) ~[classes/:na]
	at com.EmployeeManagement.Service.EmployeeServiceImpl.addNewEmployee(EmployeeServiceImpl.java:18) ~[classes/:na]
	at com.EmployeeManagement.Service.EmployeeServiceImpl.addNewEmployee(EmployeeServiceImpl.java:18) ~[classes/:na]
	at com.EmployeeManagement.Service.EmployeeServiceImpl.addNewEmployee(EmployeeServiceImpl.java:18) ~[classes/:na]
	at com.EmployeeManagement.Service.EmployeeServiceImpl.addNewEmployee(EmployeeServiceImpl.java:18) ~[classes/:na]
	at com.EmployeeManagement.Service.EmployeeServiceImpl.addNewEmployee(EmployeeServiceImpl.java:18) ~[classes/:na]
	at com.EmployeeManagement.Service.EmployeeServiceImpl.addNewEmployee(EmployeeServiceImpl.java:18) ~[classes/:na]
	at com.EmployeeManagement.Service.EmployeeServiceImpl.addNewEmployee(EmployeeServiceImpl.java:18) ~[classes/:na]
	at com.EmployeeManagement.Service.EmployeeServiceImpl.addNewEmployee(EmployeeServiceImpl.java:18) ~[classes/:na]
	at com.EmployeeManagement.Service.EmployeeServiceImpl.addNewEmployee(EmployeeServiceImpl.java:18) ~[classes/:na]
	at com.EmployeeManagement.Service.EmployeeServiceImpl.addNewEmployee(EmployeeServiceImpl.java:18) ~[classes/:na]
	at com.EmployeeManagement.Service.EmployeeServiceImpl.addNewEmployee(EmployeeServiceImpl.java:18) ~[classes/:na]
	at com.EmployeeManagement.Service.EmployeeServiceImpl.addNewEmployee(EmployeeServiceImpl.java:18) ~[classes/:na]
	at com.EmployeeManagement.Service.EmployeeServiceImpl.addNewEmployee(EmployeeServiceImpl.java:18) ~[classes/:na]
	at com.EmployeeManagement.Service.EmployeeServiceImpl.addNewEmployee(EmployeeServiceImpl.java:18) ~[classes/:na]
	at com.EmployeeManagement.Service.EmployeeServiceImpl.addNewEmployee(EmployeeServiceImpl.java:18) ~[classes/:na]
	at com.EmployeeManagement.Service.EmployeeServiceImpl.addNewEmployee(EmployeeServiceImpl.java:18) ~[classes/:na]
	at com.EmployeeManagement.Service.EmployeeServiceImpl.addNewEmployee(EmployeeServiceImpl.java:18) ~[classes/:na]
	at com.EmployeeManagement.Service.EmployeeServiceImpl.addNewEmployee(EmployeeServiceImpl.java:18) ~[classes/:na]
	at com.EmployeeManagement.Service.EmployeeServiceImpl.addNewEmployee(EmployeeServiceImpl.java:18) ~[classes/:na]
	at com.EmployeeManagement.Service.EmployeeServiceImpl.addNewEmployee(EmployeeServiceImpl.java:18) ~[classes/:na]
	at com.EmployeeManagement.Service.EmployeeServiceImpl.addNewEmployee(EmployeeServiceImpl.java:18) ~[classes/:na]
	at com.EmployeeManagement.Service.EmployeeServiceImpl.addNewEmployee(EmployeeServiceImpl.java:18) ~[classes/:na]
	at com.EmployeeManagement.Service.EmployeeServiceImpl.addNewEmployee(EmployeeServiceImpl.java:18) ~[classes/:na]
	at com.EmployeeManagement.Service.EmployeeServiceImpl.addNewEmployee(EmployeeServiceImpl.java:18) ~[classes/:na]
	at com.EmployeeManagement.Service.EmployeeServiceImpl.addNewEmployee(EmployeeServiceImpl.java:18) ~[classes/:na]
	at com.EmployeeManagement.Service.EmployeeServiceImpl.addNewEmployee(EmployeeServiceImpl.java:18) ~[classes/:na]
	at com.EmployeeManagement.Service.EmployeeServiceImpl.addNewEmployee(EmployeeServiceImpl.java:18) ~[classes/:na]
	at com.EmployeeManagement.Service.EmployeeServiceImpl.addNewEmployee(EmployeeServiceImpl.java:18) ~[classes/:na]
	at com.EmployeeManagement.Service.EmployeeServiceImpl.addNewEmployee(EmployeeServiceImpl.java:18) ~[classes/:na]
	at com.EmployeeManagement.Service.EmployeeServiceImpl.addNewEmployee(EmployeeServiceImpl.java:18) ~[classes/:na]
	at com.EmployeeManagement.Service.EmployeeServiceImpl.addNewEmployee(EmployeeServiceImpl.java:18) ~[classes/:na]
	at com.EmployeeManagement.Service.EmployeeServiceImpl.addNewEmployee(EmployeeServiceImpl.java:18) ~[classes/:na]
	at com.EmployeeManagement.Service.EmployeeServiceImpl.addNewEmployee(EmployeeServiceImpl.java:18) ~[classes/:na]
	at com.EmployeeManagement.Service.EmployeeServiceImpl.addNewEmployee(EmployeeServiceImpl.java:18) ~[classes/:na]
	at com.EmployeeManagement.Service.EmployeeServiceImpl.addNewEmployee(EmployeeServiceImpl.java:18) ~[classes/:na]
	at com.EmployeeManagement.Service.EmployeeServiceImpl.addNewEmployee(EmployeeServiceImpl.java:18) ~[classes/:na]
	at com.EmployeeManagement.Service.EmployeeServiceImpl.addNewEmployee(EmployeeServiceImpl.java:18) ~[classes/:na]
	at com.EmployeeManagement.Service.EmployeeServiceImpl.addNewEmployee(EmployeeServiceImpl.java:18) ~[classes/:na]
	at com.EmployeeManagement.Service.EmployeeServiceImpl.addNewEmployee(EmployeeServiceImpl.java:18) ~[classes/:na]
	at com.EmployeeManagement.Service.EmployeeServiceImpl.addNewEmployee(EmployeeServiceImpl.java:18) ~[classes/:na]
	at com.EmployeeManagement.Service.EmployeeServiceImpl.addNewEmployee(EmployeeServiceImpl.java:18) ~[classes/:na]
	at com.EmployeeManagement.Service.EmployeeServiceImpl.addNewEmployee(EmployeeServiceImpl.java:18) ~[classes/:na]
	at com.EmployeeManagement.Service.EmployeeServiceImpl.addNewEmployee(EmployeeServiceImpl.java:18) ~[classes/:na]
	at com.EmployeeManagement.Service.EmployeeServiceImpl.addNewEmployee(EmployeeServiceImpl.java:18) ~[classes/:na]
	at com.EmployeeManagement.Service.EmployeeServiceImpl.addNewEmployee(EmployeeServiceImpl.java:18) ~[classes/:na]
	at com.EmployeeManagement.Service.EmployeeServiceImpl.addNewEmployee(EmployeeServiceImpl.java:18) ~[classes/:na]
	at com.EmployeeManagement.Service.EmployeeServiceImpl.addNewEmployee(EmployeeServiceImpl.java:18) ~[classes/:na]
	at com.EmployeeManagement.Service.EmployeeServiceImpl.addNewEmployee(EmployeeServiceImpl.java:18) ~[classes/:na]
	at com.EmployeeManagement.Service.EmployeeServiceImpl.addNewEmployee(EmployeeServiceImpl.java:18) ~[classes/:na]
	at com.EmployeeManagement.Service.EmployeeServiceImpl.addNewEmployee(EmployeeServiceImpl.java:18) ~[classes/:na]
	at com.EmployeeManagement.Service.EmployeeServiceImpl.addNewEmployee(EmployeeServiceImpl.java:18) ~[classes/:na]
	at com.EmployeeManagement.Service.EmployeeServiceImpl.addNewEmployee(EmployeeServiceImpl.java:18) ~[classes/:na]
	at com.EmployeeManagement.Service.EmployeeServiceImpl.addNewEmployee(EmployeeServiceImpl.java:18) ~[classes/:na]
	at com.EmployeeManagement.Service.EmployeeServiceImpl.addNewEmployee(EmployeeServiceImpl.java:18) ~[classes/:na]
	at com.EmployeeManagement.Service.EmployeeServiceImpl.addNewEmployee(EmployeeServiceImpl.java:18) ~[classes/:na]
	at com.EmployeeManagement.Service.EmployeeServiceImpl.addNewEmployee(EmployeeServiceImpl.java:18) ~[classes/:na]
	at com.EmployeeManagement.Service.EmployeeServiceImpl.addNewEmployee(EmployeeServiceImpl.java:18) ~[classes/:na]
	at com.EmployeeManagement.Service.EmployeeServiceImpl.addNewEmployee(EmployeeServiceImpl.java:18) ~[classes/:na]
	at com.EmployeeManagement.Service.EmployeeServiceImpl.addNewEmployee(EmployeeServiceImpl.java:18) ~[classes/:na]
	at com.EmployeeManagement.Service.EmployeeServiceImpl.addNewEmployee(EmployeeServiceImpl.java:18) ~[classes/:na]
	at com.EmployeeManagement.Service.EmployeeServiceImpl.addNewEmployee(EmployeeServiceImpl.java:18) ~[classes/:na]
	at com.EmployeeManagement.Service.EmployeeServiceImpl.addNewEmployee(EmployeeServiceImpl.java:18) ~[classes/:na]
	at com.EmployeeManagement.Service.EmployeeServiceImpl.addNewEmployee(EmployeeServiceImpl.java:18) ~[classes/:na]
	at com.EmployeeManagement.Service.EmployeeServiceImpl.addNewEmployee(EmployeeServiceImpl.java:18) ~[classes/:na]
	at com.EmployeeManagement.Service.EmployeeServiceImpl.addNewEmployee(EmployeeServiceImpl.java:18) ~[classes/:na]
	at com.EmployeeManagement.Service.EmployeeServiceImpl.addNewEmployee(EmployeeServiceImpl.java:18) ~[classes/:na]
	at com.EmployeeManagement.Service.EmployeeServiceImpl.addNewEmployee(EmployeeServiceImpl.java:18) ~[classes/:na]
	at com.EmployeeManagement.Service.EmployeeServiceImpl.addNewEmployee(EmployeeServiceImpl.java:18) ~[classes/:na]
	at com.EmployeeManagement.Service.EmployeeServiceImpl.addNewEmployee(EmployeeServiceImpl.java:18) ~[classes/:na]
	at com.EmployeeManagement.Service.EmployeeServiceImpl.addNewEmployee(EmployeeServiceImpl.java:18) ~[classes/:na]
	at com.EmployeeManagement.Service.EmployeeServiceImpl.addNewEmployee(EmployeeServiceImpl.java:18) ~[classes/:na]
	at com.EmployeeManagement.Service.EmployeeServiceImpl.addNewEmployee(EmployeeServiceImpl.java:18) ~[classes/:na]
	at com.EmployeeManagement.Service.EmployeeServiceImpl.addNewEmployee(EmployeeServiceImpl.java:18) ~[classes/:na]
	at com.EmployeeManagement.Service.EmployeeServiceImpl.addNewEmployee(EmployeeServiceImpl.java:18) ~[classes/:na]
	at com.EmployeeManagement.Service.EmployeeServiceImpl.addNewEmployee(EmployeeServiceImpl.java:18) ~[classes/:na]
	at com.EmployeeManagement.Service.EmployeeServiceImpl.addNewEmployee(EmployeeServiceImpl.java:18) ~[classes/:na]
	at com.EmployeeManagement.Service.EmployeeServiceImpl.addNewEmployee(EmployeeServiceImpl.java:18) ~[classes/:na]
	at com.EmployeeManagement.Service.EmployeeServiceImpl.addNewEmployee(EmployeeServiceImpl.java:18) ~[classes/:na]
	at com.EmployeeManagement.Service.EmployeeServiceImpl.addNewEmployee(EmployeeServiceImpl.java:18) ~[classes/:na]
	at com.EmployeeManagement.Service.EmployeeServiceImpl.addNewEmployee(EmployeeServiceImpl.java:18) ~[classes/:na]
	at com.EmployeeManagement.Service.EmployeeServiceImpl.addNewEmployee(EmployeeServiceImpl.java:18) ~[classes/:na]
	at com.EmployeeManagement.Service.EmployeeServiceImpl.addNewEmployee(EmployeeServiceImpl.java:18) ~[classes/:na]
	at com.EmployeeManagement.Service.EmployeeServiceImpl.addNewEmployee(EmployeeServiceImpl.java:18) ~[classes/:na]
	at com.EmployeeManagement.Service.EmployeeServiceImpl.addNewEmployee(EmployeeServiceImpl.java:18) ~[classes/:na]
	at com.EmployeeManagement.Service.EmployeeServiceImpl.addNewEmployee(EmployeeServiceImpl.java:18) ~[classes/:na]
	at com.EmployeeManagement.Service.EmployeeServiceImpl.addNewEmployee(EmployeeServiceImpl.java:18) ~[classes/:na]
	at com.EmployeeManagement.Service.EmployeeServiceImpl.addNewEmployee(EmployeeServiceImpl.java:18) ~[classes/:na]
	at com.EmployeeManagement.Service.EmployeeServiceImpl.addNewEmployee(EmployeeServiceImpl.java:18) ~[classes/:na]
	at com.EmployeeManagement.Service.EmployeeServiceImpl.addNewEmployee(EmployeeServiceImpl.java:18) ~[classes/:na]
	at com.EmployeeManagement.Service.EmployeeServiceImpl.addNewEmployee(EmployeeServiceImpl.java:18) ~[classes/:na]
	at com.EmployeeManagement.Service.EmployeeServiceImpl.addNewEmployee(EmployeeServiceImpl.java:18) ~[classes/:na]
	at com.EmployeeManagement.Service.EmployeeServiceImpl.addNewEmployee(EmployeeServiceImpl.java:18) ~[classes/:na]
	at com.EmployeeManagement.Service.EmployeeServiceImpl.addNewEmployee(EmployeeServiceImpl.java:18) ~[classes/:na]
	at com.EmployeeManagement.Service.EmployeeServiceImpl.addNewEmployee(EmployeeServiceImpl.java:18) ~[classes/:na]
	at com.EmployeeManagement.Service.EmployeeServiceImpl.addNewEmployee(EmployeeServiceImpl.java:18) ~[classes/:na]
	at com.EmployeeManagement.Service.EmployeeServiceImpl.addNewEmployee(EmployeeServiceImpl.java:18) ~[classes/:na]
	at com.EmployeeManagement.Service.EmployeeServiceImpl.addNewEmployee(EmployeeServiceImpl.java:18) ~[classes/:na]
	at com.EmployeeManagement.Service.EmployeeServiceImpl.addNewEmployee(EmployeeServiceImpl.java:18) ~[classes/:na]
	at com.EmployeeManagement.Service.EmployeeServiceImpl.addNewEmployee(EmployeeServiceImpl.java:18) ~[classes/:na]
	at com.EmployeeManagement.Service.EmployeeServiceImpl.addNewEmployee(EmployeeServiceImpl.java:18) ~[classes/:na]
	at com.EmployeeManagement.Service.EmployeeServiceImpl.addNewEmployee(EmployeeServiceImpl.java:18) ~[classes/:na]
	at com.EmployeeManagement.Service.EmployeeServiceImpl.addNewEmployee(EmployeeServiceImpl.java:18) ~[classes/:na]
	at com.EmployeeManagement.Service.EmployeeServiceImpl.addNewEmployee(EmployeeServiceImpl.java:18) ~[classes/:na]
	at com.EmployeeManagement.Service.EmployeeServiceImpl.addNewEmployee(EmployeeServiceImpl.java:18) ~[classes/:na]
	at com.EmployeeManagement.Service.EmployeeServiceImpl.addNewEmployee(EmployeeServiceImpl.java:18) ~[classes/:na]
	at com.EmployeeManagement.Service.EmployeeServiceImpl.addNewEmployee(EmployeeServiceImpl.java:18) ~[classes/:na]
	at com.EmployeeManagement.Service.EmployeeServiceImpl.addNewEmployee(EmployeeServiceImpl.java:18) ~[classes/:na]
	at com.EmployeeManagement.Service.EmployeeServiceImpl.addNewEmployee(EmployeeServiceImpl.java:18) ~[classes/:na]
	at com.EmployeeManagement.Service.EmployeeServiceImpl.addNewEmployee(EmployeeServiceImpl.java:18) ~[classes/:na]
	at com.EmployeeManagement.Service.EmployeeServiceImpl.addNewEmployee(EmployeeServiceImpl.java:18) ~[classes/:na]
	at com.EmployeeManagement.Service.EmployeeServiceImpl.addNewEmployee(EmployeeServiceImpl.java:18) ~[classes/:na]
	at com.EmployeeManagement.Service.EmployeeServiceImpl.addNewEmployee(EmployeeServiceImpl.java:18) ~[classes/:na]
	at com.EmployeeManagement.Service.EmployeeServiceImpl.addNewEmployee(EmployeeServiceImpl.java:18) ~[classes/:na]
	at com.EmployeeManagement.Service.EmployeeServiceImpl.addNewEmployee(EmployeeServiceImpl.java:18) ~[classes/:na]
	at com.EmployeeManagement.Service.EmployeeServiceImpl.addNewEmployee(EmployeeServiceImpl.java:18) ~[classes/:na]
	at com.EmployeeManagement.Service.EmployeeServiceImpl.addNewEmployee(EmployeeServiceImpl.java:18) ~[classes/:na]
	at com.EmployeeManagement.Service.EmployeeServiceImpl.addNewEmployee(EmployeeServiceImpl.java:18) ~[classes/:na]
	at com.EmployeeManagement.Service.EmployeeServiceImpl.addNewEmployee(EmployeeServiceImpl.java:18) ~[classes/:na]
	at com.EmployeeManagement.Service.EmployeeServiceImpl.addNewEmployee(EmployeeServiceImpl.java:18) ~[classes/:na]
	at com.EmployeeManagement.Service.EmployeeServiceImpl.addNewEmployee(EmployeeServiceImpl.java:18) ~[classes/:na]
	at com.EmployeeManagement.Service.EmployeeServiceImpl.addNewEmployee(EmployeeServiceImpl.java:18) ~[classes/:na]
	at com.EmployeeManagement.Service.EmployeeServiceImpl.addNewEmployee(EmployeeServiceImpl.java:18) ~[classes/:na]
	at com.EmployeeManagement.Service.EmployeeServiceImpl.addNewEmployee(EmployeeServiceImpl.java:18) ~[classes/:na]
	at com.EmployeeManagement.Service.EmployeeServiceImpl.addNewEmployee(EmployeeServiceImpl.java:18) ~[classes/:na]
	at com.EmployeeManagement.Service.EmployeeServiceImpl.addNewEmployee(EmployeeServiceImpl.java:18) ~[classes/:na]
	at com.EmployeeManagement.Service.EmployeeServiceImpl.addNewEmployee(EmployeeServiceImpl.java:18) ~[classes/:na]
	at com.EmployeeManagement.Service.EmployeeServiceImpl.addNewEmployee(EmployeeServiceImpl.java:18) ~[classes/:na]
	at com.EmployeeManagement.Service.EmployeeServiceImpl.addNewEmployee(EmployeeServiceImpl.java:18) ~[classes/:na]
	at com.EmployeeManagement.Service.EmployeeServiceImpl.addNewEmployee(EmployeeServiceImpl.java:18) ~[classes/:na]
	at com.EmployeeManagement.Service.EmployeeServiceImpl.addNewEmployee(EmployeeServiceImpl.java:18) ~[classes/:na]
	at com.EmployeeManagement.Service.EmployeeServiceImpl.addNewEmployee(EmployeeServiceImpl.java:18) ~[classes/:na]
	at com.EmployeeManagement.Service.EmployeeServiceImpl.addNewEmployee(EmployeeServiceImpl.java:18) ~[classes/:na]
	at com.EmployeeManagement.Service.EmployeeServiceImpl.addNewEmployee(EmployeeServiceImpl.java:18) ~[classes/:na]
	at com.EmployeeManagement.Service.EmployeeServiceImpl.addNewEmployee(EmployeeServiceImpl.java:18) ~[classes/:na]
	at com.EmployeeManagement.Service.EmployeeServiceImpl.addNewEmployee(EmployeeServiceImpl.java:18) ~[classes/:na]
	at com.EmployeeManagement.Service.EmployeeServiceImpl.addNewEmployee(EmployeeServiceImpl.java:18) ~[classes/:na]
	at com.EmployeeManagement.Service.EmployeeServiceImpl.addNewEmployee(EmployeeServiceImpl.java:18) ~[classes/:na]
	at com.EmployeeManagement.Service.EmployeeServiceImpl.addNewEmployee(EmployeeServiceImpl.java:18) ~[classes/:na]
	at com.EmployeeManagement.Service.EmployeeServiceImpl.addNewEmployee(EmployeeServiceImpl.java:18) ~[classes/:na]
	at com.EmployeeManagement.Service.EmployeeServiceImpl.addNewEmployee(EmployeeServiceImpl.java:18) ~[classes/:na]
	at com.EmployeeManagement.Service.EmployeeServiceImpl.addNewEmployee(EmployeeServiceImpl.java:18) ~[classes/:na]
	at com.EmployeeManagement.Service.EmployeeServiceImpl.addNewEmployee(EmployeeServiceImpl.java:18) ~[classes/:na]
	at com.EmployeeManagement.Service.EmployeeServiceImpl.addNewEmployee(EmployeeServiceImpl.java:18) ~[classes/:na]
	at com.EmployeeManagement.Service.EmployeeServiceImpl.addNewEmployee(EmployeeServiceImpl.java:18) ~[classes/:na]
	at com.EmployeeManagement.Service.EmployeeServiceImpl.addNewEmployee(EmployeeServiceImpl.java:18) ~[classes/:na]
	at com.EmployeeManagement.Service.EmployeeServiceImpl.addNewEmployee(EmployeeServiceImpl.java:18) ~[classes/:na]
	at com.EmployeeManagement.Service.EmployeeServiceImpl.addNewEmployee(EmployeeServiceImpl.java:18) ~[classes/:na]
	at com.EmployeeManagement.Service.EmployeeServiceImpl.addNewEmployee(EmployeeServiceImpl.java:18) ~[classes/:na]
	at com.EmployeeManagement.Service.EmployeeServiceImpl.addNewEmployee(EmployeeServiceImpl.java:18) ~[classes/:na]
	at com.EmployeeManagement.Service.EmployeeServiceImpl.addNewEmployee(EmployeeServiceImpl.java:18) ~[classes/:na]
	at com.EmployeeManagement.Service.EmployeeServiceImpl.addNewEmployee(EmployeeServiceImpl.java:18) ~[classes/:na]
	at com.EmployeeManagement.Service.EmployeeServiceImpl.addNewEmployee(EmployeeServiceImpl.java:18) ~[classes/:na]
	at com.EmployeeManagement.Service.EmployeeServiceImpl.addNewEmployee(EmployeeServiceImpl.java:18) ~[classes/:na]
	at com.EmployeeManagement.Service.EmployeeServiceImpl.addNewEmployee(EmployeeServiceImpl.java:18) ~[classes/:na]
	at com.EmployeeManagement.Service.EmployeeServiceImpl.addNewEmployee(EmployeeServiceImpl.java:18) ~[classes/:na]
	at com.EmployeeManagement.Service.EmployeeServiceImpl.addNewEmployee(EmployeeServiceImpl.java:18) ~[classes/:na]
	at com.EmployeeManagement.Service.EmployeeServiceImpl.addNewEmployee(EmployeeServiceImpl.java:18) ~[classes/:na]
	at com.EmployeeManagement.Service.EmployeeServiceImpl.addNewEmployee(EmployeeServiceImpl.java:18) ~[classes/:na]
	at com.EmployeeManagement.Service.EmployeeServiceImpl.addNewEmployee(EmployeeServiceImpl.java:18) ~[classes/:na]
	at com.EmployeeManagement.Service.EmployeeServiceImpl.addNewEmployee(EmployeeServiceImpl.java:18) ~[classes/:na]
	at com.EmployeeManagement.Service.EmployeeServiceImpl.addNewEmployee(EmployeeServiceImpl.java:18) ~[classes/:na]
	at com.EmployeeManagement.Service.EmployeeServiceImpl.addNewEmployee(EmployeeServiceImpl.java:18) ~[classes/:na]
	at com.EmployeeManagement.Service.EmployeeServiceImpl.addNewEmployee(EmployeeServiceImpl.java:18) ~[classes/:na]
	at com.EmployeeManagement.Service.EmployeeServiceImpl.addNewEmployee(EmployeeServiceImpl.java:18) ~[classes/:na]
	at com.EmployeeManagement.Service.EmployeeServiceImpl.addNewEmployee(EmployeeServiceImpl.java:18) ~[classes/:na]
	at com.EmployeeManagement.Service.EmployeeServiceImpl.addNewEmployee(EmployeeServiceImpl.java:18) ~[classes/:na]
	at com.EmployeeManagement.Service.EmployeeServiceImpl.addNewEmployee(EmployeeServiceImpl.java:18) ~[classes/:na]
	at com.EmployeeManagement.Service.EmployeeServiceImpl.addNewEmployee(EmployeeServiceImpl.java:18) ~[classes/:na]
	at com.EmployeeManagement.Service.EmployeeServiceImpl.addNewEmployee(EmployeeServiceImpl.java:18) ~[classes/:na]
	at com.EmployeeManagement.Service.EmployeeServiceImpl.addNewEmployee(EmployeeServiceImpl.java:18) ~[classes/:na]
	at com.EmployeeManagement.Service.EmployeeServiceImpl.addNewEmployee(EmployeeServiceImpl.java:18) ~[classes/:na]
	at com.EmployeeManagement.Service.EmployeeServiceImpl.addNewEmployee(EmployeeServiceImpl.java:18) ~[classes/:na]
	at com.EmployeeManagement.Service.EmployeeServiceImpl.addNewEmployee(EmployeeServiceImpl.java:18) ~[classes/:na]
	at com.EmployeeManagement.Service.EmployeeServiceImpl.addNewEmployee(EmployeeServiceImpl.java:18) ~[classes/:na]
	at com.EmployeeManagement.Service.EmployeeServiceImpl.addNewEmployee(EmployeeServiceImpl.java:18) ~[classes/:na]
	at com.EmployeeManagement.Service.EmployeeServiceImpl.addNewEmployee(EmployeeServiceImpl.java:18) ~[classes/:na]
	at com.EmployeeManagement.Service.EmployeeServiceImpl.addNewEmployee(EmployeeServiceImpl.java:18) ~[classes/:na]
	at com.EmployeeManagement.Service.EmployeeServiceImpl.addNewEmployee(EmployeeServiceImpl.java:18) ~[classes/:na]
	at com.EmployeeManagement.Service.EmployeeServiceImpl.addNewEmployee(EmployeeServiceImpl.java:18) ~[classes/:na]
	at com.EmployeeManagement.Service.EmployeeServiceImpl.addNewEmployee(EmployeeServiceImpl.java:18) ~[classes/:na]
	at com.EmployeeManagement.Service.EmployeeServiceImpl.addNewEmployee(EmployeeServiceImpl.java:18) ~[classes/:na]
	at com.EmployeeManagement.Service.EmployeeServiceImpl.addNewEmployee(EmployeeServiceImpl.java:18) ~[classes/:na]
	at com.EmployeeManagement.Service.EmployeeServiceImpl.addNewEmployee(EmployeeServiceImpl.java:18) ~[classes/:na]
	at com.EmployeeManagement.Service.EmployeeServiceImpl.addNewEmployee(EmployeeServiceImpl.java:18) ~[classes/:na]
	at com.EmployeeManagement.Service.EmployeeServiceImpl.addNewEmployee(EmployeeServiceImpl.java:18) ~[classes/:na]
	at com.EmployeeManagement.Service.EmployeeServiceImpl.addNewEmployee(EmployeeServiceImpl.java:18) ~[classes/:na]
	at com.EmployeeManagement.Service.EmployeeServiceImpl.addNewEmployee(EmployeeServiceImpl.java:18) ~[classes/:na]
	at com.EmployeeManagement.Service.EmployeeServiceImpl.addNewEmployee(EmployeeServiceImpl.java:18) ~[classes/:na]
	at com.EmployeeManagement.Service.EmployeeServiceImpl.addNewEmployee(EmployeeServiceImpl.java:18) ~[classes/:na]
	at com.EmployeeManagement.Service.EmployeeServiceImpl.addNewEmployee(EmployeeServiceImpl.java:18) ~[classes/:na]
	at com.EmployeeManagement.Service.EmployeeServiceImpl.addNewEmployee(EmployeeServiceImpl.java:18) ~[classes/:na]
	at com.EmployeeManagement.Service.EmployeeServiceImpl.addNewEmployee(EmployeeServiceImpl.java:18) ~[classes/:na]
	at com.EmployeeManagement.Service.EmployeeServiceImpl.addNewEmployee(EmployeeServiceImpl.java:18) ~[classes/:na]
	at com.EmployeeManagement.Service.EmployeeServiceImpl.addNewEmployee(EmployeeServiceImpl.java:18) ~[classes/:na]
	at com.EmployeeManagement.Service.EmployeeServiceImpl.addNewEmployee(EmployeeServiceImpl.java:18) ~[classes/:na]
	at com.EmployeeManagement.Service.EmployeeServiceImpl.addNewEmployee(EmployeeServiceImpl.java:18) ~[classes/:na]
	at com.EmployeeManagement.Service.EmployeeServiceImpl.addNewEmployee(EmployeeServiceImpl.java:18) ~[classes/:na]
	at com.EmployeeManagement.Service.EmployeeServiceImpl.addNewEmployee(EmployeeServiceImpl.java:18) ~[classes/:na]
	at com.EmployeeManagement.Service.EmployeeServiceImpl.addNewEmployee(EmployeeServiceImpl.java:18) ~[classes/:na]
	at com.EmployeeManagement.Service.EmployeeServiceImpl.addNewEmployee(EmployeeServiceImpl.java:18) ~[classes/:na]
	at com.EmployeeManagement.Service.EmployeeServiceImpl.addNewEmployee(EmployeeServiceImpl.java:18) ~[classes/:na]
	at com.EmployeeManagement.Service.EmployeeServiceImpl.addNewEmployee(EmployeeServiceImpl.java:18) ~[classes/:na]
	at com.EmployeeManagement.Service.EmployeeServiceImpl.addNewEmployee(EmployeeServiceImpl.java:18) ~[classes/:na]
	at com.EmployeeManagement.Service.EmployeeServiceImpl.addNewEmployee(EmployeeServiceImpl.java:18) ~[classes/:na]
	at com.EmployeeManagement.Service.EmployeeServiceImpl.addNewEmployee(EmployeeServiceImpl.java:18) ~[classes/:na]
	at com.EmployeeManagement.Service.EmployeeServiceImpl.addNewEmployee(EmployeeServiceImpl.java:18) ~[classes/:na]
	at com.EmployeeManagement.Service.EmployeeServiceImpl.addNewEmployee(EmployeeServiceImpl.java:18) ~[classes/:na]
	at com.EmployeeManagement.Service.EmployeeServiceImpl.addNewEmployee(EmployeeServiceImpl.java:18) ~[classes/:na]
	at com.EmployeeManagement.Service.EmployeeServiceImpl.addNewEmployee(EmployeeServiceImpl.java:18) ~[classes/:na]
	at com.EmployeeManagement.Service.EmployeeServiceImpl.addNewEmployee(EmployeeServiceImpl.java:18) ~[classes/:na]
	at com.EmployeeManagement.Service.EmployeeServiceImpl.addNewEmployee(EmployeeServiceImpl.java:18) ~[classes/:na]
	at com.EmployeeManagement.Service.EmployeeServiceImpl.addNewEmployee(EmployeeServiceImpl.java:18) ~[classes/:na]
	at com.EmployeeManagement.Service.EmployeeServiceImpl.addNewEmployee(EmployeeServiceImpl.java:18) ~[classes/:na]
	at com.EmployeeManagement.Service.EmployeeServiceImpl.addNewEmployee(EmployeeServiceImpl.java:18) ~[classes/:na]
	at com.EmployeeManagement.Service.EmployeeServiceImpl.addNewEmployee(EmployeeServiceImpl.java:18) ~[classes/:na]
	at com.EmployeeManagement.Service.EmployeeServiceImpl.addNewEmployee(EmployeeServiceImpl.java:18) ~[classes/:na]
	at com.EmployeeManagement.Service.EmployeeServiceImpl.addNewEmployee(EmployeeServiceImpl.java:18) ~[classes/:na]
	at com.EmployeeManagement.Service.EmployeeServiceImpl.addNewEmployee(EmployeeServiceImpl.java:18) ~[classes/:na]
	at com.EmployeeManagement.Service.EmployeeServiceImpl.addNewEmployee(EmployeeServiceImpl.java:18) ~[classes/:na]
	at com.EmployeeManagement.Service.EmployeeServiceImpl.addNewEmployee(EmployeeServiceImpl.java:18) ~[classes/:na]
	at com.EmployeeManagement.Service.EmployeeServiceImpl.addNewEmployee(EmployeeServiceImpl.java:18) ~[classes/:na]
	at com.EmployeeManagement.Service.EmployeeServiceImpl.addNewEmployee(EmployeeServiceImpl.java:18) ~[classes/:na]
	at com.EmployeeManagement.Service.EmployeeServiceImpl.addNewEmployee(EmployeeServiceImpl.java:18) ~[classes/:na]
	at com.EmployeeManagement.Service.EmployeeServiceImpl.addNewEmployee(EmployeeServiceImpl.java:18) ~[classes/:na]
	at com.EmployeeManagement.Service.EmployeeServiceImpl.addNewEmployee(EmployeeServiceImpl.java:18) ~[classes/:na]
	at com.EmployeeManagement.Service.EmployeeServiceImpl.addNewEmployee(EmployeeServiceImpl.java:18) ~[classes/:na]
	at com.EmployeeManagement.Service.EmployeeServiceImpl.addNewEmployee(EmployeeServiceImpl.java:18) ~[classes/:na]
	at com.EmployeeManagement.Service.EmployeeServiceImpl.addNewEmployee(EmployeeServiceImpl.java:18) ~[classes/:na]
	at com.EmployeeManagement.Service.EmployeeServiceImpl.addNewEmployee(EmployeeServiceImpl.java:18) ~[classes/:na]
	at com.EmployeeManagement.Service.EmployeeServiceImpl.addNewEmployee(EmployeeServiceImpl.java:18) ~[classes/:na]
	at com.EmployeeManagement.Service.EmployeeServiceImpl.addNewEmployee(EmployeeServiceImpl.java:18) ~[classes/:na]
	at com.EmployeeManagement.Service.EmployeeServiceImpl.addNewEmployee(EmployeeServiceImpl.java:18) ~[classes/:na]
	at com.EmployeeManagement.Service.EmployeeServiceImpl.addNewEmployee(EmployeeServiceImpl.java:18) ~[classes/:na]
	at com.EmployeeManagement.Service.EmployeeServiceImpl.addNewEmployee(EmployeeServiceImpl.java:18) ~[classes/:na]
	at com.EmployeeManagement.Service.EmployeeServiceImpl.addNewEmployee(EmployeeServiceImpl.java:18) ~[classes/:na]
	at com.EmployeeManagement.Service.EmployeeServiceImpl.addNewEmployee(EmployeeServiceImpl.java:18) ~[classes/:na]
	at com.EmployeeManagement.Service.EmployeeServiceImpl.addNewEmployee(EmployeeServiceImpl.java:18) ~[classes/:na]
	at com.EmployeeManagement.Service.EmployeeServiceImpl.addNewEmployee(EmployeeServiceImpl.java:18) ~[classes/:na]
	at com.EmployeeManagement.Service.EmployeeServiceImpl.addNewEmployee(EmployeeServiceImpl.java:18) ~[classes/:na]
	at com.EmployeeManagement.Service.EmployeeServiceImpl.addNewEmployee(EmployeeServiceImpl.java:18) ~[classes/:na]
	at com.EmployeeManagement.Service.EmployeeServiceImpl.addNewEmployee(EmployeeServiceImpl.java:18) ~[classes/:na]
	at com.EmployeeManagement.Service.EmployeeServiceImpl.addNewEmployee(EmployeeServiceImpl.java:18) ~[classes/:na]
	at com.EmployeeManagement.Service.EmployeeServiceImpl.addNewEmployee(EmployeeServiceImpl.java:18) ~[classes/:na]
	at com.EmployeeManagement.Service.EmployeeServiceImpl.addNewEmployee(EmployeeServiceImpl.java:18) ~[classes/:na]
	at com.EmployeeManagement.Service.EmployeeServiceImpl.addNewEmployee(EmployeeServiceImpl.java:18) ~[classes/:na]
	at com.EmployeeManagement.Service.EmployeeServiceImpl.addNewEmployee(EmployeeServiceImpl.java:18) ~[classes/:na]
	at com.EmployeeManagement.Service.EmployeeServiceImpl.addNewEmployee(EmployeeServiceImpl.java:18) ~[classes/:na]
	at com.EmployeeManagement.Service.EmployeeServiceImpl.addNewEmployee(EmployeeServiceImpl.java:18) ~[classes/:na]
	at com.EmployeeManagement.Service.EmployeeServiceImpl.addNewEmployee(EmployeeServiceImpl.java:18) ~[classes/:na]
	at com.EmployeeManagement.Service.EmployeeServiceImpl.addNewEmployee(EmployeeServiceImpl.java:18) ~[classes/:na]
	at com.EmployeeManagement.Service.EmployeeServiceImpl.addNewEmployee(EmployeeServiceImpl.java:18) ~[classes/:na]
	at com.EmployeeManagement.Service.EmployeeServiceImpl.addNewEmployee(EmployeeServiceImpl.java:18) ~[classes/:na]
	at com.EmployeeManagement.Service.EmployeeServiceImpl.addNewEmployee(EmployeeServiceImpl.java:18) ~[classes/:na]
	at com.EmployeeManagement.Service.EmployeeServiceImpl.addNewEmployee(EmployeeServiceImpl.java:18) ~[classes/:na]
	at com.EmployeeManagement.Service.EmployeeServiceImpl.addNewEmployee(EmployeeServiceImpl.java:18) ~[classes/:na]
	at com.EmployeeManagement.Service.EmployeeServiceImpl.addNewEmployee(EmployeeServiceImpl.java:18) ~[classes/:na]
	at com.EmployeeManagement.Service.EmployeeServiceImpl.addNewEmployee(EmployeeServiceImpl.java:18) ~[classes/:na]
	at com.EmployeeManagement.Service.EmployeeServiceImpl.addNewEmployee(EmployeeServiceImpl.java:18) ~[classes/:na]
	at com.EmployeeManagement.Service.EmployeeServiceImpl.addNewEmployee(EmployeeServiceImpl.java:18) ~[classes/:na]
	at com.EmployeeManagement.Service.EmployeeServiceImpl.addNewEmployee(EmployeeServiceImpl.java:18) ~[classes/:na]
	at com.EmployeeManagement.Service.EmployeeServiceImpl.addNewEmployee(EmployeeServiceImpl.java:18) ~[classes/:na]
	at com.EmployeeManagement.Service.EmployeeServiceImpl.addNewEmployee(EmployeeServiceImpl.java:18) ~[classes/:na]
	at com.EmployeeManagement.Service.EmployeeServiceImpl.addNewEmployee(EmployeeServiceImpl.java:18) ~[classes/:na]
	at com.EmployeeManagement.Service.EmployeeServiceImpl.addNewEmployee(EmployeeServiceImpl.java:18) ~[classes/:na]
	at com.EmployeeManagement.Service.EmployeeServiceImpl.addNewEmployee(EmployeeServiceImpl.java:18) ~[classes/:na]
	at com.EmployeeManagement.Service.EmployeeServiceImpl.addNewEmployee(EmployeeServiceImpl.java:18) ~[classes/:na]
	at com.EmployeeManagement.Service.EmployeeServiceImpl.addNewEmployee(EmployeeServiceImpl.java:18) ~[classes/:na]
	at com.EmployeeManagement.Service.EmployeeServiceImpl.addNewEmployee(EmployeeServiceImpl.java:18) ~[classes/:na]
	at com.EmployeeManagement.Service.EmployeeServiceImpl.addNewEmployee(EmployeeServiceImpl.java:18) ~[classes/:na]
	at com.EmployeeManagement.Service.EmployeeServiceImpl.addNewEmployee(EmployeeServiceImpl.java:18) ~[classes/:na]
	at com.EmployeeManagement.Service.EmployeeServiceImpl.addNewEmployee(EmployeeServiceImpl.java:18) ~[classes/:na]
	at com.EmployeeManagement.Service.EmployeeServiceImpl.addNewEmployee(EmployeeServiceImpl.java:18) ~[classes/:na]
	at com.EmployeeManagement.Service.EmployeeServiceImpl.addNewEmployee(EmployeeServiceImpl.java:18) ~[classes/:na]
	at com.EmployeeManagement.Service.EmployeeServiceImpl.addNewEmployee(EmployeeServiceImpl.java:18) ~[classes/:na]
	at com.EmployeeManagement.Service.EmployeeServiceImpl.addNewEmployee(EmployeeServiceImpl.java:18) ~[classes/:na]
	at com.EmployeeManagement.Service.EmployeeServiceImpl.addNewEmployee(EmployeeServiceImpl.java:18) ~[classes/:na]
	at com.EmployeeManagement.Service.EmployeeServiceImpl.addNewEmployee(EmployeeServiceImpl.java:18) ~[classes/:na]
	at com.EmployeeManagement.Service.EmployeeServiceImpl.addNewEmployee(EmployeeServiceImpl.java:18) ~[classes/:na]
	at com.EmployeeManagement.Service.EmployeeServiceImpl.addNewEmployee(EmployeeServiceImpl.java:18) ~[classes/:na]
	at com.EmployeeManagement.Service.EmployeeServiceImpl.addNewEmployee(EmployeeServiceImpl.java:18) ~[classes/:na]
	at com.EmployeeManagement.Service.EmployeeServiceImpl.addNewEmployee(EmployeeServiceImpl.java:18) ~[classes/:na]
	at com.EmployeeManagement.Service.EmployeeServiceImpl.addNewEmployee(EmployeeServiceImpl.java:18) ~[classes/:na]
	at com.EmployeeManagement.Service.EmployeeServiceImpl.addNewEmployee(EmployeeServiceImpl.java:18) ~[classes/:na]
	at com.EmployeeManagement.Service.EmployeeServiceImpl.addNewEmployee(EmployeeServiceImpl.java:18) ~[classes/:na]
	at com.EmployeeManagement.Service.EmployeeServiceImpl.addNewEmployee(EmployeeServiceImpl.java:18) ~[classes/:na]
	at com.EmployeeManagement.Service.EmployeeServiceImpl.addNewEmployee(EmployeeServiceImpl.java:18) ~[classes/:na]
	at com.EmployeeManagement.Service.EmployeeServiceImpl.addNewEmployee(EmployeeServiceImpl.java:18) ~[classes/:na]
	at com.EmployeeManagement.Service.EmployeeServiceImpl.addNewEmployee(EmployeeServiceImpl.java:18) ~[classes/:na]
	at com.EmployeeManagement.Service.EmployeeServiceImpl.addNewEmployee(EmployeeServiceImpl.java:18) ~[classes/:na]
	at com.EmployeeManagement.Service.EmployeeServiceImpl.addNewEmployee(EmployeeServiceImpl.java:18) ~[classes/:na]
	at com.EmployeeManagement.Service.EmployeeServiceImpl.addNewEmployee(EmployeeServiceImpl.java:18) ~[classes/:na]
	at com.EmployeeManagement.Service.EmployeeServiceImpl.addNewEmployee(EmployeeServiceImpl.java:18) ~[classes/:na]
	at com.EmployeeManagement.Service.EmployeeServiceImpl.addNewEmployee(EmployeeServiceImpl.java:18) ~[classes/:na]
	at com.EmployeeManagement.Service.EmployeeServiceImpl.addNewEmployee(EmployeeServiceImpl.java:18) ~[classes/:na]
	at com.EmployeeManagement.Service.EmployeeServiceImpl.addNewEmployee(EmployeeServiceImpl.java:18) ~[classes/:na]
	at com.EmployeeManagement.Service.EmployeeServiceImpl.addNewEmployee(EmployeeServiceImpl.java:18) ~[classes/:na]
	at com.EmployeeManagement.Service.EmployeeServiceImpl.addNewEmployee(EmployeeServiceImpl.java:18) ~[classes/:na]
	at com.EmployeeManagement.Service.EmployeeServiceImpl.addNewEmployee(EmployeeServiceImpl.java:18) ~[classes/:na]
	at com.EmployeeManagement.Service.EmployeeServiceImpl.addNewEmployee(EmployeeServiceImpl.java:18) ~[classes/:na]
	at com.EmployeeManagement.Service.EmployeeServiceImpl.addNewEmployee(EmployeeServiceImpl.java:18) ~[classes/:na]
	at com.EmployeeManagement.Service.EmployeeServiceImpl.addNewEmployee(EmployeeServiceImpl.java:18) ~[classes/:na]
	at com.EmployeeManagement.Service.EmployeeServiceImpl.addNewEmployee(EmployeeServiceImpl.java:18) ~[classes/:na]
	at com.EmployeeManagement.Service.EmployeeServiceImpl.addNewEmployee(EmployeeServiceImpl.java:18) ~[classes/:na]
	at com.EmployeeManagement.Service.EmployeeServiceImpl.addNewEmployee(EmployeeServiceImpl.java:18) ~[classes/:na]
	at com.EmployeeManagement.Service.EmployeeServiceImpl.addNewEmployee(EmployeeServiceImpl.java:18) ~[classes/:na]
	at com.EmployeeManagement.Service.EmployeeServiceImpl.addNewEmployee(EmployeeServiceImpl.java:18) ~[classes/:na]
	at com.EmployeeManagement.Service.EmployeeServiceImpl.addNewEmployee(EmployeeServiceImpl.java:18) ~[classes/:na]
	at com.EmployeeManagement.Service.EmployeeServiceImpl.addNewEmployee(EmployeeServiceImpl.java:18) ~[classes/:na]
	at com.EmployeeManagement.Service.EmployeeServiceImpl.addNewEmployee(EmployeeServiceImpl.java:18) ~[classes/:na]
	at com.EmployeeManagement.Service.EmployeeServiceImpl.addNewEmployee(EmployeeServiceImpl.java:18) ~[classes/:na]
	at com.EmployeeManagement.Service.EmployeeServiceImpl.addNewEmployee(EmployeeServiceImpl.java:18) ~[classes/:na]
	at com.EmployeeManagement.Service.EmployeeServiceImpl.addNewEmployee(EmployeeServiceImpl.java:18) ~[classes/:na]
	at com.EmployeeManagement.Service.EmployeeServiceImpl.addNewEmployee(EmployeeServiceImpl.java:18) ~[classes/:na]
	at com.EmployeeManagement.Service.EmployeeServiceImpl.addNewEmployee(EmployeeServiceImpl.java:18) ~[classes/:na]
	at com.EmployeeManagement.Service.EmployeeServiceImpl.addNewEmployee(EmployeeServiceImpl.java:18) ~[classes/:na]
	at com.EmployeeManagement.Service.EmployeeServiceImpl.addNewEmployee(EmployeeServiceImpl.java:18) ~[classes/:na]
	at com.EmployeeManagement.Service.EmployeeServiceImpl.addNewEmployee(EmployeeServiceImpl.java:18) ~[classes/:na]
	at com.EmployeeManagement.Service.EmployeeServiceImpl.addNewEmployee(EmployeeServiceImpl.java:18) ~[classes/:na]
	at com.EmployeeManagement.Service.EmployeeServiceImpl.addNewEmployee(EmployeeServiceImpl.java:18) ~[classes/:na]
	at com.EmployeeManagement.Service.EmployeeServiceImpl.addNewEmployee(EmployeeServiceImpl.java:18) ~[classes/:na]
	at com.EmployeeManagement.Service.EmployeeServiceImpl.addNewEmployee(EmployeeServiceImpl.java:18) ~[classes/:na]
	at com.EmployeeManagement.Service.EmployeeServiceImpl.addNewEmployee(EmployeeServiceImpl.java:18) ~[classes/:na]
	at com.EmployeeManagement.Service.EmployeeServiceImpl.addNewEmployee(EmployeeServiceImpl.java:18) ~[classes/:na]
	at com.EmployeeManagement.Service.EmployeeServiceImpl.addNewEmployee(EmployeeServiceImpl.java:18) ~[classes/:na]
	at com.EmployeeManagement.Service.EmployeeServiceImpl.addNewEmployee(EmployeeServiceImpl.java:18) ~[classes/:na]
	at com.EmployeeManagement.Service.EmployeeServiceImpl.addNewEmployee(EmployeeServiceImpl.java:18) ~[classes/:na]
	at com.EmployeeManagement.Service.EmployeeServiceImpl.addNewEmployee(EmployeeServiceImpl.java:18) ~[classes/:na]
	at com.EmployeeManagement.Service.EmployeeServiceImpl.addNewEmployee(EmployeeServiceImpl.java:18) ~[classes/:na]
	at com.EmployeeManagement.Service.EmployeeServiceImpl.addNewEmployee(EmployeeServiceImpl.java:18) ~[classes/:na]
	at com.EmployeeManagement.Service.EmployeeServiceImpl.addNewEmployee(EmployeeServiceImpl.java:18) ~[classes/:na]
	at com.EmployeeManagement.Service.EmployeeServiceImpl.addNewEmployee(EmployeeServiceImpl.java:18) ~[classes/:na]
	at com.EmployeeManagement.Service.EmployeeServiceImpl.addNewEmployee(EmployeeServiceImpl.java:18) ~[classes/:na]
	at com.EmployeeManagement.Service.EmployeeServiceImpl.addNewEmployee(EmployeeServiceImpl.java:18) ~[classes/:na]
	at com.EmployeeManagement.Service.EmployeeServiceImpl.addNewEmployee(EmployeeServiceImpl.java:18) ~[classes/:na]
	at com.EmployeeManagement.Service.EmployeeServiceImpl.addNewEmployee(EmployeeServiceImpl.java:18) ~[classes/:na]
	at com.EmployeeManagement.Service.EmployeeServiceImpl.addNewEmployee(EmployeeServiceImpl.java:18) ~[classes/:na]
	at com.EmployeeManagement.Service.EmployeeServiceImpl.addNewEmployee(EmployeeServiceImpl.java:18) ~[classes/:na]
	at com.EmployeeManagement.Service.EmployeeServiceImpl.addNewEmployee(EmployeeServiceImpl.java:18) ~[classes/:na]
	at com.EmployeeManagement.Service.EmployeeServiceImpl.addNewEmployee(EmployeeServiceImpl.java:18) ~[classes/:na]
	at com.EmployeeManagement.Service.EmployeeServiceImpl.addNewEmployee(EmployeeServiceImpl.java:18) ~[classes/:na]
	at com.EmployeeManagement.Service.EmployeeServiceImpl.addNewEmployee(EmployeeServiceImpl.java:18) ~[classes/:na]
	at com.EmployeeManagement.Service.EmployeeServiceImpl.addNewEmployee(EmployeeServiceImpl.java:18) ~[classes/:na]
	at com.EmployeeManagement.Service.EmployeeServiceImpl.addNewEmployee(EmployeeServiceImpl.java:18) ~[classes/:na]
	at com.EmployeeManagement.Service.EmployeeServiceImpl.addNewEmployee(EmployeeServiceImpl.java:18) ~[classes/:na]
	at com.EmployeeManagement.Service.EmployeeServiceImpl.addNewEmployee(EmployeeServiceImpl.java:18) ~[classes/:na]
	at com.EmployeeManagement.Service.EmployeeServiceImpl.addNewEmployee(EmployeeServiceImpl.java:18) ~[classes/:na]
	at com.EmployeeManagement.Service.EmployeeServiceImpl.addNewEmployee(EmployeeServiceImpl.java:18) ~[classes/:na]
	at com.EmployeeManagement.Service.EmployeeServiceImpl.addNewEmployee(EmployeeServiceImpl.java:18) ~[classes/:na]
	at com.EmployeeManagement.Service.EmployeeServiceImpl.addNewEmployee(EmployeeServiceImpl.java:18) ~[classes/:na]
	at com.EmployeeManagement.Service.EmployeeServiceImpl.addNewEmployee(EmployeeServiceImpl.java:18) ~[classes/:na]
	at com.EmployeeManagement.Service.EmployeeServiceImpl.addNewEmployee(EmployeeServiceImpl.java:18) ~[classes/:na]
	at com.EmployeeManagement.Service.EmployeeServiceImpl.addNewEmployee(EmployeeServiceImpl.java:18) ~[classes/:na]
	at com.EmployeeManagement.Service.EmployeeServiceImpl.addNewEmployee(EmployeeServiceImpl.java:18) ~[classes/:na]
	at com.EmployeeManagement.Service.EmployeeServiceImpl.addNewEmployee(EmployeeServiceImpl.java:18) ~[classes/:na]
	at com.EmployeeManagement.Service.EmployeeServiceImpl.addNewEmployee(EmployeeServiceImpl.java:18) ~[classes/:na]
	at com.EmployeeManagement.Service.EmployeeServiceImpl.addNewEmployee(EmployeeServiceImpl.java:18) ~[classes/:na]
	at com.EmployeeManagement.Service.EmployeeServiceImpl.addNewEmployee(EmployeeServiceImpl.java:18) ~[classes/:na]
	at com.EmployeeManagement.Service.EmployeeServiceImpl.addNewEmployee(EmployeeServiceImpl.java:18) ~[classes/:na]
	at com.EmployeeManagement.Service.EmployeeServiceImpl.addNewEmployee(EmployeeServiceImpl.java:18) ~[classes/:na]
	at com.EmployeeManagement.Service.EmployeeServiceImpl.addNewEmployee(EmployeeServiceImpl.java:18) ~[classes/:na]
	at com.EmployeeManagement.Service.EmployeeServiceImpl.addNewEmployee(EmployeeServiceImpl.java:18) ~[classes/:na]
	at com.EmployeeManagement.Service.EmployeeServiceImpl.addNewEmployee(EmployeeServiceImpl.java:18) ~[classes/:na]
	at com.EmployeeManagement.Service.EmployeeServiceImpl.addNewEmployee(EmployeeServiceImpl.java:18) ~[classes/:na]
	at com.EmployeeManagement.Service.EmployeeServiceImpl.addNewEmployee(EmployeeServiceImpl.java:18) ~[classes/:na]
	at com.EmployeeManagement.Service.EmployeeServiceImpl.addNewEmployee(EmployeeServiceImpl.java:18) ~[classes/:na]
	at com.EmployeeManagement.Service.EmployeeServiceImpl.addNewEmployee(EmployeeServiceImpl.java:18) ~[classes/:na]
	at com.EmployeeManagement.Service.EmployeeServiceImpl.addNewEmployee(EmployeeServiceImpl.java:18) ~[classes/:na]
	at com.EmployeeManagement.Service.EmployeeServiceImpl.addNewEmployee(EmployeeServiceImpl.java:18) ~[classes/:na]
	at com.EmployeeManagement.Service.EmployeeServiceImpl.addNewEmployee(EmployeeServiceImpl.java:18) ~[classes/:na]
	at com.EmployeeManagement.Service.EmployeeServiceImpl.addNewEmployee(EmployeeServiceImpl.java:18) ~[classes/:na]
	at com.EmployeeManagement.Service.EmployeeServiceImpl.addNewEmployee(EmployeeServiceImpl.java:18) ~[classes/:na]
	at com.EmployeeManagement.Service.EmployeeServiceImpl.addNewEmployee(EmployeeServiceImpl.java:18) ~[classes/:na]
	at com.EmployeeManagement.Service.EmployeeServiceImpl.addNewEmployee(EmployeeServiceImpl.java:18) ~[classes/:na]
	at com.EmployeeManagement.Service.EmployeeServiceImpl.addNewEmployee(EmployeeServiceImpl.java:18) ~[classes/:na]
	at com.EmployeeManagement.Service.EmployeeServiceImpl.addNewEmployee(EmployeeServiceImpl.java:18) ~[classes/:na]
	at com.EmployeeManagement.Service.EmployeeServiceImpl.addNewEmployee(EmployeeServiceImpl.java:18) ~[classes/:na]
	at com.EmployeeManagement.Service.EmployeeServiceImpl.addNewEmployee(EmployeeServiceImpl.java:18) ~[classes/:na]
	at com.EmployeeManagement.Service.EmployeeServiceImpl.addNewEmployee(EmployeeServiceImpl.java:18) ~[classes/:na]
	at com.EmployeeManagement.Service.EmployeeServiceImpl.addNewEmployee(EmployeeServiceImpl.java:18) ~[classes/:na]
	at com.EmployeeManagement.Service.EmployeeServiceImpl.addNewEmployee(EmployeeServiceImpl.java:18) ~[classes/:na]
	at com.EmployeeManagement.Service.EmployeeServiceImpl.addNewEmployee(EmployeeServiceImpl.java:18) ~[classes/:na]
	at com.EmployeeManagement.Service.EmployeeServiceImpl.addNewEmployee(EmployeeServiceImpl.java:18) ~[classes/:na]
	at com.EmployeeManagement.Service.EmployeeServiceImpl.addNewEmployee(EmployeeServiceImpl.java:18) ~[classes/:na]
	at com.EmployeeManagement.Service.EmployeeServiceImpl.addNewEmployee(EmployeeServiceImpl.java:18) ~[classes/:na]
	at com.EmployeeManagement.Service.EmployeeServiceImpl.addNewEmployee(EmployeeServiceImpl.java:18) ~[classes/:na]
	at com.EmployeeManagement.Service.EmployeeServiceImpl.addNewEmployee(EmployeeServiceImpl.java:18) ~[classes/:na]
	at com.EmployeeManagement.Service.EmployeeServiceImpl.addNewEmployee(EmployeeServiceImpl.java:18) ~[classes/:na]
	at com.EmployeeManagement.Service.EmployeeServiceImpl.addNewEmployee(EmployeeServiceImpl.java:18) ~[classes/:na]
	at com.EmployeeManagement.Service.EmployeeServiceImpl.addNewEmployee(EmployeeServiceImpl.java:18) ~[classes/:na]
	at com.EmployeeManagement.Service.EmployeeServiceImpl.addNewEmployee(EmployeeServiceImpl.java:18) ~[classes/:na]
	at com.EmployeeManagement.Service.EmployeeServiceImpl.addNewEmployee(EmployeeServiceImpl.java:18) ~[classes/:na]
	at com.EmployeeManagement.Service.EmployeeServiceImpl.addNewEmployee(EmployeeServiceImpl.java:18) ~[classes/:na]
	at com.EmployeeManagement.Service.EmployeeServiceImpl.addNewEmployee(EmployeeServiceImpl.java:18) ~[classes/:na]
	at com.EmployeeManagement.Service.EmployeeServiceImpl.addNewEmployee(EmployeeServiceImpl.java:18) ~[classes/:na]
	at com.EmployeeManagement.Service.EmployeeServiceImpl.addNewEmployee(EmployeeServiceImpl.java:18) ~[classes/:na]
	at com.EmployeeManagement.Service.EmployeeServiceImpl.addNewEmployee(EmployeeServiceImpl.java:18) ~[classes/:na]
	at com.EmployeeManagement.Service.EmployeeServiceImpl.addNewEmployee(EmployeeServiceImpl.java:18) ~[classes/:na]
	at com.EmployeeManagement.Service.EmployeeServiceImpl.addNewEmployee(EmployeeServiceImpl.java:18) ~[classes/:na]
	at com.EmployeeManagement.Service.EmployeeServiceImpl.addNewEmployee(EmployeeServiceImpl.java:18) ~[classes/:na]
	at com.EmployeeManagement.Service.EmployeeServiceImpl.addNewEmployee(EmployeeServiceImpl.java:18) ~[classes/:na]
	at com.EmployeeManagement.Service.EmployeeServiceImpl.addNewEmployee(EmployeeServiceImpl.java:18) ~[classes/:na]
	at com.EmployeeManagement.Service.EmployeeServiceImpl.addNewEmployee(EmployeeServiceImpl.java:18) ~[classes/:na]
	at com.EmployeeManagement.Service.EmployeeServiceImpl.addNewEmployee(EmployeeServiceImpl.java:18) ~[classes/:na]
	at com.EmployeeManagement.Service.EmployeeServiceImpl.addNewEmployee(EmployeeServiceImpl.java:18) ~[classes/:na]
	at com.EmployeeManagement.Service.EmployeeServiceImpl.addNewEmployee(EmployeeServiceImpl.java:18) ~[classes/:na]
	at com.EmployeeManagement.Service.EmployeeServiceImpl.addNewEmployee(EmployeeServiceImpl.java:18) ~[classes/:na]
	at com.EmployeeManagement.Service.EmployeeServiceImpl.addNewEmployee(EmployeeServiceImpl.java:18) ~[classes/:na]
	at com.EmployeeManagement.Service.EmployeeServiceImpl.addNewEmployee(EmployeeServiceImpl.java:18) ~[classes/:na]
	at com.EmployeeManagement.Service.EmployeeServiceImpl.addNewEmployee(EmployeeServiceImpl.java:18) ~[classes/:na]
	at com.EmployeeManagement.Service.EmployeeServiceImpl.addNewEmployee(EmployeeServiceImpl.java:18) ~[classes/:na]
	at com.EmployeeManagement.Service.EmployeeServiceImpl.addNewEmployee(EmployeeServiceImpl.java:18) ~[classes/:na]
	at com.EmployeeManagement.Service.EmployeeServiceImpl.addNewEmployee(EmployeeServiceImpl.java:18) ~[classes/:na]
	at com.EmployeeManagement.Service.EmployeeServiceImpl.addNewEmployee(EmployeeServiceImpl.java:18) ~[classes/:na]
	at com.EmployeeManagement.Service.EmployeeServiceImpl.addNewEmployee(EmployeeServiceImpl.java:18) ~[classes/:na]

2023-07-20T13:29:36.092+05:30 ERROR 18576 --- [           main] o.s.test.context.TestContextManager      : Caught exception while allowing TestExecutionListener [org.springframework.test.context.web.ServletTestExecutionListener] to prepare test instance [com.EmployeeManagement.EmployeeManagementApplicationTests@ea04cab]

java.lang.StackOverflowError: null
	at com.EmployeeManagement.Service.EmployeeServiceImpl.addNewEmployee(EmployeeServiceImpl.java:18) ~[classes/:na]
	at com.EmployeeManagement.Service.EmployeeServiceImpl.addNewEmployee(EmployeeServiceImpl.java:18) ~[classes/:na]
	at com.EmployeeManagement.Service.EmployeeServiceImpl.addNewEmployee(EmployeeServiceImpl.java:18) ~[classes/:na]
	at com.EmployeeManagement.Service.EmployeeServiceImpl.addNewEmployee(EmployeeServiceImpl.java:18) ~[classes/:na]
	at com.EmployeeManagement.Service.EmployeeServiceImpl.addNewEmployee(EmployeeServiceImpl.java:18) ~[classes/:na]
	at com.EmployeeManagement.Service.EmployeeServiceImpl.addNewEmployee(EmployeeServiceImpl.java:18) ~[classes/:na]
	at com.EmployeeManagement.Service.EmployeeServiceImpl.addNewEmployee(EmployeeServiceImpl.java:18) ~[classes/:na]
	at com.EmployeeManagement.Service.EmployeeServiceImpl.addNewEmployee(EmployeeServiceImpl.java:18) ~[classes/:na]
	at com.EmployeeManagement.Service.EmployeeServiceImpl.addNewEmployee(EmployeeServiceImpl.java:18) ~[classes/:na]
	at com.EmployeeManagement.Service.EmployeeServiceImpl.addNewEmployee(EmployeeServiceImpl.java:18) ~[classes/:na]
	at com.EmployeeManagement.Service.EmployeeServiceImpl.addNewEmployee(EmployeeServiceImpl.java:18) ~[classes/:na]
	at com.EmployeeManagement.Service.EmployeeServiceImpl.addNewEmployee(EmployeeServiceImpl.java:18) ~[classes/:na]
	at com.EmployeeManagement.Service.EmployeeServiceImpl.addNewEmployee(EmployeeServiceImpl.java:18) ~[classes/:na]
	at com.EmployeeManagement.Service.EmployeeServiceImpl.addNewEmployee(EmployeeServiceImpl.java:18) ~[classes/:na]
	at com.EmployeeManagement.Service.EmployeeServiceImpl.addNewEmployee(EmployeeServiceImpl.java:18) ~[classes/:na]
	at com.EmployeeManagement.Service.EmployeeServiceImpl.addNewEmployee(EmployeeServiceImpl.java:18) ~[classes/:na]
	at com.EmployeeManagement.Service.EmployeeServiceImpl.addNewEmployee(EmployeeServiceImpl.java:18) ~[classes/:na]
	at com.EmployeeManagement.Service.EmployeeServiceImpl.addNewEmployee(EmployeeServiceImpl.java:18) ~[classes/:na]
	at com.EmployeeManagement.Service.EmployeeServiceImpl.addNewEmployee(EmployeeServiceImpl.java:18) ~[classes/:na]
	at com.EmployeeManagement.Service.EmployeeServiceImpl.addNewEmployee(EmployeeServiceImpl.java:18) ~[classes/:na]
	at com.EmployeeManagement.Service.EmployeeServiceImpl.addNewEmployee(EmployeeServiceImpl.java:18) ~[classes/:na]
	at com.EmployeeManagement.Service.EmployeeServiceImpl.addNewEmployee(EmployeeServiceImpl.java:18) ~[classes/:na]
	at com.EmployeeManagement.Service.EmployeeServiceImpl.addNewEmployee(EmployeeServiceImpl.java:18) ~[classes/:na]
	at com.EmployeeManagement.Service.EmployeeServiceImpl.addNewEmployee(EmployeeServiceImpl.java:18) ~[classes/:na]
	at com.EmployeeManagement.Service.EmployeeServiceImpl.addNewEmployee(EmployeeServiceImpl.java:18) ~[classes/:na]
	at com.EmployeeManagement.Service.EmployeeServiceImpl.addNewEmployee(EmployeeServiceImpl.java:18) ~[classes/:na]
	at com.EmployeeManagement.Service.EmployeeServiceImpl.addNewEmployee(EmployeeServiceImpl.java:18) ~[classes/:na]
	at com.EmployeeManagement.Service.EmployeeServiceImpl.addNewEmployee(EmployeeServiceImpl.java:18) ~[classes/:na]
	at com.EmployeeManagement.Service.EmployeeServiceImpl.addNewEmployee(EmployeeServiceImpl.java:18) ~[classes/:na]
	at com.EmployeeManagement.Service.EmployeeServiceImpl.addNewEmployee(EmployeeServiceImpl.java:18) ~[classes/:na]
	at com.EmployeeManagement.Service.EmployeeServiceImpl.addNewEmployee(EmployeeServiceImpl.java:18) ~[classes/:na]
	at com.EmployeeManagement.Service.EmployeeServiceImpl.addNewEmployee(EmployeeServiceImpl.java:18) ~[classes/:na]
	at com.EmployeeManagement.Service.EmployeeServiceImpl.addNewEmployee(EmployeeServiceImpl.java:18) ~[classes/:na]
	at com.EmployeeManagement.Service.EmployeeServiceImpl.addNewEmployee(EmployeeServiceImpl.java:18) ~[classes/:na]
	at com.EmployeeManagement.Service.EmployeeServiceImpl.addNewEmployee(EmployeeServiceImpl.java:18) ~[classes/:na]
	at com.EmployeeManagement.Service.EmployeeServiceImpl.addNewEmployee(EmployeeServiceImpl.java:18) ~[classes/:na]
	at com.EmployeeManagement.Service.EmployeeServiceImpl.addNewEmployee(EmployeeServiceImpl.java:18) ~[classes/:na]
	at com.EmployeeManagement.Service.EmployeeServiceImpl.addNewEmployee(EmployeeServiceImpl.java:18) ~[classes/:na]
	at com.EmployeeManagement.Service.EmployeeServiceImpl.addNewEmployee(EmployeeServiceImpl.java:18) ~[classes/:na]
	at com.EmployeeManagement.Service.EmployeeServiceImpl.addNewEmployee(EmployeeServiceImpl.java:18) ~[classes/:na]
	at com.EmployeeManagement.Service.EmployeeServiceImpl.addNewEmployee(EmployeeServiceImpl.java:18) ~[classes/:na]
	at com.EmployeeManagement.Service.EmployeeServiceImpl.addNewEmployee(EmployeeServiceImpl.java:18) ~[classes/:na]
	at com.EmployeeManagement.Service.EmployeeServiceImpl.addNewEmployee(EmployeeServiceImpl.java:18) ~[classes/:na]
	at com.EmployeeManagement.Service.EmployeeServiceImpl.addNewEmployee(EmployeeServiceImpl.java:18) ~[classes/:na]
	at com.EmployeeManagement.Service.EmployeeServiceImpl.addNewEmployee(EmployeeServiceImpl.java:18) ~[classes/:na]
	at com.EmployeeManagement.Service.EmployeeServiceImpl.addNewEmployee(EmployeeServiceImpl.java:18) ~[classes/:na]
	at com.EmployeeManagement.Service.EmployeeServiceImpl.addNewEmployee(EmployeeServiceImpl.java:18) ~[classes/:na]
	at com.EmployeeManagement.Service.EmployeeServiceImpl.addNewEmployee(EmployeeServiceImpl.java:18) ~[classes/:na]
	at com.EmployeeManagement.Service.EmployeeServiceImpl.addNewEmployee(EmployeeServiceImpl.java:18) ~[classes/:na]
	at com.EmployeeManagement.Service.EmployeeServiceImpl.addNewEmployee(EmployeeServiceImpl.java:18) ~[classes/:na]
	at com.EmployeeManagement.Service.EmployeeServiceImpl.addNewEmployee(EmployeeServiceImpl.java:18) ~[classes/:na]
	at com.EmployeeManagement.Service.EmployeeServiceImpl.addNewEmployee(EmployeeServiceImpl.java:18) ~[classes/:na]
	at com.EmployeeManagement.Service.EmployeeServiceImpl.addNewEmployee(EmployeeServiceImpl.java:18) ~[classes/:na]
	at com.EmployeeManagement.Service.EmployeeServiceImpl.addNewEmployee(EmployeeServiceImpl.java:18) ~[classes/:na]
	at com.EmployeeManagement.Service.EmployeeServiceImpl.addNewEmployee(EmployeeServiceImpl.java:18) ~[classes/:na]
	at com.EmployeeManagement.Service.EmployeeServiceImpl.addNewEmployee(EmployeeServiceImpl.java:18) ~[classes/:na]
	at com.EmployeeManagement.Service.EmployeeServiceImpl.addNewEmployee(EmployeeServiceImpl.java:18) ~[classes/:na]
	at com.EmployeeManagement.Service.EmployeeServiceImpl.addNewEmployee(EmployeeServiceImpl.java:18) ~[classes/:na]
	at com.EmployeeManagement.Service.EmployeeServiceImpl.addNewEmployee(EmployeeServiceImpl.java:18) ~[classes/:na]
	at com.EmployeeManagement.Service.EmployeeServiceImpl.addNewEmployee(EmployeeServiceImpl.java:18) ~[classes/:na]
	at com.EmployeeManagement.Service.EmployeeServiceImpl.addNewEmployee(EmployeeServiceImpl.java:18) ~[classes/:na]
	at com.EmployeeManagement.Service.EmployeeServiceImpl.addNewEmployee(EmployeeServiceImpl.java:18) ~[classes/:na]
	at com.EmployeeManagement.Service.EmployeeServiceImpl.addNewEmployee(EmployeeServiceImpl.java:18) ~[classes/:na]
	at com.EmployeeManagement.Service.EmployeeServiceImpl.addNewEmployee(EmployeeServiceImpl.java:18) ~[classes/:na]
	at com.EmployeeManagement.Service.EmployeeServiceImpl.addNewEmployee(EmployeeServiceImpl.java:18) ~[classes/:na]
	at com.EmployeeManagement.Service.EmployeeServiceImpl.addNewEmployee(EmployeeServiceImpl.java:18) ~[classes/:na]
	at com.EmployeeManagement.Service.EmployeeServiceImpl.addNewEmployee(EmployeeServiceImpl.java:18) ~[classes/:na]
	at com.EmployeeManagement.Service.EmployeeServiceImpl.addNewEmployee(EmployeeServiceImpl.java:18) ~[classes/:na]
	at com.EmployeeManagement.Service.EmployeeServiceImpl.addNewEmployee(EmployeeServiceImpl.java:18) ~[classes/:na]
	at com.EmployeeManagement.Service.EmployeeServiceImpl.addNewEmployee(EmployeeServiceImpl.java:18) ~[classes/:na]
	at com.EmployeeManagement.Service.EmployeeServiceImpl.addNewEmployee(EmployeeServiceImpl.java:18) ~[classes/:na]
	at com.EmployeeManagement.Service.EmployeeServiceImpl.addNewEmployee(EmployeeServiceImpl.java:18) ~[classes/:na]
	at com.EmployeeManagement.Service.EmployeeServiceImpl.addNewEmployee(EmployeeServiceImpl.java:18) ~[classes/:na]
	at com.EmployeeManagement.Service.EmployeeServiceImpl.addNewEmployee(EmployeeServiceImpl.java:18) ~[classes/:na]
	at com.EmployeeManagement.Service.EmployeeServiceImpl.addNewEmployee(EmployeeServiceImpl.java:18) ~[classes/:na]
	at com.EmployeeManagement.Service.EmployeeServiceImpl.addNewEmployee(EmployeeServiceImpl.java:18) ~[classes/:na]
	at com.EmployeeManagement.Service.EmployeeServiceImpl.addNewEmployee(EmployeeServiceImpl.java:18) ~[classes/:na]
	at com.EmployeeManagement.Service.EmployeeServiceImpl.addNewEmployee(EmployeeServiceImpl.java:18) ~[classes/:na]
	at com.EmployeeManagement.Service.EmployeeServiceImpl.addNewEmployee(EmployeeServiceImpl.java:18) ~[classes/:na]
	at com.EmployeeManagement.Service.EmployeeServiceImpl.addNewEmployee(EmployeeServiceImpl.java:18) ~[classes/:na]
	at com.EmployeeManagement.Service.EmployeeServiceImpl.addNewEmployee(EmployeeServiceImpl.java:18) ~[classes/:na]
	at com.EmployeeManagement.Service.EmployeeServiceImpl.addNewEmployee(EmployeeServiceImpl.java:18) ~[classes/:na]
	at com.EmployeeManagement.Service.EmployeeServiceImpl.addNewEmployee(EmployeeServiceImpl.java:18) ~[classes/:na]
	at com.EmployeeManagement.Service.EmployeeServiceImpl.addNewEmployee(EmployeeServiceImpl.java:18) ~[classes/:na]
	at com.EmployeeManagement.Service.EmployeeServiceImpl.addNewEmployee(EmployeeServiceImpl.java:18) ~[classes/:na]
	at com.EmployeeManagement.Service.EmployeeServiceImpl.addNewEmployee(EmployeeServiceImpl.java:18) ~[classes/:na]
	at com.EmployeeManagement.Service.EmployeeServiceImpl.addNewEmployee(EmployeeServiceImpl.java:18) ~[classes/:na]
	at com.EmployeeManagement.Service.EmployeeServiceImpl.addNewEmployee(EmployeeServiceImpl.java:18) ~[classes/:na]
	at com.EmployeeManagement.Service.EmployeeServiceImpl.addNewEmployee(EmployeeServiceImpl.java:18) ~[classes/:na]
	at com.EmployeeManagement.Service.EmployeeServiceImpl.addNewEmployee(EmployeeServiceImpl.java:18) ~[classes/:na]
	at com.EmployeeManagement.Service.EmployeeServiceImpl.addNewEmployee(EmployeeServiceImpl.java:18) ~[classes/:na]
	at com.EmployeeManagement.Service.EmployeeServiceImpl.addNewEmployee(EmployeeServiceImpl.java:18) ~[classes/:na]
	at com.EmployeeManagement.Service.EmployeeServiceImpl.addNewEmployee(EmployeeServiceImpl.java:18) ~[classes/:na]
	at com.EmployeeManagement.Service.EmployeeServiceImpl.addNewEmployee(EmployeeServiceImpl.java:18) ~[classes/:na]
	at com.EmployeeManagement.Service.EmployeeServiceImpl.addNewEmployee(EmployeeServiceImpl.java:18) ~[classes/:na]
	at com.EmployeeManagement.Service.EmployeeServiceImpl.addNewEmployee(EmployeeServiceImpl.java:18) ~[classes/:na]
	at com.EmployeeManagement.Service.EmployeeServiceImpl.addNewEmployee(EmployeeServiceImpl.java:18) ~[classes/:na]
	at com.EmployeeManagement.Service.EmployeeServiceImpl.addNewEmployee(EmployeeServiceImpl.java:18) ~[classes/:na]
	at com.EmployeeManagement.Service.EmployeeServiceImpl.addNewEmployee(EmployeeServiceImpl.java:18) ~[classes/:na]
	at com.EmployeeManagement.Service.EmployeeServiceImpl.addNewEmployee(EmployeeServiceImpl.java:18) ~[classes/:na]
	at com.EmployeeManagement.Service.EmployeeServiceImpl.addNewEmployee(EmployeeServiceImpl.java:18) ~[classes/:na]
	at com.EmployeeManagement.Service.EmployeeServiceImpl.addNewEmployee(EmployeeServiceImpl.java:18) ~[classes/:na]
	at com.EmployeeManagement.Service.EmployeeServiceImpl.addNewEmployee(EmployeeServiceImpl.java:18) ~[classes/:na]
	at com.EmployeeManagement.Service.EmployeeServiceImpl.addNewEmployee(EmployeeServiceImpl.java:18) ~[classes/:na]
	at com.EmployeeManagement.Service.EmployeeServiceImpl.addNewEmployee(EmployeeServiceImpl.java:18) ~[classes/:na]
	at com.EmployeeManagement.Service.EmployeeServiceImpl.addNewEmployee(EmployeeServiceImpl.java:18) ~[classes/:na]
	at com.EmployeeManagement.Service.EmployeeServiceImpl.addNewEmployee(EmployeeServiceImpl.java:18) ~[classes/:na]
	at com.EmployeeManagement.Service.EmployeeServiceImpl.addNewEmployee(EmployeeServiceImpl.java:18) ~[classes/:na]
	at com.EmployeeManagement.Service.EmployeeServiceImpl.addNewEmployee(EmployeeServiceImpl.java:18) ~[classes/:na]
	at com.EmployeeManagement.Service.EmployeeServiceImpl.addNewEmployee(EmployeeServiceImpl.java:18) ~[classes/:na]
	at com.EmployeeManagement.Service.EmployeeServiceImpl.addNewEmployee(EmployeeServiceImpl.java:18) ~[classes/:na]
	at com.EmployeeManagement.Service.EmployeeServiceImpl.addNewEmployee(EmployeeServiceImpl.java:18) ~[classes/:na]
	at com.EmployeeManagement.Service.EmployeeServiceImpl.addNewEmployee(EmployeeServiceImpl.java:18) ~[classes/:na]
	at com.EmployeeManagement.Service.EmployeeServiceImpl.addNewEmployee(EmployeeServiceImpl.java:18) ~[classes/:na]
	at com.EmployeeManagement.Service.EmployeeServiceImpl.addNewEmployee(EmployeeServiceImpl.java:18) ~[classes/:na]
	at com.EmployeeManagement.Service.EmployeeServiceImpl.addNewEmployee(EmployeeServiceImpl.java:18) ~[classes/:na]
	at com.EmployeeManagement.Service.EmployeeServiceImpl.addNewEmployee(EmployeeServiceImpl.java:18) ~[classes/:na]
	at com.EmployeeManagement.Service.EmployeeServiceImpl.addNewEmployee(EmployeeServiceImpl.java:18) ~[classes/:na]
	at com.EmployeeManagement.Service.EmployeeServiceImpl.addNewEmployee(EmployeeServiceImpl.java:18) ~[classes/:na]
	at com.EmployeeManagement.Service.EmployeeServiceImpl.addNewEmployee(EmployeeServiceImpl.java:18) ~[classes/:na]
	at com.EmployeeManagement.Service.EmployeeServiceImpl.addNewEmployee(EmployeeServiceImpl.java:18) ~[classes/:na]
	at com.EmployeeManagement.Service.EmployeeServiceImpl.addNewEmployee(EmployeeServiceImpl.java:18) ~[classes/:na]
	at com.EmployeeManagement.Service.EmployeeServiceImpl.addNewEmployee(EmployeeServiceImpl.java:18) ~[classes/:na]
	at com.EmployeeManagement.Service.EmployeeServiceImpl.addNewEmployee(EmployeeServiceImpl.java:18) ~[classes/:na]
	at com.EmployeeManagement.Service.EmployeeServiceImpl.addNewEmployee(EmployeeServiceImpl.java:18) ~[classes/:na]
	at com.EmployeeManagement.Service.EmployeeServiceImpl.addNewEmployee(EmployeeServiceImpl.java:18) ~[classes/:na]
	at com.EmployeeManagement.Service.EmployeeServiceImpl.addNewEmployee(EmployeeServiceImpl.java:18) ~[classes/:na]
	at com.EmployeeManagement.Service.EmployeeServiceImpl.addNewEmployee(EmployeeServiceImpl.java:18) ~[classes/:na]
	at com.EmployeeManagement.Service.EmployeeServiceImpl.addNewEmployee(EmployeeServiceImpl.java:18) ~[classes/:na]
	at com.EmployeeManagement.Service.EmployeeServiceImpl.addNewEmployee(EmployeeServiceImpl.java:18) ~[classes/:na]
	at com.EmployeeManagement.Service.EmployeeServiceImpl.addNewEmployee(EmployeeServiceImpl.java:18) ~[classes/:na]
	at com.EmployeeManagement.Service.EmployeeServiceImpl.addNewEmployee(EmployeeServiceImpl.java:18) ~[classes/:na]
	at com.EmployeeManagement.Service.EmployeeServiceImpl.addNewEmployee(EmployeeServiceImpl.java:18) ~[classes/:na]
	at com.EmployeeManagement.Service.EmployeeServiceImpl.addNewEmployee(EmployeeServiceImpl.java:18) ~[classes/:na]
	at com.EmployeeManagement.Service.EmployeeServiceImpl.addNewEmployee(EmployeeServiceImpl.java:18) ~[classes/:na]
	at com.EmployeeManagement.Service.EmployeeServiceImpl.addNewEmployee(EmployeeServiceImpl.java:18) ~[classes/:na]
	at com.EmployeeManagement.Service.EmployeeServiceImpl.addNewEmployee(EmployeeServiceImpl.java:18) ~[classes/:na]
	at com.EmployeeManagement.Service.EmployeeServiceImpl.addNewEmployee(EmployeeServiceImpl.java:18) ~[classes/:na]
	at com.EmployeeManagement.Service.EmployeeServiceImpl.addNewEmployee(EmployeeServiceImpl.java:18) ~[classes/:na]
	at com.EmployeeManagement.Service.EmployeeServiceImpl.addNewEmployee(EmployeeServiceImpl.java:18) ~[classes/:na]
	at com.EmployeeManagement.Service.EmployeeServiceImpl.addNewEmployee(EmployeeServiceImpl.java:18) ~[classes/:na]
	at com.EmployeeManagement.Service.EmployeeServiceImpl.addNewEmployee(EmployeeServiceImpl.java:18) ~[classes/:na]
	at com.EmployeeManagement.Service.EmployeeServiceImpl.addNewEmployee(EmployeeServiceImpl.java:18) ~[classes/:na]
	at com.EmployeeManagement.Service.EmployeeServiceImpl.addNewEmployee(EmployeeServiceImpl.java:18) ~[classes/:na]
	at com.EmployeeManagement.Service.EmployeeServiceImpl.addNewEmployee(EmployeeServiceImpl.java:18) ~[classes/:na]
	at com.EmployeeManagement.Service.EmployeeServiceImpl.addNewEmployee(EmployeeServiceImpl.java:18) ~[classes/:na]
	at com.EmployeeManagement.Service.EmployeeServiceImpl.addNewEmployee(EmployeeServiceImpl.java:18) ~[classes/:na]
	at com.EmployeeManagement.Service.EmployeeServiceImpl.addNewEmployee(EmployeeServiceImpl.java:18) ~[classes/:na]
	at com.EmployeeManagement.Service.EmployeeServiceImpl.addNewEmployee(EmployeeServiceImpl.java:18) ~[classes/:na]
	at com.EmployeeManagement.Service.EmployeeServiceImpl.addNewEmployee(EmployeeServiceImpl.java:18) ~[classes/:na]
	at com.EmployeeManagement.Service.EmployeeServiceImpl.addNewEmployee(EmployeeServiceImpl.java:18) ~[classes/:na]
	at com.EmployeeManagement.Service.EmployeeServiceImpl.addNewEmployee(EmployeeServiceImpl.java:18) ~[classes/:na]
	at com.EmployeeManagement.Service.EmployeeServiceImpl.addNewEmployee(EmployeeServiceImpl.java:18) ~[classes/:na]
	at com.EmployeeManagement.Service.EmployeeServiceImpl.addNewEmployee(EmployeeServiceImpl.java:18) ~[classes/:na]
	at com.EmployeeManagement.Service.EmployeeServiceImpl.addNewEmployee(EmployeeServiceImpl.java:18) ~[classes/:na]
	at com.EmployeeManagement.Service.EmployeeServiceImpl.addNewEmployee(EmployeeServiceImpl.java:18) ~[classes/:na]
	at com.EmployeeManagement.Service.EmployeeServiceImpl.addNewEmployee(EmployeeServiceImpl.java:18) ~[classes/:na]
	at com.EmployeeManagement.Service.EmployeeServiceImpl.addNewEmployee(EmployeeServiceImpl.java:18) ~[classes/:na]
	at com.EmployeeManagement.Service.EmployeeServiceImpl.addNewEmployee(EmployeeServiceImpl.java:18) ~[classes/:na]
	at com.EmployeeManagement.Service.EmployeeServiceImpl.addNewEmployee(EmployeeServiceImpl.java:18) ~[classes/:na]
	at com.EmployeeManagement.Service.EmployeeServiceImpl.addNewEmployee(EmployeeServiceImpl.java:18) ~[classes/:na]
	at com.EmployeeManagement.Service.EmployeeServiceImpl.addNewEmployee(EmployeeServiceImpl.java:18) ~[classes/:na]
	at com.EmployeeManagement.Service.EmployeeServiceImpl.addNewEmployee(EmployeeServiceImpl.java:18) ~[classes/:na]
	at com.EmployeeManagement.Service.EmployeeServiceImpl.addNewEmployee(EmployeeServiceImpl.java:18) ~[classes/:na]
	at com.EmployeeManagement.Service.EmployeeServiceImpl.addNewEmployee(EmployeeServiceImpl.java:18) ~[classes/:na]
	at com.EmployeeManagement.Service.EmployeeServiceImpl.addNewEmployee(EmployeeServiceImpl.java:18) ~[classes/:na]
	at com.EmployeeManagement.Service.EmployeeServiceImpl.addNewEmployee(EmployeeServiceImpl.java:18) ~[classes/:na]
	at com.EmployeeManagement.Service.EmployeeServiceImpl.addNewEmployee(EmployeeServiceImpl.java:18) ~[classes/:na]
	at com.EmployeeManagement.Service.EmployeeServiceImpl.addNewEmployee(EmployeeServiceImpl.java:18) ~[classes/:na]
	at com.EmployeeManagement.Service.EmployeeServiceImpl.addNewEmployee(EmployeeServiceImpl.java:18) ~[classes/:na]
	at com.EmployeeManagement.Service.EmployeeServiceImpl.addNewEmployee(EmployeeServiceImpl.java:18) ~[classes/:na]
	at com.EmployeeManagement.Service.EmployeeServiceImpl.addNewEmployee(EmployeeServiceImpl.java:18) ~[classes/:na]
	at com.EmployeeManagement.Service.EmployeeServiceImpl.addNewEmployee(EmployeeServiceImpl.java:18) ~[classes/:na]
	at com.EmployeeManagement.Service.EmployeeServiceImpl.addNewEmployee(EmployeeServiceImpl.java:18) ~[classes/:na]
	at com.EmployeeManagement.Service.EmployeeServiceImpl.addNewEmployee(EmployeeServiceImpl.java:18) ~[classes/:na]
	at com.EmployeeManagement.Service.EmployeeServiceImpl.addNewEmployee(EmployeeServiceImpl.java:18) ~[classes/:na]
	at com.EmployeeManagement.Service.EmployeeServiceImpl.addNewEmployee(EmployeeServiceImpl.java:18) ~[classes/:na]
	at com.EmployeeManagement.Service.EmployeeServiceImpl.addNewEmployee(EmployeeServiceImpl.java:18) ~[classes/:na]
	at com.EmployeeManagement.Service.EmployeeServiceImpl.addNewEmployee(EmployeeServiceImpl.java:18) ~[classes/:na]
	at com.EmployeeManagement.Service.EmployeeServiceImpl.addNewEmployee(EmployeeServiceImpl.java:18) ~[classes/:na]
	at com.EmployeeManagement.Service.EmployeeServiceImpl.addNewEmployee(EmployeeServiceImpl.java:18) ~[classes/:na]
	at com.EmployeeManagement.Service.EmployeeServiceImpl.addNewEmployee(EmployeeServiceImpl.java:18) ~[classes/:na]
	at com.EmployeeManagement.Service.EmployeeServiceImpl.addNewEmployee(EmployeeServiceImpl.java:18) ~[classes/:na]
	at com.EmployeeManagement.Service.EmployeeServiceImpl.addNewEmployee(EmployeeServiceImpl.java:18) ~[classes/:na]
	at com.EmployeeManagement.Service.EmployeeServiceImpl.addNewEmployee(EmployeeServiceImpl.java:18) ~[classes/:na]
	at com.EmployeeManagement.Service.EmployeeServiceImpl.addNewEmployee(EmployeeServiceImpl.java:18) ~[classes/:na]
	at com.EmployeeManagement.Service.EmployeeServiceImpl.addNewEmployee(EmployeeServiceImpl.java:18) ~[classes/:na]
	at com.EmployeeManagement.Service.EmployeeServiceImpl.addNewEmployee(EmployeeServiceImpl.java:18) ~[classes/:na]
	at com.EmployeeManagement.Service.EmployeeServiceImpl.addNewEmployee(EmployeeServiceImpl.java:18) ~[classes/:na]
	at com.EmployeeManagement.Service.EmployeeServiceImpl.addNewEmployee(EmployeeServiceImpl.java:18) ~[classes/:na]
	at com.EmployeeManagement.Service.EmployeeServiceImpl.addNewEmployee(EmployeeServiceImpl.java:18) ~[classes/:na]
	at com.EmployeeManagement.Service.EmployeeServiceImpl.addNewEmployee(EmployeeServiceImpl.java:18) ~[classes/:na]
	at com.EmployeeManagement.Service.EmployeeServiceImpl.addNewEmployee(EmployeeServiceImpl.java:18) ~[classes/:na]
	at com.EmployeeManagement.Service.EmployeeServiceImpl.addNewEmployee(EmployeeServiceImpl.java:18) ~[classes/:na]
	at com.EmployeeManagement.Service.EmployeeServiceImpl.addNewEmployee(EmployeeServiceImpl.java:18) ~[classes/:na]
	at com.EmployeeManagement.Service.EmployeeServiceImpl.addNewEmployee(EmployeeServiceImpl.java:18) ~[classes/:na]
	at com.EmployeeManagement.Service.EmployeeServiceImpl.addNewEmployee(EmployeeServiceImpl.java:18) ~[classes/:na]
	at com.EmployeeManagement.Service.EmployeeServiceImpl.addNewEmployee(EmployeeServiceImpl.java:18) ~[classes/:na]
	at com.EmployeeManagement.Service.EmployeeServiceImpl.addNewEmployee(EmployeeServiceImpl.java:18) ~[classes/:na]
	at com.EmployeeManagement.Service.EmployeeServiceImpl.addNewEmployee(EmployeeServiceImpl.java:18) ~[classes/:na]
	at com.EmployeeManagement.Service.EmployeeServiceImpl.addNewEmployee(EmployeeServiceImpl.java:18) ~[classes/:na]
	at com.EmployeeManagement.Service.EmployeeServiceImpl.addNewEmployee(EmployeeServiceImpl.java:18) ~[classes/:na]
	at com.EmployeeManagement.Service.EmployeeServiceImpl.addNewEmployee(EmployeeServiceImpl.java:18) ~[classes/:na]
	at com.EmployeeManagement.Service.EmployeeServiceImpl.addNewEmployee(EmployeeServiceImpl.java:18) ~[classes/:na]
	at com.EmployeeManagement.Service.EmployeeServiceImpl.addNewEmployee(EmployeeServiceImpl.java:18) ~[classes/:na]
	at com.EmployeeManagement.Service.EmployeeServiceImpl.addNewEmployee(EmployeeServiceImpl.java:18) ~[classes/:na]
	at com.EmployeeManagement.Service.EmployeeServiceImpl.addNewEmployee(EmployeeServiceImpl.java:18) ~[classes/:na]
	at com.EmployeeManagement.Service.EmployeeServiceImpl.addNewEmployee(EmployeeServiceImpl.java:18) ~[classes/:na]
	at com.EmployeeManagement.Service.EmployeeServiceImpl.addNewEmployee(EmployeeServiceImpl.java:18) ~[classes/:na]
	at com.EmployeeManagement.Service.EmployeeServiceImpl.addNewEmployee(EmployeeServiceImpl.java:18) ~[classes/:na]
	at com.EmployeeManagement.Service.EmployeeServiceImpl.addNewEmployee(EmployeeServiceImpl.java:18) ~[classes/:na]
	at com.EmployeeManagement.Service.EmployeeServiceImpl.addNewEmployee(EmployeeServiceImpl.java:18) ~[classes/:na]
	at com.EmployeeManagement.Service.EmployeeServiceImpl.addNewEmployee(EmployeeServiceImpl.java:18) ~[classes/:na]
	at com.EmployeeManagement.Service.EmployeeServiceImpl.addNewEmployee(EmployeeServiceImpl.java:18) ~[classes/:na]
	at com.EmployeeManagement.Service.EmployeeServiceImpl.addNewEmployee(EmployeeServiceImpl.java:18) ~[classes/:na]
	at com.EmployeeManagement.Service.EmployeeServiceImpl.addNewEmployee(EmployeeServiceImpl.java:18) ~[classes/:na]
	at com.EmployeeManagement.Service.EmployeeServiceImpl.addNewEmployee(EmployeeServiceImpl.java:18) ~[classes/:na]
	at com.EmployeeManagement.Service.EmployeeServiceImpl.addNewEmployee(EmployeeServiceImpl.java:18) ~[classes/:na]
	at com.EmployeeManagement.Service.EmployeeServiceImpl.addNewEmployee(EmployeeServiceImpl.java:18) ~[classes/:na]
	at com.EmployeeManagement.Service.EmployeeServiceImpl.addNewEmployee(EmployeeServiceImpl.java:18) ~[classes/:na]
	at com.EmployeeManagement.Service.EmployeeServiceImpl.addNewEmployee(EmployeeServiceImpl.java:18) ~[classes/:na]
	at com.EmployeeManagement.Service.EmployeeServiceImpl.addNewEmployee(EmployeeServiceImpl.java:18) ~[classes/:na]
	at com.EmployeeManagement.Service.EmployeeServiceImpl.addNewEmployee(EmployeeServiceImpl.java:18) ~[classes/:na]
	at com.EmployeeManagement.Service.EmployeeServiceImpl.addNewEmployee(EmployeeServiceImpl.java:18) ~[classes/:na]
	at com.EmployeeManagement.Service.EmployeeServiceImpl.addNewEmployee(EmployeeServiceImpl.java:18) ~[classes/:na]
	at com.EmployeeManagement.Service.EmployeeServiceImpl.addNewEmployee(EmployeeServiceImpl.java:18) ~[classes/:na]
	at com.EmployeeManagement.Service.EmployeeServiceImpl.addNewEmployee(EmployeeServiceImpl.java:18) ~[classes/:na]
	at com.EmployeeManagement.Service.EmployeeServiceImpl.addNewEmployee(EmployeeServiceImpl.java:18) ~[classes/:na]
	at com.EmployeeManagement.Service.EmployeeServiceImpl.addNewEmployee(EmployeeServiceImpl.java:18) ~[classes/:na]
	at com.EmployeeManagement.Service.EmployeeServiceImpl.addNewEmployee(EmployeeServiceImpl.java:18) ~[classes/:na]
	at com.EmployeeManagement.Service.EmployeeServiceImpl.addNewEmployee(EmployeeServiceImpl.java:18) ~[classes/:na]
	at com.EmployeeManagement.Service.EmployeeServiceImpl.addNewEmployee(EmployeeServiceImpl.java:18) ~[classes/:na]
	at com.EmployeeManagement.Service.EmployeeServiceImpl.addNewEmployee(EmployeeServiceImpl.java:18) ~[classes/:na]
	at com.EmployeeManagement.Service.EmployeeServiceImpl.addNewEmployee(EmployeeServiceImpl.java:18) ~[classes/:na]
	at com.EmployeeManagement.Service.EmployeeServiceImpl.addNewEmployee(EmployeeServiceImpl.java:18) ~[classes/:na]
	at com.EmployeeManagement.Service.EmployeeServiceImpl.addNewEmployee(EmployeeServiceImpl.java:18) ~[classes/:na]
	at com.EmployeeManagement.Service.EmployeeServiceImpl.addNewEmployee(EmployeeServiceImpl.java:18) ~[classes/:na]
	at com.EmployeeManagement.Service.EmployeeServiceImpl.addNewEmployee(EmployeeServiceImpl.java:18) ~[classes/:na]
	at com.EmployeeManagement.Service.EmployeeServiceImpl.addNewEmployee(EmployeeServiceImpl.java:18) ~[classes/:na]
	at com.EmployeeManagement.Service.EmployeeServiceImpl.addNewEmployee(EmployeeServiceImpl.java:18) ~[classes/:na]
	at com.EmployeeManagement.Service.EmployeeServiceImpl.addNewEmployee(EmployeeServiceImpl.java:18) ~[classes/:na]
	at com.EmployeeManagement.Service.EmployeeServiceImpl.addNewEmployee(EmployeeServiceImpl.java:18) ~[classes/:na]
	at com.EmployeeManagement.Service.EmployeeServiceImpl.addNewEmployee(EmployeeServiceImpl.java:18) ~[classes/:na]
	at com.EmployeeManagement.Service.EmployeeServiceImpl.addNewEmployee(EmployeeServiceImpl.java:18) ~[classes/:na]
	at com.EmployeeManagement.Service.EmployeeServiceImpl.addNewEmployee(EmployeeServiceImpl.java:18) ~[classes/:na]
	at com.EmployeeManagement.Service.EmployeeServiceImpl.addNewEmployee(EmployeeServiceImpl.java:18) ~[classes/:na]
	at com.EmployeeManagement.Service.EmployeeServiceImpl.addNewEmployee(EmployeeServiceImpl.java:18) ~[classes/:na]
	at com.EmployeeManagement.Service.EmployeeServiceImpl.addNewEmployee(EmployeeServiceImpl.java:18) ~[classes/:na]
	at com.EmployeeManagement.Service.EmployeeServiceImpl.addNewEmployee(EmployeeServiceImpl.java:18) ~[classes/:na]
	at com.EmployeeManagement.Service.EmployeeServiceImpl.addNewEmployee(EmployeeServiceImpl.java:18) ~[classes/:na]
	at com.EmployeeManagement.Service.EmployeeServiceImpl.addNewEmployee(EmployeeServiceImpl.java:18) ~[classes/:na]
	at com.EmployeeManagement.Service.EmployeeServiceImpl.addNewEmployee(EmployeeServiceImpl.java:18) ~[classes/:na]
	at com.EmployeeManagement.Service.EmployeeServiceImpl.addNewEmployee(EmployeeServiceImpl.java:18) ~[classes/:na]
	at com.EmployeeManagement.Service.EmployeeServiceImpl.addNewEmployee(EmployeeServiceImpl.java:18) ~[classes/:na]
	at com.EmployeeManagement.Service.EmployeeServiceImpl.addNewEmployee(EmployeeServiceImpl.java:18) ~[classes/:na]
	at com.EmployeeManagement.Service.EmployeeServiceImpl.addNewEmployee(EmployeeServiceImpl.java:18) ~[classes/:na]
	at com.EmployeeManagement.Service.EmployeeServiceImpl.addNewEmployee(EmployeeServiceImpl.java:18) ~[classes/:na]
	at com.EmployeeManagement.Service.EmployeeServiceImpl.addNewEmployee(EmployeeServiceImpl.java:18) ~[classes/:na]
	at com.EmployeeManagement.Service.EmployeeServiceImpl.addNewEmployee(EmployeeServiceImpl.java:18) ~[classes/:na]
	at com.EmployeeManagement.Service.EmployeeServiceImpl.addNewEmployee(EmployeeServiceImpl.java:18) ~[classes/:na]
	at com.EmployeeManagement.Service.EmployeeServiceImpl.addNewEmployee(EmployeeServiceImpl.java:18) ~[classes/:na]
	at com.EmployeeManagement.Service.EmployeeServiceImpl.addNewEmployee(EmployeeServiceImpl.java:18) ~[classes/:na]
	at com.EmployeeManagement.Service.EmployeeServiceImpl.addNewEmployee(EmployeeServiceImpl.java:18) ~[classes/:na]
	at com.EmployeeManagement.Service.EmployeeServiceImpl.addNewEmployee(EmployeeServiceImpl.java:18) ~[classes/:na]
	at com.EmployeeManagement.Service.EmployeeServiceImpl.addNewEmployee(EmployeeServiceImpl.java:18) ~[classes/:na]
	at com.EmployeeManagement.Service.EmployeeServiceImpl.addNewEmployee(EmployeeServiceImpl.java:18) ~[classes/:na]
	at com.EmployeeManagement.Service.EmployeeServiceImpl.addNewEmployee(EmployeeServiceImpl.java:18) ~[classes/:na]
	at com.EmployeeManagement.Service.EmployeeServiceImpl.addNewEmployee(EmployeeServiceImpl.java:18) ~[classes/:na]
	at com.EmployeeManagement.Service.EmployeeServiceImpl.addNewEmployee(EmployeeServiceImpl.java:18) ~[classes/:na]
	at com.EmployeeManagement.Service.EmployeeServiceImpl.addNewEmployee(EmployeeServiceImpl.java:18) ~[classes/:na]
	at com.EmployeeManagement.Service.EmployeeServiceImpl.addNewEmployee(EmployeeServiceImpl.java:18) ~[classes/:na]
	at com.EmployeeManagement.Service.EmployeeServiceImpl.addNewEmployee(EmployeeServiceImpl.java:18) ~[classes/:na]
	at com.EmployeeManagement.Service.EmployeeServiceImpl.addNewEmployee(EmployeeServiceImpl.java:18) ~[classes/:na]
	at com.EmployeeManagement.Service.EmployeeServiceImpl.addNewEmployee(EmployeeServiceImpl.java:18) ~[classes/:na]
	at com.EmployeeManagement.Service.EmployeeServiceImpl.addNewEmployee(EmployeeServiceImpl.java:18) ~[classes/:na]
	at com.EmployeeManagement.Service.EmployeeServiceImpl.addNewEmployee(EmployeeServiceImpl.java:18) ~[classes/:na]
	at com.EmployeeManagement.Service.EmployeeServiceImpl.addNewEmployee(EmployeeServiceImpl.java:18) ~[classes/:na]
	at com.EmployeeManagement.Service.EmployeeServiceImpl.addNewEmployee(EmployeeServiceImpl.java:18) ~[classes/:na]
	at com.EmployeeManagement.Service.EmployeeServiceImpl.addNewEmployee(EmployeeServiceImpl.java:18) ~[classes/:na]
	at com.EmployeeManagement.Service.EmployeeServiceImpl.addNewEmployee(EmployeeServiceImpl.java:18) ~[classes/:na]
	at com.EmployeeManagement.Service.EmployeeServiceImpl.addNewEmployee(EmployeeServiceImpl.java:18) ~[classes/:na]
	at com.EmployeeManagement.Service.EmployeeServiceImpl.addNewEmployee(EmployeeServiceImpl.java:18) ~[classes/:na]
	at com.EmployeeManagement.Service.EmployeeServiceImpl.addNewEmployee(EmployeeServiceImpl.java:18) ~[classes/:na]
	at com.EmployeeManagement.Service.EmployeeServiceImpl.addNewEmployee(EmployeeServiceImpl.java:18) ~[classes/:na]
	at com.EmployeeManagement.Service.EmployeeServiceImpl.addNewEmployee(EmployeeServiceImpl.java:18) ~[classes/:na]
	at com.EmployeeManagement.Service.EmployeeServiceImpl.addNewEmployee(EmployeeServiceImpl.java:18) ~[classes/:na]
	at com.EmployeeManagement.Service.EmployeeServiceImpl.addNewEmployee(EmployeeServiceImpl.java:18) ~[classes/:na]
	at com.EmployeeManagement.Service.EmployeeServiceImpl.addNewEmployee(EmployeeServiceImpl.java:18) ~[classes/:na]
	at com.EmployeeManagement.Service.EmployeeServiceImpl.addNewEmployee(EmployeeServiceImpl.java:18) ~[classes/:na]
	at com.EmployeeManagement.Service.EmployeeServiceImpl.addNewEmployee(EmployeeServiceImpl.java:18) ~[classes/:na]
	at com.EmployeeManagement.Service.EmployeeServiceImpl.addNewEmployee(EmployeeServiceImpl.java:18) ~[classes/:na]
	at com.EmployeeManagement.Service.EmployeeServiceImpl.addNewEmployee(EmployeeServiceImpl.java:18) ~[classes/:na]
	at com.EmployeeManagement.Service.EmployeeServiceImpl.addNewEmployee(EmployeeServiceImpl.java:18) ~[classes/:na]
	at com.EmployeeManagement.Service.EmployeeServiceImpl.addNewEmployee(EmployeeServiceImpl.java:18) ~[classes/:na]
	at com.EmployeeManagement.Service.EmployeeServiceImpl.addNewEmployee(EmployeeServiceImpl.java:18) ~[classes/:na]
	at com.EmployeeManagement.Service.EmployeeServiceImpl.addNewEmployee(EmployeeServiceImpl.java:18) ~[classes/:na]
	at com.EmployeeManagement.Service.EmployeeServiceImpl.addNewEmployee(EmployeeServiceImpl.java:18) ~[classes/:na]
	at com.EmployeeManagement.Service.EmployeeServiceImpl.addNewEmployee(EmployeeServiceImpl.java:18) ~[classes/:na]
	at com.EmployeeManagement.Service.EmployeeServiceImpl.addNewEmployee(EmployeeServiceImpl.java:18) ~[classes/:na]
	at com.EmployeeManagement.Service.EmployeeServiceImpl.addNewEmployee(EmployeeServiceImpl.java:18) ~[classes/:na]
	at com.EmployeeManagement.Service.EmployeeServiceImpl.addNewEmployee(EmployeeServiceImpl.java:18) ~[classes/:na]
	at com.EmployeeManagement.Service.EmployeeServiceImpl.addNewEmployee(EmployeeServiceImpl.java:18) ~[classes/:na]
	at com.EmployeeManagement.Service.EmployeeServiceImpl.addNewEmployee(EmployeeServiceImpl.java:18) ~[classes/:na]
	at com.EmployeeManagement.Service.EmployeeServiceImpl.addNewEmployee(EmployeeServiceImpl.java:18) ~[classes/:na]
	at com.EmployeeManagement.Service.EmployeeServiceImpl.addNewEmployee(EmployeeServiceImpl.java:18) ~[classes/:na]
	at com.EmployeeManagement.Service.EmployeeServiceImpl.addNewEmployee(EmployeeServiceImpl.java:18) ~[classes/:na]
	at com.EmployeeManagement.Service.EmployeeServiceImpl.addNewEmployee(EmployeeServiceImpl.java:18) ~[classes/:na]
	at com.EmployeeManagement.Service.EmployeeServiceImpl.addNewEmployee(EmployeeServiceImpl.java:18) ~[classes/:na]
	at com.EmployeeManagement.Service.EmployeeServiceImpl.addNewEmployee(EmployeeServiceImpl.java:18) ~[classes/:na]
	at com.EmployeeManagement.Service.EmployeeServiceImpl.addNewEmployee(EmployeeServiceImpl.java:18) ~[classes/:na]
	at com.EmployeeManagement.Service.EmployeeServiceImpl.addNewEmployee(EmployeeServiceImpl.java:18) ~[classes/:na]
	at com.EmployeeManagement.Service.EmployeeServiceImpl.addNewEmployee(EmployeeServiceImpl.java:18) ~[classes/:na]
	at com.EmployeeManagement.Service.EmployeeServiceImpl.addNewEmployee(EmployeeServiceImpl.java:18) ~[classes/:na]
	at com.EmployeeManagement.Service.EmployeeServiceImpl.addNewEmployee(EmployeeServiceImpl.java:18) ~[classes/:na]
	at com.EmployeeManagement.Service.EmployeeServiceImpl.addNewEmployee(EmployeeServiceImpl.java:18) ~[classes/:na]
	at com.EmployeeManagement.Service.EmployeeServiceImpl.addNewEmployee(EmployeeServiceImpl.java:18) ~[classes/:na]
	at com.EmployeeManagement.Service.EmployeeServiceImpl.addNewEmployee(EmployeeServiceImpl.java:18) ~[classes/:na]
	at com.EmployeeManagement.Service.EmployeeServiceImpl.addNewEmployee(EmployeeServiceImpl.java:18) ~[classes/:na]
	at com.EmployeeManagement.Service.EmployeeServiceImpl.addNewEmployee(EmployeeServiceImpl.java:18) ~[classes/:na]
	at com.EmployeeManagement.Service.EmployeeServiceImpl.addNewEmployee(EmployeeServiceImpl.java:18) ~[classes/:na]
	at com.EmployeeManagement.Service.EmployeeServiceImpl.addNewEmployee(EmployeeServiceImpl.java:18) ~[classes/:na]
	at com.EmployeeManagement.Service.EmployeeServiceImpl.addNewEmployee(EmployeeServiceImpl.java:18) ~[classes/:na]
	at com.EmployeeManagement.Service.EmployeeServiceImpl.addNewEmployee(EmployeeServiceImpl.java:18) ~[classes/:na]
	at com.EmployeeManagement.Service.EmployeeServiceImpl.addNewEmployee(EmployeeServiceImpl.java:18) ~[classes/:na]
	at com.EmployeeManagement.Service.EmployeeServiceImpl.addNewEmployee(EmployeeServiceImpl.java:18) ~[classes/:na]
	at com.EmployeeManagement.Service.EmployeeServiceImpl.addNewEmployee(EmployeeServiceImpl.java:18) ~[classes/:na]
	at com.EmployeeManagement.Service.EmployeeServiceImpl.addNewEmployee(EmployeeServiceImpl.java:18) ~[classes/:na]
	at com.EmployeeManagement.Service.EmployeeServiceImpl.addNewEmployee(EmployeeServiceImpl.java:18) ~[classes/:na]
	at com.EmployeeManagement.Service.EmployeeServiceImpl.addNewEmployee(EmployeeServiceImpl.java:18) ~[classes/:na]
	at com.EmployeeManagement.Service.EmployeeServiceImpl.addNewEmployee(EmployeeServiceImpl.java:18) ~[classes/:na]
	at com.EmployeeManagement.Service.EmployeeServiceImpl.addNewEmployee(EmployeeServiceImpl.java:18) ~[classes/:na]
	at com.EmployeeManagement.Service.EmployeeServiceImpl.addNewEmployee(EmployeeServiceImpl.java:18) ~[classes/:na]
	at com.EmployeeManagement.Service.EmployeeServiceImpl.addNewEmployee(EmployeeServiceImpl.java:18) ~[classes/:na]
	at com.EmployeeManagement.Service.EmployeeServiceImpl.addNewEmployee(EmployeeServiceImpl.java:18) ~[classes/:na]
	at com.EmployeeManagement.Service.EmployeeServiceImpl.addNewEmployee(EmployeeServiceImpl.java:18) ~[classes/:na]
	at com.EmployeeManagement.Service.EmployeeServiceImpl.addNewEmployee(EmployeeServiceImpl.java:18) ~[classes/:na]
	at com.EmployeeManagement.Service.EmployeeServiceImpl.addNewEmployee(EmployeeServiceImpl.java:18) ~[classes/:na]
	at com.EmployeeManagement.Service.EmployeeServiceImpl.addNewEmployee(EmployeeServiceImpl.java:18) ~[classes/:na]
	at com.EmployeeManagement.Service.EmployeeServiceImpl.addNewEmployee(EmployeeServiceImpl.java:18) ~[classes/:na]
	at com.EmployeeManagement.Service.EmployeeServiceImpl.addNewEmployee(EmployeeServiceImpl.java:18) ~[classes/:na]
	at com.EmployeeManagement.Service.EmployeeServiceImpl.addNewEmployee(EmployeeServiceImpl.java:18) ~[classes/:na]
	at com.EmployeeManagement.Service.EmployeeServiceImpl.addNewEmployee(EmployeeServiceImpl.java:18) ~[classes/:na]
	at com.EmployeeManagement.Service.EmployeeServiceImpl.addNewEmployee(EmployeeServiceImpl.java:18) ~[classes/:na]
	at com.EmployeeManagement.Service.EmployeeServiceImpl.addNewEmployee(EmployeeServiceImpl.java:18) ~[classes/:na]
	at com.EmployeeManagement.Service.EmployeeServiceImpl.addNewEmployee(EmployeeServiceImpl.java:18) ~[classes/:na]
	at com.EmployeeManagement.Service.EmployeeServiceImpl.addNewEmployee(EmployeeServiceImpl.java:18) ~[classes/:na]
	at com.EmployeeManagement.Service.EmployeeServiceImpl.addNewEmployee(EmployeeServiceImpl.java:18) ~[classes/:na]
	at com.EmployeeManagement.Service.EmployeeServiceImpl.addNewEmployee(EmployeeServiceImpl.java:18) ~[classes/:na]
	at com.EmployeeManagement.Service.EmployeeServiceImpl.addNewEmployee(EmployeeServiceImpl.java:18) ~[classes/:na]
	at com.EmployeeManagement.Service.EmployeeServiceImpl.addNewEmployee(EmployeeServiceImpl.java:18) ~[classes/:na]
	at com.EmployeeManagement.Service.EmployeeServiceImpl.addNewEmployee(EmployeeServiceImpl.java:18) ~[classes/:na]
	at com.EmployeeManagement.Service.EmployeeServiceImpl.addNewEmployee(EmployeeServiceImpl.java:18) ~[classes/:na]
	at com.EmployeeManagement.Service.EmployeeServiceImpl.addNewEmployee(EmployeeServiceImpl.java:18) ~[classes/:na]
	at com.EmployeeManagement.Service.EmployeeServiceImpl.addNewEmployee(EmployeeServiceImpl.java:18) ~[classes/:na]
	at com.EmployeeManagement.Service.EmployeeServiceImpl.addNewEmployee(EmployeeServiceImpl.java:18) ~[classes/:na]
	at com.EmployeeManagement.Service.EmployeeServiceImpl.addNewEmployee(EmployeeServiceImpl.java:18) ~[classes/:na]
	at com.EmployeeManagement.Service.EmployeeServiceImpl.addNewEmployee(EmployeeServiceImpl.java:18) ~[classes/:na]
	at com.EmployeeManagement.Service.EmployeeServiceImpl.addNewEmployee(EmployeeServiceImpl.java:18) ~[classes/:na]
	at com.EmployeeManagement.Service.EmployeeServiceImpl.addNewEmployee(EmployeeServiceImpl.java:18) ~[classes/:na]
	at com.EmployeeManagement.Service.EmployeeServiceImpl.addNewEmployee(EmployeeServiceImpl.java:18) ~[classes/:na]
	at com.EmployeeManagement.Service.EmployeeServiceImpl.addNewEmployee(EmployeeServiceImpl.java:18) ~[classes/:na]
	at com.EmployeeManagement.Service.EmployeeServiceImpl.addNewEmployee(EmployeeServiceImpl.java:18) ~[classes/:na]
	at com.EmployeeManagement.Service.EmployeeServiceImpl.addNewEmployee(EmployeeServiceImpl.java:18) ~[classes/:na]
	at com.EmployeeManagement.Service.EmployeeServiceImpl.addNewEmployee(EmployeeServiceImpl.java:18) ~[classes/:na]
	at com.EmployeeManagement.Service.EmployeeServiceImpl.addNewEmployee(EmployeeServiceImpl.java:18) ~[classes/:na]
	at com.EmployeeManagement.Service.EmployeeServiceImpl.addNewEmployee(EmployeeServiceImpl.java:18) ~[classes/:na]
	at com.EmployeeManagement.Service.EmployeeServiceImpl.addNewEmployee(EmployeeServiceImpl.java:18) ~[classes/:na]
	at com.EmployeeManagement.Service.EmployeeServiceImpl.addNewEmployee(EmployeeServiceImpl.java:18) ~[classes/:na]
	at com.EmployeeManagement.Service.EmployeeServiceImpl.addNewEmployee(EmployeeServiceImpl.java:18) ~[classes/:na]
	at com.EmployeeManagement.Service.EmployeeServiceImpl.addNewEmployee(EmployeeServiceImpl.java:18) ~[classes/:na]
	at com.EmployeeManagement.Service.EmployeeServiceImpl.addNewEmployee(EmployeeServiceImpl.java:18) ~[classes/:na]
	at com.EmployeeManagement.Service.EmployeeServiceImpl.addNewEmployee(EmployeeServiceImpl.java:18) ~[classes/:na]
	at com.EmployeeManagement.Service.EmployeeServiceImpl.addNewEmployee(EmployeeServiceImpl.java:18) ~[classes/:na]
	at com.EmployeeManagement.Service.EmployeeServiceImpl.addNewEmployee(EmployeeServiceImpl.java:18) ~[classes/:na]
	at com.EmployeeManagement.Service.EmployeeServiceImpl.addNewEmployee(EmployeeServiceImpl.java:18) ~[classes/:na]
	at com.EmployeeManagement.Service.EmployeeServiceImpl.addNewEmployee(EmployeeServiceImpl.java:18) ~[classes/:na]
	at com.EmployeeManagement.Service.EmployeeServiceImpl.addNewEmployee(EmployeeServiceImpl.java:18) ~[classes/:na]
	at com.EmployeeManagement.Service.EmployeeServiceImpl.addNewEmployee(EmployeeServiceImpl.java:18) ~[classes/:na]
	at com.EmployeeManagement.Service.EmployeeServiceImpl.addNewEmployee(EmployeeServiceImpl.java:18) ~[classes/:na]
	at com.EmployeeManagement.Service.EmployeeServiceImpl.addNewEmployee(EmployeeServiceImpl.java:18) ~[classes/:na]
	at com.EmployeeManagement.Service.EmployeeServiceImpl.addNewEmployee(EmployeeServiceImpl.java:18) ~[classes/:na]
	at com.EmployeeManagement.Service.EmployeeServiceImpl.addNewEmployee(EmployeeServiceImpl.java:18) ~[classes/:na]
	at com.EmployeeManagement.Service.EmployeeServiceImpl.addNewEmployee(EmployeeServiceImpl.java:18) ~[classes/:na]
	at com.EmployeeManagement.Service.EmployeeServiceImpl.addNewEmployee(EmployeeServiceImpl.java:18) ~[classes/:na]
	at com.EmployeeManagement.Service.EmployeeServiceImpl.addNewEmployee(EmployeeServiceImpl.java:18) ~[classes/:na]
	at com.EmployeeManagement.Service.EmployeeServiceImpl.addNewEmployee(EmployeeServiceImpl.java:18) ~[classes/:na]
	at com.EmployeeManagement.Service.EmployeeServiceImpl.addNewEmployee(EmployeeServiceImpl.java:18) ~[classes/:na]
	at com.EmployeeManagement.Service.EmployeeServiceImpl.addNewEmployee(EmployeeServiceImpl.java:18) ~[classes/:na]
	at com.EmployeeManagement.Service.EmployeeServiceImpl.addNewEmployee(EmployeeServiceImpl.java:18) ~[classes/:na]
	at com.EmployeeManagement.Service.EmployeeServiceImpl.addNewEmployee(EmployeeServiceImpl.java:18) ~[classes/:na]
	at com.EmployeeManagement.Service.EmployeeServiceImpl.addNewEmployee(EmployeeServiceImpl.java:18) ~[classes/:na]
	at com.EmployeeManagement.Service.EmployeeServiceImpl.addNewEmployee(EmployeeServiceImpl.java:18) ~[classes/:na]
	at com.EmployeeManagement.Service.EmployeeServiceImpl.addNewEmployee(EmployeeServiceImpl.java:18) ~[classes/:na]
	at com.EmployeeManagement.Service.EmployeeServiceImpl.addNewEmployee(EmployeeServiceImpl.java:18) ~[classes/:na]
	at com.EmployeeManagement.Service.EmployeeServiceImpl.addNewEmployee(EmployeeServiceImpl.java:18) ~[classes/:na]
	at com.EmployeeManagement.Service.EmployeeServiceImpl.addNewEmployee(EmployeeServiceImpl.java:18) ~[classes/:na]
	at com.EmployeeManagement.Service.EmployeeServiceImpl.addNewEmployee(EmployeeServiceImpl.java:18) ~[classes/:na]
	at com.EmployeeManagement.Service.EmployeeServiceImpl.addNewEmployee(EmployeeServiceImpl.java:18) ~[classes/:na]
	at com.EmployeeManagement.Service.EmployeeServiceImpl.addNewEmployee(EmployeeServiceImpl.java:18) ~[classes/:na]
	at com.EmployeeManagement.Service.EmployeeServiceImpl.addNewEmployee(EmployeeServiceImpl.java:18) ~[classes/:na]
	at com.EmployeeManagement.Service.EmployeeServiceImpl.addNewEmployee(EmployeeServiceImpl.java:18) ~[classes/:na]
	at com.EmployeeManagement.Service.EmployeeServiceImpl.addNewEmployee(EmployeeServiceImpl.java:18) ~[classes/:na]
	at com.EmployeeManagement.Service.EmployeeServiceImpl.addNewEmployee(EmployeeServiceImpl.java:18) ~[classes/:na]
	at com.EmployeeManagement.Service.EmployeeServiceImpl.addNewEmployee(EmployeeServiceImpl.java:18) ~[classes/:na]
	at com.EmployeeManagement.Service.EmployeeServiceImpl.addNewEmployee(EmployeeServiceImpl.java:18) ~[classes/:na]
	at com.EmployeeManagement.Service.EmployeeServiceImpl.addNewEmployee(EmployeeServiceImpl.java:18) ~[classes/:na]
	at com.EmployeeManagement.Service.EmployeeServiceImpl.addNewEmployee(EmployeeServiceImpl.java:18) ~[classes/:na]
	at com.EmployeeManagement.Service.EmployeeServiceImpl.addNewEmployee(EmployeeServiceImpl.java:18) ~[classes/:na]
	at com.EmployeeManagement.Service.EmployeeServiceImpl.addNewEmployee(EmployeeServiceImpl.java:18) ~[classes/:na]
	at com.EmployeeManagement.Service.EmployeeServiceImpl.addNewEmployee(EmployeeServiceImpl.java:18) ~[classes/:na]
	at com.EmployeeManagement.Service.EmployeeServiceImpl.addNewEmployee(EmployeeServiceImpl.java:18) ~[classes/:na]
	at com.EmployeeManagement.Service.EmployeeServiceImpl.addNewEmployee(EmployeeServiceImpl.java:18) ~[classes/:na]
	at com.EmployeeManagement.Service.EmployeeServiceImpl.addNewEmployee(EmployeeServiceImpl.java:18) ~[classes/:na]
	at com.EmployeeManagement.Service.EmployeeServiceImpl.addNewEmployee(EmployeeServiceImpl.java:18) ~[classes/:na]
	at com.EmployeeManagement.Service.EmployeeServiceImpl.addNewEmployee(EmployeeServiceImpl.java:18) ~[classes/:na]
	at com.EmployeeManagement.Service.EmployeeServiceImpl.addNewEmployee(EmployeeServiceImpl.java:18) ~[classes/:na]
	at com.EmployeeManagement.Service.EmployeeServiceImpl.addNewEmployee(EmployeeServiceImpl.java:18) ~[classes/:na]
	at com.EmployeeManagement.Service.EmployeeServiceImpl.addNewEmployee(EmployeeServiceImpl.java:18) ~[classes/:na]
	at com.EmployeeManagement.Service.EmployeeServiceImpl.addNewEmployee(EmployeeServiceImpl.java:18) ~[classes/:na]
	at com.EmployeeManagement.Service.EmployeeServiceImpl.addNewEmployee(EmployeeServiceImpl.java:18) ~[classes/:na]
	at com.EmployeeManagement.Service.EmployeeServiceImpl.addNewEmployee(EmployeeServiceImpl.java:18) ~[classes/:na]
	at com.EmployeeManagement.Service.EmployeeServiceImpl.addNewEmployee(EmployeeServiceImpl.java:18) ~[classes/:na]
	at com.EmployeeManagement.Service.EmployeeServiceImpl.addNewEmployee(EmployeeServiceImpl.java:18) ~[classes/:na]
	at com.EmployeeManagement.Service.EmployeeServiceImpl.addNewEmployee(EmployeeServiceImpl.java:18) ~[classes/:na]
	at com.EmployeeManagement.Service.EmployeeServiceImpl.addNewEmployee(EmployeeServiceImpl.java:18) ~[classes/:na]
	at com.EmployeeManagement.Service.EmployeeServiceImpl.addNewEmployee(EmployeeServiceImpl.java:18) ~[classes/:na]
	at com.EmployeeManagement.Service.EmployeeServiceImpl.addNewEmployee(EmployeeServiceImpl.java:18) ~[classes/:na]
	at com.EmployeeManagement.Service.EmployeeServiceImpl.addNewEmployee(EmployeeServiceImpl.java:18) ~[classes/:na]
	at com.EmployeeManagement.Service.EmployeeServiceImpl.addNewEmployee(EmployeeServiceImpl.java:18) ~[classes/:na]
	at com.EmployeeManagement.Service.EmployeeServiceImpl.addNewEmployee(EmployeeServiceImpl.java:18) ~[classes/:na]
	at com.EmployeeManagement.Service.EmployeeServiceImpl.addNewEmployee(EmployeeServiceImpl.java:18) ~[classes/:na]
	at com.EmployeeManagement.Service.EmployeeServiceImpl.addNewEmployee(EmployeeServiceImpl.java:18) ~[classes/:na]
	at com.EmployeeManagement.Service.EmployeeServiceImpl.addNewEmployee(EmployeeServiceImpl.java:18) ~[classes/:na]
	at com.EmployeeManagement.Service.EmployeeServiceImpl.addNewEmployee(EmployeeServiceImpl.java:18) ~[classes/:na]
	at com.EmployeeManagement.Service.EmployeeServiceImpl.addNewEmployee(EmployeeServiceImpl.java:18) ~[classes/:na]
	at com.EmployeeManagement.Service.EmployeeServiceImpl.addNewEmployee(EmployeeServiceImpl.java:18) ~[classes/:na]
	at com.EmployeeManagement.Service.EmployeeServiceImpl.addNewEmployee(EmployeeServiceImpl.java:18) ~[classes/:na]
	at com.EmployeeManagement.Service.EmployeeServiceImpl.addNewEmployee(EmployeeServiceImpl.java:18) ~[classes/:na]
	at com.EmployeeManagement.Service.EmployeeServiceImpl.addNewEmployee(EmployeeServiceImpl.java:18) ~[classes/:na]
	at com.EmployeeManagement.Service.EmployeeServiceImpl.addNewEmployee(EmployeeServiceImpl.java:18) ~[classes/:na]
	at com.EmployeeManagement.Service.EmployeeServiceImpl.addNewEmployee(EmployeeServiceImpl.java:18) ~[classes/:na]
	at com.EmployeeManagement.Service.EmployeeServiceImpl.addNewEmployee(EmployeeServiceImpl.java:18) ~[classes/:na]
	at com.EmployeeManagement.Service.EmployeeServiceImpl.addNewEmployee(EmployeeServiceImpl.java:18) ~[classes/:na]
	at com.EmployeeManagement.Service.EmployeeServiceImpl.addNewEmployee(EmployeeServiceImpl.java:18) ~[classes/:na]
	at com.EmployeeManagement.Service.EmployeeServiceImpl.addNewEmployee(EmployeeServiceImpl.java:18) ~[classes/:na]
	at com.EmployeeManagement.Service.EmployeeServiceImpl.addNewEmployee(EmployeeServiceImpl.java:18) ~[classes/:na]
	at com.EmployeeManagement.Service.EmployeeServiceImpl.addNewEmployee(EmployeeServiceImpl.java:18) ~[classes/:na]
	at com.EmployeeManagement.Service.EmployeeServiceImpl.addNewEmployee(EmployeeServiceImpl.java:18) ~[classes/:na]
	at com.EmployeeManagement.Service.EmployeeServiceImpl.addNewEmployee(EmployeeServiceImpl.java:18) ~[classes/:na]
	at com.EmployeeManagement.Service.EmployeeServiceImpl.addNewEmployee(EmployeeServiceImpl.java:18) ~[classes/:na]
	at com.EmployeeManagement.Service.EmployeeServiceImpl.addNewEmployee(EmployeeServiceImpl.java:18) ~[classes/:na]
	at com.EmployeeManagement.Service.EmployeeServiceImpl.addNewEmployee(EmployeeServiceImpl.java:18) ~[classes/:na]
	at com.EmployeeManagement.Service.EmployeeServiceImpl.addNewEmployee(EmployeeServiceImpl.java:18) ~[classes/:na]
	at com.EmployeeManagement.Service.EmployeeServiceImpl.addNewEmployee(EmployeeServiceImpl.java:18) ~[classes/:na]
	at com.EmployeeManagement.Service.EmployeeServiceImpl.addNewEmployee(EmployeeServiceImpl.java:18) ~[classes/:na]
	at com.EmployeeManagement.Service.EmployeeServiceImpl.addNewEmployee(EmployeeServiceImpl.java:18) ~[classes/:na]
	at com.EmployeeManagement.Service.EmployeeServiceImpl.addNewEmployee(EmployeeServiceImpl.java:18) ~[classes/:na]
	at com.EmployeeManagement.Service.EmployeeServiceImpl.addNewEmployee(EmployeeServiceImpl.java:18) ~[classes/:na]
	at com.EmployeeManagement.Service.EmployeeServiceImpl.addNewEmployee(EmployeeServiceImpl.java:18) ~[classes/:na]
	at com.EmployeeManagement.Service.EmployeeServiceImpl.addNewEmployee(EmployeeServiceImpl.java:18) ~[classes/:na]
	at com.EmployeeManagement.Service.EmployeeServiceImpl.addNewEmployee(EmployeeServiceImpl.java:18) ~[classes/:na]
	at com.EmployeeManagement.Service.EmployeeServiceImpl.addNewEmployee(EmployeeServiceImpl.java:18) ~[classes/:na]
	at com.EmployeeManagement.Service.EmployeeServiceImpl.addNewEmployee(EmployeeServiceImpl.java:18) ~[classes/:na]
	at com.EmployeeManagement.Service.EmployeeServiceImpl.addNewEmployee(EmployeeServiceImpl.java:18) ~[classes/:na]
	at com.EmployeeManagement.Service.EmployeeServiceImpl.addNewEmployee(EmployeeServiceImpl.java:18) ~[classes/:na]
	at com.EmployeeManagement.Service.EmployeeServiceImpl.addNewEmployee(EmployeeServiceImpl.java:18) ~[classes/:na]
	at com.EmployeeManagement.Service.EmployeeServiceImpl.addNewEmployee(EmployeeServiceImpl.java:18) ~[classes/:na]
	at com.EmployeeManagement.Service.EmployeeServiceImpl.addNewEmployee(EmployeeServiceImpl.java:18) ~[classes/:na]
	at com.EmployeeManagement.Service.EmployeeServiceImpl.addNewEmployee(EmployeeServiceImpl.java:18) ~[classes/:na]
	at com.EmployeeManagement.Service.EmployeeServiceImpl.addNewEmployee(EmployeeServiceImpl.java:18) ~[classes/:na]
	at com.EmployeeManagement.Service.EmployeeServiceImpl.addNewEmployee(EmployeeServiceImpl.java:18) ~[classes/:na]
	at com.EmployeeManagement.Service.EmployeeServiceImpl.addNewEmployee(EmployeeServiceImpl.java:18) ~[classes/:na]
	at com.EmployeeManagement.Service.EmployeeServiceImpl.addNewEmployee(EmployeeServiceImpl.java:18) ~[classes/:na]
	at com.EmployeeManagement.Service.EmployeeServiceImpl.addNewEmployee(EmployeeServiceImpl.java:18) ~[classes/:na]
	at com.EmployeeManagement.Service.EmployeeServiceImpl.addNewEmployee(EmployeeServiceImpl.java:18) ~[classes/:na]
	at com.EmployeeManagement.Service.EmployeeServiceImpl.addNewEmployee(EmployeeServiceImpl.java:18) ~[classes/:na]
	at com.EmployeeManagement.Service.EmployeeServiceImpl.addNewEmployee(EmployeeServiceImpl.java:18) ~[classes/:na]
	at com.EmployeeManagement.Service.EmployeeServiceImpl.addNewEmployee(EmployeeServiceImpl.java:18) ~[classes/:na]
	at com.EmployeeManagement.Service.EmployeeServiceImpl.addNewEmployee(EmployeeServiceImpl.java:18) ~[classes/:na]
	at com.EmployeeManagement.Service.EmployeeServiceImpl.addNewEmployee(EmployeeServiceImpl.java:18) ~[classes/:na]
	at com.EmployeeManagement.Service.EmployeeServiceImpl.addNewEmployee(EmployeeServiceImpl.java:18) ~[classes/:na]
	at com.EmployeeManagement.Service.EmployeeServiceImpl.addNewEmployee(EmployeeServiceImpl.java:18) ~[classes/:na]
	at com.EmployeeManagement.Service.EmployeeServiceImpl.addNewEmployee(EmployeeServiceImpl.java:18) ~[classes/:na]
	at com.EmployeeManagement.Service.EmployeeServiceImpl.addNewEmployee(EmployeeServiceImpl.java:18) ~[classes/:na]
	at com.EmployeeManagement.Service.EmployeeServiceImpl.addNewEmployee(EmployeeServiceImpl.java:18) ~[classes/:na]
	at com.EmployeeManagement.Service.EmployeeServiceImpl.addNewEmployee(EmployeeServiceImpl.java:18) ~[classes/:na]
	at com.EmployeeManagement.Service.EmployeeServiceImpl.addNewEmployee(EmployeeServiceImpl.java:18) ~[classes/:na]
	at com.EmployeeManagement.Service.EmployeeServiceImpl.addNewEmployee(EmployeeServiceImpl.java:18) ~[classes/:na]
	at com.EmployeeManagement.Service.EmployeeServiceImpl.addNewEmployee(EmployeeServiceImpl.java:18) ~[classes/:na]
	at com.EmployeeManagement.Service.EmployeeServiceImpl.addNewEmployee(EmployeeServiceImpl.java:18) ~[classes/:na]
	at com.EmployeeManagement.Service.EmployeeServiceImpl.addNewEmployee(EmployeeServiceImpl.java:18) ~[classes/:na]
	at com.EmployeeManagement.Service.EmployeeServiceImpl.addNewEmployee(EmployeeServiceImpl.java:18) ~[classes/:na]
	at com.EmployeeManagement.Service.EmployeeServiceImpl.addNewEmployee(EmployeeServiceImpl.java:18) ~[classes/:na]
	at com.EmployeeManagement.Service.EmployeeServiceImpl.addNewEmployee(EmployeeServiceImpl.java:18) ~[classes/:na]
	at com.EmployeeManagement.Service.EmployeeServiceImpl.addNewEmployee(EmployeeServiceImpl.java:18) ~[classes/:na]
	at com.EmployeeManagement.Service.EmployeeServiceImpl.addNewEmployee(EmployeeServiceImpl.java:18) ~[classes/:na]
	at com.EmployeeManagement.Service.EmployeeServiceImpl.addNewEmployee(EmployeeServiceImpl.java:18) ~[classes/:na]
	at com.EmployeeManagement.Service.EmployeeServiceImpl.addNewEmployee(EmployeeServiceImpl.java:18) ~[classes/:na]
	at com.EmployeeManagement.Service.EmployeeServiceImpl.addNewEmployee(EmployeeServiceImpl.java:18) ~[classes/:na]
	at com.EmployeeManagement.Service.EmployeeServiceImpl.addNewEmployee(EmployeeServiceImpl.java:18) ~[classes/:na]
	at com.EmployeeManagement.Service.EmployeeServiceImpl.addNewEmployee(EmployeeServiceImpl.java:18) ~[classes/:na]
	at com.EmployeeManagement.Service.EmployeeServiceImpl.addNewEmployee(EmployeeServiceImpl.java:18) ~[classes/:na]
	at com.EmployeeManagement.Service.EmployeeServiceImpl.addNewEmployee(EmployeeServiceImpl.java:18) ~[classes/:na]
	at com.EmployeeManagement.Service.EmployeeServiceImpl.addNewEmployee(EmployeeServiceImpl.java:18) ~[classes/:na]
	at com.EmployeeManagement.Service.EmployeeServiceImpl.addNewEmployee(EmployeeServiceImpl.java:18) ~[classes/:na]
	at com.EmployeeManagement.Service.EmployeeServiceImpl.addNewEmployee(EmployeeServiceImpl.java:18) ~[classes/:na]
	at com.EmployeeManagement.Service.EmployeeServiceImpl.addNewEmployee(EmployeeServiceImpl.java:18) ~[classes/:na]
	at com.EmployeeManagement.Service.EmployeeServiceImpl.addNewEmployee(EmployeeServiceImpl.java:18) ~[classes/:na]
	at com.EmployeeManagement.Service.EmployeeServiceImpl.addNewEmployee(EmployeeServiceImpl.java:18) ~[classes/:na]
	at com.EmployeeManagement.Service.EmployeeServiceImpl.addNewEmployee(EmployeeServiceImpl.java:18) ~[classes/:na]
	at com.EmployeeManagement.Service.EmployeeServiceImpl.addNewEmployee(EmployeeServiceImpl.java:18) ~[classes/:na]
	at com.EmployeeManagement.Service.EmployeeServiceImpl.addNewEmployee(EmployeeServiceImpl.java:18) ~[classes/:na]
	at com.EmployeeManagement.Service.EmployeeServiceImpl.addNewEmployee(EmployeeServiceImpl.java:18) ~[classes/:na]
	at com.EmployeeManagement.Service.EmployeeServiceImpl.addNewEmployee(EmployeeServiceImpl.java:18) ~[classes/:na]
	at com.EmployeeManagement.Service.EmployeeServiceImpl.addNewEmployee(EmployeeServiceImpl.java:18) ~[classes/:na]
	at com.EmployeeManagement.Service.EmployeeServiceImpl.addNewEmployee(EmployeeServiceImpl.java:18) ~[classes/:na]
	at com.EmployeeManagement.Service.EmployeeServiceImpl.addNewEmployee(EmployeeServiceImpl.java:18) ~[classes/:na]
	at com.EmployeeManagement.Service.EmployeeServiceImpl.addNewEmployee(EmployeeServiceImpl.java:18) ~[classes/:na]
	at com.EmployeeManagement.Service.EmployeeServiceImpl.addNewEmployee(EmployeeServiceImpl.java:18) ~[classes/:na]
	at com.EmployeeManagement.Service.EmployeeServiceImpl.addNewEmployee(EmployeeServiceImpl.java:18) ~[classes/:na]
	at com.EmployeeManagement.Service.EmployeeServiceImpl.addNewEmployee(EmployeeServiceImpl.java:18) ~[classes/:na]
	at com.EmployeeManagement.Service.EmployeeServiceImpl.addNewEmployee(EmployeeServiceImpl.java:18) ~[classes/:na]
	at com.EmployeeManagement.Service.EmployeeServiceImpl.addNewEmployee(EmployeeServiceImpl.java:18) ~[classes/:na]
	at com.EmployeeManagement.Service.EmployeeServiceImpl.addNewEmployee(EmployeeServiceImpl.java:18) ~[classes/:na]
	at com.EmployeeManagement.Service.EmployeeServiceImpl.addNewEmployee(EmployeeServiceImpl.java:18) ~[classes/:na]
	at com.EmployeeManagement.Service.EmployeeServiceImpl.addNewEmployee(EmployeeServiceImpl.java:18) ~[classes/:na]
	at com.EmployeeManagement.Service.EmployeeServiceImpl.addNewEmployee(EmployeeServiceImpl.java:18) ~[classes/:na]
	at com.EmployeeManagement.Service.EmployeeServiceImpl.addNewEmployee(EmployeeServiceImpl.java:18) ~[classes/:na]
	at com.EmployeeManagement.Service.EmployeeServiceImpl.addNewEmployee(EmployeeServiceImpl.java:18) ~[classes/:na]
	at com.EmployeeManagement.Service.EmployeeServiceImpl.addNewEmployee(EmployeeServiceImpl.java:18) ~[classes/:na]
	at com.EmployeeManagement.Service.EmployeeServiceImpl.addNewEmployee(EmployeeServiceImpl.java:18) ~[classes/:na]
	at com.EmployeeManagement.Service.EmployeeServiceImpl.addNewEmployee(EmployeeServiceImpl.java:18) ~[classes/:na]
	at com.EmployeeManagement.Service.EmployeeServiceImpl.addNewEmployee(EmployeeServiceImpl.java:18) ~[classes/:na]
	at com.EmployeeManagement.Service.EmployeeServiceImpl.addNewEmployee(EmployeeServiceImpl.java:18) ~[classes/:na]
	at com.EmployeeManagement.Service.EmployeeServiceImpl.addNewEmployee(EmployeeServiceImpl.java:18) ~[classes/:na]
	at com.EmployeeManagement.Service.EmployeeServiceImpl.addNewEmployee(EmployeeServiceImpl.java:18) ~[classes/:na]
	at com.EmployeeManagement.Service.EmployeeServiceImpl.addNewEmployee(EmployeeServiceImpl.java:18) ~[classes/:na]
	at com.EmployeeManagement.Service.EmployeeServiceImpl.addNewEmployee(EmployeeServiceImpl.java:18) ~[classes/:na]
	at com.EmployeeManagement.Service.EmployeeServiceImpl.addNewEmployee(EmployeeServiceImpl.java:18) ~[classes/:na]
	at com.EmployeeManagement.Service.EmployeeServiceImpl.addNewEmployee(EmployeeServiceImpl.java:18) ~[classes/:na]
	at com.EmployeeManagement.Service.EmployeeServiceImpl.addNewEmployee(EmployeeServiceImpl.java:18) ~[classes/:na]
	at com.EmployeeManagement.Service.EmployeeServiceImpl.addNewEmployee(EmployeeServiceImpl.java:18) ~[classes/:na]
	at com.EmployeeManagement.Service.EmployeeServiceImpl.addNewEmployee(EmployeeServiceImpl.java:18) ~[classes/:na]
	at com.EmployeeManagement.Service.EmployeeServiceImpl.addNewEmployee(EmployeeServiceImpl.java:18) ~[classes/:na]
	at com.EmployeeManagement.Service.EmployeeServiceImpl.addNewEmployee(EmployeeServiceImpl.java:18) ~[classes/:na]
	at com.EmployeeManagement.Service.EmployeeServiceImpl.addNewEmployee(EmployeeServiceImpl.java:18) ~[classes/:na]
	at com.EmployeeManagement.Service.EmployeeServiceImpl.addNewEmployee(EmployeeServiceImpl.java:18) ~[classes/:na]
	at com.EmployeeManagement.Service.EmployeeServiceImpl.addNewEmployee(EmployeeServiceImpl.java:18) ~[classes/:na]
	at com.EmployeeManagement.Service.EmployeeServiceImpl.addNewEmployee(EmployeeServiceImpl.java:18) ~[classes/:na]
	at com.EmployeeManagement.Service.EmployeeServiceImpl.addNewEmployee(EmployeeServiceImpl.java:18) ~[classes/:na]
	at com.EmployeeManagement.Service.EmployeeServiceImpl.addNewEmployee(EmployeeServiceImpl.java:18) ~[classes/:na]
	at com.EmployeeManagement.Service.EmployeeServiceImpl.addNewEmployee(EmployeeServiceImpl.java:18) ~[classes/:na]
	at com.EmployeeManagement.Service.EmployeeServiceImpl.addNewEmployee(EmployeeServiceImpl.java:18) ~[classes/:na]
	at com.EmployeeManagement.Service.EmployeeServiceImpl.addNewEmployee(EmployeeServiceImpl.java:18) ~[classes/:na]
	at com.EmployeeManagement.Service.EmployeeServiceImpl.addNewEmployee(EmployeeServiceImpl.java:18) ~[classes/:na]
	at com.EmployeeManagement.Service.EmployeeServiceImpl.addNewEmployee(EmployeeServiceImpl.java:18) ~[classes/:na]
	at com.EmployeeManagement.Service.EmployeeServiceImpl.addNewEmployee(EmployeeServiceImpl.java:18) ~[classes/:na]
	at com.EmployeeManagement.Service.EmployeeServiceImpl.addNewEmployee(EmployeeServiceImpl.java:18) ~[classes/:na]
	at com.EmployeeManagement.Service.EmployeeServiceImpl.addNewEmployee(EmployeeServiceImpl.java:18) ~[classes/:na]
	at com.EmployeeManagement.Service.EmployeeServiceImpl.addNewEmployee(EmployeeServiceImpl.java:18) ~[classes/:na]
	at com.EmployeeManagement.Service.EmployeeServiceImpl.addNewEmployee(EmployeeServiceImpl.java:18) ~[classes/:na]
	at com.EmployeeManagement.Service.EmployeeServiceImpl.addNewEmployee(EmployeeServiceImpl.java:18) ~[classes/:na]
	at com.EmployeeManagement.Service.EmployeeServiceImpl.addNewEmployee(EmployeeServiceImpl.java:18) ~[classes/:na]
	at com.EmployeeManagement.Service.EmployeeServiceImpl.addNewEmployee(EmployeeServiceImpl.java:18) ~[classes/:na]
	at com.EmployeeManagement.Service.EmployeeServiceImpl.addNewEmployee(EmployeeServiceImpl.java:18) ~[classes/:na]
	at com.EmployeeManagement.Service.EmployeeServiceImpl.addNewEmployee(EmployeeServiceImpl.java:18) ~[classes/:na]
	at com.EmployeeManagement.Service.EmployeeServiceImpl.addNewEmployee(EmployeeServiceImpl.java:18) ~[classes/:na]
	at com.EmployeeManagement.Service.EmployeeServiceImpl.addNewEmployee(EmployeeServiceImpl.java:18) ~[classes/:na]
	at com.EmployeeManagement.Service.EmployeeServiceImpl.addNewEmployee(EmployeeServiceImpl.java:18) ~[classes/:na]
	at com.EmployeeManagement.Service.EmployeeServiceImpl.addNewEmployee(EmployeeServiceImpl.java:18) ~[classes/:na]
	at com.EmployeeManagement.Service.EmployeeServiceImpl.addNewEmployee(EmployeeServiceImpl.java:18) ~[classes/:na]
	at com.EmployeeManagement.Service.EmployeeServiceImpl.addNewEmployee(EmployeeServiceImpl.java:18) ~[classes/:na]
	at com.EmployeeManagement.Service.EmployeeServiceImpl.addNewEmployee(EmployeeServiceImpl.java:18) ~[classes/:na]
	at com.EmployeeManagement.Service.EmployeeServiceImpl.addNewEmployee(EmployeeServiceImpl.java:18) ~[classes/:na]
	at com.EmployeeManagement.Service.EmployeeServiceImpl.addNewEmployee(EmployeeServiceImpl.java:18) ~[classes/:na]
	at com.EmployeeManagement.Service.EmployeeServiceImpl.addNewEmployee(EmployeeServiceImpl.java:18) ~[classes/:na]
	at com.EmployeeManagement.Service.EmployeeServiceImpl.addNewEmployee(EmployeeServiceImpl.java:18) ~[classes/:na]
	at com.EmployeeManagement.Service.EmployeeServiceImpl.addNewEmployee(EmployeeServiceImpl.java:18) ~[classes/:na]
	at com.EmployeeManagement.Service.EmployeeServiceImpl.addNewEmployee(EmployeeServiceImpl.java:18) ~[classes/:na]
	at com.EmployeeManagement.Service.EmployeeServiceImpl.addNewEmployee(EmployeeServiceImpl.java:18) ~[classes/:na]
	at com.EmployeeManagement.Service.EmployeeServiceImpl.addNewEmployee(EmployeeServiceImpl.java:18) ~[classes/:na]
	at com.EmployeeManagement.Service.EmployeeServiceImpl.addNewEmployee(EmployeeServiceImpl.java:18) ~[classes/:na]
	at com.EmployeeManagement.Service.EmployeeServiceImpl.addNewEmployee(EmployeeServiceImpl.java:18) ~[classes/:na]
	at com.EmployeeManagement.Service.EmployeeServiceImpl.addNewEmployee(EmployeeServiceImpl.java:18) ~[classes/:na]
	at com.EmployeeManagement.Service.EmployeeServiceImpl.addNewEmployee(EmployeeServiceImpl.java:18) ~[classes/:na]
	at com.EmployeeManagement.Service.EmployeeServiceImpl.addNewEmployee(EmployeeServiceImpl.java:18) ~[classes/:na]
	at com.EmployeeManagement.Service.EmployeeServiceImpl.addNewEmployee(EmployeeServiceImpl.java:18) ~[classes/:na]
	at com.EmployeeManagement.Service.EmployeeServiceImpl.addNewEmployee(EmployeeServiceImpl.java:18) ~[classes/:na]
	at com.EmployeeManagement.Service.EmployeeServiceImpl.addNewEmployee(EmployeeServiceImpl.java:18) ~[classes/:na]
	at com.EmployeeManagement.Service.EmployeeServiceImpl.addNewEmployee(EmployeeServiceImpl.java:18) ~[classes/:na]
	at com.EmployeeManagement.Service.EmployeeServiceImpl.addNewEmployee(EmployeeServiceImpl.java:18) ~[classes/:na]
	at com.EmployeeManagement.Service.EmployeeServiceImpl.addNewEmployee(EmployeeServiceImpl.java:18) ~[classes/:na]
	at com.EmployeeManagement.Service.EmployeeServiceImpl.addNewEmployee(EmployeeServiceImpl.java:18) ~[classes/:na]
	at com.EmployeeManagement.Service.EmployeeServiceImpl.addNewEmployee(EmployeeServiceImpl.java:18) ~[classes/:na]
	at com.EmployeeManagement.Service.EmployeeServiceImpl.addNewEmployee(EmployeeServiceImpl.java:18) ~[classes/:na]
	at com.EmployeeManagement.Service.EmployeeServiceImpl.addNewEmployee(EmployeeServiceImpl.java:18) ~[classes/:na]
	at com.EmployeeManagement.Service.EmployeeServiceImpl.addNewEmployee(EmployeeServiceImpl.java:18) ~[classes/:na]
	at com.EmployeeManagement.Service.EmployeeServiceImpl.addNewEmployee(EmployeeServiceImpl.java:18) ~[classes/:na]
	at com.EmployeeManagement.Service.EmployeeServiceImpl.addNewEmployee(EmployeeServiceImpl.java:18) ~[classes/:na]
	at com.EmployeeManagement.Service.EmployeeServiceImpl.addNewEmployee(EmployeeServiceImpl.java:18) ~[classes/:na]
	at com.EmployeeManagement.Service.EmployeeServiceImpl.addNewEmployee(EmployeeServiceImpl.java:18) ~[classes/:na]
	at com.EmployeeManagement.Service.EmployeeServiceImpl.addNewEmployee(EmployeeServiceImpl.java:18) ~[classes/:na]
	at com.EmployeeManagement.Service.EmployeeServiceImpl.addNewEmployee(EmployeeServiceImpl.java:18) ~[classes/:na]
	at com.EmployeeManagement.Service.EmployeeServiceImpl.addNewEmployee(EmployeeServiceImpl.java:18) ~[classes/:na]
	at com.EmployeeManagement.Service.EmployeeServiceImpl.addNewEmployee(EmployeeServiceImpl.java:18) ~[classes/:na]
	at com.EmployeeManagement.Service.EmployeeServiceImpl.addNewEmployee(EmployeeServiceImpl.java:18) ~[classes/:na]
	at com.EmployeeManagement.Service.EmployeeServiceImpl.addNewEmployee(EmployeeServiceImpl.java:18) ~[classes/:na]
	at com.EmployeeManagement.Service.EmployeeServiceImpl.addNewEmployee(EmployeeServiceImpl.java:18) ~[classes/:na]
	at com.EmployeeManagement.Service.EmployeeServiceImpl.addNewEmployee(EmployeeServiceImpl.java:18) ~[classes/:na]
	at com.EmployeeManagement.Service.EmployeeServiceImpl.addNewEmployee(EmployeeServiceImpl.java:18) ~[classes/:na]
	at com.EmployeeManagement.Service.EmployeeServiceImpl.addNewEmployee(EmployeeServiceImpl.java:18) ~[classes/:na]
	at com.EmployeeManagement.Service.EmployeeServiceImpl.addNewEmployee(EmployeeServiceImpl.java:18) ~[classes/:na]
	at com.EmployeeManagement.Service.EmployeeServiceImpl.addNewEmployee(EmployeeServiceImpl.java:18) ~[classes/:na]
	at com.EmployeeManagement.Service.EmployeeServiceImpl.addNewEmployee(EmployeeServiceImpl.java:18) ~[classes/:na]
	at com.EmployeeManagement.Service.EmployeeServiceImpl.addNewEmployee(EmployeeServiceImpl.java:18) ~[classes/:na]
	at com.EmployeeManagement.Service.EmployeeServiceImpl.addNewEmployee(EmployeeServiceImpl.java:18) ~[classes/:na]
	at com.EmployeeManagement.Service.EmployeeServiceImpl.addNewEmployee(EmployeeServiceImpl.java:18) ~[classes/:na]
	at com.EmployeeManagement.Service.EmployeeServiceImpl.addNewEmployee(EmployeeServiceImpl.java:18) ~[classes/:na]
	at com.EmployeeManagement.Service.EmployeeServiceImpl.addNewEmployee(EmployeeServiceImpl.java:18) ~[classes/:na]
	at com.EmployeeManagement.Service.EmployeeServiceImpl.addNewEmployee(EmployeeServiceImpl.java:18) ~[classes/:na]
	at com.EmployeeManagement.Service.EmployeeServiceImpl.addNewEmployee(EmployeeServiceImpl.java:18) ~[classes/:na]
	at com.EmployeeManagement.Service.EmployeeServiceImpl.addNewEmployee(EmployeeServiceImpl.java:18) ~[classes/:na]
	at com.EmployeeManagement.Service.EmployeeServiceImpl.addNewEmployee(EmployeeServiceImpl.java:18) ~[classes/:na]
	at com.EmployeeManagement.Service.EmployeeServiceImpl.addNewEmployee(EmployeeServiceImpl.java:18) ~[classes/:na]
	at com.EmployeeManagement.Service.EmployeeServiceImpl.addNewEmployee(EmployeeServiceImpl.java:18) ~[classes/:na]
	at com.EmployeeManagement.Service.EmployeeServiceImpl.addNewEmployee(EmployeeServiceImpl.java:18) ~[classes/:na]
	at com.EmployeeManagement.Service.EmployeeServiceImpl.addNewEmployee(EmployeeServiceImpl.java:18) ~[classes/:na]
	at com.EmployeeManagement.Service.EmployeeServiceImpl.addNewEmployee(EmployeeServiceImpl.java:18) ~[classes/:na]
	at com.EmployeeManagement.Service.EmployeeServiceImpl.addNewEmployee(EmployeeServiceImpl.java:18) ~[classes/:na]
	at com.EmployeeManagement.Service.EmployeeServiceImpl.addNewEmployee(EmployeeServiceImpl.java:18) ~[classes/:na]
	at com.EmployeeManagement.Service.EmployeeServiceImpl.addNewEmployee(EmployeeServiceImpl.java:18) ~[classes/:na]
	at com.EmployeeManagement.Service.EmployeeServiceImpl.addNewEmployee(EmployeeServiceImpl.java:18) ~[classes/:na]
	at com.EmployeeManagement.Service.EmployeeServiceImpl.addNewEmployee(EmployeeServiceImpl.java:18) ~[classes/:na]
	at com.EmployeeManagement.Service.EmployeeServiceImpl.addNewEmployee(EmployeeServiceImpl.java:18) ~[classes/:na]
	at com.EmployeeManagement.Service.EmployeeServiceImpl.addNewEmployee(EmployeeServiceImpl.java:18) ~[classes/:na]
	at com.EmployeeManagement.Service.EmployeeServiceImpl.addNewEmployee(EmployeeServiceImpl.java:18) ~[classes/:na]
	at com.EmployeeManagement.Service.EmployeeServiceImpl.addNewEmployee(EmployeeServiceImpl.java:18) ~[classes/:na]
	at com.EmployeeManagement.Service.EmployeeServiceImpl.addNewEmployee(EmployeeServiceImpl.java:18) ~[classes/:na]
	at com.EmployeeManagement.Service.EmployeeServiceImpl.addNewEmployee(EmployeeServiceImpl.java:18) ~[classes/:na]
	at com.EmployeeManagement.Service.EmployeeServiceImpl.addNewEmployee(EmployeeServiceImpl.java:18) ~[classes/:na]
	at com.EmployeeManagement.Service.EmployeeServiceImpl.addNewEmployee(EmployeeServiceImpl.java:18) ~[classes/:na]
	at com.EmployeeManagement.Service.EmployeeServiceImpl.addNewEmployee(EmployeeServiceImpl.java:18) ~[classes/:na]
	at com.EmployeeManagement.Service.EmployeeServiceImpl.addNewEmployee(EmployeeServiceImpl.java:18) ~[classes/:na]
	at com.EmployeeManagement.Service.EmployeeServiceImpl.addNewEmployee(EmployeeServiceImpl.java:18) ~[classes/:na]
	at com.EmployeeManagement.Service.EmployeeServiceImpl.addNewEmployee(EmployeeServiceImpl.java:18) ~[classes/:na]
	at com.EmployeeManagement.Service.EmployeeServiceImpl.addNewEmployee(EmployeeServiceImpl.java:18) ~[classes/:na]
	at com.EmployeeManagement.Service.EmployeeServiceImpl.addNewEmployee(EmployeeServiceImpl.java:18) ~[classes/:na]
	at com.EmployeeManagement.Service.EmployeeServiceImpl.addNewEmployee(EmployeeServiceImpl.java:18) ~[classes/:na]
	at com.EmployeeManagement.Service.EmployeeServiceImpl.addNewEmployee(EmployeeServiceImpl.java:18) ~[classes/:na]
	at com.EmployeeManagement.Service.EmployeeServiceImpl.addNewEmployee(EmployeeServiceImpl.java:18) ~[classes/:na]
	at com.EmployeeManagement.Service.EmployeeServiceImpl.addNewEmployee(EmployeeServiceImpl.java:18) ~[classes/:na]
	at com.EmployeeManagement.Service.EmployeeServiceImpl.addNewEmployee(EmployeeServiceImpl.java:18) ~[classes/:na]
	at com.EmployeeManagement.Service.EmployeeServiceImpl.addNewEmployee(EmployeeServiceImpl.java:18) ~[classes/:na]
	at com.EmployeeManagement.Service.EmployeeServiceImpl.addNewEmployee(EmployeeServiceImpl.java:18) ~[classes/:na]
	at com.EmployeeManagement.Service.EmployeeServiceImpl.addNewEmployee(EmployeeServiceImpl.java:18) ~[classes/:na]
	at com.EmployeeManagement.Service.EmployeeServiceImpl.addNewEmployee(EmployeeServiceImpl.java:18) ~[classes/:na]
	at com.EmployeeManagement.Service.EmployeeServiceImpl.addNewEmployee(EmployeeServiceImpl.java:18) ~[classes/:na]
	at com.EmployeeManagement.Service.EmployeeServiceImpl.addNewEmployee(EmployeeServiceImpl.java:18) ~[classes/:na]
	at com.EmployeeManagement.Service.EmployeeServiceImpl.addNewEmployee(EmployeeServiceImpl.java:18) ~[classes/:na]
	at com.EmployeeManagement.Service.EmployeeServiceImpl.addNewEmployee(EmployeeServiceImpl.java:18) ~[classes/:na]
	at com.EmployeeManagement.Service.EmployeeServiceImpl.addNewEmployee(EmployeeServiceImpl.java:18) ~[classes/:na]
	at com.EmployeeManagement.Service.EmployeeServiceImpl.addNewEmployee(EmployeeServiceImpl.java:18) ~[classes/:na]
	at com.EmployeeManagement.Service.EmployeeServiceImpl.addNewEmployee(EmployeeServiceImpl.java:18) ~[classes/:na]
	at com.EmployeeManagement.Service.EmployeeServiceImpl.addNewEmployee(EmployeeServiceImpl.java:18) ~[classes/:na]
	at com.EmployeeManagement.Service.EmployeeServiceImpl.addNewEmployee(EmployeeServiceImpl.java:18) ~[classes/:na]
	at com.EmployeeManagement.Service.EmployeeServiceImpl.addNewEmployee(EmployeeServiceImpl.java:18) ~[classes/:na]
	at com.EmployeeManagement.Service.EmployeeServiceImpl.addNewEmployee(EmployeeServiceImpl.java:18) ~[classes/:na]
	at com.EmployeeManagement.Service.EmployeeServiceImpl.addNewEmployee(EmployeeServiceImpl.java:18) ~[classes/:na]
	at com.EmployeeManagement.Service.EmployeeServiceImpl.addNewEmployee(EmployeeServiceImpl.java:18) ~[classes/:na]
	at com.EmployeeManagement.Service.EmployeeServiceImpl.addNewEmployee(EmployeeServiceImpl.java:18) ~[classes/:na]
	at com.EmployeeManagement.Service.EmployeeServiceImpl.addNewEmployee(EmployeeServiceImpl.java:18) ~[classes/:na]
	at com.EmployeeManagement.Service.EmployeeServiceImpl.addNewEmployee(EmployeeServiceImpl.java:18) ~[classes/:na]
	at com.EmployeeManagement.Service.EmployeeServiceImpl.addNewEmployee(EmployeeServiceImpl.java:18) ~[classes/:na]
	at com.EmployeeManagement.Service.EmployeeServiceImpl.addNewEmployee(EmployeeServiceImpl.java:18) ~[classes/:na]
	at com.EmployeeManagement.Service.EmployeeServiceImpl.addNewEmployee(EmployeeServiceImpl.java:18) ~[classes/:na]
	at com.EmployeeManagement.Service.EmployeeServiceImpl.addNewEmployee(EmployeeServiceImpl.java:18) ~[classes/:na]
	at com.EmployeeManagement.Service.EmployeeServiceImpl.addNewEmployee(EmployeeServiceImpl.java:18) ~[classes/:na]
	at com.EmployeeManagement.Service.EmployeeServiceImpl.addNewEmployee(EmployeeServiceImpl.java:18) ~[classes/:na]
	at com.EmployeeManagement.Service.EmployeeServiceImpl.addNewEmployee(EmployeeServiceImpl.java:18) ~[classes/:na]
	at com.EmployeeManagement.Service.EmployeeServiceImpl.addNewEmployee(EmployeeServiceImpl.java:18) ~[classes/:na]
	at com.EmployeeManagement.Service.EmployeeServiceImpl.addNewEmployee(EmployeeServiceImpl.java:18) ~[classes/:na]
	at com.EmployeeManagement.Service.EmployeeServiceImpl.addNewEmployee(EmployeeServiceImpl.java:18) ~[classes/:na]
	at com.EmployeeManagement.Service.EmployeeServiceImpl.addNewEmployee(EmployeeServiceImpl.java:18) ~[classes/:na]
	at com.EmployeeManagement.Service.EmployeeServiceImpl.addNewEmployee(EmployeeServiceImpl.java:18) ~[classes/:na]
	at com.EmployeeManagement.Service.EmployeeServiceImpl.addNewEmployee(EmployeeServiceImpl.java:18) ~[classes/:na]
	at com.EmployeeManagement.Service.EmployeeServiceImpl.addNewEmployee(EmployeeServiceImpl.java:18) ~[classes/:na]
	at com.EmployeeManagement.Service.EmployeeServiceImpl.addNewEmployee(EmployeeServiceImpl.java:18) ~[classes/:na]
	at com.EmployeeManagement.Service.EmployeeServiceImpl.addNewEmployee(EmployeeServiceImpl.java:18) ~[classes/:na]
	at com.EmployeeManagement.Service.EmployeeServiceImpl.addNewEmployee(EmployeeServiceImpl.java:18) ~[classes/:na]
	at com.EmployeeManagement.Service.EmployeeServiceImpl.addNewEmployee(EmployeeServiceImpl.java:18) ~[classes/:na]
	at com.EmployeeManagement.Service.EmployeeServiceImpl.addNewEmployee(EmployeeServiceImpl.java:18) ~[classes/:na]
	at com.EmployeeManagement.Service.EmployeeServiceImpl.addNewEmployee(EmployeeServiceImpl.java:18) ~[classes/:na]
	at com.EmployeeManagement.Service.EmployeeServiceImpl.addNewEmployee(EmployeeServiceImpl.java:18) ~[classes/:na]
	at com.EmployeeManagement.Service.EmployeeServiceImpl.addNewEmployee(EmployeeServiceImpl.java:18) ~[classes/:na]
	at com.EmployeeManagement.Service.EmployeeServiceImpl.addNewEmployee(EmployeeServiceImpl.java:18) ~[classes/:na]
	at com.EmployeeManagement.Service.EmployeeServiceImpl.addNewEmployee(EmployeeServiceImpl.java:18) ~[classes/:na]
	at com.EmployeeManagement.Service.EmployeeServiceImpl.addNewEmployee(EmployeeServiceImpl.java:18) ~[classes/:na]
	at com.EmployeeManagement.Service.EmployeeServiceImpl.addNewEmployee(EmployeeServiceImpl.java:18) ~[classes/:na]
	at com.EmployeeManagement.Service.EmployeeServiceImpl.addNewEmployee(EmployeeServiceImpl.java:18) ~[classes/:na]
	at com.EmployeeManagement.Service.EmployeeServiceImpl.addNewEmployee(EmployeeServiceImpl.java:18) ~[classes/:na]
	at com.EmployeeManagement.Service.EmployeeServiceImpl.addNewEmployee(EmployeeServiceImpl.java:18) ~[classes/:na]
	at com.EmployeeManagement.Service.EmployeeServiceImpl.addNewEmployee(EmployeeServiceImpl.java:18) ~[classes/:na]
	at com.EmployeeManagement.Service.EmployeeServiceImpl.addNewEmployee(EmployeeServiceImpl.java:18) ~[classes/:na]
	at com.EmployeeManagement.Service.EmployeeServiceImpl.addNewEmployee(EmployeeServiceImpl.java:18) ~[classes/:na]
	at com.EmployeeManagement.Service.EmployeeServiceImpl.addNewEmployee(EmployeeServiceImpl.java:18) ~[classes/:na]
	at com.EmployeeManagement.Service.EmployeeServiceImpl.addNewEmployee(EmployeeServiceImpl.java:18) ~[classes/:na]
	at com.EmployeeManagement.Service.EmployeeServiceImpl.addNewEmployee(EmployeeServiceImpl.java:18) ~[classes/:na]
	at com.EmployeeManagement.Service.EmployeeServiceImpl.addNewEmployee(EmployeeServiceImpl.java:18) ~[classes/:na]
	at com.EmployeeManagement.Service.EmployeeServiceImpl.addNewEmployee(EmployeeServiceImpl.java:18) ~[classes/:na]
	at com.EmployeeManagement.Service.EmployeeServiceImpl.addNewEmployee(EmployeeServiceImpl.java:18) ~[classes/:na]
	at com.EmployeeManagement.Service.EmployeeServiceImpl.addNewEmployee(EmployeeServiceImpl.java:18) ~[classes/:na]
	at com.EmployeeManagement.Service.EmployeeServiceImpl.addNewEmployee(EmployeeServiceImpl.java:18) ~[classes/:na]
	at com.EmployeeManagement.Service.EmployeeServiceImpl.addNewEmployee(EmployeeServiceImpl.java:18) ~[classes/:na]
	at com.EmployeeManagement.Service.EmployeeServiceImpl.addNewEmployee(EmployeeServiceImpl.java:18) ~[classes/:na]
	at com.EmployeeManagement.Service.EmployeeServiceImpl.addNewEmployee(EmployeeServiceImpl.java:18) ~[classes/:na]
	at com.EmployeeManagement.Service.EmployeeServiceImpl.addNewEmployee(EmployeeServiceImpl.java:18) ~[classes/:na]
	at com.EmployeeManagement.Service.EmployeeServiceImpl.addNewEmployee(EmployeeServiceImpl.java:18) ~[classes/:na]
	at com.EmployeeManagement.Service.EmployeeServiceImpl.addNewEmployee(EmployeeServiceImpl.java:18) ~[classes/:na]
	at com.EmployeeManagement.Service.EmployeeServiceImpl.addNewEmployee(EmployeeServiceImpl.java:18) ~[classes/:na]
	at com.EmployeeManagement.Service.EmployeeServiceImpl.addNewEmployee(EmployeeServiceImpl.java:18) ~[classes/:na]
	at com.EmployeeManagement.Service.EmployeeServiceImpl.addNewEmployee(EmployeeServiceImpl.java:18) ~[classes/:na]
	at com.EmployeeManagement.Service.EmployeeServiceImpl.addNewEmployee(EmployeeServiceImpl.java:18) ~[classes/:na]
	at com.EmployeeManagement.Service.EmployeeServiceImpl.addNewEmployee(EmployeeServiceImpl.java:18) ~[classes/:na]
	at com.EmployeeManagement.Service.EmployeeServiceImpl.addNewEmployee(EmployeeServiceImpl.java:18) ~[classes/:na]
	at com.EmployeeManagement.Service.EmployeeServiceImpl.addNewEmployee(EmployeeServiceImpl.java:18) ~[classes/:na]
	at com.EmployeeManagement.Service.EmployeeServiceImpl.addNewEmployee(EmployeeServiceImpl.java:18) ~[classes/:na]
	at com.EmployeeManagement.Service.EmployeeServiceImpl.addNewEmployee(EmployeeServiceImpl.java:18) ~[classes/:na]
	at com.EmployeeManagement.Service.EmployeeServiceImpl.addNewEmployee(EmployeeServiceImpl.java:18) ~[classes/:na]
	at com.EmployeeManagement.Service.EmployeeServiceImpl.addNewEmployee(EmployeeServiceImpl.java:18) ~[classes/:na]
	at com.EmployeeManagement.Service.EmployeeServiceImpl.addNewEmployee(EmployeeServiceImpl.java:18) ~[classes/:na]
	at com.EmployeeManagement.Service.EmployeeServiceImpl.addNewEmployee(EmployeeServiceImpl.java:18) ~[classes/:na]
	at com.EmployeeManagement.Service.EmployeeServiceImpl.addNewEmployee(EmployeeServiceImpl.java:18) ~[classes/:na]
	at com.EmployeeManagement.Service.EmployeeServiceImpl.addNewEmployee(EmployeeServiceImpl.java:18) ~[classes/:na]
	at com.EmployeeManagement.Service.EmployeeServiceImpl.addNewEmployee(EmployeeServiceImpl.java:18) ~[classes/:na]
	at com.EmployeeManagement.Service.EmployeeServiceImpl.addNewEmployee(EmployeeServiceImpl.java:18) ~[classes/:na]
	at com.EmployeeManagement.Service.EmployeeServiceImpl.addNewEmployee(EmployeeServiceImpl.java:18) ~[classes/:na]
	at com.EmployeeManagement.Service.EmployeeServiceImpl.addNewEmployee(EmployeeServiceImpl.java:18) ~[classes/:na]
	at com.EmployeeManagement.Service.EmployeeServiceImpl.addNewEmployee(EmployeeServiceImpl.java:18) ~[classes/:na]
	at com.EmployeeManagement.Service.EmployeeServiceImpl.addNewEmployee(EmployeeServiceImpl.java:18) ~[classes/:na]
	at com.EmployeeManagement.Service.EmployeeServiceImpl.addNewEmployee(EmployeeServiceImpl.java:18) ~[classes/:na]
	at com.EmployeeManagement.Service.EmployeeServiceImpl.addNewEmployee(EmployeeServiceImpl.java:18) ~[classes/:na]
	at com.EmployeeManagement.Service.EmployeeServiceImpl.addNewEmployee(EmployeeServiceImpl.java:18) ~[classes/:na]
	at com.EmployeeManagement.Service.EmployeeServiceImpl.addNewEmployee(EmployeeServiceImpl.java:18) ~[classes/:na]
	at com.EmployeeManagement.Service.EmployeeServiceImpl.addNewEmployee(EmployeeServiceImpl.java:18) ~[classes/:na]
	at com.EmployeeManagement.Service.EmployeeServiceImpl.addNewEmployee(EmployeeServiceImpl.java:18) ~[classes/:na]
	at com.EmployeeManagement.Service.EmployeeServiceImpl.addNewEmployee(EmployeeServiceImpl.java:18) ~[classes/:na]
	at com.EmployeeManagement.Service.EmployeeServiceImpl.addNewEmployee(EmployeeServiceImpl.java:18) ~[classes/:na]
	at com.EmployeeManagement.Service.EmployeeServiceImpl.addNewEmployee(EmployeeServiceImpl.java:18) ~[classes/:na]
	at com.EmployeeManagement.Service.EmployeeServiceImpl.addNewEmployee(EmployeeServiceImpl.java:18) ~[classes/:na]
	at com.EmployeeManagement.Service.EmployeeServiceImpl.addNewEmployee(EmployeeServiceImpl.java:18) ~[classes/:na]
	at com.EmployeeManagement.Service.EmployeeServiceImpl.addNewEmployee(EmployeeServiceImpl.java:18) ~[classes/:na]
	at com.EmployeeManagement.Service.EmployeeServiceImpl.addNewEmployee(EmployeeServiceImpl.java:18) ~[classes/:na]
	at com.EmployeeManagement.Service.EmployeeServiceImpl.addNewEmployee(EmployeeServiceImpl.java:18) ~[classes/:na]
	at com.EmployeeManagement.Service.EmployeeServiceImpl.addNewEmployee(EmployeeServiceImpl.java:18) ~[classes/:na]
	at com.EmployeeManagement.Service.EmployeeServiceImpl.addNewEmployee(EmployeeServiceImpl.java:18) ~[classes/:na]
	at com.EmployeeManagement.Service.EmployeeServiceImpl.addNewEmployee(EmployeeServiceImpl.java:18) ~[classes/:na]
	at com.EmployeeManagement.Service.EmployeeServiceImpl.addNewEmployee(EmployeeServiceImpl.java:18) ~[classes/:na]
	at com.EmployeeManagement.Service.EmployeeServiceImpl.addNewEmployee(EmployeeServiceImpl.java:18) ~[classes/:na]
	at com.EmployeeManagement.Service.EmployeeServiceImpl.addNewEmployee(EmployeeServiceImpl.java:18) ~[classes/:na]
	at com.EmployeeManagement.Service.EmployeeServiceImpl.addNewEmployee(EmployeeServiceImpl.java:18) ~[classes/:na]
	at com.EmployeeManagement.Service.EmployeeServiceImpl.addNewEmployee(EmployeeServiceImpl.java:18) ~[classes/:na]
	at com.EmployeeManagement.Service.EmployeeServiceImpl.addNewEmployee(EmployeeServiceImpl.java:18) ~[classes/:na]
	at com.EmployeeManagement.Service.EmployeeServiceImpl.addNewEmployee(EmployeeServiceImpl.java:18) ~[classes/:na]
	at com.EmployeeManagement.Service.EmployeeServiceImpl.addNewEmployee(EmployeeServiceImpl.java:18) ~[classes/:na]
	at com.EmployeeManagement.Service.EmployeeServiceImpl.addNewEmployee(EmployeeServiceImpl.java:18) ~[classes/:na]
	at com.EmployeeManagement.Service.EmployeeServiceImpl.addNewEmployee(EmployeeServiceImpl.java:18) ~[classes/:na]
	at com.EmployeeManagement.Service.EmployeeServiceImpl.addNewEmployee(EmployeeServiceImpl.java:18) ~[classes/:na]
	at com.EmployeeManagement.Service.EmployeeServiceImpl.addNewEmployee(EmployeeServiceImpl.java:18) ~[classes/:na]
	at com.EmployeeManagement.Service.EmployeeServiceImpl.addNewEmployee(EmployeeServiceImpl.java:18) ~[classes/:na]
	at com.EmployeeManagement.Service.EmployeeServiceImpl.addNewEmployee(EmployeeServiceImpl.java:18) ~[classes/:na]
	at com.EmployeeManagement.Service.EmployeeServiceImpl.addNewEmployee(EmployeeServiceImpl.java:18) ~[classes/:na]
	at com.EmployeeManagement.Service.EmployeeServiceImpl.addNewEmployee(EmployeeServiceImpl.java:18) ~[classes/:na]
	at com.EmployeeManagement.Service.EmployeeServiceImpl.addNewEmployee(EmployeeServiceImpl.java:18) ~[classes/:na]
	at com.EmployeeManagement.Service.EmployeeServiceImpl.addNewEmployee(EmployeeServiceImpl.java:18) ~[classes/:na]
	at com.EmployeeManagement.Service.EmployeeServiceImpl.addNewEmployee(EmployeeServiceImpl.java:18) ~[classes/:na]
	at com.EmployeeManagement.Service.EmployeeServiceImpl.addNewEmployee(EmployeeServiceImpl.java:18) ~[classes/:na]
	at com.EmployeeManagement.Service.EmployeeServiceImpl.addNewEmployee(EmployeeServiceImpl.java:18) ~[classes/:na]
	at com.EmployeeManagement.Service.EmployeeServiceImpl.addNewEmployee(EmployeeServiceImpl.java:18) ~[classes/:na]
	at com.EmployeeManagement.Service.EmployeeServiceImpl.addNewEmployee(EmployeeServiceImpl.java:18) ~[classes/:na]
	at com.EmployeeManagement.Service.EmployeeServiceImpl.addNewEmployee(EmployeeServiceImpl.java:18) ~[classes/:na]
	at com.EmployeeManagement.Service.EmployeeServiceImpl.addNewEmployee(EmployeeServiceImpl.java:18) ~[classes/:na]
	at com.EmployeeManagement.Service.EmployeeServiceImpl.addNewEmployee(EmployeeServiceImpl.java:18) ~[classes/:na]
	at com.EmployeeManagement.Service.EmployeeServiceImpl.addNewEmployee(EmployeeServiceImpl.java:18) ~[classes/:na]
	at com.EmployeeManagement.Service.EmployeeServiceImpl.addNewEmployee(EmployeeServiceImpl.java:18) ~[classes/:na]
	at com.EmployeeManagement.Service.EmployeeServiceImpl.addNewEmployee(EmployeeServiceImpl.java:18) ~[classes/:na]
	at com.EmployeeManagement.Service.EmployeeServiceImpl.addNewEmployee(EmployeeServiceImpl.java:18) ~[classes/:na]
	at com.EmployeeManagement.Service.EmployeeServiceImpl.addNewEmployee(EmployeeServiceImpl.java:18) ~[classes/:na]
	at com.EmployeeManagement.Service.EmployeeServiceImpl.addNewEmployee(EmployeeServiceImpl.java:18) ~[classes/:na]
	at com.EmployeeManagement.Service.EmployeeServiceImpl.addNewEmployee(EmployeeServiceImpl.java:18) ~[classes/:na]
	at com.EmployeeManagement.Service.EmployeeServiceImpl.addNewEmployee(EmployeeServiceImpl.java:18) ~[classes/:na]
	at com.EmployeeManagement.Service.EmployeeServiceImpl.addNewEmployee(EmployeeServiceImpl.java:18) ~[classes/:na]
	at com.EmployeeManagement.Service.EmployeeServiceImpl.addNewEmployee(EmployeeServiceImpl.java:18) ~[classes/:na]
	at com.EmployeeManagement.Service.EmployeeServiceImpl.addNewEmployee(EmployeeServiceImpl.java:18) ~[classes/:na]
	at com.EmployeeManagement.Service.EmployeeServiceImpl.addNewEmployee(EmployeeServiceImpl.java:18) ~[classes/:na]
	at com.EmployeeManagement.Service.EmployeeServiceImpl.addNewEmployee(EmployeeServiceImpl.java:18) ~[classes/:na]
	at com.EmployeeManagement.Service.EmployeeServiceImpl.addNewEmployee(EmployeeServiceImpl.java:18) ~[classes/:na]
	at com.EmployeeManagement.Service.EmployeeServiceImpl.addNewEmployee(EmployeeServiceImpl.java:18) ~[classes/:na]
	at com.EmployeeManagement.Service.EmployeeServiceImpl.addNewEmployee(EmployeeServiceImpl.java:18) ~[classes/:na]
	at com.EmployeeManagement.Service.EmployeeServiceImpl.addNewEmployee(EmployeeServiceImpl.java:18) ~[classes/:na]
	at com.EmployeeManagement.Service.EmployeeServiceImpl.addNewEmployee(EmployeeServiceImpl.java:18) ~[classes/:na]
	at com.EmployeeManagement.Service.EmployeeServiceImpl.addNewEmployee(EmployeeServiceImpl.java:18) ~[classes/:na]
	at com.EmployeeManagement.Service.EmployeeServiceImpl.addNewEmployee(EmployeeServiceImpl.java:18) ~[classes/:na]
	at com.EmployeeManagement.Service.EmployeeServiceImpl.addNewEmployee(EmployeeServiceImpl.java:18) ~[classes/:na]
	at com.EmployeeManagement.Service.EmployeeServiceImpl.addNewEmployee(EmployeeServiceImpl.java:18) ~[classes/:na]
	at com.EmployeeManagement.Service.EmployeeServiceImpl.addNewEmployee(EmployeeServiceImpl.java:18) ~[classes/:na]
	at com.EmployeeManagement.Service.EmployeeServiceImpl.addNewEmployee(EmployeeServiceImpl.java:18) ~[classes/:na]
	at com.EmployeeManagement.Service.EmployeeServiceImpl.addNewEmployee(EmployeeServiceImpl.java:18) ~[classes/:na]
	at com.EmployeeManagement.Service.EmployeeServiceImpl.addNewEmployee(EmployeeServiceImpl.java:18) ~[classes/:na]
	at com.EmployeeManagement.Service.EmployeeServiceImpl.addNewEmployee(EmployeeServiceImpl.java:18) ~[classes/:na]
	at com.EmployeeManagement.Service.EmployeeServiceImpl.addNewEmployee(EmployeeServiceImpl.java:18) ~[classes/:na]
	at com.EmployeeManagement.Service.EmployeeServiceImpl.addNewEmployee(EmployeeServiceImpl.java:18) ~[classes/:na]
	at com.EmployeeManagement.Service.EmployeeServiceImpl.addNewEmployee(EmployeeServiceImpl.java:18) ~[classes/:na]
	at com.EmployeeManagement.Service.EmployeeServiceImpl.addNewEmployee(EmployeeServiceImpl.java:18) ~[classes/:na]
	at com.EmployeeManagement.Service.EmployeeServiceImpl.addNewEmployee(EmployeeServiceImpl.java:18) ~[classes/:na]
	at com.EmployeeManagement.Service.EmployeeServiceImpl.addNewEmployee(EmployeeServiceImpl.java:18) ~[classes/:na]
	at com.EmployeeManagement.Service.EmployeeServiceImpl.addNewEmployee(EmployeeServiceImpl.java:18) ~[classes/:na]
	at com.EmployeeManagement.Service.EmployeeServiceImpl.addNewEmployee(EmployeeServiceImpl.java:18) ~[classes/:na]
	at com.EmployeeManagement.Service.EmployeeServiceImpl.addNewEmployee(EmployeeServiceImpl.java:18) ~[classes/:na]
	at com.EmployeeManagement.Service.EmployeeServiceImpl.addNewEmployee(EmployeeServiceImpl.java:18) ~[classes/:na]
	at com.EmployeeManagement.Service.EmployeeServiceImpl.addNewEmployee(EmployeeServiceImpl.java:18) ~[classes/:na]
	at com.EmployeeManagement.Service.EmployeeServiceImpl.addNewEmployee(EmployeeServiceImpl.java:18) ~[classes/:na]
	at com.EmployeeManagement.Service.EmployeeServiceImpl.addNewEmployee(EmployeeServiceImpl.java:18) ~[classes/:na]
	at com.EmployeeManagement.Service.EmployeeServiceImpl.addNewEmployee(EmployeeServiceImpl.java:18) ~[classes/:na]
	at com.EmployeeManagement.Service.EmployeeServiceImpl.addNewEmployee(EmployeeServiceImpl.java:18) ~[classes/:na]
	at com.EmployeeManagement.Service.EmployeeServiceImpl.addNewEmployee(EmployeeServiceImpl.java:18) ~[classes/:na]
	at com.EmployeeManagement.Service.EmployeeServiceImpl.addNewEmployee(EmployeeServiceImpl.java:18) ~[classes/:na]
	at com.EmployeeManagement.Service.EmployeeServiceImpl.addNewEmployee(EmployeeServiceImpl.java:18) ~[classes/:na]
	at com.EmployeeManagement.Service.EmployeeServiceImpl.addNewEmployee(EmployeeServiceImpl.java:18) ~[classes/:na]
	at com.EmployeeManagement.Service.EmployeeServiceImpl.addNewEmployee(EmployeeServiceImpl.java:18) ~[classes/:na]
	at com.EmployeeManagement.Service.EmployeeServiceImpl.addNewEmployee(EmployeeServiceImpl.java:18) ~[classes/:na]
	at com.EmployeeManagement.Service.EmployeeServiceImpl.addNewEmployee(EmployeeServiceImpl.java:18) ~[classes/:na]
	at com.EmployeeManagement.Service.EmployeeServiceImpl.addNewEmployee(EmployeeServiceImpl.java:18) ~[classes/:na]
	at com.EmployeeManagement.Service.EmployeeServiceImpl.addNewEmployee(EmployeeServiceImpl.java:18) ~[classes/:na]
	at com.EmployeeManagement.Service.EmployeeServiceImpl.addNewEmployee(EmployeeServiceImpl.java:18) ~[classes/:na]
	at com.EmployeeManagement.Service.EmployeeServiceImpl.addNewEmployee(EmployeeServiceImpl.java:18) ~[classes/:na]
	at com.EmployeeManagement.Service.EmployeeServiceImpl.addNewEmployee(EmployeeServiceImpl.java:18) ~[classes/:na]
	at com.EmployeeManagement.Service.EmployeeServiceImpl.addNewEmployee(EmployeeServiceImpl.java:18) ~[classes/:na]
	at com.EmployeeManagement.Service.EmployeeServiceImpl.addNewEmployee(EmployeeServiceImpl.java:18) ~[classes/:na]
	at com.EmployeeManagement.Service.EmployeeServiceImpl.addNewEmployee(EmployeeServiceImpl.java:18) ~[classes/:na]
	at com.EmployeeManagement.Service.EmployeeServiceImpl.addNewEmployee(EmployeeServiceImpl.java:18) ~[classes/:na]
	at com.EmployeeManagement.Service.EmployeeServiceImpl.addNewEmployee(EmployeeServiceImpl.java:18) ~[classes/:na]
	at com.EmployeeManagement.Service.EmployeeServiceImpl.addNewEmployee(EmployeeServiceImpl.java:18) ~[classes/:na]
	at com.EmployeeManagement.Service.EmployeeServiceImpl.addNewEmployee(EmployeeServiceImpl.java:18) ~[classes/:na]
	at com.EmployeeManagement.Service.EmployeeServiceImpl.addNewEmployee(EmployeeServiceImpl.java:18) ~[classes/:na]
	at com.EmployeeManagement.Service.EmployeeServiceImpl.addNewEmployee(EmployeeServiceImpl.java:18) ~[classes/:na]
	at com.EmployeeManagement.Service.EmployeeServiceImpl.addNewEmployee(EmployeeServiceImpl.java:18) ~[classes/:na]
	at com.EmployeeManagement.Service.EmployeeServiceImpl.addNewEmployee(EmployeeServiceImpl.java:18) ~[classes/:na]
	at com.EmployeeManagement.Service.EmployeeServiceImpl.addNewEmployee(EmployeeServiceImpl.java:18) ~[classes/:na]
	at com.EmployeeManagement.Service.EmployeeServiceImpl.addNewEmployee(EmployeeServiceImpl.java:18) ~[classes/:na]
	at com.EmployeeManagement.Service.EmployeeServiceImpl.addNewEmployee(EmployeeServiceImpl.java:18) ~[classes/:na]
	at com.EmployeeManagement.Service.EmployeeServiceImpl.addNewEmployee(EmployeeServiceImpl.java:18) ~[classes/:na]
	at com.EmployeeManagement.Service.EmployeeServiceImpl.addNewEmployee(EmployeeServiceImpl.java:18) ~[classes/:na]
	at com.EmployeeManagement.Service.EmployeeServiceImpl.addNewEmployee(EmployeeServiceImpl.java:18) ~[classes/:na]
	at com.EmployeeManagement.Service.EmployeeServiceImpl.addNewEmployee(EmployeeServiceImpl.java:18) ~[classes/:na]
	at com.EmployeeManagement.Service.EmployeeServiceImpl.addNewEmployee(EmployeeServiceImpl.java:18) ~[classes/:na]
	at com.EmployeeManagement.Service.EmployeeServiceImpl.addNewEmployee(EmployeeServiceImpl.java:18) ~[classes/:na]
	at com.EmployeeManagement.Service.EmployeeServiceImpl.addNewEmployee(EmployeeServiceImpl.java:18) ~[classes/:na]
	at com.EmployeeManagement.Service.EmployeeServiceImpl.addNewEmployee(EmployeeServiceImpl.java:18) ~[classes/:na]
	at com.EmployeeManagement.Service.EmployeeServiceImpl.addNewEmployee(EmployeeServiceImpl.java:18) ~[classes/:na]
	at com.EmployeeManagement.Service.EmployeeServiceImpl.addNewEmployee(EmployeeServiceImpl.java:18) ~[classes/:na]
	at com.EmployeeManagement.Service.EmployeeServiceImpl.addNewEmployee(EmployeeServiceImpl.java:18) ~[classes/:na]
	at com.EmployeeManagement.Service.EmployeeServiceImpl.addNewEmployee(EmployeeServiceImpl.java:18) ~[classes/:na]
	at com.EmployeeManagement.Service.EmployeeServiceImpl.addNewEmployee(EmployeeServiceImpl.java:18) ~[classes/:na]
	at com.EmployeeManagement.Service.EmployeeServiceImpl.addNewEmployee(EmployeeServiceImpl.java:18) ~[classes/:na]
	at com.EmployeeManagement.Service.EmployeeServiceImpl.addNewEmployee(EmployeeServiceImpl.java:18) ~[classes/:na]
	at com.EmployeeManagement.Service.EmployeeServiceImpl.addNewEmployee(EmployeeServiceImpl.java:18) ~[classes/:na]
	at com.EmployeeManagement.Service.EmployeeServiceImpl.addNewEmployee(EmployeeServiceImpl.java:18) ~[classes/:na]
	at com.EmployeeManagement.Service.EmployeeServiceImpl.addNewEmployee(EmployeeServiceImpl.java:18) ~[classes/:na]
	at com.EmployeeManagement.Service.EmployeeServiceImpl.addNewEmployee(EmployeeServiceImpl.java:18) ~[classes/:na]
	at com.EmployeeManagement.Service.EmployeeServiceImpl.addNewEmployee(EmployeeServiceImpl.java:18) ~[classes/:na]
	at com.EmployeeManagement.Service.EmployeeServiceImpl.addNewEmployee(EmployeeServiceImpl.java:18) ~[classes/:na]
	at com.EmployeeManagement.Service.EmployeeServiceImpl.addNewEmployee(EmployeeServiceImpl.java:18) ~[classes/:na]
	at com.EmployeeManagement.Service.EmployeeServiceImpl.addNewEmployee(EmployeeServiceImpl.java:18) ~[classes/:na]
	at com.EmployeeManagement.Service.EmployeeServiceImpl.addNewEmployee(EmployeeServiceImpl.java:18) ~[classes/:na]
	at com.EmployeeManagement.Service.EmployeeServiceImpl.addNewEmployee(EmployeeServiceImpl.java:18) ~[classes/:na]
	at com.EmployeeManagement.Service.EmployeeServiceImpl.addNewEmployee(EmployeeServiceImpl.java:18) ~[classes/:na]
	at com.EmployeeManagement.Service.EmployeeServiceImpl.addNewEmployee(EmployeeServiceImpl.java:18) ~[classes/:na]
	at com.EmployeeManagement.Service.EmployeeServiceImpl.addNewEmployee(EmployeeServiceImpl.java:18) ~[classes/:na]
	at com.EmployeeManagement.Service.EmployeeServiceImpl.addNewEmployee(EmployeeServiceImpl.java:18) ~[classes/:na]
	at com.EmployeeManagement.Service.EmployeeServiceImpl.addNewEmployee(EmployeeServiceImpl.java:18) ~[classes/:na]
	at com.EmployeeManagement.Service.EmployeeServiceImpl.addNewEmployee(EmployeeServiceImpl.java:18) ~[classes/:na]
	at com.EmployeeManagement.Service.EmployeeServiceImpl.addNewEmployee(EmployeeServiceImpl.java:18) ~[classes/:na]
	at com.EmployeeManagement.Service.EmployeeServiceImpl.addNewEmployee(EmployeeServiceImpl.java:18) ~[classes/:na]
	at com.EmployeeManagement.Service.EmployeeServiceImpl.addNewEmployee(EmployeeServiceImpl.java:18) ~[classes/:na]
	at com.EmployeeManagement.Service.EmployeeServiceImpl.addNewEmployee(EmployeeServiceImpl.java:18) ~[classes/:na]
	at com.EmployeeManagement.Service.EmployeeServiceImpl.addNewEmployee(EmployeeServiceImpl.java:18) ~[classes/:na]
	at com.EmployeeManagement.Service.EmployeeServiceImpl.addNewEmployee(EmployeeServiceImpl.java:18) ~[classes/:na]
	at com.EmployeeManagement.Service.EmployeeServiceImpl.addNewEmployee(EmployeeServiceImpl.java:18) ~[classes/:na]
	at com.EmployeeManagement.Service.EmployeeServiceImpl.addNewEmployee(EmployeeServiceImpl.java:18) ~[classes/:na]
	at com.EmployeeManagement.Service.EmployeeServiceImpl.addNewEmployee(EmployeeServiceImpl.java:18) ~[classes/:na]
	at com.EmployeeManagement.Service.EmployeeServiceImpl.addNewEmployee(EmployeeServiceImpl.java:18) ~[classes/:na]
	at com.EmployeeManagement.Service.EmployeeServiceImpl.addNewEmployee(EmployeeServiceImpl.java:18) ~[classes/:na]
	at com.EmployeeManagement.Service.EmployeeServiceImpl.addNewEmployee(EmployeeServiceImpl.java:18) ~[classes/:na]
	at com.EmployeeManagement.Service.EmployeeServiceImpl.addNewEmployee(EmployeeServiceImpl.java:18) ~[classes/:na]
	at com.EmployeeManagement.Service.EmployeeServiceImpl.addNewEmployee(EmployeeServiceImpl.java:18) ~[classes/:na]
	at com.EmployeeManagement.Service.EmployeeServiceImpl.addNewEmployee(EmployeeServiceImpl.java:18) ~[classes/:na]
	at com.EmployeeManagement.Service.EmployeeServiceImpl.addNewEmployee(EmployeeServiceImpl.java:18) ~[classes/:na]
	at com.EmployeeManagement.Service.EmployeeServiceImpl.addNewEmployee(EmployeeServiceImpl.java:18) ~[classes/:na]
	at com.EmployeeManagement.Service.EmployeeServiceImpl.addNewEmployee(EmployeeServiceImpl.java:18) ~[classes/:na]
	at com.EmployeeManagement.Service.EmployeeServiceImpl.addNewEmployee(EmployeeServiceImpl.java:18) ~[classes/:na]
	at com.EmployeeManagement.Service.EmployeeServiceImpl.addNewEmployee(EmployeeServiceImpl.java:18) ~[classes/:na]
	at com.EmployeeManagement.Service.EmployeeServiceImpl.addNewEmployee(EmployeeServiceImpl.java:18) ~[classes/:na]
	at com.EmployeeManagement.Service.EmployeeServiceImpl.addNewEmployee(EmployeeServiceImpl.java:18) ~[classes/:na]
	at com.EmployeeManagement.Service.EmployeeServiceImpl.addNewEmployee(EmployeeServiceImpl.java:18) ~[classes/:na]
	at com.EmployeeManagement.Service.EmployeeServiceImpl.addNewEmployee(EmployeeServiceImpl.java:18) ~[classes/:na]
	at com.EmployeeManagement.Service.EmployeeServiceImpl.addNewEmployee(EmployeeServiceImpl.java:18) ~[classes/:na]
	at com.EmployeeManagement.Service.EmployeeServiceImpl.addNewEmployee(EmployeeServiceImpl.java:18) ~[classes/:na]
	at com.EmployeeManagement.Service.EmployeeServiceImpl.addNewEmployee(EmployeeServiceImpl.java:18) ~[classes/:na]
	at com.EmployeeManagement.Service.EmployeeServiceImpl.addNewEmployee(EmployeeServiceImpl.java:18) ~[classes/:na]
	at com.EmployeeManagement.Service.EmployeeServiceImpl.addNewEmployee(EmployeeServiceImpl.java:18) ~[classes/:na]
	at com.EmployeeManagement.Service.EmployeeServiceImpl.addNewEmployee(EmployeeServiceImpl.java:18) ~[classes/:na]
	at com.EmployeeManagement.Service.EmployeeServiceImpl.addNewEmployee(EmployeeServiceImpl.java:18) ~[classes/:na]
	at com.EmployeeManagement.Service.EmployeeServiceImpl.addNewEmployee(EmployeeServiceImpl.java:18) ~[classes/:na]
	at com.EmployeeManagement.Service.EmployeeServiceImpl.addNewEmployee(EmployeeServiceImpl.java:18) ~[classes/:na]
	at com.EmployeeManagement.Service.EmployeeServiceImpl.addNewEmployee(EmployeeServiceImpl.java:18) ~[classes/:na]
	at com.EmployeeManagement.Service.EmployeeServiceImpl.addNewEmployee(EmployeeServiceImpl.java:18) ~[classes/:na]
	at com.EmployeeManagement.Service.EmployeeServiceImpl.addNewEmployee(EmployeeServiceImpl.java:18) ~[classes/:na]
	at com.EmployeeManagement.Service.EmployeeServiceImpl.addNewEmployee(EmployeeServiceImpl.java:18) ~[classes/:na]
	at com.EmployeeManagement.Service.EmployeeServiceImpl.addNewEmployee(EmployeeServiceImpl.java:18) ~[classes/:na]
	at com.EmployeeManagement.Service.EmployeeServiceImpl.addNewEmployee(EmployeeServiceImpl.java:18) ~[classes/:na]
	at com.EmployeeManagement.Service.EmployeeServiceImpl.addNewEmployee(EmployeeServiceImpl.java:18) ~[classes/:na]
	at com.EmployeeManagement.Service.EmployeeServiceImpl.addNewEmployee(EmployeeServiceImpl.java:18) ~[classes/:na]
	at com.EmployeeManagement.Service.EmployeeServiceImpl.addNewEmployee(EmployeeServiceImpl.java:18) ~[classes/:na]
	at com.EmployeeManagement.Service.EmployeeServiceImpl.addNewEmployee(EmployeeServiceImpl.java:18) ~[classes/:na]
	at com.EmployeeManagement.Service.EmployeeServiceImpl.addNewEmployee(EmployeeServiceImpl.java:18) ~[classes/:na]
	at com.EmployeeManagement.Service.EmployeeServiceImpl.addNewEmployee(EmployeeServiceImpl.java:18) ~[classes/:na]
	at com.EmployeeManagement.Service.EmployeeServiceImpl.addNewEmployee(EmployeeServiceImpl.java:18) ~[classes/:na]
	at com.EmployeeManagement.Service.EmployeeServiceImpl.addNewEmployee(EmployeeServiceImpl.java:18) ~[classes/:na]
	at com.EmployeeManagement.Service.EmployeeServiceImpl.addNewEmployee(EmployeeServiceImpl.java:18) ~[classes/:na]
	at com.EmployeeManagement.Service.EmployeeServiceImpl.addNewEmployee(EmployeeServiceImpl.java:18) ~[classes/:na]
	at com.EmployeeManagement.Service.EmployeeServiceImpl.addNewEmployee(EmployeeServiceImpl.java:18) ~[classes/:na]
	at com.EmployeeManagement.Service.EmployeeServiceImpl.addNewEmployee(EmployeeServiceImpl.java:18) ~[classes/:na]
	at com.EmployeeManagement.Service.EmployeeServiceImpl.addNewEmployee(EmployeeServiceImpl.java:18) ~[classes/:na]
	at com.EmployeeManagement.Service.EmployeeServiceImpl.addNewEmployee(EmployeeServiceImpl.java:18) ~[classes/:na]
	at com.EmployeeManagement.Service.EmployeeServiceImpl.addNewEmployee(EmployeeServiceImpl.java:18) ~[classes/:na]
	at com.EmployeeManagement.Service.EmployeeServiceImpl.addNewEmployee(EmployeeServiceImpl.java:18) ~[classes/:na]
	at com.EmployeeManagement.Service.EmployeeServiceImpl.addNewEmployee(EmployeeServiceImpl.java:18) ~[classes/:na]
	at com.EmployeeManagement.Service.EmployeeServiceImpl.addNewEmployee(EmployeeServiceImpl.java:18) ~[classes/:na]
	at com.EmployeeManagement.Service.EmployeeServiceImpl.addNewEmployee(EmployeeServiceImpl.java:18) ~[classes/:na]
	at com.EmployeeManagement.Service.EmployeeServiceImpl.addNewEmployee(EmployeeServiceImpl.java:18) ~[classes/:na]
	at com.EmployeeManagement.Service.EmployeeServiceImpl.addNewEmployee(EmployeeServiceImpl.java:18) ~[classes/:na]
	at com.EmployeeManagement.Service.EmployeeServiceImpl.addNewEmployee(EmployeeServiceImpl.java:18) ~[classes/:na]
	at com.EmployeeManagement.Service.EmployeeServiceImpl.addNewEmployee(EmployeeServiceImpl.java:18) ~[classes/:na]
	at com.EmployeeManagement.Service.EmployeeServiceImpl.addNewEmployee(EmployeeServiceImpl.java:18) ~[classes/:na]
	at com.EmployeeManagement.Service.EmployeeServiceImpl.addNewEmployee(EmployeeServiceImpl.java:18) ~[classes/:na]
	at com.EmployeeManagement.Service.EmployeeServiceImpl.addNewEmployee(EmployeeServiceImpl.java:18) ~[classes/:na]
	at com.EmployeeManagement.Service.EmployeeServiceImpl.addNewEmployee(EmployeeServiceImpl.java:18) ~[classes/:na]
	at com.EmployeeManagement.Service.EmployeeServiceImpl.addNewEmployee(EmployeeServiceImpl.java:18) ~[classes/:na]
	at com.EmployeeManagement.Service.EmployeeServiceImpl.addNewEmployee(EmployeeServiceImpl.java:18) ~[classes/:na]
	at com.EmployeeManagement.Service.EmployeeServiceImpl.addNewEmployee(EmployeeServiceImpl.java:18) ~[classes/:na]
	at com.EmployeeManagement.Service.EmployeeServiceImpl.addNewEmployee(EmployeeServiceImpl.java:18) ~[classes/:na]
	at com.EmployeeManagement.Service.EmployeeServiceImpl.addNewEmployee(EmployeeServiceImpl.java:18) ~[classes/:na]
	at com.EmployeeManagement.Service.EmployeeServiceImpl.addNewEmployee(EmployeeServiceImpl.java:18) ~[classes/:na]
	at com.EmployeeManagement.Service.EmployeeServiceImpl.addNewEmployee(EmployeeServiceImpl.java:18) ~[classes/:na]
	at com.EmployeeManagement.Service.EmployeeServiceImpl.addNewEmployee(EmployeeServiceImpl.java:18) ~[classes/:na]
	at com.EmployeeManagement.Service.EmployeeServiceImpl.addNewEmployee(EmployeeServiceImpl.java:18) ~[classes/:na]
	at com.EmployeeManagement.Service.EmployeeServiceImpl.addNewEmployee(EmployeeServiceImpl.java:18) ~[classes/:na]
	at com.EmployeeManagement.Service.EmployeeServiceImpl.addNewEmployee(EmployeeServiceImpl.java:18) ~[classes/:na]
	at com.EmployeeManagement.Service.EmployeeServiceImpl.addNewEmployee(EmployeeServiceImpl.java:18) ~[classes/:na]
	at com.EmployeeManagement.Service.EmployeeServiceImpl.addNewEmployee(EmployeeServiceImpl.java:18) ~[classes/:na]
	at com.EmployeeManagement.Service.EmployeeServiceImpl.addNewEmployee(EmployeeServiceImpl.java:18) ~[classes/:na]
	at com.EmployeeManagement.Service.EmployeeServiceImpl.addNewEmployee(EmployeeServiceImpl.java:18) ~[classes/:na]
	at com.EmployeeManagement.Service.EmployeeServiceImpl.addNewEmployee(EmployeeServiceImpl.java:18) ~[classes/:na]
	at com.EmployeeManagement.Service.EmployeeServiceImpl.addNewEmployee(EmployeeServiceImpl.java:18) ~[classes/:na]
	at com.EmployeeManagement.Service.EmployeeServiceImpl.addNewEmployee(EmployeeServiceImpl.java:18) ~[classes/:na]
	at com.EmployeeManagement.Service.EmployeeServiceImpl.addNewEmployee(EmployeeServiceImpl.java:18) ~[classes/:na]
	at com.EmployeeManagement.Service.EmployeeServiceImpl.addNewEmployee(EmployeeServiceImpl.java:18) ~[classes/:na]
	at com.EmployeeManagement.Service.EmployeeServiceImpl.addNewEmployee(EmployeeServiceImpl.java:18) ~[classes/:na]
	at com.EmployeeManagement.Service.EmployeeServiceImpl.addNewEmployee(EmployeeServiceImpl.java:18) ~[classes/:na]
	at com.EmployeeManagement.Service.EmployeeServiceImpl.addNewEmployee(EmployeeServiceImpl.java:18) ~[classes/:na]
	at com.EmployeeManagement.Service.EmployeeServiceImpl.addNewEmployee(EmployeeServiceImpl.java:18) ~[classes/:na]
	at com.EmployeeManagement.Service.EmployeeServiceImpl.addNewEmployee(EmployeeServiceImpl.java:18) ~[classes/:na]
	at com.EmployeeManagement.Service.EmployeeServiceImpl.addNewEmployee(EmployeeServiceImpl.java:18) ~[classes/:na]
	at com.EmployeeManagement.Service.EmployeeServiceImpl.addNewEmployee(EmployeeServiceImpl.java:18) ~[classes/:na]
	at com.EmployeeManagement.Service.EmployeeServiceImpl.addNewEmployee(EmployeeServiceImpl.java:18) ~[classes/:na]
	at com.EmployeeManagement.Service.EmployeeServiceImpl.addNewEmployee(EmployeeServiceImpl.java:18) ~[classes/:na]
	at com.EmployeeManagement.Service.EmployeeServiceImpl.addNewEmployee(EmployeeServiceImpl.java:18) ~[classes/:na]
	at com.EmployeeManagement.Service.EmployeeServiceImpl.addNewEmployee(EmployeeServiceImpl.java:18) ~[classes/:na]
	at com.EmployeeManagement.Service.EmployeeServiceImpl.addNewEmployee(EmployeeServiceImpl.java:18) ~[classes/:na]
	at com.EmployeeManagement.Service.EmployeeServiceImpl.addNewEmployee(EmployeeServiceImpl.java:18) ~[classes/:na]
	at com.EmployeeManagement.Service.EmployeeServiceImpl.addNewEmployee(EmployeeServiceImpl.java:18) ~[classes/:na]
	at com.EmployeeManagement.Service.EmployeeServiceImpl.addNewEmployee(EmployeeServiceImpl.java:18) ~[classes/:na]
	at com.EmployeeManagement.Service.EmployeeServiceImpl.addNewEmployee(EmployeeServiceImpl.java:18) ~[classes/:na]
	at com.EmployeeManagement.Service.EmployeeServiceImpl.addNewEmployee(EmployeeServiceImpl.java:18) ~[classes/:na]
	at com.EmployeeManagement.Service.EmployeeServiceImpl.addNewEmployee(EmployeeServiceImpl.java:18) ~[classes/:na]
	at com.EmployeeManagement.Service.EmployeeServiceImpl.addNewEmployee(EmployeeServiceImpl.java:18) ~[classes/:na]
	at com.EmployeeManagement.Service.EmployeeServiceImpl.addNewEmployee(EmployeeServiceImpl.java:18) ~[classes/:na]
	at com.EmployeeManagement.Service.EmployeeServiceImpl.addNewEmployee(EmployeeServiceImpl.java:18) ~[classes/:na]
	at com.EmployeeManagement.Service.EmployeeServiceImpl.addNewEmployee(EmployeeServiceImpl.java:18) ~[classes/:na]
	at com.EmployeeManagement.Service.EmployeeServiceImpl.addNewEmployee(EmployeeServiceImpl.java:18) ~[classes/:na]
	at com.EmployeeManagement.Service.EmployeeServiceImpl.addNewEmployee(EmployeeServiceImpl.java:18) ~[classes/:na]
	at com.EmployeeManagement.Service.EmployeeServiceImpl.addNewEmployee(EmployeeServiceImpl.java:18) ~[classes/:na]
	at com.EmployeeManagement.Service.EmployeeServiceImpl.addNewEmployee(EmployeeServiceImpl.java:18) ~[classes/:na]
	at com.EmployeeManagement.Service.EmployeeServiceImpl.addNewEmployee(EmployeeServiceImpl.java:18) ~[classes/:na]
	at com.EmployeeManagement.Service.EmployeeServiceImpl.addNewEmployee(EmployeeServiceImpl.java:18) ~[classes/:na]
	at com.EmployeeManagement.Service.EmployeeServiceImpl.addNewEmployee(EmployeeServiceImpl.java:18) ~[classes/:na]
	at com.EmployeeManagement.Service.EmployeeServiceImpl.addNewEmployee(EmployeeServiceImpl.java:18) ~[classes/:na]
	at com.EmployeeManagement.Service.EmployeeServiceImpl.addNewEmployee(EmployeeServiceImpl.java:18) ~[classes/:na]
	at com.EmployeeManagement.Service.EmployeeServiceImpl.addNewEmployee(EmployeeServiceImpl.java:18) ~[classes/:na]
	at com.EmployeeManagement.Service.EmployeeServiceImpl.addNewEmployee(EmployeeServiceImpl.java:18) ~[classes/:na]
	at com.EmployeeManagement.Service.EmployeeServiceImpl.addNewEmployee(EmployeeServiceImpl.java:18) ~[classes/:na]
	at com.EmployeeManagement.Service.EmployeeServiceImpl.addNewEmployee(EmployeeServiceImpl.java:18) ~[classes/:na]
	at com.EmployeeManagement.Service.EmployeeServiceImpl.addNewEmployee(EmployeeServiceImpl.java:18) ~[classes/:na]
	at com.EmployeeManagement.Service.EmployeeServiceImpl.addNewEmployee(EmployeeServiceImpl.java:18) ~[classes/:na]
	at com.EmployeeManagement.Service.EmployeeServiceImpl.addNewEmployee(EmployeeServiceImpl.java:18) ~[classes/:na]
	at com.EmployeeManagement.Service.EmployeeServiceImpl.addNewEmployee(EmployeeServiceImpl.java:18) ~[classes/:na]
	at com.EmployeeManagement.Service.EmployeeServiceImpl.addNewEmployee(EmployeeServiceImpl.java:18) ~[classes/:na]
	at com.EmployeeManagement.Service.EmployeeServiceImpl.addNewEmployee(EmployeeServiceImpl.java:18) ~[classes/:na]
	at com.EmployeeManagement.Service.EmployeeServiceImpl.addNewEmployee(EmployeeServiceImpl.java:18) ~[classes/:na]
	at com.EmployeeManagement.Service.EmployeeServiceImpl.addNewEmployee(EmployeeServiceImpl.java:18) ~[classes/:na]
	at com.EmployeeManagement.Service.EmployeeServiceImpl.addNewEmployee(EmployeeServiceImpl.java:18) ~[classes/:na]
	at com.EmployeeManagement.Service.EmployeeServiceImpl.addNewEmployee(EmployeeServiceImpl.java:18) ~[classes/:na]
	at com.EmployeeManagement.Service.EmployeeServiceImpl.addNewEmployee(EmployeeServiceImpl.java:18) ~[classes/:na]
	at com.EmployeeManagement.Service.EmployeeServiceImpl.addNewEmployee(EmployeeServiceImpl.java:18) ~[classes/:na]
	at com.EmployeeManagement.Service.EmployeeServiceImpl.addNewEmployee(EmployeeServiceImpl.java:18) ~[classes/:na]
	at com.EmployeeManagement.Service.EmployeeServiceImpl.addNewEmployee(EmployeeServiceImpl.java:18) ~[classes/:na]
	at com.EmployeeManagement.Service.EmployeeServiceImpl.addNewEmployee(EmployeeServiceImpl.java:18) ~[classes/:na]
	at com.EmployeeManagement.Service.EmployeeServiceImpl.addNewEmployee(EmployeeServiceImpl.java:18) ~[classes/:na]
	at com.EmployeeManagement.Service.EmployeeServiceImpl.addNewEmployee(EmployeeServiceImpl.java:18) ~[classes/:na]
	at com.EmployeeManagement.Service.EmployeeServiceImpl.addNewEmployee(EmployeeServiceImpl.java:18) ~[classes/:na]
	at com.EmployeeManagement.Service.EmployeeServiceImpl.addNewEmployee(EmployeeServiceImpl.java:18) ~[classes/:na]
	at com.EmployeeManagement.Service.EmployeeServiceImpl.addNewEmployee(EmployeeServiceImpl.java:18) ~[classes/:na]
	at com.EmployeeManagement.Service.EmployeeServiceImpl.addNewEmployee(EmployeeServiceImpl.java:18) ~[classes/:na]
	at com.EmployeeManagement.Service.EmployeeServiceImpl.addNewEmployee(EmployeeServiceImpl.java:18) ~[classes/:na]

]]></system-out>
  </testcase>
</testsuite>